IQ-TREE multicore version 2.4.0 for Linux x86 64-bit built Feb  7 2025
Developed by Bui Quang Minh, Nguyen Lam Tung, Olga Chernomor, Heiko Schmidt,
Dominik Schrempf, Michael Woodhams, Ly Trong Nhan, Thomas Wong

Host:    ku-01 (AVX2, FMA3, 251 GB RAM)
Command: iqtree2 -s trim_genome_africa.fasta -m GTR+FO+R2+T -te tree_subsets/modeltrees_final_12.newick --prefix output_mast_repeats/mast_model_12/mast_model_12 -nt 4 -wslmr -redo
Seed:    945376 (Using SPRNG - Scalable Parallel Random Number Generator)
Time:    Thu Oct 30 15:20:26 2025
Kernel:  AVX+FMA - 4 threads (64 CPU cores detected)

Reading alignment file trim_genome_africa.fasta ... Fasta format detected
Reading fasta file: done in 0.0447353 secs using 90.78% CPU
Alignment most likely contains DNA/RNA sequences
Alignment has 29 sequences with 142412 columns, 3564 distinct patterns
28695 parsimony-informative, 1511 singleton sites, 112206 constant sites
                              Gap/Ambiguity  Composition  p-value
Analyzing sequences: done in 9.95491e-05 secs using 99.45% CPU
   1  HM585496_Human_herpesvirus_1    0.67%    failed      0.00%
   2  HM585497_Human_herpesvirus_1    0.65%    failed      0.00%
   3  HM585498_Human_herpesvirus_1    0.68%    failed      0.00%
   4  HM585499_Human_herpesvirus_1    0.67%    failed      0.00%
   5  HM585500_Human_herpesvirus_1    0.67%    failed      0.00%
   6  HM585501_Human_herpesvirus_1    0.63%    failed      0.00%
   7  HM585502_Human_herpesvirus_1    0.66%    failed      0.00%
   8  HM585503_Human_herpesvirus_1    0.69%    failed      0.00%
   9  HM585504_Human_herpesvirus_1    0.59%    failed      0.00%
  10  HM585505_Human_herpesvirus_1    0.67%    failed      0.00%
  11  HM585506_Human_herpesvirus_1    0.67%    failed      0.00%
  12  HM585507_Human_herpesvirus_1    1.56%    failed      0.00%
  13  HM585509_Human_herpesvirus_1    0.42%    failed      0.00%
  14  HM585510_Human_herpesvirus_1    0.45%    failed      0.00%
  15  HM585511_Human_herpesvirus_1    0.50%    failed      0.00%
  16  KR135299_Human_herpesvirus_2    3.19%    failed      0.00%
  17  KR135300_Human_herpesvirus_2    3.19%    failed      0.00%
  18  KR135301_Human_herpesvirus_2    3.33%    failed      0.00%
  19  KR135302_Human_herpesvirus_2    3.10%    failed      0.00%
  20  KR135303_Human_herpesvirus_2    3.44%    failed      0.00%
  21  KR135304_Human_herpesvirus_2    3.30%    failed      0.00%
  22  KR135305_Human_herpesvirus_2    3.43%    failed      0.00%
  23  KR135306_Human_herpesvirus_2    3.39%    failed      0.00%
  24  KR135307_Human_herpesvirus_2    3.14%    failed      0.00%
  25  KR135315_Human_herpesvirus_2    3.20%    failed      0.00%
  26  KR135316_Human_herpesvirus_2    3.19%    failed      0.00%
  27  KR135317_Human_herpesvirus_2    3.37%    failed      0.00%
  28  KR135318_Human_herpesvirus_2    3.12%    failed      0.00%
  29  KR135319_Human_herpesvirus_2    3.10%    failed      0.00%
****  TOTAL                           1.92%  29 sequences failed composition chi2 test (p-value<5%; df=3)
Tree-mixture model
Number of input trees: 12
Minimum branch length is set to 0.0000010













Linked substitution model:
   GTR+FO

Linked RHS model:
   R2


NOTE: 80 MB RAM (0 GB) is required!
According to the parsimony scores along the sites, the tree weights are initialized to:
0.0895355,0.0704923,0.0759716,0.0683005,0.0885830,0.0601200,0.1077112,0.0756077,0.0893941,0.0919929,0.0892424,0.0930488
Estimate model parameters (epsilon = 0.00100)
1. Initial log-likelihood: -340506.27952
2. Current log-likelihood: -333910.60385
3. Current log-likelihood: -333540.27703
4. Current log-likelihood: -333380.85700
5. Current log-likelihood: -333268.08145
6. Current log-likelihood: -333089.76992
7. Current log-likelihood: -333041.72050
8. Current log-likelihood: -333003.73917
9. Current log-likelihood: -332980.59036
10. Current log-likelihood: -332974.38731
11. Current log-likelihood: -332970.79145
12. Current log-likelihood: -332968.94305
13. Current log-likelihood: -332967.71107
14. Current log-likelihood: -332966.82509
15. Current log-likelihood: -332966.15901
16. Current log-likelihood: -332965.53552
17. Current log-likelihood: -332964.91829
18. Current log-likelihood: -332964.31003
19. Current log-likelihood: -332963.68910
20. Current log-likelihood: -332963.08761
21. Current log-likelihood: -332962.49412
22. Current log-likelihood: -332961.90294
23. Current log-likelihood: -332961.31753
24. Current log-likelihood: -332960.74026
25. Current log-likelihood: -332960.16440
26. Current log-likelihood: -332959.59529
27. Current log-likelihood: -332959.03170
28. Current log-likelihood: -332958.47214
29. Current log-likelihood: -332957.90571
30. Current log-likelihood: -332957.35804
31. Current log-likelihood: -332956.81201
32. Current log-likelihood: -332956.27232
33. Current log-likelihood: -332955.73806
34. Current log-likelihood: -332955.20962
35. Current log-likelihood: -332954.68450
36. Current log-likelihood: -332954.16431
37. Current log-likelihood: -332953.63883
38. Current log-likelihood: -332953.12537
39. Current log-likelihood: -332952.61711
40. Current log-likelihood: -332952.11363
41. Current log-likelihood: -332951.61461
42. Current log-likelihood: -332951.12295
43. Current log-likelihood: -332950.63422
44. Current log-likelihood: -332950.14072
45. Current log-likelihood: -332949.65925
46. Current log-likelihood: -332949.18430
47. Current log-likelihood: -332948.71117
48. Current log-likelihood: -332948.24556
49. Current log-likelihood: -332947.77282
50. Current log-likelihood: -332947.31568
51. Current log-likelihood: -332946.86307
52. Current log-likelihood: -332946.41086
53. Current log-likelihood: -332945.96675
54. Current log-likelihood: -332945.52646
55. Current log-likelihood: -332945.08683
56. Current log-likelihood: -332944.65507
57. Current log-likelihood: -332944.22732
58. Current log-likelihood: -332943.79521
59. Current log-likelihood: -332943.36798
60. Current log-likelihood: -332942.94994
61. Current log-likelihood: -332942.53502
62. Current log-likelihood: -332942.12498
63. Current log-likelihood: -332941.71578
64. Current log-likelihood: -332941.31275
65. Current log-likelihood: -332940.91445
66. Current log-likelihood: -332940.51926
67. Current log-likelihood: -332940.12798
68. Current log-likelihood: -332939.73567
69. Current log-likelihood: -332939.34671
70. Current log-likelihood: -332938.96663
71. Current log-likelihood: -332938.59048
72. Current log-likelihood: -332938.21784
73. Current log-likelihood: -332937.84802
74. Current log-likelihood: -332937.48195
75. Current log-likelihood: -332937.11996
76. Current log-likelihood: -332936.75720
77. Current log-likelihood: -332936.39875
78. Current log-likelihood: -332934.39463
79. Current log-likelihood: -332933.72702
80. Current log-likelihood: -332933.31133
81. Current log-likelihood: -332932.90166
82. Current log-likelihood: -332932.49549
83. Current log-likelihood: -332932.09004
84. Current log-likelihood: -332931.68793
85. Current log-likelihood: -332931.28967
86. Current log-likelihood: -332930.89784
87. Current log-likelihood: -332930.50731
88. Current log-likelihood: -332930.12219
89. Current log-likelihood: -332929.73745
90. Current log-likelihood: -332929.35759
91. Current log-likelihood: -332928.98311
92. Current log-likelihood: -332928.60989
93. Current log-likelihood: -332928.24088
94. Current log-likelihood: -332927.87323
95. Current log-likelihood: -332927.51341
96. Current log-likelihood: -332927.15665
97. Current log-likelihood: -332926.80347
98. Current log-likelihood: -332926.45092
99. Current log-likelihood: -332926.10470
100. Current log-likelihood: -332925.76186
101. Current log-likelihood: -332925.42079
102. Current log-likelihood: -332924.77888
103. Current log-likelihood: -332924.13348
104. Current log-likelihood: -332923.50080
105. Current log-likelihood: -332922.87556
106. Current log-likelihood: -332922.27032
107. Current log-likelihood: -332921.67749
108. Current log-likelihood: -332921.09689
109. Current log-likelihood: -332920.52472
110. Current log-likelihood: -332919.97079
111. Current log-likelihood: -332919.42778
112. Current log-likelihood: -332918.89278
113. Current log-likelihood: -332918.37395
114. Current log-likelihood: -332917.86495
115. Current log-likelihood: -332917.36187
116. Current log-likelihood: -332916.87260
117. Current log-likelihood: -332916.39750
118. Current log-likelihood: -332915.93023
119. Current log-likelihood: -332915.47671
120. Current log-likelihood: -332915.02882
121. Current log-likelihood: -332914.59413
122. Current log-likelihood: -332914.16253
123. Current log-likelihood: -332913.74887
124. Current log-likelihood: -332913.34449
125. Current log-likelihood: -332912.94895
126. Current log-likelihood: -332912.56129
127. Current log-likelihood: -332912.18053
128. Current log-likelihood: -332911.80966
129. Current log-likelihood: -332911.44738
130. Current log-likelihood: -332911.08462
131. Current log-likelihood: -332910.73962
132. Current log-likelihood: -332910.40206
133. Current log-likelihood: -332910.06957
134. Current log-likelihood: -332909.74486
135. Current log-likelihood: -332909.42945
136. Current log-likelihood: -332909.11935
137. Current log-likelihood: -332908.81776
138. Current log-likelihood: -332908.52107
139. Current log-likelihood: -332908.23297
140. Current log-likelihood: -332907.95116
141. Current log-likelihood: -332907.67516
142. Current log-likelihood: -332907.40507
143. Current log-likelihood: -332907.14156
144. Current log-likelihood: -332906.88339
145. Current log-likelihood: -332906.63138
146. Current log-likelihood: -332906.37400
147. Current log-likelihood: -332906.12622
148. Current log-likelihood: -332905.88696
149. Current log-likelihood: -332905.64931
150. Current log-likelihood: -332905.41619
151. Current log-likelihood: -332905.18868
152. Current log-likelihood: -332904.96759
153. Current log-likelihood: -332904.75082
154. Current log-likelihood: -332904.53602
155. Current log-likelihood: -332904.32415
156. Current log-likelihood: -332904.11933
157. Current log-likelihood: -332903.91907
158. Current log-likelihood: -332903.71981
159. Current log-likelihood: -332897.35173
160. Current log-likelihood: -332897.12168
161. Current log-likelihood: -332896.89758
162. Current log-likelihood: -332896.68162
163. Current log-likelihood: -332896.47193
164. Current log-likelihood: -332896.26499
165. Current log-likelihood: -332896.06678
166. Current log-likelihood: -332895.87018
167. Current log-likelihood: -332895.67929
168. Current log-likelihood: -332895.49097
169. Current log-likelihood: -332895.30828
170. Current log-likelihood: -332895.12905
171. Current log-likelihood: -332894.95574
172. Current log-likelihood: -332894.78621
173. Current log-likelihood: -332894.62031
174. Current log-likelihood: -332894.45777
175. Current log-likelihood: -332894.30032
176. Current log-likelihood: -332894.14590
177. Current log-likelihood: -332893.99313
178. Current log-likelihood: -332893.84464
179. Current log-likelihood: -332893.69893
180. Current log-likelihood: -332893.55838
181. Current log-likelihood: -332893.41794
182. Current log-likelihood: -332893.27938
183. Current log-likelihood: -332893.14691
184. Current log-likelihood: -332893.01481
185. Current log-likelihood: -332892.88542
186. Current log-likelihood: -332892.75994
187. Current log-likelihood: -332892.63373
188. Current log-likelihood: -332892.51336
189. Current log-likelihood: -332892.39246
190. Current log-likelihood: -332892.27634
191. Current log-likelihood: -332892.15983
192. Current log-likelihood: -332892.04670
193. Current log-likelihood: -332891.93415
194. Current log-likelihood: -332891.82339
195. Current log-likelihood: -332891.71218
196. Current log-likelihood: -332891.60647
197. Current log-likelihood: -332891.50285
198. Current log-likelihood: -332891.40068
199. Current log-likelihood: -332891.29806
200. Current log-likelihood: -332891.19939
201. Current log-likelihood: -332891.09727
202. Current log-likelihood: -332890.96091
203. Current log-likelihood: -332890.82091
204. Current log-likelihood: -332890.68398
205. Current log-likelihood: -332890.55023
206. Current log-likelihood: -332890.41410
207. Current log-likelihood: -332890.28439
208. Current log-likelihood: -332890.15738
209. Current log-likelihood: -332890.03304
210. Current log-likelihood: -332889.91072
211. Current log-likelihood: -332889.79232
212. Current log-likelihood: -332889.67260
213. Current log-likelihood: -332889.55594
214. Current log-likelihood: -332889.44098
215. Current log-likelihood: -332889.32982
216. Current log-likelihood: -332889.21894
217. Current log-likelihood: -332889.10830
218. Current log-likelihood: -332888.99980
219. Current log-likelihood: -332888.89197
220. Current log-likelihood: -332888.78628
221. Current log-likelihood: -332888.68191
222. Current log-likelihood: -332888.57867
223. Current log-likelihood: -332888.47628
224. Current log-likelihood: -332888.37731
225. Current log-likelihood: -332888.27676
226. Current log-likelihood: -332888.17734
227. Current log-likelihood: -332888.08079
228. Current log-likelihood: -332887.98424
229. Current log-likelihood: -332887.88778
230. Current log-likelihood: -332887.79438
231. Current log-likelihood: -332887.69919
232. Current log-likelihood: -332887.60671
233. Current log-likelihood: -332887.51326
234. Current log-likelihood: -332887.42085
235. Current log-likelihood: -332887.33098
236. Current log-likelihood: -332887.24054
237. Current log-likelihood: -332887.14977
238. Current log-likelihood: -332887.05971
239. Current log-likelihood: -332886.97169
240. Current log-likelihood: -332886.88576
241. Current log-likelihood: -332886.80009
242. Current log-likelihood: -332886.71359
243. Current log-likelihood: -332886.62745
244. Current log-likelihood: -332886.54392
245. Current log-likelihood: -332886.45915
246. Current log-likelihood: -332886.37742
247. Current log-likelihood: -332886.29380
248. Current log-likelihood: -332886.21136
249. Current log-likelihood: -332886.12913
250. Current log-likelihood: -332886.04777
251. Current log-likelihood: -332885.52487
252. Current log-likelihood: -332885.44175
253. Current log-likelihood: -332885.36183
254. Current log-likelihood: -332885.28236
255. Current log-likelihood: -332885.20166
256. Current log-likelihood: -332885.12284
257. Current log-likelihood: -332885.04579
258. Current log-likelihood: -332884.96883
259. Current log-likelihood: -332884.89104
260. Current log-likelihood: -332884.81494
261. Current log-likelihood: -332884.73959
262. Current log-likelihood: -332884.66338
263. Current log-likelihood: -332884.58860
264. Current log-likelihood: -332884.51287
265. Current log-likelihood: -332884.43707
266. Current log-likelihood: -332884.36253
267. Current log-likelihood: -332884.29059
268. Current log-likelihood: -332884.21713
269. Current log-likelihood: -332884.14522
270. Current log-likelihood: -332884.07270
271. Current log-likelihood: -332884.00191
272. Current log-likelihood: -332883.92740
273. Current log-likelihood: -332883.85770
274. Current log-likelihood: -332883.78686
275. Current log-likelihood: -332883.71759
276. Current log-likelihood: -332883.64885
277. Current log-likelihood: -332883.57811
278. Current log-likelihood: -332883.51059
279. Current log-likelihood: -332883.44248
280. Current log-likelihood: -332883.37077
281. Current log-likelihood: -332883.30429
282. Current log-likelihood: -332883.23759
283. Current log-likelihood: -332883.17180
284. Current log-likelihood: -332883.10661
285. Current log-likelihood: -332883.04160
286. Current log-likelihood: -332882.97692
287. Current log-likelihood: -332882.91188
288. Current log-likelihood: -332882.84738
289. Current log-likelihood: -332882.78384
290. Current log-likelihood: -332882.72051
291. Current log-likelihood: -332882.65687
292. Current log-likelihood: -332882.59427
293. Current log-likelihood: -332882.53150
294. Current log-likelihood: -332882.46978
295. Current log-likelihood: -332882.40801
296. Current log-likelihood: -332882.34661
297. Current log-likelihood: -332882.28561
298. Current log-likelihood: -332882.22472
299. Current log-likelihood: -332882.16444
300. Current log-likelihood: -332882.10202
301. Current log-likelihood: -332882.04277
302. Current log-likelihood: -332881.96869
303. Current log-likelihood: -332881.89356
304. Current log-likelihood: -332881.81765
305. Current log-likelihood: -332881.74298
306. Current log-likelihood: -332881.66885
307. Current log-likelihood: -332881.59567
308. Current log-likelihood: -332881.52165
309. Current log-likelihood: -332881.44867
310. Current log-likelihood: -332881.37518
311. Current log-likelihood: -332881.30431
312. Current log-likelihood: -332881.23313
313. Current log-likelihood: -332881.16234
314. Current log-likelihood: -332881.08970
315. Current log-likelihood: -332881.02015
316. Current log-likelihood: -332880.94950
317. Current log-likelihood: -332880.88148
318. Current log-likelihood: -332880.81313
319. Current log-likelihood: -332880.74592
320. Current log-likelihood: -332880.67899
321. Current log-likelihood: -332880.61100
322. Current log-likelihood: -332880.54453
323. Current log-likelihood: -332880.47894
324. Current log-likelihood: -332880.41472
325. Current log-likelihood: -332880.34993
326. Current log-likelihood: -332880.28634
327. Current log-likelihood: -332880.22231
328. Current log-likelihood: -332880.15899
329. Current log-likelihood: -332880.09566
330. Current log-likelihood: -332880.03344
331. Current log-likelihood: -332879.97179
332. Current log-likelihood: -332879.91088
333. Current log-likelihood: -332879.84825
334. Current log-likelihood: -332879.78844
335. Current log-likelihood: -332879.72742
336. Current log-likelihood: -332879.66868
337. Current log-likelihood: -332879.60814
338. Current log-likelihood: -332879.55023
339. Current log-likelihood: -332879.49290
340. Current log-likelihood: -332879.43550
341. Current log-likelihood: -332879.37826
342. Current log-likelihood: -332879.32086
343. Current log-likelihood: -332879.26441
344. Current log-likelihood: -332879.20757
345. Current log-likelihood: -332879.15316
346. Current log-likelihood: -332879.09702
347. Current log-likelihood: -332879.04327
348. Current log-likelihood: -332878.99036
349. Current log-likelihood: -332878.93794
350. Current log-likelihood: -332878.88359
351. Current log-likelihood: -332878.83097
352. Current log-likelihood: -332878.77637
353. Current log-likelihood: -332878.72572
354. Current log-likelihood: -332878.67508
355. Current log-likelihood: -332878.62484
356. Current log-likelihood: -332878.57272
357. Current log-likelihood: -332878.52384
358. Current log-likelihood: -332878.47492
359. Current log-likelihood: -332878.42586
360. Current log-likelihood: -332878.37770
361. Current log-likelihood: -332878.32724
362. Current log-likelihood: -332878.27936
363. Current log-likelihood: -332878.23222
364. Current log-likelihood: -332878.18507
365. Current log-likelihood: -332878.13780
366. Current log-likelihood: -332878.09190
367. Current log-likelihood: -332878.04495
368. Current log-likelihood: -332877.99868
369. Current log-likelihood: -332877.95378
370. Current log-likelihood: -332877.90761
371. Current log-likelihood: -332877.86257
372. Current log-likelihood: -332877.81652
373. Current log-likelihood: -332877.77300
374. Current log-likelihood: -332877.72918
375. Current log-likelihood: -332877.68539
376. Current log-likelihood: -332877.64153
377. Current log-likelihood: -332877.59716
378. Current log-likelihood: -332877.55506
379. Current log-likelihood: -332877.51171
380. Current log-likelihood: -332877.46738
381. Current log-likelihood: -332877.42607
382. Current log-likelihood: -332877.38267
383. Current log-likelihood: -332877.33983
384. Current log-likelihood: -332877.29764
385. Current log-likelihood: -332877.25593
386. Current log-likelihood: -332877.21457
387. Current log-likelihood: -332877.17361
388. Current log-likelihood: -332877.13300
389. Current log-likelihood: -332877.09247
390. Current log-likelihood: -332877.05202
391. Current log-likelihood: -332877.01133
392. Current log-likelihood: -332876.96997
393. Current log-likelihood: -332876.92883
394. Current log-likelihood: -332876.88807
395. Current log-likelihood: -332876.84774
396. Current log-likelihood: -332876.80695
397. Current log-likelihood: -332876.76767
398. Current log-likelihood: -332876.72723
399. Current log-likelihood: -332876.68849
400. Current log-likelihood: -332876.64835
401. Current log-likelihood: -332876.60864
402. Current log-likelihood: -332876.56503
403. Current log-likelihood: -332876.51797
404. Current log-likelihood: -332876.47106
405. Current log-likelihood: -332876.42440
406. Current log-likelihood: -332876.37770
407. Current log-likelihood: -332876.33155
408. Current log-likelihood: -332876.28415
409. Current log-likelihood: -332876.23666
410. Current log-likelihood: -332876.19211
411. Current log-likelihood: -332876.14394
412. Current log-likelihood: -332876.09661
413. Current log-likelihood: -332876.04848
414. Current log-likelihood: -332876.00204
415. Current log-likelihood: -332875.95361
416. Current log-likelihood: -332875.90627
417. Current log-likelihood: -332875.85935
418. Current log-likelihood: -332875.80931
419. Current log-likelihood: -332875.76293
420. Current log-likelihood: -332875.71531
421. Current log-likelihood: -332875.66688
422. Current log-likelihood: -332875.61842
423. Current log-likelihood: -332875.57080
424. Current log-likelihood: -332875.52089
425. Current log-likelihood: -332875.46947
426. Current log-likelihood: -332875.41835
427. Current log-likelihood: -332875.36962
428. Current log-likelihood: -332875.31772
429. Current log-likelihood: -332875.26605
430. Current log-likelihood: -332875.21433
431. Current log-likelihood: -332875.16298
432. Current log-likelihood: -332875.11041
433. Current log-likelihood: -332875.05945
434. Current log-likelihood: -332875.00612
435. Current log-likelihood: -332874.95485
436. Current log-likelihood: -332874.90276
437. Current log-likelihood: -332874.84798
438. Current log-likelihood: -332874.79590
439. Current log-likelihood: -332874.74026
440. Current log-likelihood: -332874.69107
441. Current log-likelihood: -332874.63988
442. Current log-likelihood: -332874.58962
443. Current log-likelihood: -332874.53744
444. Current log-likelihood: -332874.48489
445. Current log-likelihood: -332874.43610
446. Current log-likelihood: -332874.38622
447. Current log-likelihood: -332874.33645
448. Current log-likelihood: -332874.28574
449. Current log-likelihood: -332874.23750
450. Current log-likelihood: -332874.18837
451. Current log-likelihood: -332874.13727
452. Current log-likelihood: -332874.09076
453. Current log-likelihood: -332874.04416
454. Current log-likelihood: -332873.99614
455. Current log-likelihood: -332873.94546
456. Current log-likelihood: -332873.89498
457. Current log-likelihood: -332873.84991
458. Current log-likelihood: -332873.80368
459. Current log-likelihood: -332873.74879
460. Current log-likelihood: -332873.70371
461. Current log-likelihood: -332873.65813
462. Current log-likelihood: -332873.61321
463. Current log-likelihood: -332873.57027
464. Current log-likelihood: -332873.52384
465. Current log-likelihood: -332873.47993
466. Current log-likelihood: -332873.43773
467. Current log-likelihood: -332873.39297
468. Current log-likelihood: -332873.34992
469. Current log-likelihood: -332873.30780
470. Current log-likelihood: -332873.26570
471. Current log-likelihood: -332873.22380
472. Current log-likelihood: -332873.18171
473. Current log-likelihood: -332873.14186
474. Current log-likelihood: -332873.09861
475. Current log-likelihood: -332873.05882
476. Current log-likelihood: -332873.01912
477. Current log-likelihood: -332872.97454
478. Current log-likelihood: -332872.93575
479. Current log-likelihood: -332872.89552
480. Current log-likelihood: -332872.85813
481. Current log-likelihood: -332872.82064
482. Current log-likelihood: -332872.78319
483. Current log-likelihood: -332872.74616
484. Current log-likelihood: -332872.70615
485. Current log-likelihood: -332872.67152
486. Current log-likelihood: -332872.63559
487. Current log-likelihood: -332872.59933
488. Current log-likelihood: -332872.56403
489. Current log-likelihood: -332872.52981
490. Current log-likelihood: -332872.49401
491. Current log-likelihood: -332872.45999
492. Current log-likelihood: -332872.42486
493. Current log-likelihood: -332872.38934
494. Current log-likelihood: -332872.35654
495. Current log-likelihood: -332872.32381
496. Current log-likelihood: -332872.29055
497. Current log-likelihood: -332872.25322
498. Current log-likelihood: -332872.22161
499. Current log-likelihood: -332872.19050
500. Current log-likelihood: -332872.15787
501. Current log-likelihood: -332872.12752
502. Current log-likelihood: -332872.09571
503. Current log-likelihood: -332872.06244
504. Current log-likelihood: -332872.03011
505. Current log-likelihood: -332871.99509
506. Current log-likelihood: -332871.96227
507. Current log-likelihood: -332871.92926
508. Current log-likelihood: -332871.89736
509. Current log-likelihood: -332871.86441
510. Current log-likelihood: -332871.83414
511. Current log-likelihood: -332871.80421
512. Current log-likelihood: -332871.76910
513. Current log-likelihood: -332871.74014
514. Current log-likelihood: -332871.71126
515. Current log-likelihood: -332871.68258
516. Current log-likelihood: -332871.64986
517. Current log-likelihood: -332871.62170
518. Current log-likelihood: -332871.59415
519. Current log-likelihood: -332871.56679
520. Current log-likelihood: -332871.53756
521. Current log-likelihood: -332871.51029
522. Current log-likelihood: -332871.48221
523. Current log-likelihood: -332871.45483
524. Current log-likelihood: -332871.42801
525. Current log-likelihood: -332871.39911
526. Current log-likelihood: -332871.37337
527. Current log-likelihood: -332871.34856
528. Current log-likelihood: -332871.32318
529. Current log-likelihood: -332871.29794
530. Current log-likelihood: -332871.27247
531. Current log-likelihood: -332871.24591
532. Current log-likelihood: -332871.22175
533. Current log-likelihood: -332871.19758
534. Current log-likelihood: -332871.17383
535. Current log-likelihood: -332871.14912
536. Current log-likelihood: -332871.12636
537. Current log-likelihood: -332871.10333
538. Current log-likelihood: -332871.08086
539. Current log-likelihood: -332871.05748
540. Current log-likelihood: -332871.03554
541. Current log-likelihood: -332871.01377
542. Current log-likelihood: -332870.99166
543. Current log-likelihood: -332870.97029
544. Current log-likelihood: -332870.94597
545. Current log-likelihood: -332870.92490
546. Current log-likelihood: -332870.90384
547. Current log-likelihood: -332870.88196
548. Current log-likelihood: -332870.86227
549. Current log-likelihood: -332870.84211
550. Current log-likelihood: -332870.82189
551. Current log-likelihood: -332870.80076
552. Current log-likelihood: -332870.77920
553. Current log-likelihood: -332870.75950
554. Current log-likelihood: -332870.74010
555. Current log-likelihood: -332870.72059
556. Current log-likelihood: -332870.70144
557. Current log-likelihood: -332870.68194
558. Current log-likelihood: -332870.66318
559. Current log-likelihood: -332870.64329
560. Current log-likelihood: -332870.62465
561. Current log-likelihood: -332870.60601
562. Current log-likelihood: -332870.58786
563. Current log-likelihood: -332870.56970
564. Current log-likelihood: -332870.55190
565. Current log-likelihood: -332870.53392
566. Current log-likelihood: -332870.51470
567. Current log-likelihood: -332870.49751
568. Current log-likelihood: -332870.48031
569. Current log-likelihood: -332870.46335
570. Current log-likelihood: -332870.44649
571. Current log-likelihood: -332870.42665
572. Current log-likelihood: -332870.41084
573. Current log-likelihood: -332870.39416
574. Current log-likelihood: -332870.37792
575. Current log-likelihood: -332870.36062
576. Current log-likelihood: -332870.34459
577. Current log-likelihood: -332870.32864
578. Current log-likelihood: -332870.31279
579. Current log-likelihood: -332870.29662
580. Current log-likelihood: -332870.28083
581. Current log-likelihood: -332870.26504
582. Current log-likelihood: -332870.24792
583. Current log-likelihood: -332870.23201
584. Current log-likelihood: -332870.21677
585. Current log-likelihood: -332870.20134
586. Current log-likelihood: -332870.18616
587. Current log-likelihood: -332870.16936
588. Current log-likelihood: -332870.15441
589. Current log-likelihood: -332870.13904
590. Current log-likelihood: -332870.12340
591. Current log-likelihood: -332870.10777
592. Current log-likelihood: -332870.09228
593. Current log-likelihood: -332870.07747
594. Current log-likelihood: -332870.06273
595. Current log-likelihood: -332870.04695
596. Current log-likelihood: -332870.03202
597. Current log-likelihood: -332870.01718
598. Current log-likelihood: -332870.00235
599. Current log-likelihood: -332869.98469
600. Current log-likelihood: -332869.97082
601. Current log-likelihood: -332869.95547
602. Current log-likelihood: -332869.94055
603. Current log-likelihood: -332869.92515
604. Current log-likelihood: -332869.90904
605. Current log-likelihood: -332869.89398
606. Current log-likelihood: -332869.87898
607. Current log-likelihood: -332869.86420
608. Current log-likelihood: -332869.84752
609. Current log-likelihood: -332869.83267
610. Current log-likelihood: -332869.81765
611. Current log-likelihood: -332869.80320
612. Current log-likelihood: -332869.78832
613. Current log-likelihood: -332869.77333
614. Current log-likelihood: -332869.75856
615. Current log-likelihood: -332869.73968
616. Current log-likelihood: -332869.72490
617. Current log-likelihood: -332869.70102
618. Current log-likelihood: -332869.68606
619. Current log-likelihood: -332869.67061
620. Current log-likelihood: -332869.65550
621. Current log-likelihood: -332869.63999
622. Current log-likelihood: -332869.62247
623. Current log-likelihood: -332869.60682
624. Current log-likelihood: -332869.59073
625. Current log-likelihood: -332869.57483
626. Current log-likelihood: -332869.55862
627. Current log-likelihood: -332869.54102
628. Current log-likelihood: -332869.52347
629. Current log-likelihood: -332869.50427
630. Current log-likelihood: -332869.48740
631. Current log-likelihood: -332869.46887
632. Current log-likelihood: -332869.44665
633. Current log-likelihood: -332869.42739
634. Current log-likelihood: -332869.40801
635. Current log-likelihood: -332869.38570
636. Current log-likelihood: -332869.36182
637. Current log-likelihood: -332869.32489
638. Current log-likelihood: -332869.28533
639. Current log-likelihood: -332869.23859
640. Current log-likelihood: -332869.17897
641. Current log-likelihood: -332869.02418
642. Current log-likelihood: -332868.76049
643. Current log-likelihood: -332868.19722
644. Current log-likelihood: -332866.53883
645. Current log-likelihood: -332865.10146
646. Current log-likelihood: -332864.71105
647. Current log-likelihood: -332864.43734
648. Current log-likelihood: -332864.18919
649. Current log-likelihood: -332863.97510
650. Current log-likelihood: -332863.78021
651. Current log-likelihood: -332863.60673
652. Current log-likelihood: -332863.44826
653. Current log-likelihood: -332863.30578
654. Current log-likelihood: -332863.17474
655. Current log-likelihood: -332863.05472
656. Current log-likelihood: -332862.94483
657. Current log-likelihood: -332862.84613
658. Current log-likelihood: -332862.75040
659. Current log-likelihood: -332862.65991
660. Current log-likelihood: -332862.58317
661. Current log-likelihood: -332862.51014
662. Current log-likelihood: -332862.43987
663. Current log-likelihood: -332862.36912
664. Current log-likelihood: -332862.31187
665. Current log-likelihood: -332862.25299
666. Current log-likelihood: -332862.20019
667. Current log-likelihood: -332862.14958
668. Current log-likelihood: -332862.10055
669. Current log-likelihood: -332862.05396
670. Current log-likelihood: -332862.01055
671. Current log-likelihood: -332861.96762
672. Current log-likelihood: -332861.92662
673. Current log-likelihood: -332861.88825
674. Current log-likelihood: -332861.85098
675. Current log-likelihood: -332861.81625
676. Current log-likelihood: -332861.78246
677. Current log-likelihood: -332861.74828
678. Current log-likelihood: -332861.72130
679. Current log-likelihood: -332861.69450
680. Current log-likelihood: -332861.66971
681. Current log-likelihood: -332861.64644
682. Current log-likelihood: -332861.62350
683. Current log-likelihood: -332861.59941
684. Current log-likelihood: -332861.57430
685. Current log-likelihood: -332861.55395
686. Current log-likelihood: -332861.53310
687. Current log-likelihood: -332861.51249
688. Current log-likelihood: -332861.48876
689. Current log-likelihood: -332861.46858
690. Current log-likelihood: -332861.45082
691. Current log-likelihood: -332861.43388
692. Current log-likelihood: -332861.41585
693. Current log-likelihood: -332861.40013
694. Current log-likelihood: -332861.38492
695. Current log-likelihood: -332861.37025
696. Current log-likelihood: -332861.35619
697. Current log-likelihood: -332861.34327
698. Current log-likelihood: -332861.32903
699. Current log-likelihood: -332861.31655
700. Current log-likelihood: -332861.30331
701. Current log-likelihood: -332861.29138
702. Current log-likelihood: -332861.27956
703. Current log-likelihood: -332861.26751
704. Current log-likelihood: -332861.25406
705. Current log-likelihood: -332861.24372
706. Current log-likelihood: -332861.23241
707. Current log-likelihood: -332861.22219
708. Current log-likelihood: -332861.21144
709. Current log-likelihood: -332861.20173
710. Current log-likelihood: -332861.19190
711. Current log-likelihood: -332861.18174
712. Current log-likelihood: -332861.17290
713. Current log-likelihood: -332861.16393
714. Current log-likelihood: -332861.15173
715. Current log-likelihood: -332861.14019
716. Current log-likelihood: -332861.12795
717. Current log-likelihood: -332861.11899
718. Current log-likelihood: -332861.11059
719. Current log-likelihood: -332861.10202
720. Current log-likelihood: -332861.09187
721. Current log-likelihood: -332861.08245
722. Current log-likelihood: -332861.07437
723. Current log-likelihood: -332861.06740
724. Current log-likelihood: -332861.05416
725. Current log-likelihood: -332861.04529
726. Current log-likelihood: -332861.03797
727. Current log-likelihood: -332861.03069
728. Current log-likelihood: -332861.02405
729. Current log-likelihood: -332861.01533
730. Current log-likelihood: -332861.00901
731. Current log-likelihood: -332861.00123
732. Current log-likelihood: -332860.99511
733. Current log-likelihood: -332860.98806
734. Current log-likelihood: -332860.98239
735. Current log-likelihood: -332860.97657
736. Current log-likelihood: -332860.96884
737. Current log-likelihood: -332860.96328
738. Current log-likelihood: -332860.95774
739. Current log-likelihood: -332860.95213
740. Current log-likelihood: -332860.94667
741. Current log-likelihood: -332860.94114
742. Current log-likelihood: -332860.93606
743. Current log-likelihood: -332860.93084
744. Current log-likelihood: -332860.92584
745. Current log-likelihood: -332860.92086
746. Current log-likelihood: -332860.91407
747. Current log-likelihood: -332860.90915
748. Current log-likelihood: -332860.90440
749. Current log-likelihood: -332860.89958
750. Current log-likelihood: -332860.89496
751. Current log-likelihood: -332860.89008
752. Current log-likelihood: -332860.88540
753. Current log-likelihood: -332860.88084
754. Current log-likelihood: -332860.87628
755. Current log-likelihood: -332860.87170
756. Current log-likelihood: -332860.86726
757. Current log-likelihood: -332860.86294
758. Current log-likelihood: -332860.85854
759. Current log-likelihood: -332860.85409
760. Current log-likelihood: -332860.84981
761. Current log-likelihood: -332860.84562
762. Current log-likelihood: -332860.84137
763. Current log-likelihood: -332860.83698
764. Current log-likelihood: -332860.83259
765. Current log-likelihood: -332860.82844
766. Current log-likelihood: -332860.82496
767. Current log-likelihood: -332860.82066
768. Current log-likelihood: -332860.81558
769. Current log-likelihood: -332860.81222
770. Current log-likelihood: -332860.80821
771. Current log-likelihood: -332860.80563
772. Current log-likelihood: -332860.80222
773. Current log-likelihood: -332860.79965
774. Current log-likelihood: -332860.79640
775. Current log-likelihood: -332860.79325
776. Current log-likelihood: -332860.79081
777. Current log-likelihood: -332860.78839
778. Current log-likelihood: -332860.78449
779. Current log-likelihood: -332860.78208
780. Current log-likelihood: -332860.77821
781. Current log-likelihood: -332860.77585
782. Current log-likelihood: -332860.77350
783. Current log-likelihood: -332860.77118
784. Current log-likelihood: -332860.76882
785. Current log-likelihood: -332860.76505
786. Current log-likelihood: -332860.76282
787. Current log-likelihood: -332860.75981
788. Current log-likelihood: -332860.75759
789. Current log-likelihood: -332860.75544
790. Current log-likelihood: -332860.75316
791. Current log-likelihood: -332860.74937
792. Current log-likelihood: -332860.74723
793. Current log-likelihood: -332860.74426
794. Current log-likelihood: -332860.74213
795. Current log-likelihood: -332860.73925
796. Current log-likelihood: -332860.73718
797. Current log-likelihood: -332860.73501
798. Current log-likelihood: -332860.73143
799. Current log-likelihood: -332860.72934
800. Current log-likelihood: -332860.72711
801. Current log-likelihood: -332860.72506
802. Current log-likelihood: -332860.72144
803. Current log-likelihood: -332860.71846
804. Current log-likelihood: -332860.71622
805. Current log-likelihood: -332860.71389
806. Current log-likelihood: -332860.71162
807. Current log-likelihood: -332860.70954
808. Current log-likelihood: -332860.70564
809. Current log-likelihood: -332860.70358
810. Current log-likelihood: -332860.70004
811. Current log-likelihood: -332860.69785
812. Current log-likelihood: -332860.69574
813. Current log-likelihood: -332860.69225
814. Current log-likelihood: -332860.69016
815. Current log-likelihood: -332860.68818
816. Current log-likelihood: -332860.68608
817. Current log-likelihood: -332860.68393
818. Current log-likelihood: -332860.68194
819. Current log-likelihood: -332860.67991
820. Current log-likelihood: -332860.67774
821. Current log-likelihood: -332860.67580
822. Current log-likelihood: -332860.67376
823. Current log-likelihood: -332860.67174
824. Current log-likelihood: -332860.66958
825. Current log-likelihood: -332860.66757
826. Current log-likelihood: -332860.66569
827. Current log-likelihood: -332860.66380
828. Current log-likelihood: -332860.66184
829. Current log-likelihood: -332860.65978
830. Current log-likelihood: -332860.65782
831. Current log-likelihood: -332860.65587
832. Current log-likelihood: -332860.65398
833. Current log-likelihood: -332860.65194
834. Current log-likelihood: -332860.64984
835. Current log-likelihood: -332860.64793
836. Current log-likelihood: -332860.64599
837. Current log-likelihood: -332860.64191
838. Current log-likelihood: -332860.64006
839. Current log-likelihood: -332860.63824
840. Current log-likelihood: -332860.63641
841. Current log-likelihood: -332860.63449
842. Current log-likelihood: -332860.63057
843. Current log-likelihood: -332860.62882
844. Current log-likelihood: -332860.62701
845. Current log-likelihood: -332860.62521
846. Current log-likelihood: -332860.62339
847. Current log-likelihood: -332860.62141
848. Current log-likelihood: -332860.61953
849. Current log-likelihood: -332860.61769
850. Current log-likelihood: -332860.61595
851. Current log-likelihood: -332860.61421
852. Current log-likelihood: -332860.61237
853. Current log-likelihood: -332860.61062
854. Current log-likelihood: -332860.60875
855. Current log-likelihood: -332860.60704
856. Current log-likelihood: -332860.60522
857. Current log-likelihood: -332860.60351
858. Current log-likelihood: -332860.60184
859. Current log-likelihood: -332860.60034
860. Current log-likelihood: -332860.59890
861. Current log-likelihood: -332860.59724
862. Current log-likelihood: -332860.59552
863. Current log-likelihood: -332860.59411
864. Current log-likelihood: -332860.59274
865. Current log-likelihood: -332860.59148
866. Current log-likelihood: -332860.59018
867. Current log-likelihood: -332857.69002
868. Current log-likelihood: -332857.65968
869. Current log-likelihood: -332857.63804
870. Current log-likelihood: -332857.62067
871. Current log-likelihood: -332857.60572
872. Current log-likelihood: -332857.59458
873. Current log-likelihood: -332857.58550
874. Current log-likelihood: -332857.57136
875. Current log-likelihood: -332857.56357
876. Current log-likelihood: -332857.55611
877. Current log-likelihood: -332857.54981
878. Current log-likelihood: -332857.54444
879. Current log-likelihood: -332857.53929
880. Current log-likelihood: -332857.53389
881. Current log-likelihood: -332857.52874
882. Current log-likelihood: -332857.52490
883. Current log-likelihood: -332857.52063
884. Current log-likelihood: -332857.51587
885. Current log-likelihood: -332857.51242
886. Current log-likelihood: -332857.50838
887. Current log-likelihood: -332857.50517
888. Current log-likelihood: -332857.50200
889. Current log-likelihood: -332857.49750
890. Current log-likelihood: -332857.49449
891. Current log-likelihood: -332857.49153
892. Current log-likelihood: -332857.48853
893. Current log-likelihood: -332857.48544
894. Current log-likelihood: -332857.48264
895. Current log-likelihood: -332857.47860
896. Current log-likelihood: -332857.47587
897. Current log-likelihood: -332857.47154
898. Current log-likelihood: -332857.46886
899. Current log-likelihood: -332857.46589
900. Current log-likelihood: -332857.46314
901. Current log-likelihood: -332857.46044
902. Current log-likelihood: -332857.45762
903. Current log-likelihood: -332857.45480
904. Current log-likelihood: -332857.45064
905. Current log-likelihood: -332857.44768
906. Current log-likelihood: -332857.44420
907. Current log-likelihood: -332857.44148
908. Current log-likelihood: -332857.43872
909. Current log-likelihood: -332857.43581
910. Current log-likelihood: -332857.43312
911. Current log-likelihood: -332857.43034
912. Current log-likelihood: -332857.42774
913. Current log-likelihood: -332857.42514
914. Current log-likelihood: -332857.42241
915. Current log-likelihood: -332857.41975
916. Current log-likelihood: -332857.41713
917. Current log-likelihood: -332857.41438
918. Current log-likelihood: -332857.41177
919. Current log-likelihood: -332857.40925
920. Current log-likelihood: -332857.40536
921. Current log-likelihood: -332857.40285
922. Current log-likelihood: -332857.40032
923. Current log-likelihood: -332857.39770
924. Current log-likelihood: -332857.39508
925. Current log-likelihood: -332857.39054
926. Current log-likelihood: -332857.38562
927. Current log-likelihood: -332857.38292
928. Current log-likelihood: -332857.38041
929. Current log-likelihood: -332857.37323
930. Current log-likelihood: -332857.37087
931. Current log-likelihood: -332857.36823
932. Current log-likelihood: -332857.36568
933. Current log-likelihood: -332857.36314
934. Current log-likelihood: -332857.35927
935. Current log-likelihood: -332857.35683
936. Current log-likelihood: -332857.35438
937. Current log-likelihood: -332857.35209
938. Current log-likelihood: -332857.34946
939. Current log-likelihood: -332857.34702
940. Current log-likelihood: -332857.34330
941. Current log-likelihood: -332857.34090
942. Current log-likelihood: -332857.33848
943. Current log-likelihood: -332857.33627
944. Current log-likelihood: -332857.33397
945. Current log-likelihood: -332857.33162
946. Current log-likelihood: -332857.32940
947. Current log-likelihood: -332857.32124
948. Current log-likelihood: -332857.31835
949. Current log-likelihood: -332857.31543
950. Current log-likelihood: -332857.31270
951. Current log-likelihood: -332857.30884
952. Current log-likelihood: -332857.30649
953. Current log-likelihood: -332857.30406
954. Current log-likelihood: -332857.30162
955. Current log-likelihood: -332857.29935
956. Current log-likelihood: -332857.29704
957. Current log-likelihood: -332857.29377
958. Current log-likelihood: -332857.29166
959. Current log-likelihood: -332857.28942
960. Current log-likelihood: -332857.28735
961. Current log-likelihood: -332857.28522
962. Current log-likelihood: -332857.28286
963. Current log-likelihood: -332857.28076
964. Current log-likelihood: -332857.27837
965. Current log-likelihood: -332857.27616
966. Current log-likelihood: -332857.27418
967. Current log-likelihood: -332857.27208
968. Current log-likelihood: -332857.27007
969. Current log-likelihood: -332857.26812
970. Current log-likelihood: -332857.26478
971. Current log-likelihood: -332857.26280
972. Current log-likelihood: -332857.26095
973. Current log-likelihood: -332857.25896
974. Current log-likelihood: -332857.25712
975. Current log-likelihood: -332857.25519
976. Current log-likelihood: -332857.25346
977. Current log-likelihood: -332857.25153
978. Current log-likelihood: -332857.24977
979. Current log-likelihood: -332857.24768
980. Current log-likelihood: -332857.24582
981. Current log-likelihood: -332857.24394
982. Current log-likelihood: -332857.24195
983. Current log-likelihood: -332857.23982
984. Current log-likelihood: -332857.23650
985. Current log-likelihood: -332857.23469
986. Current log-likelihood: -332857.23282
987. Current log-likelihood: -332857.23100
988. Current log-likelihood: -332857.22930
989. Current log-likelihood: -332857.22737
990. Current log-likelihood: -332857.22565
991. Current log-likelihood: -332857.22384
992. Current log-likelihood: -332857.22210
993. Current log-likelihood: -332857.22028
994. Current log-likelihood: -332857.21857
995. Current log-likelihood: -332857.21664
996. Current log-likelihood: -332857.21483
997. Current log-likelihood: -332857.21285
998. Current log-likelihood: -332857.21114
999. Current log-likelihood: -332857.20940
1000. Current log-likelihood: -332857.20763
1001. Current log-likelihood: -332857.20595
1002. Current log-likelihood: -332857.20412
1003. Current log-likelihood: -332857.20201
1004. Current log-likelihood: -332857.20026
1005. Current log-likelihood: -332857.19848
1006. Current log-likelihood: -332857.19662
1007. Current log-likelihood: -332857.19481
1008. Current log-likelihood: -332857.19304
1009. Current log-likelihood: -332857.19126
1010. Current log-likelihood: -332857.18963
1011. Current log-likelihood: -332857.18798
1012. Current log-likelihood: -332857.18630
1013. Current log-likelihood: -332857.18460
1014. Current log-likelihood: -332857.18305
1015. Current log-likelihood: -332857.18126
1016. Current log-likelihood: -332857.17968
1017. Current log-likelihood: -332857.17816
1018. Current log-likelihood: -332857.17610
1019. Current log-likelihood: -332857.17453
1020. Current log-likelihood: -332857.17286
1021. Current log-likelihood: -332857.17121
1022. Current log-likelihood: -332857.16964
1023. Current log-likelihood: -332857.16794
1024. Current log-likelihood: -332857.16640
1025. Current log-likelihood: -332857.16482
1026. Current log-likelihood: -332857.16340
1027. Current log-likelihood: -332857.16188
1028. Current log-likelihood: -332857.16047
1029. Current log-likelihood: -332857.15875
1030. Current log-likelihood: -332857.15739
1031. Current log-likelihood: -332857.15603
1032. Current log-likelihood: -332857.15467
1033. Current log-likelihood: -332857.15332
1034. Current log-likelihood: -332857.15207
1035. Current log-likelihood: -332857.15099
1036. Current log-likelihood: -332857.14978
1037. Current log-likelihood: -332857.14833
1038. Current log-likelihood: -332857.14689
1039. Current log-likelihood: -332857.14568
1040. Current log-likelihood: -332857.14437
1041. Current log-likelihood: -332857.14297
1042. Current log-likelihood: -332857.14170
1043. Current log-likelihood: -332857.14061
1044. Current log-likelihood: -332857.13939
1045. Current log-likelihood: -332857.13791
1046. Current log-likelihood: -332857.13668
1047. Current log-likelihood: -332857.13545
1048. Current log-likelihood: -332857.13419
1049. Current log-likelihood: -332857.13279
1050. Current log-likelihood: -332857.13143
1051. Current log-likelihood: -332857.13025
1052. Current log-likelihood: -332857.12904
1053. Current log-likelihood: -332857.12783
1054. Current log-likelihood: -332857.12672
1055. Current log-likelihood: -332857.12526
1056. Current log-likelihood: -332857.12420
1057. Current log-likelihood: -332857.12308
1058. Current log-likelihood: -332857.12168
1059. Current log-likelihood: -332857.12047
1060. Current log-likelihood: -332857.11953
Final estimation on weights:
0.08867,0.11902,0.03357,0.01571,0.05483,0.02331,0.24342,0.02947,0.04094,0.25664,0.07131,0.02311
Wrote distance file to... 
BEST SCORE FOUND : -332857.11953
Site log-likelihoods per category printed to output_mast_repeats/mast_model_12/mast_model_12.sitelh
Total tree lengths: 0.61152 0.08145 2.22690 0.42024 0.17909 0.28003 0.20387 0.30870 0.08573 10.00887 0.24285 4.02117

Total number of iterations: 1058
CPU time used for tree search: 0.00001 sec (0h:0m:0s)
Wall-clock time used for tree search: 0.00001 sec (0h:0m:0s)
Total CPU time used: 8746.57725 sec (2h:25m:46s)
Total wall-clock time used: 3071.63418 sec (0h:51m:11s)

Analysis results written to: 
  IQ-TREE report:                output_mast_repeats/mast_model_12/mast_model_12.iqtree
  Maximum-likelihood tree:       output_mast_repeats/mast_model_12/mast_model_12.treefile
  Site log-likelihoods:          output_mast_repeats/mast_model_12/mast_model_12.sitelh
  Screen log file:               output_mast_repeats/mast_model_12/mast_model_12.log

Date and Time: Thu Oct 30 16:11:38 2025
