IQ-TREE multicore version 2.4.0 for Linux x86 64-bit built Feb  7 2025
Developed by Bui Quang Minh, Nguyen Lam Tung, Olga Chernomor, Heiko Schmidt,
Dominik Schrempf, Michael Woodhams, Ly Trong Nhan, Thomas Wong

Host:    ku-01 (AVX2, FMA3, 251 GB RAM)
Command: iqtree2 -s trim_genome_africa.fasta -m GTR+FO+R2+T -te tree_subsets/modeltrees_final_9.newick --prefix output_mast_repeats/mast_model_9/mast_model_9 -nt 4 -wslmr -redo
Seed:    944096 (Using SPRNG - Scalable Parallel Random Number Generator)
Time:    Thu Oct 30 15:20:26 2025
Kernel:  AVX+FMA - 4 threads (64 CPU cores detected)

Reading alignment file trim_genome_africa.fasta ... Fasta format detected
Reading fasta file: done in 0.0429926 secs using 90.57% CPU
Alignment most likely contains DNA/RNA sequences
Alignment has 29 sequences with 142412 columns, 3564 distinct patterns
28695 parsimony-informative, 1511 singleton sites, 112206 constant sites
                              Gap/Ambiguity  Composition  p-value
Analyzing sequences: done in 9.42992e-05 secs
   1  HM585496_Human_herpesvirus_1    0.67%    failed      0.00%
   2  HM585497_Human_herpesvirus_1    0.65%    failed      0.00%
   3  HM585498_Human_herpesvirus_1    0.68%    failed      0.00%
   4  HM585499_Human_herpesvirus_1    0.67%    failed      0.00%
   5  HM585500_Human_herpesvirus_1    0.67%    failed      0.00%
   6  HM585501_Human_herpesvirus_1    0.63%    failed      0.00%
   7  HM585502_Human_herpesvirus_1    0.66%    failed      0.00%
   8  HM585503_Human_herpesvirus_1    0.69%    failed      0.00%
   9  HM585504_Human_herpesvirus_1    0.59%    failed      0.00%
  10  HM585505_Human_herpesvirus_1    0.67%    failed      0.00%
  11  HM585506_Human_herpesvirus_1    0.67%    failed      0.00%
  12  HM585507_Human_herpesvirus_1    1.56%    failed      0.00%
  13  HM585509_Human_herpesvirus_1    0.42%    failed      0.00%
  14  HM585510_Human_herpesvirus_1    0.45%    failed      0.00%
  15  HM585511_Human_herpesvirus_1    0.50%    failed      0.00%
  16  KR135299_Human_herpesvirus_2    3.19%    failed      0.00%
  17  KR135300_Human_herpesvirus_2    3.19%    failed      0.00%
  18  KR135301_Human_herpesvirus_2    3.33%    failed      0.00%
  19  KR135302_Human_herpesvirus_2    3.10%    failed      0.00%
  20  KR135303_Human_herpesvirus_2    3.44%    failed      0.00%
  21  KR135304_Human_herpesvirus_2    3.30%    failed      0.00%
  22  KR135305_Human_herpesvirus_2    3.43%    failed      0.00%
  23  KR135306_Human_herpesvirus_2    3.39%    failed      0.00%
  24  KR135307_Human_herpesvirus_2    3.14%    failed      0.00%
  25  KR135315_Human_herpesvirus_2    3.20%    failed      0.00%
  26  KR135316_Human_herpesvirus_2    3.19%    failed      0.00%
  27  KR135317_Human_herpesvirus_2    3.37%    failed      0.00%
  28  KR135318_Human_herpesvirus_2    3.12%    failed      0.00%
  29  KR135319_Human_herpesvirus_2    3.10%    failed      0.00%
****  TOTAL                           1.92%  29 sequences failed composition chi2 test (p-value<5%; df=3)
Tree-mixture model
Number of input trees: 9
Minimum branch length is set to 0.0000010










Linked substitution model:
   GTR+FO

Linked RHS model:
   R2


NOTE: 60 MB RAM (0 GB) is required!
According to the parsimony scores along the sites, the tree weights are initialized to:
0.1328615,0.0919209,0.0879929,0.0862861,0.1068101,0.0759087,0.1702454,0.0960385,0.1519358
Estimate model parameters (epsilon = 0.00100)
1. Initial log-likelihood: -341528.32976
2. Current log-likelihood: -334531.85697
3. Current log-likelihood: -334112.29983
4. Current log-likelihood: -333904.94565
5. Current log-likelihood: -333748.40607
6. Current log-likelihood: -333619.56866
7. Current log-likelihood: -333582.84487
8. Current log-likelihood: -333565.86202
9. Current log-likelihood: -333543.25210
10. Current log-likelihood: -333538.51195
11. Current log-likelihood: -333536.26316
12. Current log-likelihood: -333535.32819
13. Current log-likelihood: -333534.64940
14. Current log-likelihood: -333533.98985
15. Current log-likelihood: -333533.34403
16. Current log-likelihood: -333531.14249
17. Current log-likelihood: -333530.50416
18. Current log-likelihood: -333529.87480
19. Current log-likelihood: -333529.25655
20. Current log-likelihood: -333528.65017
21. Current log-likelihood: -333528.05249
22. Current log-likelihood: -333527.46536
23. Current log-likelihood: -333526.88648
24. Current log-likelihood: -333526.32042
25. Current log-likelihood: -333525.76103
26. Current log-likelihood: -333525.21375
27. Current log-likelihood: -333524.67567
28. Current log-likelihood: -333524.14826
29. Current log-likelihood: -333523.63015
30. Current log-likelihood: -333523.12077
31. Current log-likelihood: -333522.62034
32. Current log-likelihood: -333522.12824
33. Current log-likelihood: -333521.64225
34. Current log-likelihood: -333521.16724
35. Current log-likelihood: -333520.70063
36. Current log-likelihood: -333520.24193
37. Current log-likelihood: -333519.79112
38. Current log-likelihood: -333519.34718
39. Current log-likelihood: -333518.91133
40. Current log-likelihood: -333518.48316
41. Current log-likelihood: -333518.06137
42. Current log-likelihood: -333517.64722
43. Current log-likelihood: -333517.24014
44. Current log-likelihood: -333516.84020
45. Current log-likelihood: -333516.44424
46. Current log-likelihood: -333516.05837
47. Current log-likelihood: -333515.67922
48. Current log-likelihood: -333515.30651
49. Current log-likelihood: -333514.94150
50. Current log-likelihood: -333514.57929
51. Current log-likelihood: -333514.22329
52. Current log-likelihood: -333513.87330
53. Current log-likelihood: -333513.53205
54. Current log-likelihood: -333513.19414
55. Current log-likelihood: -333512.86132
56. Current log-likelihood: -333512.53560
57. Current log-likelihood: -333512.21365
58. Current log-likelihood: -333511.89850
59. Current log-likelihood: -333511.58749
60. Current log-likelihood: -333511.28122
61. Current log-likelihood: -333510.98170
62. Current log-likelihood: -333510.68009
63. Current log-likelihood: -333510.38518
64. Current log-likelihood: -333510.04708
65. Current log-likelihood: -333509.74886
66. Current log-likelihood: -333509.46036
67. Current log-likelihood: -333509.17745
68. Current log-likelihood: -333508.89917
69. Current log-likelihood: -333508.62501
70. Current log-likelihood: -333508.35340
71. Current log-likelihood: -333508.08474
72. Current log-likelihood: -333507.82141
73. Current log-likelihood: -333507.56513
74. Current log-likelihood: -333507.31214
75. Current log-likelihood: -333507.06134
76. Current log-likelihood: -333506.81510
77. Current log-likelihood: -333506.57118
78. Current log-likelihood: -333506.33330
79. Current log-likelihood: -333506.09398
80. Current log-likelihood: -333505.85949
81. Current log-likelihood: -333505.63001
82. Current log-likelihood: -333505.40375
83. Current log-likelihood: -333505.18104
84. Current log-likelihood: -333504.95872
85. Current log-likelihood: -333504.74198
86. Current log-likelihood: -333504.52709
87. Current log-likelihood: -333504.31541
88. Current log-likelihood: -333504.10421
89. Current log-likelihood: -333503.89749
90. Current log-likelihood: -333503.69393
91. Current log-likelihood: -333503.49198
92. Current log-likelihood: -333503.29359
93. Current log-likelihood: -333503.09366
94. Current log-likelihood: -333502.89971
95. Current log-likelihood: -333502.70824
96. Current log-likelihood: -333502.51887
97. Current log-likelihood: -333502.33165
98. Current log-likelihood: -333502.14654
99. Current log-likelihood: -333501.96135
100. Current log-likelihood: -333501.78083
101. Current log-likelihood: -333501.60229
102. Current log-likelihood: -333501.26636
103. Current log-likelihood: -333500.63606
104. Current log-likelihood: -333500.28991
105. Current log-likelihood: -333499.95098
106. Current log-likelihood: -333499.61862
107. Current log-likelihood: -333499.29427
108. Current log-likelihood: -333498.97541
109. Current log-likelihood: -333498.66031
110. Current log-likelihood: -333498.35431
111. Current log-likelihood: -333498.05497
112. Current log-likelihood: -333497.75901
113. Current log-likelihood: -333497.46613
114. Current log-likelihood: -333497.18412
115. Current log-likelihood: -333496.90547
116. Current log-likelihood: -333496.62959
117. Current log-likelihood: -333496.36107
118. Current log-likelihood: -333496.09522
119. Current log-likelihood: -333495.83583
120. Current log-likelihood: -333495.57681
121. Current log-likelihood: -333495.32527
122. Current log-likelihood: -333495.07830
123. Current log-likelihood: -333494.83236
124. Current log-likelihood: -333494.58814
125. Current log-likelihood: -333493.92093
126. Current log-likelihood: -333493.66997
127. Current log-likelihood: -333493.42284
128. Current log-likelihood: -333493.17347
129. Current log-likelihood: -333492.93605
130. Current log-likelihood: -333492.69877
131. Current log-likelihood: -333492.46872
132. Current log-likelihood: -333492.24243
133. Current log-likelihood: -333492.01830
134. Current log-likelihood: -333491.79788
135. Current log-likelihood: -333491.58151
136. Current log-likelihood: -333491.36833
137. Current log-likelihood: -333491.15838
138. Current log-likelihood: -333490.95131
139. Current log-likelihood: -333490.74772
140. Current log-likelihood: -333490.54680
141. Current log-likelihood: -333490.34618
142. Current log-likelihood: -333490.14875
143. Current log-likelihood: -333489.95622
144. Current log-likelihood: -333489.76340
145. Current log-likelihood: -333489.57673
146. Current log-likelihood: -333489.39154
147. Current log-likelihood: -333489.20822
148. Current log-likelihood: -333489.02356
149. Current log-likelihood: -333488.84567
150. Current log-likelihood: -333488.66934
151. Current log-likelihood: -333488.49621
152. Current log-likelihood: -333488.32410
153. Current log-likelihood: -333488.15388
154. Current log-likelihood: -333487.98643
155. Current log-likelihood: -333487.82077
156. Current log-likelihood: -333487.65596
157. Current log-likelihood: -333487.49430
158. Current log-likelihood: -333487.33148
159. Current log-likelihood: -333487.17285
160. Current log-likelihood: -333487.01494
161. Current log-likelihood: -333486.86092
162. Current log-likelihood: -333486.70656
163. Current log-likelihood: -333486.55466
164. Current log-likelihood: -333486.40162
165. Current log-likelihood: -333486.25395
166. Current log-likelihood: -333486.10644
167. Current log-likelihood: -333485.96116
168. Current log-likelihood: -333485.81753
169. Current log-likelihood: -333485.67320
170. Current log-likelihood: -333485.53193
171. Current log-likelihood: -333485.39287
172. Current log-likelihood: -333485.25491
173. Current log-likelihood: -333485.11917
174. Current log-likelihood: -333484.98094
175. Current log-likelihood: -333484.84777
176. Current log-likelihood: -333484.71035
177. Current log-likelihood: -333484.57630
178. Current log-likelihood: -333484.44653
179. Current log-likelihood: -333483.76140
180. Current log-likelihood: -333482.07882
181. Current log-likelihood: -333481.47993
182. Current log-likelihood: -333481.33435
183. Current log-likelihood: -333481.19441
184. Current log-likelihood: -333481.05498
185. Current log-likelihood: -333480.91732
186. Current log-likelihood: -333480.78198
187. Current log-likelihood: -333480.64805
188. Current log-likelihood: -333480.51561
189. Current log-likelihood: -333480.38219
190. Current log-likelihood: -333480.25291
191. Current log-likelihood: -333480.12456
192. Current log-likelihood: -333479.99790
193. Current log-likelihood: -333479.87206
194. Current log-likelihood: -333479.74801
195. Current log-likelihood: -333479.62495
196. Current log-likelihood: -333479.50280
197. Current log-likelihood: -333479.38270
198. Current log-likelihood: -333479.26395
199. Current log-likelihood: -333479.14569
200. Current log-likelihood: -333479.02921
201. Current log-likelihood: -333478.91336
202. Current log-likelihood: -333478.74811
203. Current log-likelihood: -333478.58284
204. Current log-likelihood: -333478.41966
205. Current log-likelihood: -333478.25827
206. Current log-likelihood: -333478.09888
207. Current log-likelihood: -333477.94202
208. Current log-likelihood: -333477.78705
209. Current log-likelihood: -333477.63439
210. Current log-likelihood: -333477.48435
211. Current log-likelihood: -333477.33714
212. Current log-likelihood: -333477.18181
213. Current log-likelihood: -333477.03940
214. Current log-likelihood: -333476.89795
215. Current log-likelihood: -333476.75569
216. Current log-likelihood: -333476.61364
217. Current log-likelihood: -333476.47864
218. Current log-likelihood: -333476.34583
219. Current log-likelihood: -333476.21282
220. Current log-likelihood: -333476.08220
221. Current log-likelihood: -333475.95443
222. Current log-likelihood: -333475.82573
223. Current log-likelihood: -333474.20763
224. Current log-likelihood: -333474.07383
225. Current log-likelihood: -333473.94343
226. Current log-likelihood: -333473.81497
227. Current log-likelihood: -333473.68962
228. Current log-likelihood: -333473.56589
229. Current log-likelihood: -333473.44323
230. Current log-likelihood: -333473.32319
231. Current log-likelihood: -333473.20731
232. Current log-likelihood: -333473.09118
233. Current log-likelihood: -333472.97856
234. Current log-likelihood: -333472.86834
235. Current log-likelihood: -333472.75648
236. Current log-likelihood: -333472.64968
237. Current log-likelihood: -333472.54085
238. Current log-likelihood: -333472.43579
239. Current log-likelihood: -333472.33132
240. Current log-likelihood: -333472.22677
241. Current log-likelihood: -333472.12561
242. Current log-likelihood: -333472.02387
243. Current log-likelihood: -333471.92560
244. Current log-likelihood: -333471.82561
245. Current log-likelihood: -333471.72936
246. Current log-likelihood: -333471.63167
247. Current log-likelihood: -333471.53719
248. Current log-likelihood: -333471.44495
249. Current log-likelihood: -333471.35218
250. Current log-likelihood: -333471.26207
251. Current log-likelihood: -333471.17252
252. Current log-likelihood: -333471.08255
253. Current log-likelihood: -333470.99484
254. Current log-likelihood: -333470.90835
255. Current log-likelihood: -333470.82081
256. Current log-likelihood: -333470.73662
257. Current log-likelihood: -333470.65226
258. Current log-likelihood: -333470.56922
259. Current log-likelihood: -333470.48726
260. Current log-likelihood: -333470.40635
261. Current log-likelihood: -333470.32295
262. Current log-likelihood: -333470.24348
263. Current log-likelihood: -333470.16170
264. Current log-likelihood: -333470.08424
265. Current log-likelihood: -333470.00662
266. Current log-likelihood: -333469.93008
267. Current log-likelihood: -333469.85416
268. Current log-likelihood: -333469.77733
269. Current log-likelihood: -333469.70307
270. Current log-likelihood: -333469.62876
271. Current log-likelihood: -333469.55548
272. Current log-likelihood: -333469.48258
273. Current log-likelihood: -333469.41102
274. Current log-likelihood: -333469.33954
275. Current log-likelihood: -333469.26699
276. Current log-likelihood: -333469.19756
277. Current log-likelihood: -333469.12830
278. Current log-likelihood: -333469.05759
279. Current log-likelihood: -333468.98941
280. Current log-likelihood: -333468.91981
281. Current log-likelihood: -333468.85298
282. Current log-likelihood: -333468.78522
283. Current log-likelihood: -333468.71965
284. Current log-likelihood: -333468.65454
285. Current log-likelihood: -333468.58929
286. Current log-likelihood: -333468.52144
287. Current log-likelihood: -333468.45745
288. Current log-likelihood: -333468.39378
289. Current log-likelihood: -333468.33045
290. Current log-likelihood: -333468.26803
291. Current log-likelihood: -333468.20619
292. Current log-likelihood: -333468.14443
293. Current log-likelihood: -333468.08327
294. Current log-likelihood: -333468.02247
295. Current log-likelihood: -333467.96224
296. Current log-likelihood: -333467.90199
297. Current log-likelihood: -333467.84281
298. Current log-likelihood: -333467.78343
299. Current log-likelihood: -333467.72504
300. Current log-likelihood: -333467.66667
301. Current log-likelihood: -333467.60872
302. Current log-likelihood: -333467.53507
303. Current log-likelihood: -333467.45821
304. Current log-likelihood: -333467.38397
305. Current log-likelihood: -333467.30996
306. Current log-likelihood: -333467.23742
307. Current log-likelihood: -333467.16521
308. Current log-likelihood: -333467.09329
309. Current log-likelihood: -333467.02210
310. Current log-likelihood: -333466.95076
311. Current log-likelihood: -333466.88101
312. Current log-likelihood: -333466.81191
313. Current log-likelihood: -333466.74161
314. Current log-likelihood: -333466.67320
315. Current log-likelihood: -333466.60537
316. Current log-likelihood: -333466.53811
317. Current log-likelihood: -333466.47095
318. Current log-likelihood: -333466.40422
319. Current log-likelihood: -333466.33844
320. Current log-likelihood: -333466.27024
321. Current log-likelihood: -333466.20582
322. Current log-likelihood: -333466.14097
323. Current log-likelihood: -333466.07660
324. Current log-likelihood: -333466.01281
325. Current log-likelihood: -333465.94988
326. Current log-likelihood: -333465.88497
327. Current log-likelihood: -333465.82195
328. Current log-likelihood: -333465.75913
329. Current log-likelihood: -333465.69730
330. Current log-likelihood: -333465.63566
331. Current log-likelihood: -333465.57421
332. Current log-likelihood: -333465.51322
333. Current log-likelihood: -333465.45325
334. Current log-likelihood: -333465.39359
335. Current log-likelihood: -333465.33318
336. Current log-likelihood: -333465.27388
337. Current log-likelihood: -333465.21486
338. Current log-likelihood: -333465.15454
339. Current log-likelihood: -333465.09589
340. Current log-likelihood: -333465.03746
341. Current log-likelihood: -333464.97822
342. Current log-likelihood: -333464.91867
343. Current log-likelihood: -333464.86127
344. Current log-likelihood: -333464.80287
345. Current log-likelihood: -333464.74557
346. Current log-likelihood: -333462.36988
347. Current log-likelihood: -333462.25511
348. Current log-likelihood: -333462.17875
349. Current log-likelihood: -333462.10596
350. Current log-likelihood: -333462.03346
351. Current log-likelihood: -333461.96111
352. Current log-likelihood: -333461.89115
353. Current log-likelihood: -333461.82205
354. Current log-likelihood: -333461.75120
355. Current log-likelihood: -333461.68295
356. Current log-likelihood: -333461.61269
357. Current log-likelihood: -333461.54515
358. Current log-likelihood: -333461.47756
359. Current log-likelihood: -333461.41044
360. Current log-likelihood: -333461.34131
361. Current log-likelihood: -333461.27563
362. Current log-likelihood: -333461.20792
363. Current log-likelihood: -333461.13645
364. Current log-likelihood: -333461.07161
365. Current log-likelihood: -333461.00506
366. Current log-likelihood: -333460.93977
367. Current log-likelihood: -333460.87520
368. Current log-likelihood: -333460.81109
369. Current log-likelihood: -333460.74738
370. Current log-likelihood: -333460.67792
371. Current log-likelihood: -333460.61491
372. Current log-likelihood: -333460.55170
373. Current log-likelihood: -333460.48884
374. Current log-likelihood: -333460.42634
375. Current log-likelihood: -333460.36276
376. Current log-likelihood: -333460.30205
377. Current log-likelihood: -333460.24161
378. Current log-likelihood: -333460.18136
379. Current log-likelihood: -333460.11467
380. Current log-likelihood: -333460.05366
381. Current log-likelihood: -333459.99287
382. Current log-likelihood: -333459.93447
383. Current log-likelihood: -333459.87512
384. Current log-likelihood: -333459.81604
385. Current log-likelihood: -333459.75869
386. Current log-likelihood: -333459.70153
387. Current log-likelihood: -333459.64502
388. Current log-likelihood: -333459.58826
389. Current log-likelihood: -333459.53063
390. Current log-likelihood: -333459.47379
391. Current log-likelihood: -333459.41617
392. Current log-likelihood: -333459.36112
393. Current log-likelihood: -333459.30584
394. Current log-likelihood: -333459.25102
395. Current log-likelihood: -333459.18185
396. Current log-likelihood: -333459.12356
397. Current log-likelihood: -333459.06836
398. Current log-likelihood: -333459.01384
399. Current log-likelihood: -333458.95872
400. Current log-likelihood: -333458.90582
401. Current log-likelihood: -333458.85221
402. Current log-likelihood: -333458.78913
403. Current log-likelihood: -333458.72489
404. Current log-likelihood: -333458.66176
405. Current log-likelihood: -333458.59856
406. Current log-likelihood: -333458.53634
407. Current log-likelihood: -333458.47237
408. Current log-likelihood: -333458.40852
409. Current log-likelihood: -333458.34549
410. Current log-likelihood: -333458.28623
411. Current log-likelihood: -333458.22568
412. Current log-likelihood: -333458.16531
413. Current log-likelihood: -333458.10628
414. Current log-likelihood: -333458.04781
415. Current log-likelihood: -333457.98712
416. Current log-likelihood: -333457.92924
417. Current log-likelihood: -333457.87208
418. Current log-likelihood: -333457.81352
419. Current log-likelihood: -333457.75678
420. Current log-likelihood: -333457.69886
421. Current log-likelihood: -333457.64213
422. Current log-likelihood: -333457.58421
423. Current log-likelihood: -333457.52911
424. Current log-likelihood: -333457.47022
425. Current log-likelihood: -333457.41632
426. Current log-likelihood: -333457.35983
427. Current log-likelihood: -333457.30408
428. Current log-likelihood: -333457.24973
429. Current log-likelihood: -333457.19591
430. Current log-likelihood: -333457.13317
431. Current log-likelihood: -333457.07815
432. Current log-likelihood: -333457.02553
433. Current log-likelihood: -333456.97229
434. Current log-likelihood: -333456.92120
435. Current log-likelihood: -333456.86956
436. Current log-likelihood: -333456.81638
437. Current log-likelihood: -333456.76516
438. Current log-likelihood: -333456.71381
439. Current log-likelihood: -333456.66344
440. Current log-likelihood: -333456.61367
441. Current log-likelihood: -333456.56419
442. Current log-likelihood: -333456.51372
443. Current log-likelihood: -333456.46544
444. Current log-likelihood: -333456.41760
445. Current log-likelihood: -333456.36932
446. Current log-likelihood: -333456.32054
447. Current log-likelihood: -333456.27273
448. Current log-likelihood: -333456.22473
449. Current log-likelihood: -333456.17704
450. Current log-likelihood: -333456.12805
451. Current log-likelihood: -333456.08204
452. Current log-likelihood: -333456.03561
453. Current log-likelihood: -333455.98756
454. Current log-likelihood: -333455.94058
455. Current log-likelihood: -333455.89620
456. Current log-likelihood: -333455.85138
457. Current log-likelihood: -333455.80787
458. Current log-likelihood: -333455.75991
459. Current log-likelihood: -333455.71629
460. Current log-likelihood: -333455.67289
461. Current log-likelihood: -333455.62833
462. Current log-likelihood: -333455.58441
463. Current log-likelihood: -333455.54007
464. Current log-likelihood: -333455.49002
465. Current log-likelihood: -333455.44389
466. Current log-likelihood: -333455.40061
467. Current log-likelihood: -333455.35891
468. Current log-likelihood: -333455.31600
469. Current log-likelihood: -333455.27213
470. Current log-likelihood: -333455.23227
471. Current log-likelihood: -333455.19026
472. Current log-likelihood: -333455.14718
473. Current log-likelihood: -333455.10489
474. Current log-likelihood: -333455.06429
475. Current log-likelihood: -333455.02447
476. Current log-likelihood: -333454.98266
477. Current log-likelihood: -333454.94327
478. Current log-likelihood: -333454.90332
479. Current log-likelihood: -333454.86043
480. Current log-likelihood: -333454.82173
481. Current log-likelihood: -333454.78032
482. Current log-likelihood: -333454.74243
483. Current log-likelihood: -333454.70222
484. Current log-likelihood: -333454.66399
485. Current log-likelihood: -333454.62241
486. Current log-likelihood: -333454.57974
487. Current log-likelihood: -333454.54143
488. Current log-likelihood: -333454.50164
489. Current log-likelihood: -333454.46486
490. Current log-likelihood: -333454.42580
491. Current log-likelihood: -333454.38535
492. Current log-likelihood: -333454.34746
493. Current log-likelihood: -333454.30897
494. Current log-likelihood: -333454.27155
495. Current log-likelihood: -333454.23500
496. Current log-likelihood: -333454.19085
497. Current log-likelihood: -333454.15293
498. Current log-likelihood: -333454.11466
499. Current log-likelihood: -333454.07940
500. Current log-likelihood: -333454.04239
501. Current log-likelihood: -333454.00556
502. Current log-likelihood: -333453.96587
503. Current log-likelihood: -333453.92335
504. Current log-likelihood: -333453.88241
505. Current log-likelihood: -333453.84170
506. Current log-likelihood: -333453.80047
507. Current log-likelihood: -333453.76125
508. Current log-likelihood: -333453.72067
509. Current log-likelihood: -333453.68017
510. Current log-likelihood: -333453.64151
511. Current log-likelihood: -333453.60187
512. Current log-likelihood: -333453.56240
513. Current log-likelihood: -333453.52316
514. Current log-likelihood: -333453.48192
515. Current log-likelihood: -333453.44405
516. Current log-likelihood: -333453.40549
517. Current log-likelihood: -333453.36792
518. Current log-likelihood: -333453.32862
519. Current log-likelihood: -333453.29029
520. Current log-likelihood: -333453.25323
521. Current log-likelihood: -333453.21668
522. Current log-likelihood: -333453.17862
523. Current log-likelihood: -333453.14024
524. Current log-likelihood: -333453.10523
525. Current log-likelihood: -333453.06918
526. Current log-likelihood: -333453.03281
527. Current log-likelihood: -333452.99626
528. Current log-likelihood: -333452.96125
529. Current log-likelihood: -333452.92530
530. Current log-likelihood: -333452.88869
531. Current log-likelihood: -333452.85330
532. Current log-likelihood: -333452.81827
533. Current log-likelihood: -333452.78501
534. Current log-likelihood: -333452.75092
535. Current log-likelihood: -333452.71610
536. Current log-likelihood: -333452.68228
537. Current log-likelihood: -333452.64746
538. Current log-likelihood: -333452.61411
539. Current log-likelihood: -333452.58076
540. Current log-likelihood: -333452.54829
541. Current log-likelihood: -333452.51658
542. Current log-likelihood: -333452.48351
543. Current log-likelihood: -333452.45246
544. Current log-likelihood: -333452.42047
545. Current log-likelihood: -333452.38633
546. Current log-likelihood: -333452.35528
547. Current log-likelihood: -333452.32363
548. Current log-likelihood: -333452.29292
549. Current log-likelihood: -333452.26169
550. Current log-likelihood: -333452.22802
551. Current log-likelihood: -333452.19794
552. Current log-likelihood: -333452.16501
553. Current log-likelihood: -333452.13536
554. Current log-likelihood: -333452.10691
555. Current log-likelihood: -333452.07707
556. Current log-likelihood: -333452.04688
557. Current log-likelihood: -333452.01556
558. Current log-likelihood: -333451.98670
559. Current log-likelihood: -333451.95693
560. Current log-likelihood: -333451.92613
561. Current log-likelihood: -333451.89818
562. Current log-likelihood: -333451.86992
563. Current log-likelihood: -333451.84342
564. Current log-likelihood: -333451.81429
565. Current log-likelihood: -333451.78611
566. Current log-likelihood: -333451.75782
567. Current log-likelihood: -333451.73075
568. Current log-likelihood: -333451.70341
569. Current log-likelihood: -333451.67567
570. Current log-likelihood: -333451.65022
571. Current log-likelihood: -333451.62278
572. Current log-likelihood: -333451.59576
573. Current log-likelihood: -333451.56916
574. Current log-likelihood: -333451.54309
575. Current log-likelihood: -333451.51818
576. Current log-likelihood: -333451.49262
577. Current log-likelihood: -333451.46541
578. Current log-likelihood: -333451.44051
579. Current log-likelihood: -333451.41392
580. Current log-likelihood: -333451.38965
581. Current log-likelihood: -333451.36352
582. Current log-likelihood: -333451.33799
583. Current log-likelihood: -333451.31465
584. Current log-likelihood: -333451.28897
585. Current log-likelihood: -333451.26438
586. Current log-likelihood: -333451.24070
587. Current log-likelihood: -333451.21744
588. Current log-likelihood: -333451.19369
589. Current log-likelihood: -333451.17102
590. Current log-likelihood: -333451.14675
591. Current log-likelihood: -333451.12567
592. Current log-likelihood: -333451.10327
593. Current log-likelihood: -333451.07919
594. Current log-likelihood: -333451.05691
595. Current log-likelihood: -333451.03614
596. Current log-likelihood: -333451.01238
597. Current log-likelihood: -333450.98949
598. Current log-likelihood: -333450.96698
599. Current log-likelihood: -333450.94661
600. Current log-likelihood: -333450.92426
601. Current log-likelihood: -333450.90250
602. Current log-likelihood: -333450.88005
603. Current log-likelihood: -333450.85400
604. Current log-likelihood: -333450.82950
605. Current log-likelihood: -333450.80787
606. Current log-likelihood: -333450.78381
607. Current log-likelihood: -333450.76073
608. Current log-likelihood: -333450.73940
609. Current log-likelihood: -333450.71655
610. Current log-likelihood: -333450.69438
611. Current log-likelihood: -333450.67321
612. Current log-likelihood: -333450.65008
613. Current log-likelihood: -333450.62744
614. Current log-likelihood: -333450.60707
615. Current log-likelihood: -333450.58246
616. Current log-likelihood: -333450.56210
617. Current log-likelihood: -333450.54200
618. Current log-likelihood: -333450.52038
619. Current log-likelihood: -333450.49955
620. Current log-likelihood: -333450.47962
621. Current log-likelihood: -333450.46002
622. Current log-likelihood: -333450.43732
623. Current log-likelihood: -333450.41679
624. Current log-likelihood: -333450.39791
625. Current log-likelihood: -333450.37700
626. Current log-likelihood: -333450.35661
627. Current log-likelihood: -333450.33786
628. Current log-likelihood: -333450.31823
629. Current log-likelihood: -333450.29856
630. Current log-likelihood: -333450.28031
631. Current log-likelihood: -333450.26033
632. Current log-likelihood: -333450.24240
633. Current log-likelihood: -333450.22363
634. Current log-likelihood: -333450.20277
635. Current log-likelihood: -333450.18421
636. Current log-likelihood: -333450.16681
637. Current log-likelihood: -333450.14836
638. Current log-likelihood: -333450.13027
639. Current log-likelihood: -333450.11340
640. Current log-likelihood: -333450.09408
641. Current log-likelihood: -333450.07729
642. Current log-likelihood: -333450.06019
643. Current log-likelihood: -333450.04362
644. Current log-likelihood: -333450.02508
645. Current log-likelihood: -333450.00880
646. Current log-likelihood: -333449.99239
647. Current log-likelihood: -333449.97174
648. Current log-likelihood: -333449.95611
649. Current log-likelihood: -333449.94040
650. Current log-likelihood: -333449.92269
651. Current log-likelihood: -333449.90669
652. Current log-likelihood: -333449.89086
653. Current log-likelihood: -333449.87587
654. Current log-likelihood: -333449.85942
655. Current log-likelihood: -333449.84403
656. Current log-likelihood: -333449.82896
657. Current log-likelihood: -333449.81372
658. Current log-likelihood: -333449.79652
659. Current log-likelihood: -333449.78180
660. Current log-likelihood: -333449.76469
661. Current log-likelihood: -333449.74911
662. Current log-likelihood: -333449.73353
663. Current log-likelihood: -333449.71909
664. Current log-likelihood: -333449.70364
665. Current log-likelihood: -333449.68966
666. Current log-likelihood: -333449.67579
667. Current log-likelihood: -333449.66148
668. Current log-likelihood: -333449.64643
669. Current log-likelihood: -333449.63237
670. Current log-likelihood: -333449.61877
671. Current log-likelihood: -333449.60530
672. Current log-likelihood: -333449.59044
673. Current log-likelihood: -333449.57702
674. Current log-likelihood: -333449.56309
675. Current log-likelihood: -333449.54878
676. Current log-likelihood: -333449.53573
677. Current log-likelihood: -333449.52259
678. Current log-likelihood: -333449.50986
679. Current log-likelihood: -333449.49688
680. Current log-likelihood: -333449.48265
681. Current log-likelihood: -333449.47031
682. Current log-likelihood: -333449.45784
683. Current log-likelihood: -333449.44524
684. Current log-likelihood: -333449.43070
685. Current log-likelihood: -333449.41773
686. Current log-likelihood: -333449.40555
687. Current log-likelihood: -333449.39342
688. Current log-likelihood: -333449.38146
689. Current log-likelihood: -333449.36847
690. Current log-likelihood: -333449.35480
691. Current log-likelihood: -333449.34243
692. Current log-likelihood: -333449.33028
693. Current log-likelihood: -333449.31824
694. Current log-likelihood: -333449.30640
695. Current log-likelihood: -333449.29339
696. Current log-likelihood: -333449.28186
697. Current log-likelihood: -333449.26983
698. Current log-likelihood: -333449.25829
699. Current log-likelihood: -333449.24516
700. Current log-likelihood: -333449.23314
701. Current log-likelihood: -333449.22185
702. Current log-likelihood: -333449.20880
703. Current log-likelihood: -333449.19639
704. Current log-likelihood: -333449.18449
705. Current log-likelihood: -333449.17267
706. Current log-likelihood: -333449.16022
707. Current log-likelihood: -333449.14847
708. Current log-likelihood: -333449.13643
709. Current log-likelihood: -333449.12386
710. Current log-likelihood: -333449.11193
711. Current log-likelihood: -333449.09882
712. Current log-likelihood: -333449.08626
713. Current log-likelihood: -333449.07275
714. Current log-likelihood: -333449.06226
715. Current log-likelihood: -333449.04995
716. Current log-likelihood: -333449.03849
717. Current log-likelihood: -333449.02748
718. Current log-likelihood: -333449.01482
719. Current log-likelihood: -333449.00368
720. Current log-likelihood: -333448.99265
721. Current log-likelihood: -333448.98179
722. Current log-likelihood: -333448.97082
723. Current log-likelihood: -333448.95968
724. Current log-likelihood: -333448.94886
725. Current log-likelihood: -333448.93829
726. Current log-likelihood: -333448.92786
727. Current log-likelihood: -333448.91673
728. Current log-likelihood: -333448.90645
729. Current log-likelihood: -333448.89608
730. Current log-likelihood: -333448.88487
731. Current log-likelihood: -333448.87178
732. Current log-likelihood: -333448.86153
733. Current log-likelihood: -333448.85085
734. Current log-likelihood: -333448.84106
735. Current log-likelihood: -333448.83101
736. Current log-likelihood: -333448.82004
737. Current log-likelihood: -333448.81013
738. Current log-likelihood: -333448.80063
739. Current log-likelihood: -333448.78940
740. Current log-likelihood: -333448.77991
741. Current log-likelihood: -333448.76955
742. Current log-likelihood: -333448.75847
743. Current log-likelihood: -333448.74764
744. Current log-likelihood: -333448.73218
745. Current log-likelihood: -333448.72250
746. Current log-likelihood: -333448.71303
747. Current log-likelihood: -333448.70391
748. Current log-likelihood: -333448.69464
749. Current log-likelihood: -333448.68486
750. Current log-likelihood: -333448.67626
751. Current log-likelihood: -333448.66527
752. Current log-likelihood: -333448.65634
753. Current log-likelihood: -333448.64753
754. Current log-likelihood: -333448.63915
755. Current log-likelihood: -333448.63017
756. Current log-likelihood: -333448.62101
757. Current log-likelihood: -333448.61060
758. Current log-likelihood: -333448.60154
759. Current log-likelihood: -333448.59340
760. Current log-likelihood: -333448.58472
761. Current log-likelihood: -333448.57615
762. Current log-likelihood: -333448.56839
763. Current log-likelihood: -333448.55812
764. Current log-likelihood: -333448.54958
765. Current log-likelihood: -333448.54188
766. Current log-likelihood: -333448.53343
767. Current log-likelihood: -333448.52460
768. Current log-likelihood: -333448.51729
769. Current log-likelihood: -333448.50924
770. Current log-likelihood: -333448.50105
771. Current log-likelihood: -333448.49158
772. Current log-likelihood: -333448.48403
773. Current log-likelihood: -333448.47573
774. Current log-likelihood: -333448.46805
775. Current log-likelihood: -333448.46000
776. Current log-likelihood: -333448.44911
777. Current log-likelihood: -333448.44176
778. Current log-likelihood: -333448.43377
779. Current log-likelihood: -333448.42588
780. Current log-likelihood: -333448.41887
781. Current log-likelihood: -333448.41073
782. Current log-likelihood: -333448.40361
783. Current log-likelihood: -333448.39578
784. Current log-likelihood: -333448.38876
785. Current log-likelihood: -333448.38122
786. Current log-likelihood: -333448.37423
787. Current log-likelihood: -333448.36655
788. Current log-likelihood: -333448.35814
789. Current log-likelihood: -333448.35082
790. Current log-likelihood: -333448.34355
791. Current log-likelihood: -333448.33543
792. Current log-likelihood: -333448.32670
793. Current log-likelihood: -333448.32018
794. Current log-likelihood: -333448.31253
795. Current log-likelihood: -333448.30565
796. Current log-likelihood: -333448.29843
797. Current log-likelihood: -333448.29158
798. Current log-likelihood: -333448.28354
799. Current log-likelihood: -333448.27706
800. Current log-likelihood: -333448.27033
801. Current log-likelihood: -333448.26276
802. Current log-likelihood: -333448.25401
803. Current log-likelihood: -333448.24485
804. Current log-likelihood: -333448.23410
805. Current log-likelihood: -333448.22542
806. Current log-likelihood: -333448.21685
807. Current log-likelihood: -333448.20625
808. Current log-likelihood: -333448.19738
809. Current log-likelihood: -333448.18911
810. Current log-likelihood: -333448.18087
811. Current log-likelihood: -333448.17098
812. Current log-likelihood: -333448.16284
813. Current log-likelihood: -333448.15121
814. Current log-likelihood: -333448.14240
815. Current log-likelihood: -333448.13417
816. Current log-likelihood: -333448.12637
817. Current log-likelihood: -333448.11850
818. Current log-likelihood: -333448.11064
819. Current log-likelihood: -333448.10270
820. Current log-likelihood: -333448.09499
821. Current log-likelihood: -333448.08753
822. Current log-likelihood: -333448.08042
823. Current log-likelihood: -333448.07276
824. Current log-likelihood: -333448.06452
825. Current log-likelihood: -333448.05720
826. Current log-likelihood: -333448.05078
827. Current log-likelihood: -333448.04303
828. Current log-likelihood: -333448.03506
829. Current log-likelihood: -333448.02788
830. Current log-likelihood: -333448.02129
831. Current log-likelihood: -333448.01422
832. Current log-likelihood: -333448.00727
833. Current log-likelihood: -333448.00054
834. Current log-likelihood: -333447.99383
835. Current log-likelihood: -333447.98699
836. Current log-likelihood: -333447.97997
837. Current log-likelihood: -333447.97247
838. Current log-likelihood: -333447.96657
839. Current log-likelihood: -333447.95980
840. Current log-likelihood: -333447.95325
841. Current log-likelihood: -333447.94677
842. Current log-likelihood: -333447.94044
843. Current log-likelihood: -333447.93347
844. Current log-likelihood: -333447.92719
845. Current log-likelihood: -333447.92023
846. Current log-likelihood: -333447.91439
847. Current log-likelihood: -333447.90863
848. Current log-likelihood: -333447.90227
849. Current log-likelihood: -333447.89607
850. Current log-likelihood: -333447.88999
851. Current log-likelihood: -333447.88319
852. Current log-likelihood: -333447.87750
853. Current log-likelihood: -333447.87052
854. Current log-likelihood: -333447.86311
855. Current log-likelihood: -333447.85687
856. Current log-likelihood: -333447.84939
857. Current log-likelihood: -333447.84351
858. Current log-likelihood: -333447.83794
859. Current log-likelihood: -333447.83255
860. Current log-likelihood: -333447.82657
861. Current log-likelihood: -333447.82114
862. Current log-likelihood: -333447.81480
863. Current log-likelihood: -333447.80855
864. Current log-likelihood: -333447.80123
865. Current log-likelihood: -333447.79578
866. Current log-likelihood: -333447.78875
867. Current log-likelihood: -333447.78345
868. Current log-likelihood: -333447.77761
869. Current log-likelihood: -333447.77182
870. Current log-likelihood: -333447.76671
871. Current log-likelihood: -333447.76123
872. Current log-likelihood: -333447.75531
873. Current log-likelihood: -333447.75007
874. Current log-likelihood: -333447.74426
875. Current log-likelihood: -333447.73909
876. Current log-likelihood: -333447.73497
877. Current log-likelihood: -333447.72955
878. Current log-likelihood: -333447.72462
879. Current log-likelihood: -333447.71767
880. Current log-likelihood: -333447.71357
881. Current log-likelihood: -333447.70479
882. Current log-likelihood: -333447.69954
883. Current log-likelihood: -333447.69441
884. Current log-likelihood: -333447.68936
885. Current log-likelihood: -333447.68545
886. Current log-likelihood: -333447.67954
887. Current log-likelihood: -333447.67449
888. Current log-likelihood: -333447.66951
889. Current log-likelihood: -333447.66400
890. Current log-likelihood: -333447.66022
891. Current log-likelihood: -333447.65473
892. Current log-likelihood: -333447.64960
893. Current log-likelihood: -333447.64478
894. Current log-likelihood: -333447.63872
895. Current log-likelihood: -333447.63286
896. Current log-likelihood: -333447.62813
897. Current log-likelihood: -333447.62280
898. Current log-likelihood: -333447.61814
899. Current log-likelihood: -333447.61345
900. Current log-likelihood: -333447.60794
901. Current log-likelihood: -333447.60255
902. Current log-likelihood: -333447.59866
903. Current log-likelihood: -333447.59122
904. Current log-likelihood: -333447.58567
905. Current log-likelihood: -333447.58178
906. Current log-likelihood: -333447.57637
907. Current log-likelihood: -333447.57071
908. Current log-likelihood: -333447.56458
909. Current log-likelihood: -333447.56093
910. Current log-likelihood: -333447.55482
911. Current log-likelihood: -333447.54967
912. Current log-likelihood: -333447.54472
913. Current log-likelihood: -333447.53883
914. Current log-likelihood: -333447.53349
915. Current log-likelihood: -333447.52980
916. Current log-likelihood: -333447.52408
917. Current log-likelihood: -333447.51928
918. Current log-likelihood: -333447.51467
919. Current log-likelihood: -333447.51001
920. Current log-likelihood: -333447.50451
921. Current log-likelihood: -333447.50105
922. Current log-likelihood: -333447.49523
923. Current log-likelihood: -333447.48955
924. Current log-likelihood: -333447.48322
925. Current log-likelihood: -333447.47814
926. Current log-likelihood: -333447.47463
927. Current log-likelihood: -333447.46941
928. Current log-likelihood: -333447.46477
929. Current log-likelihood: -333447.46137
930. Current log-likelihood: -333447.45622
931. Current log-likelihood: -333447.45074
932. Current log-likelihood: -333447.44637
933. Current log-likelihood: -333447.44169
934. Current log-likelihood: -333447.43839
935. Current log-likelihood: -333447.43187
936. Current log-likelihood: -333447.42852
937. Current log-likelihood: -333447.42371
938. Current log-likelihood: -333447.41818
939. Current log-likelihood: -333447.41179
940. Current log-likelihood: -333447.40844
941. Current log-likelihood: -333447.40306
942. Current log-likelihood: -333447.39846
943. Current log-likelihood: -333447.39412
944. Current log-likelihood: -333447.39089
945. Current log-likelihood: -333447.38598
946. Current log-likelihood: -333447.38142
947. Current log-likelihood: -333447.37685
948. Current log-likelihood: -333447.37256
949. Current log-likelihood: -333447.36836
950. Current log-likelihood: -333447.36400
951. Current log-likelihood: -333447.36093
952. Current log-likelihood: -333447.35545
953. Current log-likelihood: -333447.35129
954. Current log-likelihood: -333447.34826
955. Current log-likelihood: -333447.34395
956. Current log-likelihood: -333447.33826
957. Current log-likelihood: -333447.33175
958. Current log-likelihood: -333447.32744
959. Current log-likelihood: -333447.32286
960. Current log-likelihood: -333447.31727
961. Current log-likelihood: -333447.31138
962. Current log-likelihood: -333447.30825
963. Current log-likelihood: -333447.30320
964. Current log-likelihood: -333447.29862
965. Current log-likelihood: -333447.29552
966. Current log-likelihood: -333447.29151
967. Current log-likelihood: -333447.28716
968. Current log-likelihood: -333447.28425
969. Current log-likelihood: -333447.28137
970. Current log-likelihood: -333447.27551
971. Current log-likelihood: -333447.27058
972. Current log-likelihood: -333447.26608
973. Current log-likelihood: -333447.26216
974. Current log-likelihood: -333447.25826
975. Current log-likelihood: -333447.25445
976. Current log-likelihood: -333447.25002
977. Current log-likelihood: -333447.24616
978. Current log-likelihood: -333447.24184
979. Current log-likelihood: -333447.23894
980. Current log-likelihood: -333447.23437
981. Current log-likelihood: -333447.22998
982. Current log-likelihood: -333447.22602
983. Current log-likelihood: -333447.22315
984. Current log-likelihood: -333447.21759
985. Current log-likelihood: -333447.21394
986. Current log-likelihood: -333447.21019
987. Current log-likelihood: -333447.20642
988. Current log-likelihood: -333447.20106
989. Current log-likelihood: -333447.19838
990. Current log-likelihood: -333447.19395
991. Current log-likelihood: -333447.18965
992. Current log-likelihood: -333447.18684
993. Current log-likelihood: -333447.18209
994. Current log-likelihood: -333447.17931
995. Current log-likelihood: -333447.17492
996. Current log-likelihood: -333447.17125
997. Current log-likelihood: -333447.16846
998. Current log-likelihood: -333447.16581
999. Current log-likelihood: -333447.16140
1000. Current log-likelihood: -333447.15865
1001. Current log-likelihood: -333447.15602
1002. Current log-likelihood: -333447.15182
1003. Current log-likelihood: -333447.14745
1004. Current log-likelihood: -333447.14375
1005. Current log-likelihood: -333447.14006
1006. Current log-likelihood: -333447.13648
1007. Current log-likelihood: -333447.13282
1008. Current log-likelihood: -333447.12726
1009. Current log-likelihood: -333447.12447
1010. Current log-likelihood: -333447.11976
1011. Current log-likelihood: -333447.11424
1012. Current log-likelihood: -333447.11041
1013. Current log-likelihood: -333447.10684
1014. Current log-likelihood: -333447.10427
1015. Current log-likelihood: -333447.09980
1016. Current log-likelihood: -333447.09615
1017. Current log-likelihood: -333447.09349
1018. Current log-likelihood: -333447.08892
1019. Current log-likelihood: -333447.08634
1020. Current log-likelihood: -333447.08270
1021. Current log-likelihood: -333447.07671
1022. Current log-likelihood: -333447.07143
1023. Current log-likelihood: -333447.06730
1024. Current log-likelihood: -333447.06388
1025. Current log-likelihood: -333447.06049
1026. Current log-likelihood: -333447.05590
1027. Current log-likelihood: -333447.05222
1028. Current log-likelihood: -333447.04817
1029. Current log-likelihood: -333447.04471
1030. Current log-likelihood: -333447.04220
1031. Current log-likelihood: -333447.03824
1032. Current log-likelihood: -333447.03452
1033. Current log-likelihood: -333447.02865
1034. Current log-likelihood: -333447.02525
1035. Current log-likelihood: -333447.02143
1036. Current log-likelihood: -333447.01746
1037. Current log-likelihood: -333447.01483
1038. Current log-likelihood: -333447.01071
1039. Current log-likelihood: -333447.00724
1040. Current log-likelihood: -333447.00493
1041. Current log-likelihood: -333446.99964
1042. Current log-likelihood: -333446.99714
1043. Current log-likelihood: -333446.99336
1044. Current log-likelihood: -333446.98979
1045. Current log-likelihood: -333446.98629
1046. Current log-likelihood: -333446.98290
1047. Current log-likelihood: -333446.98060
1048. Current log-likelihood: -333446.97629
1049. Current log-likelihood: -333446.97394
1050. Current log-likelihood: -333446.96953
1051. Current log-likelihood: -333446.96566
1052. Current log-likelihood: -333446.96321
1053. Current log-likelihood: -333446.95941
1054. Current log-likelihood: -333446.95698
1055. Current log-likelihood: -333446.95486
1056. Current log-likelihood: -333446.95157
1057. Current log-likelihood: -333446.94950
1058. Current log-likelihood: -333446.94746
1059. Current log-likelihood: -333446.94540
1060. Current log-likelihood: -333446.94334
1061. Current log-likelihood: -333446.94134
1062. Current log-likelihood: -333446.93590
1063. Current log-likelihood: -333446.93165
1064. Current log-likelihood: -333446.92677
1065. Current log-likelihood: -333446.92457
1066. Current log-likelihood: -333446.92132
1067. Current log-likelihood: -333446.91687
1068. Current log-likelihood: -333446.91370
1069. Current log-likelihood: -333446.90982
1070. Current log-likelihood: -333446.90769
1071. Current log-likelihood: -333446.90569
1072. Current log-likelihood: -333446.90365
1073. Current log-likelihood: -333446.90163
1074. Current log-likelihood: -333446.89979
1075. Current log-likelihood: -333446.89778
1076. Current log-likelihood: -333446.89591
1077. Current log-likelihood: -333446.89403
1078. Current log-likelihood: -333446.89203
1079. Current log-likelihood: -333446.88851
1080. Current log-likelihood: -333446.88536
1081. Current log-likelihood: -333446.88350
1082. Current log-likelihood: -333446.88015
1083. Current log-likelihood: -333446.87840
1084. Current log-likelihood: -333446.87663
1085. Current log-likelihood: -333446.87471
1086. Current log-likelihood: -333446.87295
1087. Current log-likelihood: -333446.86694
1088. Current log-likelihood: -333446.86486
1089. Current log-likelihood: -333446.86306
1090. Current log-likelihood: -333446.86127
1091. Current log-likelihood: -333446.85734
1092. Current log-likelihood: -333446.85539
1093. Current log-likelihood: -333446.85249
1094. Current log-likelihood: -333446.84881
1095. Current log-likelihood: -333446.84699
1096. Current log-likelihood: -333446.84518
1097. Current log-likelihood: -333446.84341
1098. Current log-likelihood: -333446.84152
1099. Current log-likelihood: -333446.83698
1100. Current log-likelihood: -333446.83518
1101. Current log-likelihood: -333446.83097
1102. Current log-likelihood: -333446.82784
1103. Current log-likelihood: -333446.82260
1104. Current log-likelihood: -333446.81957
1105. Current log-likelihood: -333446.81780
1106. Current log-likelihood: -333446.81612
1107. Current log-likelihood: -333446.81107
1108. Current log-likelihood: -333446.80792
1109. Current log-likelihood: -333446.80612
1110. Current log-likelihood: -333446.80442
1111. Current log-likelihood: -333446.80048
1112. Current log-likelihood: -333446.79863
1113. Current log-likelihood: -333446.79681
1114. Current log-likelihood: -333446.79502
1115. Current log-likelihood: -333446.79350
1116. Current log-likelihood: -333446.79203
1117. Current log-likelihood: -333446.79039
1118. Current log-likelihood: -333446.78744
1119. Current log-likelihood: -333446.78572
1120. Current log-likelihood: -333446.78399
1121. Current log-likelihood: -333446.78241
1122. Current log-likelihood: -333446.78070
1123. Current log-likelihood: -333446.77678
1124. Current log-likelihood: -333446.77506
1125. Current log-likelihood: -333446.77342
1126. Current log-likelihood: -333446.77173
1127. Current log-likelihood: -333446.76981
1128. Current log-likelihood: -333446.76790
1129. Current log-likelihood: -333446.76512
1130. Current log-likelihood: -333446.76335
1131. Current log-likelihood: -333446.75985
1132. Current log-likelihood: -333446.75831
1133. Current log-likelihood: -333446.75668
1134. Current log-likelihood: -333446.75504
1135. Current log-likelihood: -333446.75341
1136. Current log-likelihood: -333446.74699
1137. Current log-likelihood: -333446.74525
1138. Current log-likelihood: -333446.74359
1139. Current log-likelihood: -333446.74212
1140. Current log-likelihood: -333446.74060
1141. Current log-likelihood: -333446.73635
1142. Current log-likelihood: -333446.73472
1143. Current log-likelihood: -333446.73309
1144. Current log-likelihood: -333446.73148
1145. Current log-likelihood: -333446.72983
1146. Current log-likelihood: -333446.72812
1147. Current log-likelihood: -333446.72533
1148. Current log-likelihood: -333446.72355
1149. Current log-likelihood: -333446.72203
1150. Current log-likelihood: -333446.72045
1151. Current log-likelihood: -333446.71899
1152. Current log-likelihood: -333446.71751
1153. Current log-likelihood: -333446.71582
1154. Current log-likelihood: -333446.71421
1155. Current log-likelihood: -333446.71250
1156. Current log-likelihood: -333446.71106
1157. Current log-likelihood: -333446.70944
1158. Current log-likelihood: -333446.70778
1159. Current log-likelihood: -333446.70616
1160. Current log-likelihood: -333446.70308
1161. Current log-likelihood: -333446.70134
1162. Current log-likelihood: -333446.69979
1163. Current log-likelihood: -333446.69830
1164. Current log-likelihood: -333446.69690
1165. Current log-likelihood: -333446.69542
1166. Current log-likelihood: -333446.69418
1167. Current log-likelihood: -333446.69291
1168. Current log-likelihood: -333446.69132
1169. Current log-likelihood: -333446.68979
1170. Current log-likelihood: -333446.68846
1171. Current log-likelihood: -333446.68483
1172. Current log-likelihood: -333446.68131
1173. Current log-likelihood: -333446.67650
1174. Current log-likelihood: -333446.67377
1175. Current log-likelihood: -333446.67229
1176. Current log-likelihood: -333446.67080
1177. Current log-likelihood: -333446.66940
1178. Current log-likelihood: -333446.66777
1179. Current log-likelihood: -333446.66629
1180. Current log-likelihood: -333446.66474
1181. Current log-likelihood: -333446.66337
1182. Current log-likelihood: -333446.66165
1183. Current log-likelihood: -333446.65900
1184. Current log-likelihood: -333446.65733
1185. Current log-likelihood: -333446.65588
1186. Current log-likelihood: -333446.65449
1187. Current log-likelihood: -333446.65318
1188. Current log-likelihood: -333446.65191
1189. Current log-likelihood: -333446.65036
1190. Current log-likelihood: -333446.64887
1191. Current log-likelihood: -333446.64566
1192. Current log-likelihood: -333446.64409
1193. Current log-likelihood: -333446.64253
1194. Current log-likelihood: -333446.64123
1195. Current log-likelihood: -333446.64001
1196. Current log-likelihood: -333446.63860
1197. Current log-likelihood: -333446.63718
1198. Current log-likelihood: -333446.63596
1199. Current log-likelihood: -333446.63262
1200. Current log-likelihood: -333446.63100
1201. Current log-likelihood: -333446.62959
1202. Current log-likelihood: -333446.62553
1203. Current log-likelihood: -333446.62394
1204. Current log-likelihood: -333446.62260
1205. Current log-likelihood: -333446.62118
1206. Current log-likelihood: -333446.61993
1207. Current log-likelihood: -333446.61850
1208. Current log-likelihood: -333446.61726
1209. Current log-likelihood: -333446.61586
1210. Current log-likelihood: -333446.61256
1211. Current log-likelihood: -333446.61124
1212. Current log-likelihood: -333446.60955
1213. Current log-likelihood: -333446.60458
1214. Current log-likelihood: -333446.60315
1215. Current log-likelihood: -333446.60011
1216. Current log-likelihood: -333446.59873
1217. Current log-likelihood: -333446.59717
1218. Current log-likelihood: -333446.59576
1219. Current log-likelihood: -333446.59446
1220. Current log-likelihood: -333446.59321
1221. Current log-likelihood: -333446.59201
1222. Current log-likelihood: -333446.59077
1223. Current log-likelihood: -333446.58958
1224. Current log-likelihood: -333446.58827
1225. Current log-likelihood: -333446.58693
1226. Current log-likelihood: -333446.58551
1227. Current log-likelihood: -333446.58395
1228. Current log-likelihood: -333446.58257
1229. Current log-likelihood: -333446.58132
1230. Current log-likelihood: -333446.57820
1231. Current log-likelihood: -333446.57695
1232. Current log-likelihood: -333446.57563
1233. Current log-likelihood: -333446.57424
1234. Current log-likelihood: -333446.57292
1235. Current log-likelihood: -333446.57170
1236. Current log-likelihood: -333446.57043
1237. Current log-likelihood: -333446.56915
1238. Current log-likelihood: -333446.56788
1239. Current log-likelihood: -333446.56651
1240. Current log-likelihood: -333446.56506
1241. Current log-likelihood: -333446.56350
1242. Current log-likelihood: -333446.56212
1243. Current log-likelihood: -333446.56095
1244. Current log-likelihood: -333446.55976
1245. Current log-likelihood: -333446.55853
1246. Current log-likelihood: -333446.55729
1247. Current log-likelihood: -333446.55258
1248. Current log-likelihood: -333446.54783
1249. Current log-likelihood: -333446.54313
1250. Current log-likelihood: -333446.54170
1251. Current log-likelihood: -333446.54025
1252. Current log-likelihood: -333446.53902
1253. Current log-likelihood: -333446.53759
1254. Current log-likelihood: -333446.53617
1255. Current log-likelihood: -333446.53482
1256. Current log-likelihood: -333446.53347
1257. Current log-likelihood: -333446.53226
1258. Current log-likelihood: -333446.53103
1259. Current log-likelihood: -333446.52989
1260. Current log-likelihood: -333446.52866
1261. Current log-likelihood: -333446.52750
1262. Current log-likelihood: -333446.52411
1263. Current log-likelihood: -333446.52262
1264. Current log-likelihood: -333446.52112
1265. Current log-likelihood: -333446.51989
1266. Current log-likelihood: -333446.51871
1267. Current log-likelihood: -333446.51742
1268. Current log-likelihood: -333446.51618
1269. Current log-likelihood: -333446.51494
1270. Current log-likelihood: -333446.51371
1271. Current log-likelihood: -333446.51223
1272. Current log-likelihood: -333446.51110
1273. Current log-likelihood: -333446.50994
1274. Current log-likelihood: -333446.50863
1275. Current log-likelihood: -333446.50704
1276. Current log-likelihood: -333446.50576
1277. Current log-likelihood: -333446.50453
1278. Current log-likelihood: -333446.50331
1279. Current log-likelihood: -333446.50217
1280. Current log-likelihood: -333446.50095
1281. Current log-likelihood: -333446.49980
1282. Current log-likelihood: -333446.49679
1283. Current log-likelihood: -333446.49554
1284. Current log-likelihood: -333446.49441
1285. Current log-likelihood: -333446.48825
1286. Current log-likelihood: -333446.48694
1287. Current log-likelihood: -333446.48568
1288. Current log-likelihood: -333446.48431
1289. Current log-likelihood: -333446.48304
1290. Current log-likelihood: -333446.48191
1291. Current log-likelihood: -333446.48074
1292. Current log-likelihood: -333446.47955
1293. Current log-likelihood: -333446.47841
1294. Current log-likelihood: -333446.47718
1295. Current log-likelihood: -333446.47427
1296. Current log-likelihood: -333446.47310
1297. Current log-likelihood: -333446.47190
1298. Current log-likelihood: -333446.47089
1299. Current log-likelihood: -333446.46951
1300. Current log-likelihood: -333446.46830
1301. Current log-likelihood: -333446.46699
1302. Current log-likelihood: -333446.46590
1303. Current log-likelihood: -333446.46453
1304. Current log-likelihood: -333446.46328
1305. Current log-likelihood: -333446.46207
1306. Current log-likelihood: -333446.46095
1307. Current log-likelihood: -333446.45979
1308. Current log-likelihood: -333446.45861
1309. Current log-likelihood: -333446.45762
Final estimation on weights:
0.12721,0.20558,0.04862,0.02199,0.40001,0.02278,0.09374,0.03328,0.04680
Wrote distance file to... 
BEST SCORE FOUND : -333446.45762
Site log-likelihoods per category printed to output_mast_repeats/mast_model_9/mast_model_9.sitelh
Total tree lengths: 0.89617 10.00894 3.14834 1.91298 0.06215 0.22107 2.03719 0.27750 0.33073

Total number of iterations: 1307
CPU time used for tree search: 0.00001 sec (0h:0m:0s)
Wall-clock time used for tree search: 0.00001 sec (0h:0m:0s)
Total CPU time used: 6287.73241 sec (1h:44m:47s)
Total wall-clock time used: 1894.62147 sec (0h:31m:34s)

Analysis results written to: 
  IQ-TREE report:                output_mast_repeats/mast_model_9/mast_model_9.iqtree
  Maximum-likelihood tree:       output_mast_repeats/mast_model_9/mast_model_9.treefile
  Site log-likelihoods:          output_mast_repeats/mast_model_9/mast_model_9.sitelh
  Screen log file:               output_mast_repeats/mast_model_9/mast_model_9.log

Date and Time: Thu Oct 30 15:52:01 2025
