IQ-TREE multicore version 2.3.6 for MacOS ARM 64-bit built Jul 30 2024
Developed by Bui Quang Minh, Nguyen Lam Tung, Olga Chernomor, Heiko Schmidt,
Dominik Schrempf, Michael Woodhams, Ly Trong Nhan, Thomas Wong

Host:    SUN1029323 (SSE4.2, 36 GB RAM)
Command: iqtree2 -s iqtree_output_50/aln_segment_10161_to_10668.fasta -m GTR -nt AUTO -fast -pre iqtree_output_50/aln_segment_10161_to_10668
Seed:    76762 (Using SPRNG - Scalable Parallel Random Number Generator)
Time:    Wed Oct 29 14:56:11 2025
Kernel:  SSE2 - auto-detect threads (14 CPU cores detected)

Reading alignment file iqtree_output_50/aln_segment_10161_to_10668.fasta ... Fasta format detected
Reading fasta file: done in 0.000422955 secs using 88.19% CPU
Alignment most likely contains DNA/RNA sequences
Alignment has 104 sequences with 508 columns, 218 distinct patterns
74 parsimony-informative, 94 singleton sites, 340 constant sites
Analyzing sequences: done in 4.79221e-05 secs using 118.9% CPU
WARNING: 15 sequences contain more than 50% gaps/ambiguity
WARNING: Sequence HSV2_3 contains only gaps or missing data
WARNING: Sequence HSV2_4 contains only gaps or missing data
WARNING: Sequence HSV2_11 contains only gaps or missing data
WARNING: Sequence HSV2_14 contains only gaps or missing data
WARNING: Sequence HSV2_16 contains only gaps or missing data
ERROR: Some sequences (see above) are problematic, please check your alignment again
