IQ-TREE multicore version 2.3.6 for MacOS ARM 64-bit built Jul 30 2024
Developed by Bui Quang Minh, Nguyen Lam Tung, Olga Chernomor, Heiko Schmidt,
Dominik Schrempf, Michael Woodhams, Ly Trong Nhan, Thomas Wong

Host:    SUN1029323 (SSE4.2, 36 GB RAM)
Command: iqtree2 -s iqtree_output_50/aln_segment_8129_to_8636.fasta -m GTR -nt AUTO -fast -pre iqtree_output_50/aln_segment_8129_to_8636
Seed:    434533 (Using SPRNG - Scalable Parallel Random Number Generator)
Time:    Wed Oct 29 14:54:03 2025
Kernel:  SSE2 - auto-detect threads (14 CPU cores detected)

Reading alignment file iqtree_output_50/aln_segment_8129_to_8636.fasta ... Fasta format detected
Reading fasta file: done in 0.000422001 secs using 88.39% CPU
Alignment most likely contains DNA/RNA sequences
Alignment has 104 sequences with 508 columns, 150 distinct patterns
103 parsimony-informative, 86 singleton sites, 319 constant sites
Analyzing sequences: done in 5.6982e-05 secs using 49.14% CPU
WARNING: 1 sequences contain more than 50% gaps/ambiguity
NOTE: 39 identical sequences (see below) will be ignored for subsequent analysis
Alignment was printed to iqtree_output_50/aln_segment_8129_to_8636.uniqueseq.phy

For your convenience alignment with unique sequences printed to iqtree_output_50/aln_segment_8129_to_8636.uniqueseq.phy

Create initial parsimony tree by phylogenetic likelihood library (PLL)... 0.00 seconds

NOTE: 0 MB RAM (0 GB) is required!
Measuring multi-threading efficiency up to 14 CPU cores
Increase to 10 rounds for branch lengths
6034 trees examined
Threads: 1 / Time: 14.00 sec / Speedup: 1.00 / Efficiency: 100% / LogL: -8493
Threads: 2 / Time: 52.41 sec / Speedup: 0.27 / Efficiency: 13% / LogL: -8493
BEST NUMBER OF THREADS: 1

Estimate model parameters (epsilon = 0.50)
1. Initial log-likelihood: -1939.00
2. Current log-likelihood: -1897.32
Optimal log-likelihood: -1897.15
Rate parameters:  A-C: 1.89823  A-G: 5.21324  A-T: 0.00010  C-G: 2.05828  C-T: 3.63908  G-T: 1.00000
Warning! Some parameters hit the boundaries
Base frequencies:  A: 0.134  C: 0.383  G: 0.269  T: 0.214
Parameters optimization took 2 rounds (0.008 sec)
Wrote distance file to... 
Computing ML distances based on estimated model parameters...
Calculating distance matrix: done in 0.00268602 secs using 99.25% CPU
Computing ML distances took 0.002730 sec (of wall-clock time) 0.002697 sec (of CPU time)
Setting up auxiliary I and S matrices: done in 6.69956e-05 secs using 82.09% CPU
Computing RapidNJ tree took 0.000218 sec (of wall-clock time) 0.000257 sec (of CPU time)
Log-likelihood of RapidNJ tree: -1929.130
--------------------------------------------------------------------
|             INITIALIZING CANDIDATE TREE SET                      |
--------------------------------------------------------------------

Do NNI search on 2 best initial trees
BETTER TREE FOUND at iteration 1: -1897.149
Finish initializing candidate tree set (4)
Current best tree score: -1897.149 / CPU time: 0.011
Number of iterations: 2
TREE SEARCH COMPLETED AFTER 2 ITERATIONS / Time: 0h:1m:6s

--------------------------------------------------------------------
|                    FINALIZING TREE SEARCH                        |
--------------------------------------------------------------------
Performs final model parameters optimization
Estimate model parameters (epsilon = 0.050)
1. Initial log-likelihood: -1897.149
Optimal log-likelihood: -1897.148
Rate parameters:  A-C: 1.90047  A-G: 5.21523  A-T: 0.00010  C-G: 2.04637  C-T: 3.64364  G-T: 1.00000
Warning! Some parameters hit the boundaries
Base frequencies:  A: 0.134  C: 0.383  G: 0.269  T: 0.214
Parameters optimization took 1 rounds (0.001 sec)
BEST SCORE FOUND : -1897.148
Total tree length: 0.586

Total number of iterations: 2
CPU time used for tree search: 0.011 sec (0h:0m:0s)
Wall-clock time used for tree search: 0.011 sec (0h:0m:0s)
Total CPU time used: 42.376 sec (0h:0m:42s)
Total wall-clock time used: 66.439 sec (0h:1m:6s)

Analysis results written to: 
  IQ-TREE report:                iqtree_output_50/aln_segment_8129_to_8636.iqtree
  Maximum-likelihood tree:       iqtree_output_50/aln_segment_8129_to_8636.treefile
  Likelihood distances:          iqtree_output_50/aln_segment_8129_to_8636.mldist
  Screen log file:               iqtree_output_50/aln_segment_8129_to_8636.log

Date and Time: Wed Oct 29 14:55:09 2025
