IQ-TREE multicore version 2.3.6 for MacOS ARM 64-bit built Jul 30 2024
Developed by Bui Quang Minh, Nguyen Lam Tung, Olga Chernomor, Heiko Schmidt,
Dominik Schrempf, Michael Woodhams, Ly Trong Nhan, Thomas Wong

Host:    SUN1029323 (SSE4.2, 36 GB RAM)
Command: iqtree2 -s iqtree_output_50/aln_segment_6605_to_7112.fasta -m GTR -nt AUTO -fast -pre iqtree_output_50/aln_segment_6605_to_7112
Seed:    51924 (Using SPRNG - Scalable Parallel Random Number Generator)
Time:    Wed Oct 29 14:50:29 2025
Kernel:  SSE2 - auto-detect threads (14 CPU cores detected)

Reading alignment file iqtree_output_50/aln_segment_6605_to_7112.fasta ... Fasta format detected
Reading fasta file: done in 0.00048399 secs using 88.64% CPU
Alignment most likely contains DNA/RNA sequences
Alignment has 104 sequences with 508 columns, 113 distinct patterns
75 parsimony-informative, 93 singleton sites, 340 constant sites
Analyzing sequences: done in 6.22272e-05 secs using 59.46% CPU
NOTE: 54 identical sequences (see below) will be ignored for subsequent analysis
Alignment was printed to iqtree_output_50/aln_segment_6605_to_7112.uniqueseq.phy

For your convenience alignment with unique sequences printed to iqtree_output_50/aln_segment_6605_to_7112.uniqueseq.phy

Create initial parsimony tree by phylogenetic likelihood library (PLL)... 0.00 seconds

NOTE: 0 MB RAM (0 GB) is required!
Measuring multi-threading efficiency up to 14 CPU cores
Increase to 10 rounds for branch lengths
8860 trees examined
Threads: 1 / Time: 14.00 sec / Speedup: 1.00 / Efficiency: 100% / LogL: -5068
Threads: 2 / Time: 63.44 sec / Speedup: 0.22 / Efficiency: 11% / LogL: -5068
BEST NUMBER OF THREADS: 1

Estimate model parameters (epsilon = 0.50)
1. Initial log-likelihood: -1691.40
2. Current log-likelihood: -1657.01
Optimal log-likelihood: -1656.58
Rate parameters:  A-C: 1.57623  A-G: 2.87911  A-T: 0.00010  C-G: 2.00860  C-T: 5.28867  G-T: 1.00000
Warning! Some parameters hit the boundaries
Base frequencies:  A: 0.152  C: 0.338  G: 0.366  T: 0.144
Parameters optimization took 2 rounds (0.007 sec)
Wrote distance file to... 
Computing ML distances based on estimated model parameters...
Calculating distance matrix: done in 0.00151396 secs using 99.54% CPU
Computing ML distances took 0.001548 sec (of wall-clock time) 0.001528 sec (of CPU time)
Setting up auxiliary I and S matrices: done in 4.50611e-05 secs using 77.67% CPU
Computing RapidNJ tree took 0.000148 sec (of wall-clock time) 0.000134 sec (of CPU time)
Log-likelihood of RapidNJ tree: -1669.562
--------------------------------------------------------------------
|             INITIALIZING CANDIDATE TREE SET                      |
--------------------------------------------------------------------

Do NNI search on 2 best initial trees
BETTER TREE FOUND at iteration 1: -1656.577
Estimate model parameters (epsilon = 0.500)
BETTER TREE FOUND at iteration 2: -1654.420
Finish initializing candidate tree set (4)
Current best tree score: -1654.420 / CPU time: 0.012
Number of iterations: 2
TREE SEARCH COMPLETED AFTER 2 ITERATIONS / Time: 0h:1m:17s

--------------------------------------------------------------------
|                    FINALIZING TREE SEARCH                        |
--------------------------------------------------------------------
Performs final model parameters optimization
Estimate model parameters (epsilon = 0.050)
1. Initial log-likelihood: -1654.420
Optimal log-likelihood: -1654.395
Rate parameters:  A-C: 1.72153  A-G: 2.87877  A-T: 0.00010  C-G: 2.16222  C-T: 5.36150  G-T: 1.00000
Warning! Some parameters hit the boundaries
Base frequencies:  A: 0.152  C: 0.338  G: 0.366  T: 0.144
Parameters optimization took 1 rounds (0.002 sec)
BEST SCORE FOUND : -1654.395
Total tree length: 0.483

Total number of iterations: 2
CPU time used for tree search: 0.012 sec (0h:0m:0s)
Wall-clock time used for tree search: 0.012 sec (0h:0m:0s)
Total CPU time used: 45.859 sec (0h:0m:45s)
Total wall-clock time used: 77.469 sec (0h:1m:17s)

Analysis results written to: 
  IQ-TREE report:                iqtree_output_50/aln_segment_6605_to_7112.iqtree
  Maximum-likelihood tree:       iqtree_output_50/aln_segment_6605_to_7112.treefile
  Likelihood distances:          iqtree_output_50/aln_segment_6605_to_7112.mldist
  Screen log file:               iqtree_output_50/aln_segment_6605_to_7112.log

Date and Time: Wed Oct 29 14:51:46 2025
