IQ-TREE multicore version 2.3.6 for MacOS ARM 64-bit built Jul 30 2024
Developed by Bui Quang Minh, Nguyen Lam Tung, Olga Chernomor, Heiko Schmidt,
Dominik Schrempf, Michael Woodhams, Ly Trong Nhan, Thomas Wong

Host:    SUN1029323 (SSE4.2, 36 GB RAM)
Command: iqtree2 -s iqtree_output_50/aln_segment_23877_to_24384.fasta -m GTR -nt AUTO -fast -pre iqtree_output_50/aln_segment_23877_to_24384
Seed:    832533 (Using SPRNG - Scalable Parallel Random Number Generator)
Time:    Wed Oct 29 15:15:16 2025
Kernel:  SSE2 - auto-detect threads (14 CPU cores detected)

Reading alignment file iqtree_output_50/aln_segment_23877_to_24384.fasta ... Fasta format detected
Reading fasta file: done in 0.0004251 secs using 89.63% CPU
Alignment most likely contains DNA/RNA sequences
Alignment has 104 sequences with 508 columns, 121 distinct patterns
71 parsimony-informative, 66 singleton sites, 371 constant sites
Analyzing sequences: done in 5.19753e-05 secs using 80.81% CPU
NOTE: 69 identical sequences (see below) will be ignored for subsequent analysis
Alignment was printed to iqtree_output_50/aln_segment_23877_to_24384.uniqueseq.phy

For your convenience alignment with unique sequences printed to iqtree_output_50/aln_segment_23877_to_24384.uniqueseq.phy

Create initial parsimony tree by phylogenetic likelihood library (PLL)... 0.00 seconds

NOTE: 0 MB RAM (0 GB) is required!
Measuring multi-threading efficiency up to 14 CPU cores
Increase to 10 rounds for branch lengths
15701 trees examined
Threads: 1 / Time: 14.00 sec / Speedup: 1.00 / Efficiency: 100% / LogL: -3622
Threads: 2 / Time: 64.49 sec / Speedup: 0.22 / Efficiency: 11% / LogL: -3622
BEST NUMBER OF THREADS: 1

Estimate model parameters (epsilon = 0.50)
1. Initial log-likelihood: -1469.96
2. Current log-likelihood: -1438.75
Optimal log-likelihood: -1438.74
Rate parameters:  A-C: 0.93717  A-G: 1.66830  A-T: 0.05279  C-G: 2.04477  C-T: 3.70806  G-T: 1.00000
Base frequencies:  A: 0.178  C: 0.308  G: 0.298  T: 0.217
Parameters optimization took 2 rounds (0.004 sec)
Wrote distance file to... 
Computing ML distances based on estimated model parameters...
Calculating distance matrix: done in 0.000957966 secs using 97.19% CPU
Computing ML distances took 0.001002 sec (of wall-clock time) 0.000953 sec (of CPU time)
Setting up auxiliary I and S matrices: done in 2.88486e-05 secs using 76.26% CPU
Computing RapidNJ tree took 0.000101 sec (of wall-clock time) 0.000077 sec (of CPU time)
Log-likelihood of RapidNJ tree: -1439.337
--------------------------------------------------------------------
|             INITIALIZING CANDIDATE TREE SET                      |
--------------------------------------------------------------------

Do NNI search on 2 best initial trees
BETTER TREE FOUND at iteration 1: -1438.734
Estimate model parameters (epsilon = 0.500)
BETTER TREE FOUND at iteration 2: -1428.388
Finish initializing candidate tree set (4)
Current best tree score: -1428.388 / CPU time: 0.011
Number of iterations: 2
TREE SEARCH COMPLETED AFTER 2 ITERATIONS / Time: 0h:1m:18s

--------------------------------------------------------------------
|                    FINALIZING TREE SEARCH                        |
--------------------------------------------------------------------
Performs final model parameters optimization
Estimate model parameters (epsilon = 0.050)
1. Initial log-likelihood: -1428.388
Optimal log-likelihood: -1428.388
Rate parameters:  A-C: 0.99069  A-G: 1.98014  A-T: 0.12259  C-G: 2.28147  C-T: 4.08823  G-T: 1.00000
Base frequencies:  A: 0.178  C: 0.308  G: 0.298  T: 0.217
Parameters optimization took 1 rounds (0.001 sec)
BEST SCORE FOUND : -1428.388
Total tree length: 0.364

Total number of iterations: 2
CPU time used for tree search: 0.011 sec (0h:0m:0s)
Wall-clock time used for tree search: 0.011 sec (0h:0m:0s)
Total CPU time used: 47.063 sec (0h:0m:47s)
Total wall-clock time used: 78.513 sec (0h:1m:18s)

Analysis results written to: 
  IQ-TREE report:                iqtree_output_50/aln_segment_23877_to_24384.iqtree
  Maximum-likelihood tree:       iqtree_output_50/aln_segment_23877_to_24384.treefile
  Likelihood distances:          iqtree_output_50/aln_segment_23877_to_24384.mldist
  Screen log file:               iqtree_output_50/aln_segment_23877_to_24384.log

Date and Time: Wed Oct 29 15:16:35 2025
