IQ-TREE multicore version 2.3.6 for MacOS ARM 64-bit built Jul 30 2024
Developed by Bui Quang Minh, Nguyen Lam Tung, Olga Chernomor, Heiko Schmidt,
Dominik Schrempf, Michael Woodhams, Ly Trong Nhan, Thomas Wong

Host:    SUN1029323 (SSE4.2, 36 GB RAM)
Command: iqtree2 -s iqtree_output_50/aln_segment_30481_to_30988.fasta -m GTR -nt AUTO -fast -pre iqtree_output_50/aln_segment_30481_to_30988
Seed:    906682 (Using SPRNG - Scalable Parallel Random Number Generator)
Time:    Wed Oct 29 15:25:17 2025
Kernel:  SSE2 - auto-detect threads (14 CPU cores detected)

Reading alignment file iqtree_output_50/aln_segment_30481_to_30988.fasta ... Fasta format detected
Reading fasta file: done in 0.000415087 secs using 88.66% CPU
Alignment most likely contains DNA/RNA sequences
Alignment has 104 sequences with 508 columns, 144 distinct patterns
111 parsimony-informative, 78 singleton sites, 319 constant sites
Analyzing sequences: done in 6.19888e-05 secs using 62.91% CPU
WARNING: 1 sequences contain more than 50% gaps/ambiguity
NOTE: 53 identical sequences (see below) will be ignored for subsequent analysis
Alignment was printed to iqtree_output_50/aln_segment_30481_to_30988.uniqueseq.phy

For your convenience alignment with unique sequences printed to iqtree_output_50/aln_segment_30481_to_30988.uniqueseq.phy

Create initial parsimony tree by phylogenetic likelihood library (PLL)... 0.00 seconds

NOTE: 0 MB RAM (0 GB) is required!
Measuring multi-threading efficiency up to 14 CPU cores
Increase to 10 rounds for branch lengths
8596 trees examined
Threads: 1 / Time: 14.00 sec / Speedup: 1.00 / Efficiency: 100% / LogL: -7703
Threads: 2 / Time: 53.36 sec / Speedup: 0.26 / Efficiency: 13% / LogL: -7703
BEST NUMBER OF THREADS: 1

Estimate model parameters (epsilon = 0.50)
1. Initial log-likelihood: -1793.29
2. Current log-likelihood: -1755.16
Optimal log-likelihood: -1755.08
Rate parameters:  A-C: 0.30983  A-G: 1.68452  A-T: 0.20029  C-G: 0.61895  C-T: 1.17333  G-T: 1.00000
Base frequencies:  A: 0.213  C: 0.306  G: 0.339  T: 0.142
Parameters optimization took 2 rounds (0.005 sec)
Wrote distance file to... 
Computing ML distances based on estimated model parameters...
Calculating distance matrix: done in 0.00132108 secs using 99.46% CPU
Computing ML distances took 0.001364 sec (of wall-clock time) 0.001342 sec (of CPU time)
Setting up auxiliary I and S matrices: done in 4.88758e-05 secs using 77.75% CPU
Computing RapidNJ tree took 0.000163 sec (of wall-clock time) 0.000154 sec (of CPU time)
Log-likelihood of RapidNJ tree: -1762.601
--------------------------------------------------------------------
|             INITIALIZING CANDIDATE TREE SET                      |
--------------------------------------------------------------------

Do NNI search on 2 best initial trees
BETTER TREE FOUND at iteration 1: -1755.075
Estimate model parameters (epsilon = 0.500)
BETTER TREE FOUND at iteration 2: -1752.864
Finish initializing candidate tree set (4)
Current best tree score: -1752.864 / CPU time: 0.011
Number of iterations: 2
TREE SEARCH COMPLETED AFTER 2 ITERATIONS / Time: 0h:1m:7s

--------------------------------------------------------------------
|                    FINALIZING TREE SEARCH                        |
--------------------------------------------------------------------
Performs final model parameters optimization
Estimate model parameters (epsilon = 0.050)
1. Initial log-likelihood: -1752.864
Optimal log-likelihood: -1752.864
Rate parameters:  A-C: 0.30324  A-G: 1.62585  A-T: 0.19590  C-G: 0.61724  C-T: 1.13627  G-T: 1.00000
Base frequencies:  A: 0.213  C: 0.306  G: 0.339  T: 0.142
Parameters optimization took 1 rounds (0.001 sec)
BEST SCORE FOUND : -1752.864
Total tree length: 0.560

Total number of iterations: 2
CPU time used for tree search: 0.011 sec (0h:0m:0s)
Wall-clock time used for tree search: 0.011 sec (0h:0m:0s)
Total CPU time used: 42.724 sec (0h:0m:42s)
Total wall-clock time used: 67.391 sec (0h:1m:7s)

Analysis results written to: 
  IQ-TREE report:                iqtree_output_50/aln_segment_30481_to_30988.iqtree
  Maximum-likelihood tree:       iqtree_output_50/aln_segment_30481_to_30988.treefile
  Likelihood distances:          iqtree_output_50/aln_segment_30481_to_30988.mldist
  Screen log file:               iqtree_output_50/aln_segment_30481_to_30988.log

Date and Time: Wed Oct 29 15:26:25 2025
