IQ-TREE multicore version 2.3.6 for MacOS ARM 64-bit built Jul 30 2024
Developed by Bui Quang Minh, Nguyen Lam Tung, Olga Chernomor, Heiko Schmidt,
Dominik Schrempf, Michael Woodhams, Ly Trong Nhan, Thomas Wong

Host:    SUN1029323 (SSE4.2, 36 GB RAM)
Command: iqtree2 -s iqtree_output_50/aln_segment_18797_to_19304.fasta -m GTR -nt AUTO -fast -pre iqtree_output_50/aln_segment_18797_to_19304
Seed:    760763 (Using SPRNG - Scalable Parallel Random Number Generator)
Time:    Wed Oct 29 15:08:31 2025
Kernel:  SSE2 - auto-detect threads (14 CPU cores detected)

Reading alignment file iqtree_output_50/aln_segment_18797_to_19304.fasta ... Fasta format detected
Reading fasta file: done in 0.000447035 secs using 85% CPU
Alignment most likely contains DNA/RNA sequences
Alignment has 104 sequences with 508 columns, 96 distinct patterns
64 parsimony-informative, 86 singleton sites, 358 constant sites
Analyzing sequences: done in 4.50611e-05 secs using 82.11% CPU
NOTE: 66 identical sequences (see below) will be ignored for subsequent analysis
Alignment was printed to iqtree_output_50/aln_segment_18797_to_19304.uniqueseq.phy

For your convenience alignment with unique sequences printed to iqtree_output_50/aln_segment_18797_to_19304.uniqueseq.phy

Create initial parsimony tree by phylogenetic likelihood library (PLL)... 0.00 seconds

NOTE: 0 MB RAM (0 GB) is required!
Measuring multi-threading efficiency up to 14 CPU cores
Increase to 10 rounds for branch lengths
17529 trees examined
Threads: 1 / Time: 14.00 sec / Speedup: 1.00 / Efficiency: 100% / LogL: -3225
Threads: 2 / Time: 61.66 sec / Speedup: 0.23 / Efficiency: 11% / LogL: -3225
BEST NUMBER OF THREADS: 1

Estimate model parameters (epsilon = 0.50)
1. Initial log-likelihood: -1522.56
2. Current log-likelihood: -1487.20
Optimal log-likelihood: -1487.10
Rate parameters:  A-C: 0.30174  A-G: 1.96502  A-T: 0.11139  C-G: 0.71120  C-T: 2.09515  G-T: 1.00000
Base frequencies:  A: 0.164  C: 0.322  G: 0.311  T: 0.202
Parameters optimization took 2 rounds (0.003 sec)
Wrote distance file to... 
Computing ML distances based on estimated model parameters...
Calculating distance matrix: done in 0.000734806 secs using 99.35% CPU
Computing ML distances took 0.000778 sec (of wall-clock time) 0.000752 sec (of CPU time)
Setting up auxiliary I and S matrices: done in 3.19481e-05 secs using 75.12% CPU
Computing RapidNJ tree took 0.000103 sec (of wall-clock time) 0.000082 sec (of CPU time)
Log-likelihood of RapidNJ tree: -1493.061
--------------------------------------------------------------------
|             INITIALIZING CANDIDATE TREE SET                      |
--------------------------------------------------------------------

Do NNI search on 2 best initial trees
Estimate model parameters (epsilon = 0.500)
BETTER TREE FOUND at iteration 1: -1484.822
Finish initializing candidate tree set (4)
Current best tree score: -1484.822 / CPU time: 0.011
Number of iterations: 2
TREE SEARCH COMPLETED AFTER 2 ITERATIONS / Time: 0h:1m:15s

--------------------------------------------------------------------
|                    FINALIZING TREE SEARCH                        |
--------------------------------------------------------------------
Performs final model parameters optimization
Estimate model parameters (epsilon = 0.050)
1. Initial log-likelihood: -1484.822
Optimal log-likelihood: -1484.822
Rate parameters:  A-C: 0.27368  A-G: 1.94983  A-T: 0.11903  C-G: 0.69703  C-T: 2.05184  G-T: 1.00000
Base frequencies:  A: 0.164  C: 0.322  G: 0.311  T: 0.202
Parameters optimization took 1 rounds (0.001 sec)
BEST SCORE FOUND : -1484.822
Total tree length: 0.412

Total number of iterations: 2
CPU time used for tree search: 0.010 sec (0h:0m:0s)
Wall-clock time used for tree search: 0.011 sec (0h:0m:0s)
Total CPU time used: 45.327 sec (0h:0m:45s)
Total wall-clock time used: 75.689 sec (0h:1m:15s)

Analysis results written to: 
  IQ-TREE report:                iqtree_output_50/aln_segment_18797_to_19304.iqtree
  Maximum-likelihood tree:       iqtree_output_50/aln_segment_18797_to_19304.treefile
  Likelihood distances:          iqtree_output_50/aln_segment_18797_to_19304.mldist
  Screen log file:               iqtree_output_50/aln_segment_18797_to_19304.log

Date and Time: Wed Oct 29 15:09:47 2025
