IQ-TREE multicore version 2.3.6 for MacOS ARM 64-bit built Jul 30 2024
Developed by Bui Quang Minh, Nguyen Lam Tung, Olga Chernomor, Heiko Schmidt,
Dominik Schrempf, Michael Woodhams, Ly Trong Nhan, Thomas Wong

Host:    SUN1029323 (SSE4.2, 36 GB RAM)
Command: iqtree2 -s iqtree_output_50/aln_segment_21337_to_21844.fasta -m GTR -nt AUTO -fast -pre iqtree_output_50/aln_segment_21337_to_21844
Seed:    127117 (Using SPRNG - Scalable Parallel Random Number Generator)
Time:    Wed Oct 29 15:14:21 2025
Kernel:  SSE2 - auto-detect threads (14 CPU cores detected)

Reading alignment file iqtree_output_50/aln_segment_21337_to_21844.fasta ... Fasta format detected
Reading fasta file: done in 0.000428915 secs using 86.03% CPU
Alignment most likely contains DNA/RNA sequences
Alignment has 104 sequences with 508 columns, 260 distinct patterns
148 parsimony-informative, 95 singleton sites, 265 constant sites
Analyzing sequences: done in 6.50883e-05 secs using 82.96% CPU
WARNING: 2 sequences contain more than 50% gaps/ambiguity
NOTE: 42 identical sequences (see below) will be ignored for subsequent analysis
Alignment was printed to iqtree_output_50/aln_segment_21337_to_21844.uniqueseq.phy

For your convenience alignment with unique sequences printed to iqtree_output_50/aln_segment_21337_to_21844.uniqueseq.phy

Create initial parsimony tree by phylogenetic likelihood library (PLL)... 0.00 seconds

NOTE: 0 MB RAM (0 GB) is required!
Measuring multi-threading efficiency up to 14 CPU cores
Increase to 10 rounds for branch lengths
3285 trees examined
Threads: 1 / Time: 14.00 sec / Speedup: 1.00 / Efficiency: 100% / LogL: -10551
Threads: 2 / Time: 41.49 sec / Speedup: 0.34 / Efficiency: 17% / LogL: -10551
BEST NUMBER OF THREADS: 1

Estimate model parameters (epsilon = 0.50)
1. Initial log-likelihood: -2020.88
2. Current log-likelihood: -1978.14
3. Current log-likelihood: -1972.29
4. Current log-likelihood: -1970.99
Optimal log-likelihood: -1970.97
Rate parameters:  A-C: 0.44468  A-G: 0.95786  A-T: 0.00010  C-G: 0.42990  C-T: 1.80709  G-T: 1.00000
Warning! Some parameters hit the boundaries
Base frequencies:  A: 0.197  C: 0.294  G: 0.402  T: 0.107
Parameters optimization took 4 rounds (0.026 sec)
Wrote distance file to... 
Computing ML distances based on estimated model parameters...
Calculating distance matrix: done in 0.00245404 secs using 98.16% CPU
Computing ML distances took 0.002524 sec (of wall-clock time) 0.002455 sec (of CPU time)
Setting up auxiliary I and S matrices: done in 5.4121e-05 secs using 77.6% CPU
Computing RapidNJ tree took 0.000192 sec (of wall-clock time) 0.000188 sec (of CPU time)
Log-likelihood of RapidNJ tree: -1991.455
--------------------------------------------------------------------
|             INITIALIZING CANDIDATE TREE SET                      |
--------------------------------------------------------------------

Do NNI search on 2 best initial trees
BETTER TREE FOUND at iteration 1: -1970.969
Finish initializing candidate tree set (4)
Current best tree score: -1970.969 / CPU time: 0.021
Number of iterations: 2
TREE SEARCH COMPLETED AFTER 2 ITERATIONS / Time: 0h:0m:55s

--------------------------------------------------------------------
|                    FINALIZING TREE SEARCH                        |
--------------------------------------------------------------------
Performs final model parameters optimization
Estimate model parameters (epsilon = 0.050)
1. Initial log-likelihood: -1970.969
Optimal log-likelihood: -1970.965
Rate parameters:  A-C: 0.44353  A-G: 0.95732  A-T: 0.00010  C-G: 0.43406  C-T: 1.80452  G-T: 1.00000
Warning! Some parameters hit the boundaries
Base frequencies:  A: 0.197  C: 0.294  G: 0.402  T: 0.107
Parameters optimization took 1 rounds (0.006 sec)
BEST SCORE FOUND : -1970.965
Total tree length: 0.866

Total number of iterations: 2
CPU time used for tree search: 0.020 sec (0h:0m:0s)
Wall-clock time used for tree search: 0.021 sec (0h:0m:0s)
Total CPU time used: 40.426 sec (0h:0m:40s)
Total wall-clock time used: 55.559 sec (0h:0m:55s)

Analysis results written to: 
  IQ-TREE report:                iqtree_output_50/aln_segment_21337_to_21844.iqtree
  Maximum-likelihood tree:       iqtree_output_50/aln_segment_21337_to_21844.treefile
  Likelihood distances:          iqtree_output_50/aln_segment_21337_to_21844.mldist
  Screen log file:               iqtree_output_50/aln_segment_21337_to_21844.log

Date and Time: Wed Oct 29 15:15:16 2025
