IQ-TREE multicore version 2.3.6 for MacOS ARM 64-bit built Jul 30 2024
Developed by Bui Quang Minh, Nguyen Lam Tung, Olga Chernomor, Heiko Schmidt,
Dominik Schrempf, Michael Woodhams, Ly Trong Nhan, Thomas Wong

Host:    SUN1029323 (SSE4.2, 36 GB RAM)
Command: iqtree2 -s iqtree_output_50/aln_segment_1525_to_2032.fasta -m GTR -nt AUTO -fast -pre iqtree_output_50/aln_segment_1525_to_2032
Seed:    921855 (Using SPRNG - Scalable Parallel Random Number Generator)
Time:    Wed Oct 29 14:39:24 2025
Kernel:  SSE2 - auto-detect threads (14 CPU cores detected)

Reading alignment file iqtree_output_50/aln_segment_1525_to_2032.fasta ... Fasta format detected
Reading fasta file: done in 0.000426054 secs using 88.25% CPU
Alignment most likely contains DNA/RNA sequences
Alignment has 104 sequences with 508 columns, 155 distinct patterns
144 parsimony-informative, 121 singleton sites, 243 constant sites
Analyzing sequences: done in 4.88758e-05 secs using 90.02% CPU
NOTE: 55 identical sequences (see below) will be ignored for subsequent analysis
Alignment was printed to iqtree_output_50/aln_segment_1525_to_2032.uniqueseq.phy

For your convenience alignment with unique sequences printed to iqtree_output_50/aln_segment_1525_to_2032.uniqueseq.phy

Create initial parsimony tree by phylogenetic likelihood library (PLL)... 0.00 seconds

NOTE: 0 MB RAM (0 GB) is required!
Measuring multi-threading efficiency up to 14 CPU cores
Increase to 10 rounds for branch lengths
6343 trees examined
Threads: 1 / Time: 14.00 sec / Speedup: 1.00 / Efficiency: 100% / LogL: -9144
Threads: 2 / Time: 54.71 sec / Speedup: 0.26 / Efficiency: 13% / LogL: -9144
BEST NUMBER OF THREADS: 1

Estimate model parameters (epsilon = 0.50)
1. Initial log-likelihood: -2285.36
2. Current log-likelihood: -2241.63
Optimal log-likelihood: -2241.41
Rate parameters:  A-C: 0.88500  A-G: 2.79962  A-T: 0.29038  C-G: 1.04466  C-T: 1.70364  G-T: 1.00000
Base frequencies:  A: 0.172  C: 0.310  G: 0.300  T: 0.218
Parameters optimization took 2 rounds (0.006 sec)
Wrote distance file to... 
Computing ML distances based on estimated model parameters...
Calculating distance matrix: done in 0.0015111 secs using 99.46% CPU
Computing ML distances took 0.001557 sec (of wall-clock time) 0.001530 sec (of CPU time)
Setting up auxiliary I and S matrices: done in 4.19617e-05 secs using 81.03% CPU
Computing RapidNJ tree took 0.000145 sec (of wall-clock time) 0.000118 sec (of CPU time)
Log-likelihood of RapidNJ tree: -2258.789
--------------------------------------------------------------------
|             INITIALIZING CANDIDATE TREE SET                      |
--------------------------------------------------------------------

Do NNI search on 2 best initial trees
Estimate model parameters (epsilon = 0.500)
BETTER TREE FOUND at iteration 1: -2241.212
Estimate model parameters (epsilon = 0.500)
BETTER TREE FOUND at iteration 2: -2240.773
Finish initializing candidate tree set (4)
Current best tree score: -2240.773 / CPU time: 0.014
Number of iterations: 2
TREE SEARCH COMPLETED AFTER 2 ITERATIONS / Time: 0h:1m:8s

--------------------------------------------------------------------
|                    FINALIZING TREE SEARCH                        |
--------------------------------------------------------------------
Performs final model parameters optimization
Estimate model parameters (epsilon = 0.050)
1. Initial log-likelihood: -2240.773
Optimal log-likelihood: -2240.773
Rate parameters:  A-C: 0.82954  A-G: 2.62061  A-T: 0.23449  C-G: 0.96661  C-T: 1.58803  G-T: 1.00000
Base frequencies:  A: 0.172  C: 0.310  G: 0.300  T: 0.218
Parameters optimization took 1 rounds (0.001 sec)
BEST SCORE FOUND : -2240.773
Total tree length: 0.974

Total number of iterations: 2
CPU time used for tree search: 0.014 sec (0h:0m:0s)
Wall-clock time used for tree search: 0.015 sec (0h:0m:0s)
Total CPU time used: 43.599 sec (0h:0m:43s)
Total wall-clock time used: 68.744 sec (0h:1m:8s)

Analysis results written to: 
  IQ-TREE report:                iqtree_output_50/aln_segment_1525_to_2032.iqtree
  Maximum-likelihood tree:       iqtree_output_50/aln_segment_1525_to_2032.treefile
  Likelihood distances:          iqtree_output_50/aln_segment_1525_to_2032.mldist
  Screen log file:               iqtree_output_50/aln_segment_1525_to_2032.log

Date and Time: Wed Oct 29 14:40:33 2025
