IQ-TREE multicore version 2.3.6 for MacOS ARM 64-bit built Jul 30 2024
Developed by Bui Quang Minh, Nguyen Lam Tung, Olga Chernomor, Heiko Schmidt,
Dominik Schrempf, Michael Woodhams, Ly Trong Nhan, Thomas Wong

Host:    SUN1029323 (SSE4.2, 36 GB RAM)
Command: iqtree2 -s iqtree_output_50/aln_segment_25909_to_26416.fasta -m GTR -nt AUTO -fast -pre iqtree_output_50/aln_segment_25909_to_26416
Seed:    608899 (Using SPRNG - Scalable Parallel Random Number Generator)
Time:    Wed Oct 29 15:20:33 2025
Kernel:  SSE2 - auto-detect threads (14 CPU cores detected)

Reading alignment file iqtree_output_50/aln_segment_25909_to_26416.fasta ... Fasta format detected
Reading fasta file: done in 0.000478029 secs using 89.33% CPU
Alignment most likely contains DNA/RNA sequences
Alignment has 104 sequences with 508 columns, 122 distinct patterns
80 parsimony-informative, 62 singleton sites, 366 constant sites
Analyzing sequences: done in 5.29289e-05 secs using 83.13% CPU
WARNING: 2 sequences contain more than 50% gaps/ambiguity
NOTE: 67 identical sequences (see below) will be ignored for subsequent analysis
Alignment was printed to iqtree_output_50/aln_segment_25909_to_26416.uniqueseq.phy

For your convenience alignment with unique sequences printed to iqtree_output_50/aln_segment_25909_to_26416.uniqueseq.phy

Create initial parsimony tree by phylogenetic likelihood library (PLL)... 0.00 seconds

NOTE: 0 MB RAM (0 GB) is required!
Measuring multi-threading efficiency up to 14 CPU cores
Increase to 10 rounds for branch lengths
11824 trees examined
Threads: 1 / Time: 14.00 sec / Speedup: 1.00 / Efficiency: 100% / LogL: -4771
Threads: 2 / Time: 64.17 sec / Speedup: 0.22 / Efficiency: 11% / LogL: -4771
BEST NUMBER OF THREADS: 1

Estimate model parameters (epsilon = 0.50)
1. Initial log-likelihood: -1554.34
2. Current log-likelihood: -1538.78
Optimal log-likelihood: -1538.76
Rate parameters:  A-C: 0.85602  A-G: 1.95867  A-T: 0.24642  C-G: 1.22317  C-T: 2.24436  G-T: 1.00000
Base frequencies:  A: 0.182  C: 0.311  G: 0.379  T: 0.127
Parameters optimization took 2 rounds (0.004 sec)
Wrote distance file to... 
Computing ML distances based on estimated model parameters...
Calculating distance matrix: done in 0.00102806 secs using 99.41% CPU
Computing ML distances took 0.001075 sec (of wall-clock time) 0.001044 sec (of CPU time)
Setting up auxiliary I and S matrices: done in 3.69549e-05 secs using 70.36% CPU
Computing RapidNJ tree took 0.000127 sec (of wall-clock time) 0.000096 sec (of CPU time)
Log-likelihood of RapidNJ tree: -1542.671
--------------------------------------------------------------------
|             INITIALIZING CANDIDATE TREE SET                      |
--------------------------------------------------------------------

Do NNI search on 2 best initial trees
BETTER TREE FOUND at iteration 1: -1538.759
Estimate model parameters (epsilon = 0.500)
BETTER TREE FOUND at iteration 2: -1537.784
Finish initializing candidate tree set (4)
Current best tree score: -1537.784 / CPU time: 0.007
Number of iterations: 2
TREE SEARCH COMPLETED AFTER 2 ITERATIONS / Time: 0h:1m:18s

--------------------------------------------------------------------
|                    FINALIZING TREE SEARCH                        |
--------------------------------------------------------------------
Performs final model parameters optimization
Estimate model parameters (epsilon = 0.050)
1. Initial log-likelihood: -1537.784
Optimal log-likelihood: -1537.783
Rate parameters:  A-C: 0.86067  A-G: 2.01397  A-T: 0.24967  C-G: 1.23099  C-T: 2.18568  G-T: 1.00000
Base frequencies:  A: 0.182  C: 0.311  G: 0.379  T: 0.127
Parameters optimization took 1 rounds (0.001 sec)
BEST SCORE FOUND : -1537.783
Total tree length: 0.406

Total number of iterations: 2
CPU time used for tree search: 0.007 sec (0h:0m:0s)
Wall-clock time used for tree search: 0.007 sec (0h:0m:0s)
Total CPU time used: 45.615 sec (0h:0m:45s)
Total wall-clock time used: 78.193 sec (0h:1m:18s)

Analysis results written to: 
  IQ-TREE report:                iqtree_output_50/aln_segment_25909_to_26416.iqtree
  Maximum-likelihood tree:       iqtree_output_50/aln_segment_25909_to_26416.treefile
  Likelihood distances:          iqtree_output_50/aln_segment_25909_to_26416.mldist
  Screen log file:               iqtree_output_50/aln_segment_25909_to_26416.log

Date and Time: Wed Oct 29 15:21:51 2025
