IQ-TREE multicore version 2.3.6 for MacOS ARM 64-bit built Jul 30 2024
Developed by Bui Quang Minh, Nguyen Lam Tung, Olga Chernomor, Heiko Schmidt,
Dominik Schrempf, Michael Woodhams, Ly Trong Nhan, Thomas Wong

Host:    SUN1029323 (SSE4.2, 36 GB RAM)
Command: iqtree2 -s iqtree_output_50/aln_segment_7113_to_7620.fasta -m GTR -nt AUTO -fast -pre iqtree_output_50/aln_segment_7113_to_7620
Seed:    553356 (Using SPRNG - Scalable Parallel Random Number Generator)
Time:    Wed Oct 29 14:51:46 2025
Kernel:  SSE2 - auto-detect threads (14 CPU cores detected)

Reading alignment file iqtree_output_50/aln_segment_7113_to_7620.fasta ... Fasta format detected
Reading fasta file: done in 0.000438929 secs using 87.49% CPU
Alignment most likely contains DNA/RNA sequences
Alignment has 104 sequences with 508 columns, 117 distinct patterns
78 parsimony-informative, 69 singleton sites, 361 constant sites
Analyzing sequences: done in 5.81741e-05 secs using 73.92% CPU
WARNING: 2 sequences contain more than 50% gaps/ambiguity
NOTE: 61 identical sequences (see below) will be ignored for subsequent analysis
Alignment was printed to iqtree_output_50/aln_segment_7113_to_7620.uniqueseq.phy

For your convenience alignment with unique sequences printed to iqtree_output_50/aln_segment_7113_to_7620.uniqueseq.phy

Create initial parsimony tree by phylogenetic likelihood library (PLL)... 0.00 seconds

NOTE: 0 MB RAM (0 GB) is required!
Measuring multi-threading efficiency up to 14 CPU cores
Increase to 10 rounds for branch lengths
11955 trees examined
Threads: 1 / Time: 14.00 sec / Speedup: 1.00 / Efficiency: 100% / LogL: -5282
Threads: 2 / Time: 59.36 sec / Speedup: 0.24 / Efficiency: 12% / LogL: -5282
BEST NUMBER OF THREADS: 1

Estimate model parameters (epsilon = 0.50)
1. Initial log-likelihood: -1580.75
2. Current log-likelihood: -1557.24
Optimal log-likelihood: -1557.13
Rate parameters:  A-C: 1.00885  A-G: 1.76292  A-T: 0.15871  C-G: 1.24834  C-T: 3.10130  G-T: 1.00000
Base frequencies:  A: 0.184  C: 0.336  G: 0.323  T: 0.157
Parameters optimization took 2 rounds (0.006 sec)
Wrote distance file to... 
Computing ML distances based on estimated model parameters...
Calculating distance matrix: done in 0.00110483 secs using 99.38% CPU
Computing ML distances took 0.001136 sec (of wall-clock time) 0.001119 sec (of CPU time)
Setting up auxiliary I and S matrices: done in 3.50475e-05 secs using 82.74% CPU
Computing RapidNJ tree took 0.000121 sec (of wall-clock time) 0.000097 sec (of CPU time)
Log-likelihood of RapidNJ tree: -1567.440
--------------------------------------------------------------------
|             INITIALIZING CANDIDATE TREE SET                      |
--------------------------------------------------------------------

Do NNI search on 2 best initial trees
BETTER TREE FOUND at iteration 1: -1557.129
Finish initializing candidate tree set (4)
Current best tree score: -1557.129 / CPU time: 0.006
Number of iterations: 2
TREE SEARCH COMPLETED AFTER 2 ITERATIONS / Time: 0h:1m:13s

--------------------------------------------------------------------
|                    FINALIZING TREE SEARCH                        |
--------------------------------------------------------------------
Performs final model parameters optimization
Estimate model parameters (epsilon = 0.050)
1. Initial log-likelihood: -1557.129
Optimal log-likelihood: -1557.128
Rate parameters:  A-C: 1.00811  A-G: 1.76254  A-T: 0.16100  C-G: 1.24711  C-T: 3.10259  G-T: 1.00000
Base frequencies:  A: 0.184  C: 0.336  G: 0.323  T: 0.157
Parameters optimization took 1 rounds (0.001 sec)
BEST SCORE FOUND : -1557.128
Total tree length: 0.392

Total number of iterations: 2
CPU time used for tree search: 0.005 sec (0h:0m:0s)
Wall-clock time used for tree search: 0.006 sec (0h:0m:0s)
Total CPU time used: 44.193 sec (0h:0m:44s)
Total wall-clock time used: 73.382 sec (0h:1m:13s)

Analysis results written to: 
  IQ-TREE report:                iqtree_output_50/aln_segment_7113_to_7620.iqtree
  Maximum-likelihood tree:       iqtree_output_50/aln_segment_7113_to_7620.treefile
  Likelihood distances:          iqtree_output_50/aln_segment_7113_to_7620.mldist
  Screen log file:               iqtree_output_50/aln_segment_7113_to_7620.log

Date and Time: Wed Oct 29 14:52:59 2025
