IQ-TREE multicore version 2.3.6 for MacOS ARM 64-bit built Jul 30 2024
Developed by Bui Quang Minh, Nguyen Lam Tung, Olga Chernomor, Heiko Schmidt,
Dominik Schrempf, Michael Woodhams, Ly Trong Nhan, Thomas Wong

Host:    SUN1029323 (SSE4.2, 36 GB RAM)
Command: iqtree2 -s iqtree_output_50/aln_segment_5589_to_6096.fasta -m GTR -nt AUTO -fast -pre iqtree_output_50/aln_segment_5589_to_6096
Seed:    202909 (Using SPRNG - Scalable Parallel Random Number Generator)
Time:    Wed Oct 29 14:48:07 2025
Kernel:  SSE2 - auto-detect threads (14 CPU cores detected)

Reading alignment file iqtree_output_50/aln_segment_5589_to_6096.fasta ... Fasta format detected
Reading fasta file: done in 0.000420094 secs using 89.5% CPU
Alignment most likely contains DNA/RNA sequences
Alignment has 104 sequences with 508 columns, 141 distinct patterns
96 parsimony-informative, 103 singleton sites, 309 constant sites
Analyzing sequences: done in 6.58035e-05 secs using 74.46% CPU
WARNING: 2 sequences contain more than 50% gaps/ambiguity
NOTE: 53 identical sequences (see below) will be ignored for subsequent analysis
Alignment was printed to iqtree_output_50/aln_segment_5589_to_6096.uniqueseq.phy

For your convenience alignment with unique sequences printed to iqtree_output_50/aln_segment_5589_to_6096.uniqueseq.phy

Create initial parsimony tree by phylogenetic likelihood library (PLL)... 0.00 seconds

NOTE: 0 MB RAM (0 GB) is required!
Measuring multi-threading efficiency up to 14 CPU cores
Increase to 10 rounds for branch lengths
9012 trees examined
Threads: 1 / Time: 14.00 sec / Speedup: 1.00 / Efficiency: 100% / LogL: -6318
Threads: 2 / Time: 53.14 sec / Speedup: 0.26 / Efficiency: 13% / LogL: -6318
BEST NUMBER OF THREADS: 1

Estimate model parameters (epsilon = 0.50)
1. Initial log-likelihood: -1751.10
2. Current log-likelihood: -1716.17
3. Current log-likelihood: -1715.10
Optimal log-likelihood: -1714.97
Rate parameters:  A-C: 0.74464  A-G: 1.57128  A-T: 0.00010  C-G: 0.92206  C-T: 2.86285  G-T: 1.00000
Warning! Some parameters hit the boundaries
Base frequencies:  A: 0.165  C: 0.335  G: 0.349  T: 0.152
Parameters optimization took 3 rounds (0.010 sec)
Wrote distance file to... 
Computing ML distances based on estimated model parameters...
Calculating distance matrix: done in 0.00161386 secs using 99.58% CPU
Computing ML distances took 0.001654 sec (of wall-clock time) 0.001632 sec (of CPU time)
Setting up auxiliary I and S matrices: done in 4.41074e-05 secs using 81.62% CPU
Computing RapidNJ tree took 0.000157 sec (of wall-clock time) 0.000148 sec (of CPU time)
Log-likelihood of RapidNJ tree: -1732.604
--------------------------------------------------------------------
|             INITIALIZING CANDIDATE TREE SET                      |
--------------------------------------------------------------------

Do NNI search on 2 best initial trees
Estimate model parameters (epsilon = 0.500)
BETTER TREE FOUND at iteration 1: -1711.551
Finish initializing candidate tree set (4)
Current best tree score: -1711.551 / CPU time: 0.017
Number of iterations: 2
TREE SEARCH COMPLETED AFTER 2 ITERATIONS / Time: 0h:1m:7s

--------------------------------------------------------------------
|                    FINALIZING TREE SEARCH                        |
--------------------------------------------------------------------
Performs final model parameters optimization
Estimate model parameters (epsilon = 0.050)
1. Initial log-likelihood: -1711.551
Optimal log-likelihood: -1711.540
Rate parameters:  A-C: 0.75010  A-G: 1.60163  A-T: 0.00010  C-G: 0.93946  C-T: 2.91917  G-T: 1.00000
Warning! Some parameters hit the boundaries
Base frequencies:  A: 0.165  C: 0.335  G: 0.349  T: 0.152
Parameters optimization took 1 rounds (0.003 sec)
BEST SCORE FOUND : -1711.540
Total tree length: 0.582

Total number of iterations: 2
CPU time used for tree search: 0.017 sec (0h:0m:0s)
Wall-clock time used for tree search: 0.018 sec (0h:0m:0s)
Total CPU time used: 42.217 sec (0h:0m:42s)
Total wall-clock time used: 67.182 sec (0h:1m:7s)

Analysis results written to: 
  IQ-TREE report:                iqtree_output_50/aln_segment_5589_to_6096.iqtree
  Maximum-likelihood tree:       iqtree_output_50/aln_segment_5589_to_6096.treefile
  Likelihood distances:          iqtree_output_50/aln_segment_5589_to_6096.mldist
  Screen log file:               iqtree_output_50/aln_segment_5589_to_6096.log

Date and Time: Wed Oct 29 14:49:14 2025
