IQ-TREE multicore version 2.3.6 for MacOS ARM 64-bit built Jul 30 2024
Developed by Bui Quang Minh, Nguyen Lam Tung, Olga Chernomor, Heiko Schmidt,
Dominik Schrempf, Michael Woodhams, Ly Trong Nhan, Thomas Wong

Host:    SUN1029323 (SSE4.2, 36 GB RAM)
Command: iqtree2 -s iqtree_output_50/aln_segment_1017_to_1524.fasta -m GTR -nt AUTO -fast -pre iqtree_output_50/aln_segment_1017_to_1524
Seed:    571998 (Using SPRNG - Scalable Parallel Random Number Generator)
Time:    Wed Oct 29 14:38:07 2025
Kernel:  SSE2 - auto-detect threads (14 CPU cores detected)

Reading alignment file iqtree_output_50/aln_segment_1017_to_1524.fasta ... Fasta format detected
Reading fasta file: done in 0.000416994 secs using 89.21% CPU
Alignment most likely contains DNA/RNA sequences
Alignment has 104 sequences with 508 columns, 110 distinct patterns
84 parsimony-informative, 80 singleton sites, 344 constant sites
Analyzing sequences: done in 6.10352e-05 secs using 60.62% CPU
WARNING: 2 sequences contain more than 50% gaps/ambiguity
NOTE: 57 identical sequences (see below) will be ignored for subsequent analysis
Alignment was printed to iqtree_output_50/aln_segment_1017_to_1524.uniqueseq.phy

For your convenience alignment with unique sequences printed to iqtree_output_50/aln_segment_1017_to_1524.uniqueseq.phy

Create initial parsimony tree by phylogenetic likelihood library (PLL)... 0.00 seconds

NOTE: 0 MB RAM (0 GB) is required!
Measuring multi-threading efficiency up to 14 CPU cores
Increase to 10 rounds for branch lengths
10138 trees examined
Threads: 1 / Time: 14.00 sec / Speedup: 1.00 / Efficiency: 100% / LogL: -4818
Threads: 2 / Time: 63.29 sec / Speedup: 0.22 / Efficiency: 11% / LogL: -4818
BEST NUMBER OF THREADS: 1

Estimate model parameters (epsilon = 0.50)
1. Initial log-likelihood: -1719.53
2. Current log-likelihood: -1680.70
Optimal log-likelihood: -1680.63
Rate parameters:  A-C: 2.46490  A-G: 8.21328  A-T: 1.47253  C-G: 4.87209  C-T: 9.97669  G-T: 1.00000
Base frequencies:  A: 0.158  C: 0.326  G: 0.337  T: 0.180
Parameters optimization took 2 rounds (0.005 sec)
Wrote distance file to... 
Computing ML distances based on estimated model parameters...
Calculating distance matrix: done in 0.00110412 secs using 99.45% CPU
Computing ML distances took 0.001136 sec (of wall-clock time) 0.001118 sec (of CPU time)
Setting up auxiliary I and S matrices: done in 3.71933e-05 secs using 75.28% CPU
Computing RapidNJ tree took 0.000141 sec (of wall-clock time) 0.000122 sec (of CPU time)
Log-likelihood of RapidNJ tree: -1683.999
--------------------------------------------------------------------
|             INITIALIZING CANDIDATE TREE SET                      |
--------------------------------------------------------------------

Do NNI search on 2 best initial trees
Estimate model parameters (epsilon = 0.500)
BETTER TREE FOUND at iteration 1: -1675.559
Finish initializing candidate tree set (4)
Current best tree score: -1675.559 / CPU time: 0.010
Number of iterations: 2
TREE SEARCH COMPLETED AFTER 2 ITERATIONS / Time: 0h:1m:17s

--------------------------------------------------------------------
|                    FINALIZING TREE SEARCH                        |
--------------------------------------------------------------------
Performs final model parameters optimization
Estimate model parameters (epsilon = 0.050)
1. Initial log-likelihood: -1675.559
Optimal log-likelihood: -1675.559
Rate parameters:  A-C: 2.47067  A-G: 8.28171  A-T: 1.08777  C-G: 4.85733  C-T: 10.01865  G-T: 1.00000
Base frequencies:  A: 0.158  C: 0.326  G: 0.337  T: 0.180
Parameters optimization took 1 rounds (0.001 sec)
BEST SCORE FOUND : -1675.559
Total tree length: 0.477

Total number of iterations: 2
CPU time used for tree search: 0.010 sec (0h:0m:0s)
Wall-clock time used for tree search: 0.010 sec (0h:0m:0s)
Total CPU time used: 45.558 sec (0h:0m:45s)
Total wall-clock time used: 77.316 sec (0h:1m:17s)

Analysis results written to: 
  IQ-TREE report:                iqtree_output_50/aln_segment_1017_to_1524.iqtree
  Maximum-likelihood tree:       iqtree_output_50/aln_segment_1017_to_1524.treefile
  Likelihood distances:          iqtree_output_50/aln_segment_1017_to_1524.mldist
  Screen log file:               iqtree_output_50/aln_segment_1017_to_1524.log

Date and Time: Wed Oct 29 14:39:24 2025
