IQ-TREE multicore version 2.3.6 for MacOS ARM 64-bit built Jul 30 2024
Developed by Bui Quang Minh, Nguyen Lam Tung, Olga Chernomor, Heiko Schmidt,
Dominik Schrempf, Michael Woodhams, Ly Trong Nhan, Thomas Wong

Host:    SUN1029323 (SSE4.2, 36 GB RAM)
Command: iqtree2 -s iqtree_output_50/aln_segment_17781_to_18288.fasta -m GTR -nt AUTO -fast -pre iqtree_output_50/aln_segment_17781_to_18288
Seed:    545593 (Using SPRNG - Scalable Parallel Random Number Generator)
Time:    Wed Oct 29 15:07:13 2025
Kernel:  SSE2 - auto-detect threads (14 CPU cores detected)

Reading alignment file iqtree_output_50/aln_segment_17781_to_18288.fasta ... Fasta format detected
Reading fasta file: done in 0.000429153 secs using 88.31% CPU
Alignment most likely contains DNA/RNA sequences
Alignment has 104 sequences with 508 columns, 105 distinct patterns
68 parsimony-informative, 99 singleton sites, 341 constant sites
Analyzing sequences: done in 4.29153e-05 secs using 90.88% CPU
WARNING: 1 sequences contain more than 50% gaps/ambiguity
NOTE: 66 identical sequences (see below) will be ignored for subsequent analysis
Alignment was printed to iqtree_output_50/aln_segment_17781_to_18288.uniqueseq.phy

For your convenience alignment with unique sequences printed to iqtree_output_50/aln_segment_17781_to_18288.uniqueseq.phy

Create initial parsimony tree by phylogenetic likelihood library (PLL)... 0.00 seconds

NOTE: 0 MB RAM (0 GB) is required!
Measuring multi-threading efficiency up to 14 CPU cores
Increase to 10 rounds for branch lengths
14681 trees examined
Threads: 1 / Time: 14.00 sec / Speedup: 1.00 / Efficiency: 100% / LogL: -4103
Threads: 2 / Time: 64.12 sec / Speedup: 0.22 / Efficiency: 11% / LogL: -4103
BEST NUMBER OF THREADS: 1

Estimate model parameters (epsilon = 0.50)
1. Initial log-likelihood: -1624.13
2. Current log-likelihood: -1596.92
3. Current log-likelihood: -1590.91
4. Current log-likelihood: -1589.86
5. Current log-likelihood: -1588.81
6. Current log-likelihood: -1587.67
7. Current log-likelihood: -1587.15
Optimal log-likelihood: -1586.98
Rate parameters:  A-C: 1.04096  A-G: 2.98005  A-T: 0.00010  C-G: 2.94994  C-T: 4.64968  G-T: 1.00000
Warning! Some parameters hit the boundaries
Base frequencies:  A: 0.185  C: 0.269  G: 0.362  T: 0.184
Parameters optimization took 7 rounds (0.013 sec)
Wrote distance file to... 
Computing ML distances based on estimated model parameters...
Calculating distance matrix: done in 0.000815153 secs using 99.25% CPU
Computing ML distances took 0.000851 sec (of wall-clock time) 0.000830 sec (of CPU time)
Setting up auxiliary I and S matrices: done in 3.50475e-05 secs using 68.48% CPU
Computing RapidNJ tree took 0.000115 sec (of wall-clock time) 0.000084 sec (of CPU time)
Log-likelihood of RapidNJ tree: -1587.008
--------------------------------------------------------------------
|             INITIALIZING CANDIDATE TREE SET                      |
--------------------------------------------------------------------

Do NNI search on 2 best initial trees
BETTER TREE FOUND at iteration 1: -1586.980
Finish initializing candidate tree set (4)
Current best tree score: -1586.980 / CPU time: 0.003
Number of iterations: 2
TREE SEARCH COMPLETED AFTER 2 ITERATIONS / Time: 0h:1m:18s

--------------------------------------------------------------------
|                    FINALIZING TREE SEARCH                        |
--------------------------------------------------------------------
Performs final model parameters optimization
Estimate model parameters (epsilon = 0.050)
1. Initial log-likelihood: -1586.980
2. Current log-likelihood: -1586.768
3. Current log-likelihood: -1586.703
Optimal log-likelihood: -1586.662
Rate parameters:  A-C: 0.82956  A-G: 2.74614  A-T: 0.00010  C-G: 2.57422  C-T: 4.56559  G-T: 1.00000
Warning! Some parameters hit the boundaries
Base frequencies:  A: 0.185  C: 0.269  G: 0.362  T: 0.184
Parameters optimization took 3 rounds (0.004 sec)
BEST SCORE FOUND : -1586.662
Total tree length: 0.461

Total number of iterations: 2
CPU time used for tree search: 0.003 sec (0h:0m:0s)
Wall-clock time used for tree search: 0.003 sec (0h:0m:0s)
Total CPU time used: 45.769 sec (0h:0m:45s)
Total wall-clock time used: 78.154 sec (0h:1m:18s)

Analysis results written to: 
  IQ-TREE report:                iqtree_output_50/aln_segment_17781_to_18288.iqtree
  Maximum-likelihood tree:       iqtree_output_50/aln_segment_17781_to_18288.treefile
  Likelihood distances:          iqtree_output_50/aln_segment_17781_to_18288.mldist
  Screen log file:               iqtree_output_50/aln_segment_17781_to_18288.log

Date and Time: Wed Oct 29 15:08:31 2025
