IQ-TREE multicore version 2.3.6 for MacOS ARM 64-bit built Jul 30 2024
Developed by Bui Quang Minh, Nguyen Lam Tung, Olga Chernomor, Heiko Schmidt,
Dominik Schrempf, Michael Woodhams, Ly Trong Nhan, Thomas Wong

Host:    SUN1029323 (SSE4.2, 36 GB RAM)
Command: iqtree2 -s iqtree_output_50/aln_segment_17273_to_17780.fasta -m GTR -nt AUTO -fast -pre iqtree_output_50/aln_segment_17273_to_17780
Seed:    46050 (Using SPRNG - Scalable Parallel Random Number Generator)
Time:    Wed Oct 29 15:06:09 2025
Kernel:  SSE2 - auto-detect threads (14 CPU cores detected)

Reading alignment file iqtree_output_50/aln_segment_17273_to_17780.fasta ... Fasta format detected
Reading fasta file: done in 0.000427008 secs using 87.59% CPU
Alignment most likely contains DNA/RNA sequences
Alignment has 104 sequences with 508 columns, 181 distinct patterns
91 parsimony-informative, 107 singleton sites, 310 constant sites
Analyzing sequences: done in 5.88894e-05 secs using 73.02% CPU
WARNING: 1 sequences contain more than 50% gaps/ambiguity
NOTE: 46 identical sequences (see below) will be ignored for subsequent analysis
Alignment was printed to iqtree_output_50/aln_segment_17273_to_17780.uniqueseq.phy

For your convenience alignment with unique sequences printed to iqtree_output_50/aln_segment_17273_to_17780.uniqueseq.phy

Create initial parsimony tree by phylogenetic likelihood library (PLL)... 0.00 seconds

NOTE: 0 MB RAM (0 GB) is required!
Measuring multi-threading efficiency up to 14 CPU cores
Increase to 10 rounds for branch lengths
4225 trees examined
Threads: 1 / Time: 14.00 sec / Speedup: 1.00 / Efficiency: 100% / LogL: -7757
Threads: 2 / Time: 50.43 sec / Speedup: 0.28 / Efficiency: 14% / LogL: -7757
BEST NUMBER OF THREADS: 1

Estimate model parameters (epsilon = 0.50)
1. Initial log-likelihood: -1832.22
2. Current log-likelihood: -1814.62
Optimal log-likelihood: -1814.50
Rate parameters:  A-C: 1.39347  A-G: 2.02120  A-T: 0.80811  C-G: 1.23505  C-T: 3.05562  G-T: 1.00000
Base frequencies:  A: 0.188  C: 0.284  G: 0.376  T: 0.152
Parameters optimization took 2 rounds (0.009 sec)
Wrote distance file to... 
Computing ML distances based on estimated model parameters...
Calculating distance matrix: done in 0.00219107 secs using 99.36% CPU
Computing ML distances took 0.002241 sec (of wall-clock time) 0.002208 sec (of CPU time)
Setting up auxiliary I and S matrices: done in 5.22137e-05 secs using 84.27% CPU
Computing RapidNJ tree took 0.000184 sec (of wall-clock time) 0.000200 sec (of CPU time)
Log-likelihood of RapidNJ tree: -1845.399
--------------------------------------------------------------------
|             INITIALIZING CANDIDATE TREE SET                      |
--------------------------------------------------------------------

Do NNI search on 2 best initial trees
BETTER TREE FOUND at iteration 1: -1814.500
Finish initializing candidate tree set (4)
Current best tree score: -1814.500 / CPU time: 0.011
Number of iterations: 2
TREE SEARCH COMPLETED AFTER 2 ITERATIONS / Time: 0h:1m:4s

--------------------------------------------------------------------
|                    FINALIZING TREE SEARCH                        |
--------------------------------------------------------------------
Performs final model parameters optimization
Estimate model parameters (epsilon = 0.050)
1. Initial log-likelihood: -1814.500
Optimal log-likelihood: -1814.500
Rate parameters:  A-C: 1.39279  A-G: 2.01969  A-T: 0.80665  C-G: 1.23779  C-T: 3.05652  G-T: 1.00000
Base frequencies:  A: 0.188  C: 0.284  G: 0.376  T: 0.152
Parameters optimization took 1 rounds (0.002 sec)
BEST SCORE FOUND : -1814.500
Total tree length: 0.608

Total number of iterations: 2
CPU time used for tree search: 0.011 sec (0h:0m:0s)
Wall-clock time used for tree search: 0.011 sec (0h:0m:0s)
Total CPU time used: 42.547 sec (0h:0m:42s)
Total wall-clock time used: 64.467 sec (0h:1m:4s)

Analysis results written to: 
  IQ-TREE report:                iqtree_output_50/aln_segment_17273_to_17780.iqtree
  Maximum-likelihood tree:       iqtree_output_50/aln_segment_17273_to_17780.treefile
  Likelihood distances:          iqtree_output_50/aln_segment_17273_to_17780.mldist
  Screen log file:               iqtree_output_50/aln_segment_17273_to_17780.log

Date and Time: Wed Oct 29 15:07:13 2025
