IQ-TREE multicore version 2.3.6 for MacOS ARM 64-bit built Jul 30 2024
Developed by Bui Quang Minh, Nguyen Lam Tung, Olga Chernomor, Heiko Schmidt,
Dominik Schrempf, Michael Woodhams, Ly Trong Nhan, Thomas Wong

Host:    SUN1029323 (SSE4.2, 36 GB RAM)
Command: iqtree2 -s iqtree_output_50/aln_segment_3557_to_4064.fasta -m GTR -nt AUTO -fast -pre iqtree_output_50/aln_segment_3557_to_4064
Seed:    242668 (Using SPRNG - Scalable Parallel Random Number Generator)
Time:    Wed Oct 29 14:42:47 2025
Kernel:  SSE2 - auto-detect threads (14 CPU cores detected)

Reading alignment file iqtree_output_50/aln_segment_3557_to_4064.fasta ... Fasta format detected
Reading fasta file: done in 0.000422001 secs using 88.15% CPU
Alignment most likely contains DNA/RNA sequences
Alignment has 104 sequences with 508 columns, 117 distinct patterns
80 parsimony-informative, 73 singleton sites, 355 constant sites
Analyzing sequences: done in 4.98295e-05 secs using 74.25% CPU
WARNING: 1 sequences contain more than 50% gaps/ambiguity
NOTE: 56 identical sequences (see below) will be ignored for subsequent analysis
Alignment was printed to iqtree_output_50/aln_segment_3557_to_4064.uniqueseq.phy

For your convenience alignment with unique sequences printed to iqtree_output_50/aln_segment_3557_to_4064.uniqueseq.phy

Create initial parsimony tree by phylogenetic likelihood library (PLL)... 0.00 seconds

NOTE: 0 MB RAM (0 GB) is required!
Measuring multi-threading efficiency up to 14 CPU cores
Increase to 10 rounds for branch lengths
10765 trees examined
Threads: 1 / Time: 14.00 sec / Speedup: 1.00 / Efficiency: 100% / LogL: -5773
Threads: 2 / Time: 61.59 sec / Speedup: 0.23 / Efficiency: 11% / LogL: -5773
BEST NUMBER OF THREADS: 1

Estimate model parameters (epsilon = 0.50)
1. Initial log-likelihood: -1680.05
2. Current log-likelihood: -1639.24
Optimal log-likelihood: -1639.18
Rate parameters:  A-C: 0.48634  A-G: 3.31942  A-T: 0.43044  C-G: 2.06336  C-T: 4.03190  G-T: 1.00000
Base frequencies:  A: 0.188  C: 0.331  G: 0.320  T: 0.161
Parameters optimization took 2 rounds (0.008 sec)
Wrote distance file to... 
Computing ML distances based on estimated model parameters...
Calculating distance matrix: done in 0.00135708 secs using 99.4% CPU
Computing ML distances took 0.001392 sec (of wall-clock time) 0.001371 sec (of CPU time)
Setting up auxiliary I and S matrices: done in 4.00543e-05 secs using 79.89% CPU
Computing RapidNJ tree took 0.000166 sec (of wall-clock time) 0.000146 sec (of CPU time)
Log-likelihood of RapidNJ tree: -1644.948
--------------------------------------------------------------------
|             INITIALIZING CANDIDATE TREE SET                      |
--------------------------------------------------------------------

Do NNI search on 2 best initial trees
Estimate model parameters (epsilon = 0.500)
BETTER TREE FOUND at iteration 1: -1637.596
Finish initializing candidate tree set (4)
Current best tree score: -1637.596 / CPU time: 0.011
Number of iterations: 2
TREE SEARCH COMPLETED AFTER 2 ITERATIONS / Time: 0h:1m:15s

--------------------------------------------------------------------
|                    FINALIZING TREE SEARCH                        |
--------------------------------------------------------------------
Performs final model parameters optimization
Estimate model parameters (epsilon = 0.050)
1. Initial log-likelihood: -1637.596
Optimal log-likelihood: -1637.596
Rate parameters:  A-C: 0.49086  A-G: 3.32370  A-T: 0.43439  C-G: 2.06427  C-T: 4.02983  G-T: 1.00000
Base frequencies:  A: 0.188  C: 0.331  G: 0.320  T: 0.161
Parameters optimization took 1 rounds (0.001 sec)
BEST SCORE FOUND : -1637.596
Total tree length: 0.444

Total number of iterations: 2
CPU time used for tree search: 0.011 sec (0h:0m:0s)
Wall-clock time used for tree search: 0.012 sec (0h:0m:0s)
Total CPU time used: 44.720 sec (0h:0m:44s)
Total wall-clock time used: 75.618 sec (0h:1m:15s)

Analysis results written to: 
  IQ-TREE report:                iqtree_output_50/aln_segment_3557_to_4064.iqtree
  Maximum-likelihood tree:       iqtree_output_50/aln_segment_3557_to_4064.treefile
  Likelihood distances:          iqtree_output_50/aln_segment_3557_to_4064.mldist
  Screen log file:               iqtree_output_50/aln_segment_3557_to_4064.log

Date and Time: Wed Oct 29 14:44:02 2025
