IQ-TREE multicore version 2.3.6 for MacOS ARM 64-bit built Jul 30 2024
Developed by Bui Quang Minh, Nguyen Lam Tung, Olga Chernomor, Heiko Schmidt,
Dominik Schrempf, Michael Woodhams, Ly Trong Nhan, Thomas Wong

Host:    SUN1029323 (SSE4.2, 36 GB RAM)
Command: iqtree2 -s iqtree_output_50/aln_segment_11177_to_11684.fasta -m GTR -nt AUTO -fast -pre iqtree_output_50/aln_segment_11177_to_11684
Seed:    41554 (Using SPRNG - Scalable Parallel Random Number Generator)
Time:    Wed Oct 29 14:57:16 2025
Kernel:  SSE2 - auto-detect threads (14 CPU cores detected)

Reading alignment file iqtree_output_50/aln_segment_11177_to_11684.fasta ... Fasta format detected
Reading fasta file: done in 0.0004251 secs using 87.74% CPU
Alignment most likely contains DNA/RNA sequences
Alignment has 104 sequences with 508 columns, 123 distinct patterns
75 parsimony-informative, 93 singleton sites, 340 constant sites
Analyzing sequences: done in 5.19753e-05 secs using 82.73% CPU
WARNING: 2 sequences contain more than 50% gaps/ambiguity
NOTE: 64 identical sequences (see below) will be ignored for subsequent analysis
Alignment was printed to iqtree_output_50/aln_segment_11177_to_11684.uniqueseq.phy

For your convenience alignment with unique sequences printed to iqtree_output_50/aln_segment_11177_to_11684.uniqueseq.phy

Create initial parsimony tree by phylogenetic likelihood library (PLL)... 0.00 seconds

NOTE: 0 MB RAM (0 GB) is required!
Measuring multi-threading efficiency up to 14 CPU cores
Increase to 10 rounds for branch lengths
12438 trees examined
Threads: 1 / Time: 14.00 sec / Speedup: 1.00 / Efficiency: 100% / LogL: -4026
Threads: 2 / Time: 59.72 sec / Speedup: 0.23 / Efficiency: 12% / LogL: -4026
BEST NUMBER OF THREADS: 1

Estimate model parameters (epsilon = 0.50)
1. Initial log-likelihood: -1662.87
2. Current log-likelihood: -1620.87
3. Current log-likelihood: -1619.43
Optimal log-likelihood: -1619.27
Rate parameters:  A-C: 0.56995  A-G: 2.30799  A-T: 0.00010  C-G: 1.12645  C-T: 3.02127  G-T: 1.00000
Warning! Some parameters hit the boundaries
Base frequencies:  A: 0.164  C: 0.327  G: 0.327  T: 0.181
Parameters optimization took 3 rounds (0.006 sec)
Wrote distance file to... 
Computing ML distances based on estimated model parameters...
Calculating distance matrix: done in 0.00089407 secs using 99.32% CPU
Computing ML distances took 0.000926 sec (of wall-clock time) 0.000908 sec (of CPU time)
Setting up auxiliary I and S matrices: done in 3.21865e-05 secs using 77.67% CPU
Computing RapidNJ tree took 0.000122 sec (of wall-clock time) 0.000093 sec (of CPU time)
Log-likelihood of RapidNJ tree: -1626.226
--------------------------------------------------------------------
|             INITIALIZING CANDIDATE TREE SET                      |
--------------------------------------------------------------------

Do NNI search on 2 best initial trees
Estimate model parameters (epsilon = 0.500)
BETTER TREE FOUND at iteration 1: -1618.417
Finish initializing candidate tree set (4)
Current best tree score: -1618.417 / CPU time: 0.010
Number of iterations: 2
TREE SEARCH COMPLETED AFTER 2 ITERATIONS / Time: 0h:1m:13s

--------------------------------------------------------------------
|                    FINALIZING TREE SEARCH                        |
--------------------------------------------------------------------
Performs final model parameters optimization
Estimate model parameters (epsilon = 0.050)
1. Initial log-likelihood: -1618.417
Optimal log-likelihood: -1618.412
Rate parameters:  A-C: 0.55637  A-G: 2.23248  A-T: 0.00010  C-G: 1.12078  C-T: 3.12537  G-T: 1.00000
Warning! Some parameters hit the boundaries
Base frequencies:  A: 0.164  C: 0.327  G: 0.327  T: 0.181
Parameters optimization took 1 rounds (0.002 sec)
BEST SCORE FOUND : -1618.412
Total tree length: 0.499

Total number of iterations: 2
CPU time used for tree search: 0.009 sec (0h:0m:0s)
Wall-clock time used for tree search: 0.010 sec (0h:0m:0s)
Total CPU time used: 44.426 sec (0h:0m:44s)
Total wall-clock time used: 73.746 sec (0h:1m:13s)

Analysis results written to: 
  IQ-TREE report:                iqtree_output_50/aln_segment_11177_to_11684.iqtree
  Maximum-likelihood tree:       iqtree_output_50/aln_segment_11177_to_11684.treefile
  Likelihood distances:          iqtree_output_50/aln_segment_11177_to_11684.mldist
  Screen log file:               iqtree_output_50/aln_segment_11177_to_11684.log

Date and Time: Wed Oct 29 14:58:29 2025
