IQ-TREE multicore version 2.3.6 for MacOS ARM 64-bit built Jul 30 2024
Developed by Bui Quang Minh, Nguyen Lam Tung, Olga Chernomor, Heiko Schmidt,
Dominik Schrempf, Michael Woodhams, Ly Trong Nhan, Thomas Wong

Host:    SUN1029323 (SSE4.2, 36 GB RAM)
Command: iqtree2 -s iqtree_output_50/aln_segment_14225_to_14732.fasta -m GTR -nt AUTO -fast -pre iqtree_output_50/aln_segment_14225_to_14732
Seed:    603979 (Using SPRNG - Scalable Parallel Random Number Generator)
Time:    Wed Oct 29 15:03:45 2025
Kernel:  SSE2 - auto-detect threads (14 CPU cores detected)

Reading alignment file iqtree_output_50/aln_segment_14225_to_14732.fasta ... Fasta format detected
Reading fasta file: done in 0.000423908 secs using 88.7% CPU
Alignment most likely contains DNA/RNA sequences
Alignment has 104 sequences with 508 columns, 88 distinct patterns
79 parsimony-informative, 93 singleton sites, 336 constant sites
Analyzing sequences: done in 4.88758e-05 secs using 67.52% CPU
NOTE: 54 identical sequences (see below) will be ignored for subsequent analysis
Alignment was printed to iqtree_output_50/aln_segment_14225_to_14732.uniqueseq.phy

For your convenience alignment with unique sequences printed to iqtree_output_50/aln_segment_14225_to_14732.uniqueseq.phy

Create initial parsimony tree by phylogenetic likelihood library (PLL)... 0.00 seconds

NOTE: 0 MB RAM (0 GB) is required!
Measuring multi-threading efficiency up to 14 CPU cores
Increase to 10 rounds for branch lengths
10927 trees examined
Threads: 1 / Time: 14.00 sec / Speedup: 1.00 / Efficiency: 100% / LogL: -5893
Threads: 2 / Time: 69.59 sec / Speedup: 0.20 / Efficiency: 10% / LogL: -5893
BEST NUMBER OF THREADS: 1

Estimate model parameters (epsilon = 0.50)
1. Initial log-likelihood: -1757.18
2. Current log-likelihood: -1723.73
3. Current log-likelihood: -1722.00
Optimal log-likelihood: -1721.97
Rate parameters:  A-C: 2.84656  A-G: 5.16346  A-T: 0.00010  C-G: 2.86092  C-T: 4.88345  G-T: 1.00000
Warning! Some parameters hit the boundaries
Base frequencies:  A: 0.119  C: 0.334  G: 0.318  T: 0.229
Parameters optimization took 3 rounds (0.008 sec)
Wrote distance file to... 
Computing ML distances based on estimated model parameters...
Calculating distance matrix: done in 0.00135088 secs using 99.42% CPU
Computing ML distances took 0.001386 sec (of wall-clock time) 0.001365 sec (of CPU time)
Setting up auxiliary I and S matrices: done in 4.72069e-05 secs using 78.38% CPU
Computing RapidNJ tree took 0.000155 sec (of wall-clock time) 0.000150 sec (of CPU time)
Log-likelihood of RapidNJ tree: -1735.093
--------------------------------------------------------------------
|             INITIALIZING CANDIDATE TREE SET                      |
--------------------------------------------------------------------

Do NNI search on 2 best initial trees
Estimate model parameters (epsilon = 0.500)
BETTER TREE FOUND at iteration 1: -1715.331
Finish initializing candidate tree set (4)
Current best tree score: -1715.331 / CPU time: 0.009
Number of iterations: 2
TREE SEARCH COMPLETED AFTER 2 ITERATIONS / Time: 0h:1m:23s

--------------------------------------------------------------------
|                    FINALIZING TREE SEARCH                        |
--------------------------------------------------------------------
Performs final model parameters optimization
Estimate model parameters (epsilon = 0.050)
1. Initial log-likelihood: -1715.331
Optimal log-likelihood: -1715.330
Rate parameters:  A-C: 2.69238  A-G: 5.15676  A-T: 0.00010  C-G: 2.85355  C-T: 4.86650  G-T: 1.00000
Warning! Some parameters hit the boundaries
Base frequencies:  A: 0.119  C: 0.334  G: 0.318  T: 0.229
Parameters optimization took 1 rounds (0.003 sec)
BEST SCORE FOUND : -1715.330
Total tree length: 0.493

Total number of iterations: 2
CPU time used for tree search: 0.009 sec (0h:0m:0s)
Wall-clock time used for tree search: 0.009 sec (0h:0m:0s)
Total CPU time used: 47.906 sec (0h:0m:47s)
Total wall-clock time used: 83.620 sec (0h:1m:23s)

Analysis results written to: 
  IQ-TREE report:                iqtree_output_50/aln_segment_14225_to_14732.iqtree
  Maximum-likelihood tree:       iqtree_output_50/aln_segment_14225_to_14732.treefile
  Likelihood distances:          iqtree_output_50/aln_segment_14225_to_14732.mldist
  Screen log file:               iqtree_output_50/aln_segment_14225_to_14732.log

Date and Time: Wed Oct 29 15:05:09 2025
