IQ-TREE multicore version 2.3.6 for MacOS ARM 64-bit built Jul 30 2024
Developed by Bui Quang Minh, Nguyen Lam Tung, Olga Chernomor, Heiko Schmidt,
Dominik Schrempf, Michael Woodhams, Ly Trong Nhan, Thomas Wong

Host:    SUN1029323 (SSE4.2, 36 GB RAM)
Command: iqtree2 -s iqtree_output_50/aln_segment_5081_to_5588.fasta -m GTR -nt AUTO -fast -pre iqtree_output_50/aln_segment_5081_to_5588
Seed:    619855 (Using SPRNG - Scalable Parallel Random Number Generator)
Time:    Wed Oct 29 14:46:40 2025
Kernel:  SSE2 - auto-detect threads (14 CPU cores detected)

Reading alignment file iqtree_output_50/aln_segment_5081_to_5588.fasta ... Fasta format detected
Reading fasta file: done in 0.000417948 secs using 89.01% CPU
Alignment most likely contains DNA/RNA sequences
Alignment has 104 sequences with 508 columns, 79 distinct patterns
78 parsimony-informative, 57 singleton sites, 373 constant sites
Analyzing sequences: done in 5.60284e-05 secs using 67.82% CPU
NOTE: 69 identical sequences (see below) will be ignored for subsequent analysis
Alignment was printed to iqtree_output_50/aln_segment_5081_to_5588.uniqueseq.phy

For your convenience alignment with unique sequences printed to iqtree_output_50/aln_segment_5081_to_5588.uniqueseq.phy

Create initial parsimony tree by phylogenetic likelihood library (PLL)... 0.00 seconds

NOTE: 0 MB RAM (0 GB) is required!
Measuring multi-threading efficiency up to 14 CPU cores
Increase to 10 rounds for branch lengths
18946 trees examined
Threads: 1 / Time: 14.00 sec / Speedup: 1.00 / Efficiency: 100% / LogL: -4154
Threads: 2 / Time: 72.53 sec / Speedup: 0.19 / Efficiency: 10% / LogL: -4154
BEST NUMBER OF THREADS: 1

Estimate model parameters (epsilon = 0.50)
1. Initial log-likelihood: -1541.55
2. Current log-likelihood: -1508.09
Optimal log-likelihood: -1507.62
Rate parameters:  A-C: 0.57883  A-G: 2.75710  A-T: 0.00010  C-G: 1.43170  C-T: 2.46344  G-T: 1.00000
Warning! Some parameters hit the boundaries
Base frequencies:  A: 0.167  C: 0.319  G: 0.334  T: 0.179
Parameters optimization took 2 rounds (0.003 sec)
Wrote distance file to... 
Computing ML distances based on estimated model parameters...
Calculating distance matrix: done in 0.000797987 secs using 98.5% CPU
Computing ML distances took 0.000834 sec (of wall-clock time) 0.000803 sec (of CPU time)
Setting up auxiliary I and S matrices: done in 2.7895e-05 secs using 78.87% CPU
Computing RapidNJ tree took 0.000098 sec (of wall-clock time) 0.000076 sec (of CPU time)
Log-likelihood of RapidNJ tree: -1508.405
--------------------------------------------------------------------
|             INITIALIZING CANDIDATE TREE SET                      |
--------------------------------------------------------------------

Do NNI search on 2 best initial trees
BETTER TREE FOUND at iteration 1: -1507.623
Finish initializing candidate tree set (4)
Current best tree score: -1507.623 / CPU time: 0.002
Number of iterations: 2
TREE SEARCH COMPLETED AFTER 2 ITERATIONS / Time: 0h:1m:26s

--------------------------------------------------------------------
|                    FINALIZING TREE SEARCH                        |
--------------------------------------------------------------------
Performs final model parameters optimization
Estimate model parameters (epsilon = 0.050)
1. Initial log-likelihood: -1507.623
Optimal log-likelihood: -1507.604
Rate parameters:  A-C: 0.60406  A-G: 2.77911  A-T: 0.00010  C-G: 1.43952  C-T: 2.48585  G-T: 1.00000
Warning! Some parameters hit the boundaries
Base frequencies:  A: 0.167  C: 0.319  G: 0.334  T: 0.179
Parameters optimization took 1 rounds (0.002 sec)
BEST SCORE FOUND : -1507.604
Total tree length: 0.370

Total number of iterations: 2
CPU time used for tree search: 0.002 sec (0h:0m:0s)
Wall-clock time used for tree search: 0.002 sec (0h:0m:0s)
Total CPU time used: 48.515 sec (0h:0m:48s)
Total wall-clock time used: 86.551 sec (0h:1m:26s)

Analysis results written to: 
  IQ-TREE report:                iqtree_output_50/aln_segment_5081_to_5588.iqtree
  Maximum-likelihood tree:       iqtree_output_50/aln_segment_5081_to_5588.treefile
  Likelihood distances:          iqtree_output_50/aln_segment_5081_to_5588.mldist
  Screen log file:               iqtree_output_50/aln_segment_5081_to_5588.log

Date and Time: Wed Oct 29 14:48:07 2025
