IQ-TREE multicore version 2.3.6 for MacOS ARM 64-bit built Jul 30 2024
Developed by Bui Quang Minh, Nguyen Lam Tung, Olga Chernomor, Heiko Schmidt,
Dominik Schrempf, Michael Woodhams, Ly Trong Nhan, Thomas Wong

Host:    SUN1029323 (SSE4.2, 36 GB RAM)
Command: iqtree2 -s iqtree_output_50/aln_segment_8637_to_9144.fasta -m GTR -nt AUTO -fast -pre iqtree_output_50/aln_segment_8637_to_9144
Seed:    905660 (Using SPRNG - Scalable Parallel Random Number Generator)
Time:    Wed Oct 29 14:55:09 2025
Kernel:  SSE2 - auto-detect threads (14 CPU cores detected)

Reading alignment file iqtree_output_50/aln_segment_8637_to_9144.fasta ... Fasta format detected
Reading fasta file: done in 0.000415087 secs using 87.93% CPU
Alignment most likely contains DNA/RNA sequences
Alignment has 104 sequences with 508 columns, 204 distinct patterns
157 parsimony-informative, 107 singleton sites, 244 constant sites
Analyzing sequences: done in 5.91278e-05 secs using 96.4% CPU
WARNING: 1 sequences contain more than 50% gaps/ambiguity
NOTE: 32 identical sequences (see below) will be ignored for subsequent analysis
Alignment was printed to iqtree_output_50/aln_segment_8637_to_9144.uniqueseq.phy

For your convenience alignment with unique sequences printed to iqtree_output_50/aln_segment_8637_to_9144.uniqueseq.phy

Create initial parsimony tree by phylogenetic likelihood library (PLL)... 0.00 seconds

NOTE: 0 MB RAM (0 GB) is required!
Measuring multi-threading efficiency up to 14 CPU cores
Increase to 10 rounds for branch lengths
3457 trees examined
Threads: 1 / Time: 14.00 sec / Speedup: 1.00 / Efficiency: 100% / LogL: -11996
Threads: 2 / Time: 47.02 sec / Speedup: 0.30 / Efficiency: 15% / LogL: -11996
BEST NUMBER OF THREADS: 1

Estimate model parameters (epsilon = 0.50)
1. Initial log-likelihood: -2354.36
2. Current log-likelihood: -2312.56
Optimal log-likelihood: -2312.27
Rate parameters:  A-C: 0.68773  A-G: 1.81252  A-T: 0.42665  C-G: 0.86398  C-T: 2.15953  G-T: 1.00000
Base frequencies:  A: 0.196  C: 0.289  G: 0.310  T: 0.205
Parameters optimization took 2 rounds (0.010 sec)
Wrote distance file to... 
Computing ML distances based on estimated model parameters...
Calculating distance matrix: done in 0.00340104 secs using 99.7% CPU
Computing ML distances took 0.003450 sec (of wall-clock time) 0.003430 sec (of CPU time)
Setting up auxiliary I and S matrices: done in 7.58171e-05 secs using 81.78% CPU
Computing RapidNJ tree took 0.000252 sec (of wall-clock time) 0.000300 sec (of CPU time)
Log-likelihood of RapidNJ tree: -2351.249
--------------------------------------------------------------------
|             INITIALIZING CANDIDATE TREE SET                      |
--------------------------------------------------------------------

Do NNI search on 2 best initial trees
Estimate model parameters (epsilon = 0.500)
BETTER TREE FOUND at iteration 1: -2310.417
Estimate model parameters (epsilon = 0.500)
BETTER TREE FOUND at iteration 2: -2304.874
Finish initializing candidate tree set (4)
Current best tree score: -2304.874 / CPU time: 0.031
Number of iterations: 2
TREE SEARCH COMPLETED AFTER 2 ITERATIONS / Time: 0h:1m:1s

--------------------------------------------------------------------
|                    FINALIZING TREE SEARCH                        |
--------------------------------------------------------------------
Performs final model parameters optimization
Estimate model parameters (epsilon = 0.050)
1. Initial log-likelihood: -2304.874
Optimal log-likelihood: -2304.872
Rate parameters:  A-C: 0.72237  A-G: 1.85876  A-T: 0.38115  C-G: 0.83521  C-T: 2.12990  G-T: 1.00000
Base frequencies:  A: 0.196  C: 0.289  G: 0.310  T: 0.205
Parameters optimization took 1 rounds (0.002 sec)
BEST SCORE FOUND : -2304.872
Total tree length: 0.943

Total number of iterations: 2
CPU time used for tree search: 0.031 sec (0h:0m:0s)
Wall-clock time used for tree search: 0.031 sec (0h:0m:0s)
Total CPU time used: 41.937 sec (0h:0m:41s)
Total wall-clock time used: 61.086 sec (0h:1m:1s)

Analysis results written to: 
  IQ-TREE report:                iqtree_output_50/aln_segment_8637_to_9144.iqtree
  Maximum-likelihood tree:       iqtree_output_50/aln_segment_8637_to_9144.treefile
  Likelihood distances:          iqtree_output_50/aln_segment_8637_to_9144.mldist
  Screen log file:               iqtree_output_50/aln_segment_8637_to_9144.log

Date and Time: Wed Oct 29 14:56:10 2025
