IQ-TREE multicore version 2.3.6 for MacOS ARM 64-bit built Jul 30 2024
Developed by Bui Quang Minh, Nguyen Lam Tung, Olga Chernomor, Heiko Schmidt,
Dominik Schrempf, Michael Woodhams, Ly Trong Nhan, Thomas Wong

Host:    SUN1029323 (SSE4.2, 36 GB RAM)
Command: iqtree2 -s iqtree_output_50/aln_segment_25401_to_25908.fasta -m GTR -nt AUTO -fast -pre iqtree_output_50/aln_segment_25401_to_25908
Seed:    403518 (Using SPRNG - Scalable Parallel Random Number Generator)
Time:    Wed Oct 29 15:19:08 2025
Kernel:  SSE2 - auto-detect threads (14 CPU cores detected)

Reading alignment file iqtree_output_50/aln_segment_25401_to_25908.fasta ... Fasta format detected
Reading fasta file: done in 0.000555992 secs using 89.75% CPU
Alignment most likely contains DNA/RNA sequences
Alignment has 104 sequences with 508 columns, 104 distinct patterns
101 parsimony-informative, 66 singleton sites, 341 constant sites
Analyzing sequences: done in 4.98295e-05 secs using 66.23% CPU
NOTE: 50 identical sequences (see below) will be ignored for subsequent analysis
Alignment was printed to iqtree_output_50/aln_segment_25401_to_25908.uniqueseq.phy

For your convenience alignment with unique sequences printed to iqtree_output_50/aln_segment_25401_to_25908.uniqueseq.phy

Create initial parsimony tree by phylogenetic likelihood library (PLL)... 0.00 seconds

NOTE: 0 MB RAM (0 GB) is required!
Measuring multi-threading efficiency up to 14 CPU cores
Increase to 10 rounds for branch lengths
8200 trees examined
Threads: 1 / Time: 14.00 sec / Speedup: 1.00 / Efficiency: 100% / LogL: -9190
Threads: 2 / Time: 71.14 sec / Speedup: 0.20 / Efficiency: 10% / LogL: -9190
BEST NUMBER OF THREADS: 1

Estimate model parameters (epsilon = 0.50)
1. Initial log-likelihood: -1749.62
2. Current log-likelihood: -1715.62
Optimal log-likelihood: -1715.56
Rate parameters:  A-C: 0.39294  A-G: 2.13912  A-T: 0.18844  C-G: 1.27739  C-T: 2.34151  G-T: 1.00000
Base frequencies:  A: 0.165  C: 0.304  G: 0.359  T: 0.172
Parameters optimization took 2 rounds (0.008 sec)
Wrote distance file to... 
Computing ML distances based on estimated model parameters...
Calculating distance matrix: done in 0.00184703 secs using 99.51% CPU
Computing ML distances took 0.001885 sec (of wall-clock time) 0.001862 sec (of CPU time)
Setting up auxiliary I and S matrices: done in 4.91142e-05 secs using 81.44% CPU
Computing RapidNJ tree took 0.000163 sec (of wall-clock time) 0.000146 sec (of CPU time)
Log-likelihood of RapidNJ tree: -1714.119
--------------------------------------------------------------------
|             INITIALIZING CANDIDATE TREE SET                      |
--------------------------------------------------------------------

Do NNI search on 2 best initial trees
Estimate model parameters (epsilon = 0.500)
BETTER TREE FOUND at iteration 1: -1703.848
Finish initializing candidate tree set (4)
Current best tree score: -1703.848 / CPU time: 0.011
Number of iterations: 2
TREE SEARCH COMPLETED AFTER 2 ITERATIONS / Time: 0h:1m:25s

--------------------------------------------------------------------
|                    FINALIZING TREE SEARCH                        |
--------------------------------------------------------------------
Performs final model parameters optimization
Estimate model parameters (epsilon = 0.050)
1. Initial log-likelihood: -1703.848
Optimal log-likelihood: -1703.848
Rate parameters:  A-C: 0.38872  A-G: 2.22340  A-T: 0.20463  C-G: 1.36117  C-T: 2.42508  G-T: 1.00000
Base frequencies:  A: 0.165  C: 0.304  G: 0.359  T: 0.172
Parameters optimization took 1 rounds (0.001 sec)
BEST SCORE FOUND : -1703.848
Total tree length: 0.514

Total number of iterations: 2
CPU time used for tree search: 0.010 sec (0h:0m:0s)
Wall-clock time used for tree search: 0.011 sec (0h:0m:0s)
Total CPU time used: 47.303 sec (0h:0m:47s)
Total wall-clock time used: 85.171 sec (0h:1m:25s)

Analysis results written to: 
  IQ-TREE report:                iqtree_output_50/aln_segment_25401_to_25908.iqtree
  Maximum-likelihood tree:       iqtree_output_50/aln_segment_25401_to_25908.treefile
  Likelihood distances:          iqtree_output_50/aln_segment_25401_to_25908.mldist
  Screen log file:               iqtree_output_50/aln_segment_25401_to_25908.log

Date and Time: Wed Oct 29 15:20:33 2025
