IQ-TREE multicore version 2.3.6 for MacOS ARM 64-bit built Jul 30 2024
Developed by Bui Quang Minh, Nguyen Lam Tung, Olga Chernomor, Heiko Schmidt,
Dominik Schrempf, Michael Woodhams, Ly Trong Nhan, Thomas Wong

Host:    SUN1029323 (SSE4.2, 36 GB RAM)
Command: iqtree2 -s iqtree_output_50/aln_segment_10669_to_11176.fasta -m GTR -nt AUTO -fast -pre iqtree_output_50/aln_segment_10669_to_11176
Seed:    104271 (Using SPRNG - Scalable Parallel Random Number Generator)
Time:    Wed Oct 29 14:56:11 2025
Kernel:  SSE2 - auto-detect threads (14 CPU cores detected)

Reading alignment file iqtree_output_50/aln_segment_10669_to_11176.fasta ... Fasta format detected
Reading fasta file: done in 0.000422955 secs using 88.9% CPU
Alignment most likely contains DNA/RNA sequences
Alignment has 104 sequences with 508 columns, 182 distinct patterns
88 parsimony-informative, 102 singleton sites, 318 constant sites
Analyzing sequences: done in 3.69549e-05 secs using 119.1% CPU
WARNING: 15 sequences contain more than 50% gaps/ambiguity
NOTE: 52 identical sequences (see below) will be ignored for subsequent analysis
Alignment was printed to iqtree_output_50/aln_segment_10669_to_11176.uniqueseq.phy

For your convenience alignment with unique sequences printed to iqtree_output_50/aln_segment_10669_to_11176.uniqueseq.phy

Create initial parsimony tree by phylogenetic likelihood library (PLL)... 0.00 seconds

NOTE: 0 MB RAM (0 GB) is required!
Measuring multi-threading efficiency up to 14 CPU cores
Increase to 10 rounds for branch lengths
5145 trees examined
Threads: 1 / Time: 14.00 sec / Speedup: 1.00 / Efficiency: 100% / LogL: -5588
Threads: 2 / Time: 50.87 sec / Speedup: 0.28 / Efficiency: 14% / LogL: -5588
BEST NUMBER OF THREADS: 1

Estimate model parameters (epsilon = 0.50)
1. Initial log-likelihood: -1689.69
2. Current log-likelihood: -1663.36
Optimal log-likelihood: -1663.01
Rate parameters:  A-C: 0.68406  A-G: 2.57527  A-T: 0.86758  C-G: 1.37204  C-T: 3.51168  G-T: 1.00000
Base frequencies:  A: 0.162  C: 0.365  G: 0.372  T: 0.101
Parameters optimization took 2 rounds (0.008 sec)
Wrote distance file to... 
Computing ML distances based on estimated model parameters...
Calculating distance matrix: done in 0.00163603 secs using 99.57% CPU
Computing ML distances took 0.001689 sec (of wall-clock time) 0.001661 sec (of CPU time)
Setting up auxiliary I and S matrices: done in 4.60148e-05 secs using 78.24% CPU
Computing RapidNJ tree took 0.000166 sec (of wall-clock time) 0.000141 sec (of CPU time)
Log-likelihood of RapidNJ tree: -1678.389
--------------------------------------------------------------------
|             INITIALIZING CANDIDATE TREE SET                      |
--------------------------------------------------------------------

Do NNI search on 2 best initial trees
Estimate model parameters (epsilon = 0.500)
BETTER TREE FOUND at iteration 1: -1655.507
Finish initializing candidate tree set (4)
Current best tree score: -1655.507 / CPU time: 0.017
Number of iterations: 2
TREE SEARCH COMPLETED AFTER 2 ITERATIONS / Time: 0h:1m:4s

--------------------------------------------------------------------
|                    FINALIZING TREE SEARCH                        |
--------------------------------------------------------------------
Performs final model parameters optimization
Estimate model parameters (epsilon = 0.050)
1. Initial log-likelihood: -1655.507
Optimal log-likelihood: -1655.507
Rate parameters:  A-C: 0.68249  A-G: 2.58001  A-T: 0.87155  C-G: 1.37441  C-T: 3.50851  G-T: 1.00000
Base frequencies:  A: 0.162  C: 0.365  G: 0.372  T: 0.101
Parameters optimization took 1 rounds (0.001 sec)
BEST SCORE FOUND : -1655.507
Total tree length: 0.567

Total number of iterations: 2
CPU time used for tree search: 0.017 sec (0h:0m:0s)
Wall-clock time used for tree search: 0.017 sec (0h:0m:0s)
Total CPU time used: 42.895 sec (0h:0m:42s)
Total wall-clock time used: 64.904 sec (0h:1m:4s)

Analysis results written to: 
  IQ-TREE report:                iqtree_output_50/aln_segment_10669_to_11176.iqtree
  Maximum-likelihood tree:       iqtree_output_50/aln_segment_10669_to_11176.treefile
  Likelihood distances:          iqtree_output_50/aln_segment_10669_to_11176.mldist
  Screen log file:               iqtree_output_50/aln_segment_10669_to_11176.log

Date and Time: Wed Oct 29 14:57:16 2025
