IQ-TREE multicore version 2.3.6 for MacOS ARM 64-bit built Jul 30 2024
Developed by Bui Quang Minh, Nguyen Lam Tung, Olga Chernomor, Heiko Schmidt,
Dominik Schrempf, Michael Woodhams, Ly Trong Nhan, Thomas Wong

Host:    SUN1029323 (SSE4.2, 36 GB RAM)
Command: iqtree2 -s iqtree_output_50/aln_segment_4065_to_4572.fasta -m GTR -nt AUTO -fast -pre iqtree_output_50/aln_segment_4065_to_4572
Seed:    892402 (Using SPRNG - Scalable Parallel Random Number Generator)
Time:    Wed Oct 29 14:44:02 2025
Kernel:  SSE2 - auto-detect threads (14 CPU cores detected)

Reading alignment file iqtree_output_50/aln_segment_4065_to_4572.fasta ... Fasta format detected
Reading fasta file: done in 0.0004251 secs using 87.74% CPU
Alignment most likely contains DNA/RNA sequences
Alignment has 104 sequences with 508 columns, 124 distinct patterns
109 parsimony-informative, 60 singleton sites, 339 constant sites
Analyzing sequences: done in 5.07832e-05 secs using 82.7% CPU
WARNING: 1 sequences contain more than 50% gaps/ambiguity
NOTE: 61 identical sequences (see below) will be ignored for subsequent analysis
Alignment was printed to iqtree_output_50/aln_segment_4065_to_4572.uniqueseq.phy

For your convenience alignment with unique sequences printed to iqtree_output_50/aln_segment_4065_to_4572.uniqueseq.phy

Create initial parsimony tree by phylogenetic likelihood library (PLL)... 0.00 seconds

NOTE: 0 MB RAM (0 GB) is required!
Measuring multi-threading efficiency up to 14 CPU cores
Increase to 10 rounds for branch lengths
10621 trees examined
Threads: 1 / Time: 14.00 sec / Speedup: 1.00 / Efficiency: 100% / LogL: -6442
Threads: 2 / Time: 60.27 sec / Speedup: 0.23 / Efficiency: 12% / LogL: -6442
BEST NUMBER OF THREADS: 1

Estimate model parameters (epsilon = 0.50)
1. Initial log-likelihood: -1798.02
2. Current log-likelihood: -1762.14
Optimal log-likelihood: -1762.10
Rate parameters:  A-C: 0.84635  A-G: 2.25196  A-T: 0.17767  C-G: 1.45282  C-T: 2.90178  G-T: 1.00000
Base frequencies:  A: 0.178  C: 0.307  G: 0.313  T: 0.201
Parameters optimization took 2 rounds (0.004 sec)
Wrote distance file to... 
Computing ML distances based on estimated model parameters...
Calculating distance matrix: done in 0.00107408 secs using 99.34% CPU
Computing ML distances took 0.001104 sec (of wall-clock time) 0.001085 sec (of CPU time)
Setting up auxiliary I and S matrices: done in 3.38554e-05 secs using 76.8% CPU
Computing RapidNJ tree took 0.000118 sec (of wall-clock time) 0.000098 sec (of CPU time)
Log-likelihood of RapidNJ tree: -1769.690
--------------------------------------------------------------------
|             INITIALIZING CANDIDATE TREE SET                      |
--------------------------------------------------------------------

Do NNI search on 2 best initial trees
BETTER TREE FOUND at iteration 1: -1762.100
Estimate model parameters (epsilon = 0.500)
BETTER TREE FOUND at iteration 2: -1753.891
Finish initializing candidate tree set (4)
Current best tree score: -1753.891 / CPU time: 0.009
Number of iterations: 2
TREE SEARCH COMPLETED AFTER 2 ITERATIONS / Time: 0h:1m:14s

--------------------------------------------------------------------
|                    FINALIZING TREE SEARCH                        |
--------------------------------------------------------------------
Performs final model parameters optimization
Estimate model parameters (epsilon = 0.050)
1. Initial log-likelihood: -1753.891
Optimal log-likelihood: -1753.891
Rate parameters:  A-C: 0.82590  A-G: 2.31910  A-T: 0.17960  C-G: 1.42752  C-T: 2.85907  G-T: 1.00000
Base frequencies:  A: 0.178  C: 0.307  G: 0.313  T: 0.201
Parameters optimization took 1 rounds (0.001 sec)
BEST SCORE FOUND : -1753.891
Total tree length: 0.522

Total number of iterations: 2
CPU time used for tree search: 0.009 sec (0h:0m:0s)
Wall-clock time used for tree search: 0.009 sec (0h:0m:0s)
Total CPU time used: 44.559 sec (0h:0m:44s)
Total wall-clock time used: 74.293 sec (0h:1m:14s)

Analysis results written to: 
  IQ-TREE report:                iqtree_output_50/aln_segment_4065_to_4572.iqtree
  Maximum-likelihood tree:       iqtree_output_50/aln_segment_4065_to_4572.treefile
  Likelihood distances:          iqtree_output_50/aln_segment_4065_to_4572.mldist
  Screen log file:               iqtree_output_50/aln_segment_4065_to_4572.log

Date and Time: Wed Oct 29 14:45:17 2025
