IQ-TREE multicore version 2.3.6 for MacOS ARM 64-bit built Jul 30 2024
Developed by Bui Quang Minh, Nguyen Lam Tung, Olga Chernomor, Heiko Schmidt,
Dominik Schrempf, Michael Woodhams, Ly Trong Nhan, Thomas Wong

Host:    SUN1029323 (SSE4.2, 36 GB RAM)
Command: iqtree2 -s iqtree_output_50/aln_segment_24893_to_25400.fasta -m GTR -nt AUTO -fast -pre iqtree_output_50/aln_segment_24893_to_25400
Seed:    293891 (Using SPRNG - Scalable Parallel Random Number Generator)
Time:    Wed Oct 29 15:17:59 2025
Kernel:  SSE2 - auto-detect threads (14 CPU cores detected)

Reading alignment file iqtree_output_50/aln_segment_24893_to_25400.fasta ... Fasta format detected
Reading fasta file: done in 0.000546217 secs using 89.16% CPU
Alignment most likely contains DNA/RNA sequences
Alignment has 104 sequences with 508 columns, 209 distinct patterns
174 parsimony-informative, 62 singleton sites, 272 constant sites
Analyzing sequences: done in 7.79629e-05 secs using 79.53% CPU
NOTE: 22 identical sequences (see below) will be ignored for subsequent analysis
Alignment was printed to iqtree_output_50/aln_segment_24893_to_25400.uniqueseq.phy

For your convenience alignment with unique sequences printed to iqtree_output_50/aln_segment_24893_to_25400.uniqueseq.phy

Create initial parsimony tree by phylogenetic likelihood library (PLL)... 0.00 seconds

NOTE: 0 MB RAM (0 GB) is required!
Measuring multi-threading efficiency up to 14 CPU cores
Increase to 10 rounds for branch lengths
2850 trees examined
Threads: 1 / Time: 14.00 sec / Speedup: 1.00 / Efficiency: 100% / LogL: -15621
Threads: 2 / Time: 54.99 sec / Speedup: 0.25 / Efficiency: 13% / LogL: -15621
BEST NUMBER OF THREADS: 1

Estimate model parameters (epsilon = 0.50)
1. Initial log-likelihood: -2239.02
2. Current log-likelihood: -2195.36
Optimal log-likelihood: -2195.13
Rate parameters:  A-C: 0.81171  A-G: 1.60992  A-T: 0.48147  C-G: 0.82546  C-T: 2.18801  G-T: 1.00000
Base frequencies:  A: 0.210  C: 0.318  G: 0.259  T: 0.213
Parameters optimization took 2 rounds (0.013 sec)
Wrote distance file to... 
Computing ML distances based on estimated model parameters...
Calculating distance matrix: done in 0.00396514 secs using 99.64% CPU
Computing ML distances took 0.004033 sec (of wall-clock time) 0.003999 sec (of CPU time)
Setting up auxiliary I and S matrices: done in 0.000106096 secs using 84.83% CPU
Computing RapidNJ tree took 0.000355 sec (of wall-clock time) 0.000486 sec (of CPU time)
Log-likelihood of RapidNJ tree: -2253.233
--------------------------------------------------------------------
|             INITIALIZING CANDIDATE TREE SET                      |
--------------------------------------------------------------------

Do NNI search on 2 best initial trees
Estimate model parameters (epsilon = 0.500)
BETTER TREE FOUND at iteration 1: -2187.539
Finish initializing candidate tree set (4)
Current best tree score: -2187.539 / CPU time: 0.049
Number of iterations: 2
TREE SEARCH COMPLETED AFTER 2 ITERATIONS / Time: 0h:1m:9s

--------------------------------------------------------------------
|                    FINALIZING TREE SEARCH                        |
--------------------------------------------------------------------
Performs final model parameters optimization
Estimate model parameters (epsilon = 0.050)
1. Initial log-likelihood: -2187.539
Optimal log-likelihood: -2187.539
Rate parameters:  A-C: 0.85537  A-G: 1.68284  A-T: 0.47861  C-G: 0.85080  C-T: 2.33215  G-T: 1.00000
Base frequencies:  A: 0.210  C: 0.318  G: 0.259  T: 0.213
Parameters optimization took 1 rounds (0.003 sec)
BEST SCORE FOUND : -2187.539
Total tree length: 0.843

Total number of iterations: 2
CPU time used for tree search: 0.049 sec (0h:0m:0s)
Wall-clock time used for tree search: 0.049 sec (0h:0m:0s)
Total CPU time used: 47.415 sec (0h:0m:47s)
Total wall-clock time used: 69.074 sec (0h:1m:9s)

Analysis results written to: 
  IQ-TREE report:                iqtree_output_50/aln_segment_24893_to_25400.iqtree
  Maximum-likelihood tree:       iqtree_output_50/aln_segment_24893_to_25400.treefile
  Likelihood distances:          iqtree_output_50/aln_segment_24893_to_25400.mldist
  Screen log file:               iqtree_output_50/aln_segment_24893_to_25400.log

Date and Time: Wed Oct 29 15:19:08 2025
