IQ-TREE multicore version 2.3.6 for MacOS ARM 64-bit built Jul 30 2024
Developed by Bui Quang Minh, Nguyen Lam Tung, Olga Chernomor, Heiko Schmidt,
Dominik Schrempf, Michael Woodhams, Ly Trong Nhan, Thomas Wong

Host:    SUN1029323 (SSE4.2, 36 GB RAM)
Command: iqtree2 -s iqtree_output_50/aln_segment_29465_to_29972.fasta -m GTR -nt AUTO -fast -pre iqtree_output_50/aln_segment_29465_to_29972
Seed:    577459 (Using SPRNG - Scalable Parallel Random Number Generator)
Time:    Wed Oct 29 15:24:03 2025
Kernel:  SSE2 - auto-detect threads (14 CPU cores detected)

Reading alignment file iqtree_output_50/aln_segment_29465_to_29972.fasta ... Fasta format detected
Reading fasta file: done in 0.000411987 secs using 89.57% CPU
Alignment most likely contains DNA/RNA sequences
Alignment has 104 sequences with 508 columns, 117 distinct patterns
54 parsimony-informative, 61 singleton sites, 393 constant sites
Analyzing sequences: done in 6.60419e-05 secs using 71.17% CPU
NOTE: 61 identical sequences (see below) will be ignored for subsequent analysis
Alignment was printed to iqtree_output_50/aln_segment_29465_to_29972.uniqueseq.phy

For your convenience alignment with unique sequences printed to iqtree_output_50/aln_segment_29465_to_29972.uniqueseq.phy

Create initial parsimony tree by phylogenetic likelihood library (PLL)... 0.00 seconds

NOTE: 0 MB RAM (0 GB) is required!
Measuring multi-threading efficiency up to 14 CPU cores
Increase to 10 rounds for branch lengths
12530 trees examined
Threads: 1 / Time: 14.00 sec / Speedup: 1.00 / Efficiency: 100% / LogL: -4391
Threads: 2 / Time: 60.24 sec / Speedup: 0.23 / Efficiency: 12% / LogL: -4391
BEST NUMBER OF THREADS: 1

Estimate model parameters (epsilon = 0.50)
1. Initial log-likelihood: -1366.16
2. Current log-likelihood: -1348.05
3. Current log-likelihood: -1345.56
Optimal log-likelihood: -1345.53
Rate parameters:  A-C: 0.82995  A-G: 2.22040  A-T: 0.00010  C-G: 2.55002  C-T: 2.73066  G-T: 1.00000
Warning! Some parameters hit the boundaries
Base frequencies:  A: 0.157  C: 0.340  G: 0.339  T: 0.164
Parameters optimization took 3 rounds (0.007 sec)
Wrote distance file to... 
Computing ML distances based on estimated model parameters...
Calculating distance matrix: done in 0.00112987 secs using 99.39% CPU
Computing ML distances took 0.001164 sec (of wall-clock time) 0.001144 sec (of CPU time)
Setting up auxiliary I and S matrices: done in 3.40939e-05 secs using 82.13% CPU
Computing RapidNJ tree took 0.000130 sec (of wall-clock time) 0.000107 sec (of CPU time)
Log-likelihood of RapidNJ tree: -1345.566
--------------------------------------------------------------------
|             INITIALIZING CANDIDATE TREE SET                      |
--------------------------------------------------------------------

Do NNI search on 2 best initial trees
BETTER TREE FOUND at iteration 1: -1345.532
Finish initializing candidate tree set (4)
Current best tree score: -1345.532 / CPU time: 0.005
Number of iterations: 2
TREE SEARCH COMPLETED AFTER 2 ITERATIONS / Time: 0h:1m:14s

--------------------------------------------------------------------
|                    FINALIZING TREE SEARCH                        |
--------------------------------------------------------------------
Performs final model parameters optimization
Estimate model parameters (epsilon = 0.050)
1. Initial log-likelihood: -1345.532
Optimal log-likelihood: -1345.518
Rate parameters:  A-C: 0.83817  A-G: 2.29333  A-T: 0.00010  C-G: 2.57779  C-T: 2.74962  G-T: 1.00000
Warning! Some parameters hit the boundaries
Base frequencies:  A: 0.157  C: 0.340  G: 0.339  T: 0.164
Parameters optimization took 1 rounds (0.002 sec)
BEST SCORE FOUND : -1345.518
Total tree length: 0.295

Total number of iterations: 2
CPU time used for tree search: 0.005 sec (0h:0m:0s)
Wall-clock time used for tree search: 0.005 sec (0h:0m:0s)
Total CPU time used: 44.361 sec (0h:0m:44s)
Total wall-clock time used: 74.271 sec (0h:1m:14s)

Analysis results written to: 
  IQ-TREE report:                iqtree_output_50/aln_segment_29465_to_29972.iqtree
  Maximum-likelihood tree:       iqtree_output_50/aln_segment_29465_to_29972.treefile
  Likelihood distances:          iqtree_output_50/aln_segment_29465_to_29972.mldist
  Screen log file:               iqtree_output_50/aln_segment_29465_to_29972.log

Date and Time: Wed Oct 29 15:25:17 2025
