IQ-TREE multicore version 2.3.6 for MacOS ARM 64-bit built Jul 30 2024
Developed by Bui Quang Minh, Nguyen Lam Tung, Olga Chernomor, Heiko Schmidt,
Dominik Schrempf, Michael Woodhams, Ly Trong Nhan, Thomas Wong

Host:    SUN1029323 (SSE4.2, 36 GB RAM)
Command: iqtree2 -s iqtree_output_50/aln_segment_2033_to_2540.fasta -m GTR -nt AUTO -fast -pre iqtree_output_50/aln_segment_2033_to_2540
Seed:    698295 (Using SPRNG - Scalable Parallel Random Number Generator)
Time:    Wed Oct 29 14:40:33 2025
Kernel:  SSE2 - auto-detect threads (14 CPU cores detected)

Reading alignment file iqtree_output_50/aln_segment_2033_to_2540.fasta ... Fasta format detected
Reading fasta file: done in 0.00041914 secs using 89.23% CPU
Alignment most likely contains DNA/RNA sequences
Alignment has 104 sequences with 508 columns, 204 distinct patterns
142 parsimony-informative, 90 singleton sites, 276 constant sites
Analyzing sequences: done in 5.10216e-05 secs using 92.12% CPU
WARNING: 1 sequences contain more than 50% gaps/ambiguity
NOTE: 42 identical sequences (see below) will be ignored for subsequent analysis
Alignment was printed to iqtree_output_50/aln_segment_2033_to_2540.uniqueseq.phy

For your convenience alignment with unique sequences printed to iqtree_output_50/aln_segment_2033_to_2540.uniqueseq.phy

Create initial parsimony tree by phylogenetic likelihood library (PLL)... 0.00 seconds

NOTE: 0 MB RAM (0 GB) is required!
Measuring multi-threading efficiency up to 14 CPU cores
Increase to 10 rounds for branch lengths
4109 trees examined
Threads: 1 / Time: 14.00 sec / Speedup: 1.00 / Efficiency: 100% / LogL: -9486
Threads: 2 / Time: 47.81 sec / Speedup: 0.29 / Efficiency: 15% / LogL: -9486
BEST NUMBER OF THREADS: 1

Estimate model parameters (epsilon = 0.50)
1. Initial log-likelihood: -2109.49
2. Current log-likelihood: -2063.40
Optimal log-likelihood: -2063.19
Rate parameters:  A-C: 0.79498  A-G: 2.86486  A-T: 0.76253  C-G: 1.18676  C-T: 3.04275  G-T: 1.00000
Base frequencies:  A: 0.185  C: 0.329  G: 0.284  T: 0.202
Parameters optimization took 2 rounds (0.009 sec)
Wrote distance file to... 
Computing ML distances based on estimated model parameters...
Calculating distance matrix: done in 0.0024941 secs using 99.43% CPU
Computing ML distances took 0.002535 sec (of wall-clock time) 0.002512 sec (of CPU time)
Setting up auxiliary I and S matrices: done in 6.29425e-05 secs using 82.62% CPU
Computing RapidNJ tree took 0.000202 sec (of wall-clock time) 0.000254 sec (of CPU time)
Log-likelihood of RapidNJ tree: -2093.195
--------------------------------------------------------------------
|             INITIALIZING CANDIDATE TREE SET                      |
--------------------------------------------------------------------

Do NNI search on 2 best initial trees
BETTER TREE FOUND at iteration 1: -2063.185
Estimate model parameters (epsilon = 0.500)
BETTER TREE FOUND at iteration 2: -2061.744
Finish initializing candidate tree set (4)
Current best tree score: -2061.744 / CPU time: 0.024
Number of iterations: 2
TREE SEARCH COMPLETED AFTER 2 ITERATIONS / Time: 0h:1m:1s

--------------------------------------------------------------------
|                    FINALIZING TREE SEARCH                        |
--------------------------------------------------------------------
Performs final model parameters optimization
Estimate model parameters (epsilon = 0.050)
1. Initial log-likelihood: -2061.744
Optimal log-likelihood: -2061.743
Rate parameters:  A-C: 0.67689  A-G: 2.88327  A-T: 0.81085  C-G: 1.23160  C-T: 3.05129  G-T: 1.00000
Base frequencies:  A: 0.185  C: 0.329  G: 0.284  T: 0.202
Parameters optimization took 1 rounds (0.002 sec)
BEST SCORE FOUND : -2061.743
Total tree length: 0.797

Total number of iterations: 2
CPU time used for tree search: 0.024 sec (0h:0m:0s)
Wall-clock time used for tree search: 0.024 sec (0h:0m:0s)
Total CPU time used: 41.952 sec (0h:0m:41s)
Total wall-clock time used: 61.861 sec (0h:1m:1s)

Analysis results written to: 
  IQ-TREE report:                iqtree_output_50/aln_segment_2033_to_2540.iqtree
  Maximum-likelihood tree:       iqtree_output_50/aln_segment_2033_to_2540.treefile
  Likelihood distances:          iqtree_output_50/aln_segment_2033_to_2540.mldist
  Screen log file:               iqtree_output_50/aln_segment_2033_to_2540.log

Date and Time: Wed Oct 29 14:41:35 2025
