IQ-TREE multicore version 2.3.6 for MacOS ARM 64-bit built Jul 30 2024
Developed by Bui Quang Minh, Nguyen Lam Tung, Olga Chernomor, Heiko Schmidt,
Dominik Schrempf, Michael Woodhams, Ly Trong Nhan, Thomas Wong

Host:    SUN1029323 (SSE4.2, 36 GB RAM)
Command: iqtree2 -s iqtree_output_50/aln_segment_12701_to_13208.fasta -m GTR -nt AUTO -fast -pre iqtree_output_50/aln_segment_12701_to_13208
Seed:    18854 (Using SPRNG - Scalable Parallel Random Number Generator)
Time:    Wed Oct 29 14:59:54 2025
Kernel:  SSE2 - auto-detect threads (14 CPU cores detected)

Reading alignment file iqtree_output_50/aln_segment_12701_to_13208.fasta ... Fasta format detected
Reading fasta file: done in 0.000413895 secs using 89.64% CPU
Alignment most likely contains DNA/RNA sequences
Alignment has 104 sequences with 508 columns, 146 distinct patterns
82 parsimony-informative, 60 singleton sites, 366 constant sites
Analyzing sequences: done in 4.81606e-05 secs using 76.83% CPU
WARNING: 2 sequences contain more than 50% gaps/ambiguity
NOTE: 39 identical sequences (see below) will be ignored for subsequent analysis
Alignment was printed to iqtree_output_50/aln_segment_12701_to_13208.uniqueseq.phy

For your convenience alignment with unique sequences printed to iqtree_output_50/aln_segment_12701_to_13208.uniqueseq.phy

Create initial parsimony tree by phylogenetic likelihood library (PLL)... 0.00 seconds

NOTE: 0 MB RAM (0 GB) is required!
Measuring multi-threading efficiency up to 14 CPU cores
Increase to 10 rounds for branch lengths
6847 trees examined
Threads: 1 / Time: 14.00 sec / Speedup: 1.00 / Efficiency: 100% / LogL: -6653
Threads: 2 / Time: 51.38 sec / Speedup: 0.27 / Efficiency: 14% / LogL: -6653
BEST NUMBER OF THREADS: 1

Estimate model parameters (epsilon = 0.50)
1. Initial log-likelihood: -1653.70
2. Current log-likelihood: -1623.94
3. Current log-likelihood: -1622.48
4. Current log-likelihood: -1621.92
Optimal log-likelihood: -1621.78
Rate parameters:  A-C: 0.34341  A-G: 1.36105  A-T: 0.00010  C-G: 0.81581  C-T: 1.85559  G-T: 1.00000
Warning! Some parameters hit the boundaries
Base frequencies:  A: 0.203  C: 0.327  G: 0.343  T: 0.128
Parameters optimization took 4 rounds (0.016 sec)
Wrote distance file to... 
Computing ML distances based on estimated model parameters...
Calculating distance matrix: done in 0.002702 secs using 99.11% CPU
Computing ML distances took 0.002752 sec (of wall-clock time) 0.002709 sec (of CPU time)
Setting up auxiliary I and S matrices: done in 6.38962e-05 secs using 81.38% CPU
Computing RapidNJ tree took 0.000234 sec (of wall-clock time) 0.000302 sec (of CPU time)
Log-likelihood of RapidNJ tree: -1627.800
--------------------------------------------------------------------
|             INITIALIZING CANDIDATE TREE SET                      |
--------------------------------------------------------------------

Do NNI search on 2 best initial trees
BETTER TREE FOUND at iteration 1: -1621.774
Finish initializing candidate tree set (4)
Current best tree score: -1621.774 / CPU time: 0.009
Number of iterations: 2
TREE SEARCH COMPLETED AFTER 2 ITERATIONS / Time: 0h:1m:5s

--------------------------------------------------------------------
|                    FINALIZING TREE SEARCH                        |
--------------------------------------------------------------------
Performs final model parameters optimization
Estimate model parameters (epsilon = 0.050)
1. Initial log-likelihood: -1621.774
Optimal log-likelihood: -1621.757
Rate parameters:  A-C: 0.37508  A-G: 1.30854  A-T: 0.00010  C-G: 0.79659  C-T: 1.78403  G-T: 1.00000
Warning! Some parameters hit the boundaries
Base frequencies:  A: 0.203  C: 0.327  G: 0.343  T: 0.128
Parameters optimization took 1 rounds (0.004 sec)
BEST SCORE FOUND : -1621.757
Total tree length: 0.399

Total number of iterations: 2
CPU time used for tree search: 0.008 sec (0h:0m:0s)
Wall-clock time used for tree search: 0.009 sec (0h:0m:0s)
Total CPU time used: 41.901 sec (0h:0m:41s)
Total wall-clock time used: 65.421 sec (0h:1m:5s)

Analysis results written to: 
  IQ-TREE report:                iqtree_output_50/aln_segment_12701_to_13208.iqtree
  Maximum-likelihood tree:       iqtree_output_50/aln_segment_12701_to_13208.treefile
  Likelihood distances:          iqtree_output_50/aln_segment_12701_to_13208.mldist
  Screen log file:               iqtree_output_50/aln_segment_12701_to_13208.log

Date and Time: Wed Oct 29 15:00:59 2025
