IQ-TREE multicore version 2.3.6 for MacOS ARM 64-bit built Jul 30 2024
Developed by Bui Quang Minh, Nguyen Lam Tung, Olga Chernomor, Heiko Schmidt,
Dominik Schrempf, Michael Woodhams, Ly Trong Nhan, Thomas Wong

Host:    SUN1029323 (SSE4.2, 36 GB RAM)
Command: iqtree2 -s iqtree_output_50/aln_segment_13209_to_13716.fasta -m GTR -nt AUTO -fast -pre iqtree_output_50/aln_segment_13209_to_13716
Seed:    470893 (Using SPRNG - Scalable Parallel Random Number Generator)
Time:    Wed Oct 29 15:00:59 2025
Kernel:  SSE2 - auto-detect threads (14 CPU cores detected)

Reading alignment file iqtree_output_50/aln_segment_13209_to_13716.fasta ... Fasta format detected
Reading fasta file: done in 0.000444174 secs using 88.03% CPU
Alignment most likely contains DNA/RNA sequences
Alignment has 104 sequences with 508 columns, 76 distinct patterns
49 parsimony-informative, 69 singleton sites, 390 constant sites
Analyzing sequences: done in 4.48227e-05 secs using 73.62% CPU
NOTE: 63 identical sequences (see below) will be ignored for subsequent analysis
Alignment was printed to iqtree_output_50/aln_segment_13209_to_13716.uniqueseq.phy

For your convenience alignment with unique sequences printed to iqtree_output_50/aln_segment_13209_to_13716.uniqueseq.phy

Create initial parsimony tree by phylogenetic likelihood library (PLL)... 0.00 seconds

NOTE: 0 MB RAM (0 GB) is required!
Measuring multi-threading efficiency up to 14 CPU cores
Increase to 10 rounds for branch lengths
15127 trees examined
Threads: 1 / Time: 14.00 sec / Speedup: 1.00 / Efficiency: 100% / LogL: -3807
Threads: 2 / Time: 71.94 sec / Speedup: 0.19 / Efficiency: 10% / LogL: -3807
BEST NUMBER OF THREADS: 1

Estimate model parameters (epsilon = 0.50)
1. Initial log-likelihood: -1441.46
2. Current log-likelihood: -1418.32
Optimal log-likelihood: -1418.24
Rate parameters:  A-C: 0.98467  A-G: 3.24453  A-T: 0.60503  C-G: 1.89778  C-T: 4.16814  G-T: 1.00000
Base frequencies:  A: 0.200  C: 0.292  G: 0.320  T: 0.188
Parameters optimization took 2 rounds (0.006 sec)
Wrote distance file to... 
Computing ML distances based on estimated model parameters...
Calculating distance matrix: done in 0.000914097 secs using 99.33% CPU
Computing ML distances took 0.000944 sec (of wall-clock time) 0.000927 sec (of CPU time)
Setting up auxiliary I and S matrices: done in 3.38554e-05 secs using 79.75% CPU
Computing RapidNJ tree took 0.000118 sec (of wall-clock time) 0.000092 sec (of CPU time)
Log-likelihood of RapidNJ tree: -1418.702
--------------------------------------------------------------------
|             INITIALIZING CANDIDATE TREE SET                      |
--------------------------------------------------------------------

Do NNI search on 2 best initial trees
Estimate model parameters (epsilon = 0.500)
BETTER TREE FOUND at iteration 1: -1417.865
Estimate model parameters (epsilon = 0.500)
BETTER TREE FOUND at iteration 2: -1416.446
Finish initializing candidate tree set (4)
Current best tree score: -1416.446 / CPU time: 0.006
Number of iterations: 2
TREE SEARCH COMPLETED AFTER 2 ITERATIONS / Time: 0h:1m:25s

--------------------------------------------------------------------
|                    FINALIZING TREE SEARCH                        |
--------------------------------------------------------------------
Performs final model parameters optimization
Estimate model parameters (epsilon = 0.050)
1. Initial log-likelihood: -1416.446
Optimal log-likelihood: -1416.446
Rate parameters:  A-C: 1.09194  A-G: 3.25392  A-T: 0.60933  C-G: 1.96007  C-T: 4.09525  G-T: 1.00000
Base frequencies:  A: 0.200  C: 0.292  G: 0.320  T: 0.188
Parameters optimization took 1 rounds (0.001 sec)
BEST SCORE FOUND : -1416.446
Total tree length: 0.312

Total number of iterations: 2
CPU time used for tree search: 0.006 sec (0h:0m:0s)
Wall-clock time used for tree search: 0.006 sec (0h:0m:0s)
Total CPU time used: 48.605 sec (0h:0m:48s)
Total wall-clock time used: 85.966 sec (0h:1m:25s)

Analysis results written to: 
  IQ-TREE report:                iqtree_output_50/aln_segment_13209_to_13716.iqtree
  Maximum-likelihood tree:       iqtree_output_50/aln_segment_13209_to_13716.treefile
  Likelihood distances:          iqtree_output_50/aln_segment_13209_to_13716.mldist
  Screen log file:               iqtree_output_50/aln_segment_13209_to_13716.log

Date and Time: Wed Oct 29 15:02:25 2025
