IQ-TREE multicore version 2.3.6 for MacOS ARM 64-bit built Jul 30 2024
Developed by Bui Quang Minh, Nguyen Lam Tung, Olga Chernomor, Heiko Schmidt,
Dominik Schrempf, Michael Woodhams, Ly Trong Nhan, Thomas Wong

Host:    SUN1029323 (SSE4.2, 36 GB RAM)
Command: iqtree2 -s iqtree_output_50/aln_segment_20321_to_20828.fasta -m GTR -nt AUTO -fast -pre iqtree_output_50/aln_segment_20321_to_20828
Seed:    574657 (Using SPRNG - Scalable Parallel Random Number Generator)
Time:    Wed Oct 29 15:12:20 2025
Kernel:  SSE2 - auto-detect threads (14 CPU cores detected)

Reading alignment file iqtree_output_50/aln_segment_20321_to_20828.fasta ... Fasta format detected
Reading fasta file: done in 0.000421047 secs using 87.88% CPU
Alignment most likely contains DNA/RNA sequences
Alignment has 104 sequences with 508 columns, 196 distinct patterns
129 parsimony-informative, 86 singleton sites, 293 constant sites
Analyzing sequences: done in 5.79357e-05 secs using 100.1% CPU
WARNING: 2 sequences contain more than 50% gaps/ambiguity
NOTE: 51 identical sequences (see below) will be ignored for subsequent analysis
Alignment was printed to iqtree_output_50/aln_segment_20321_to_20828.uniqueseq.phy

For your convenience alignment with unique sequences printed to iqtree_output_50/aln_segment_20321_to_20828.uniqueseq.phy

Create initial parsimony tree by phylogenetic likelihood library (PLL)... 0.00 seconds

NOTE: 0 MB RAM (0 GB) is required!
Measuring multi-threading efficiency up to 14 CPU cores
Increase to 10 rounds for branch lengths
5495 trees examined
Threads: 1 / Time: 14.00 sec / Speedup: 1.00 / Efficiency: 100% / LogL: -6678
Threads: 2 / Time: 47.37 sec / Speedup: 0.30 / Efficiency: 15% / LogL: -6678
BEST NUMBER OF THREADS: 1

Estimate model parameters (epsilon = 0.50)
1. Initial log-likelihood: -1916.09
2. Current log-likelihood: -1885.50
Optimal log-likelihood: -1885.39
Rate parameters:  A-C: 0.65208  A-G: 1.80500  A-T: 0.40415  C-G: 0.70475  C-T: 1.76769  G-T: 1.00000
Base frequencies:  A: 0.178  C: 0.339  G: 0.323  T: 0.160
Parameters optimization took 2 rounds (0.007 sec)
Wrote distance file to... 
Computing ML distances based on estimated model parameters...
Calculating distance matrix: done in 0.00208497 secs using 98.13% CPU
Computing ML distances took 0.002165 sec (of wall-clock time) 0.002087 sec (of CPU time)
Setting up auxiliary I and S matrices: done in 4.88758e-05 secs using 77.75% CPU
Computing RapidNJ tree took 0.000158 sec (of wall-clock time) 0.000131 sec (of CPU time)
Log-likelihood of RapidNJ tree: -1881.910
--------------------------------------------------------------------
|             INITIALIZING CANDIDATE TREE SET                      |
--------------------------------------------------------------------

Do NNI search on 2 best initial trees
Estimate model parameters (epsilon = 0.500)
BETTER TREE FOUND at iteration 1: -1877.112
BETTER TREE FOUND at iteration 2: -1877.085
Finish initializing candidate tree set (4)
Current best tree score: -1877.085 / CPU time: 0.028
Number of iterations: 2
TREE SEARCH COMPLETED AFTER 2 ITERATIONS / Time: 0h:1m:1s

--------------------------------------------------------------------
|                    FINALIZING TREE SEARCH                        |
--------------------------------------------------------------------
Performs final model parameters optimization
Estimate model parameters (epsilon = 0.050)
1. Initial log-likelihood: -1877.085
Optimal log-likelihood: -1877.065
Rate parameters:  A-C: 0.58602  A-G: 1.61765  A-T: 0.41024  C-G: 0.67087  C-T: 1.72139  G-T: 1.00000
Base frequencies:  A: 0.178  C: 0.339  G: 0.323  T: 0.160
Parameters optimization took 1 rounds (0.002 sec)
BEST SCORE FOUND : -1877.065
Total tree length: 0.718

Total number of iterations: 2
CPU time used for tree search: 0.027 sec (0h:0m:0s)
Wall-clock time used for tree search: 0.028 sec (0h:0m:0s)
Total CPU time used: 41.936 sec (0h:0m:41s)
Total wall-clock time used: 61.426 sec (0h:1m:1s)

Analysis results written to: 
  IQ-TREE report:                iqtree_output_50/aln_segment_20321_to_20828.iqtree
  Maximum-likelihood tree:       iqtree_output_50/aln_segment_20321_to_20828.treefile
  Likelihood distances:          iqtree_output_50/aln_segment_20321_to_20828.mldist
  Screen log file:               iqtree_output_50/aln_segment_20321_to_20828.log

Date and Time: Wed Oct 29 15:13:22 2025
