IQ-TREE multicore version 2.3.6 for MacOS ARM 64-bit built Jul 30 2024
Developed by Bui Quang Minh, Nguyen Lam Tung, Olga Chernomor, Heiko Schmidt,
Dominik Schrempf, Michael Woodhams, Ly Trong Nhan, Thomas Wong

Host:    SUN1029323 (SSE4.2, 36 GB RAM)
Command: iqtree2 -s iqtree_output_50/aln_segment_19813_to_20320.fasta -m GTR -nt AUTO -fast -pre iqtree_output_50/aln_segment_19813_to_20320
Seed:    164150 (Using SPRNG - Scalable Parallel Random Number Generator)
Time:    Wed Oct 29 15:10:54 2025
Kernel:  SSE2 - auto-detect threads (14 CPU cores detected)

Reading alignment file iqtree_output_50/aln_segment_19813_to_20320.fasta ... Fasta format detected
Reading fasta file: done in 0.000422001 secs using 88.86% CPU
Alignment most likely contains DNA/RNA sequences
Alignment has 104 sequences with 508 columns, 78 distinct patterns
56 parsimony-informative, 62 singleton sites, 390 constant sites
Analyzing sequences: done in 4.19617e-05 secs using 73.88% CPU
NOTE: 61 identical sequences (see below) will be ignored for subsequent analysis
Alignment was printed to iqtree_output_50/aln_segment_19813_to_20320.uniqueseq.phy

For your convenience alignment with unique sequences printed to iqtree_output_50/aln_segment_19813_to_20320.uniqueseq.phy

Create initial parsimony tree by phylogenetic likelihood library (PLL)... 0.00 seconds

NOTE: 0 MB RAM (0 GB) is required!
Measuring multi-threading efficiency up to 14 CPU cores
Increase to 10 rounds for branch lengths
13432 trees examined
Threads: 1 / Time: 14.00 sec / Speedup: 1.00 / Efficiency: 100% / LogL: -4051
Threads: 2 / Time: 72.36 sec / Speedup: 0.19 / Efficiency: 10% / LogL: -4051
BEST NUMBER OF THREADS: 1

Estimate model parameters (epsilon = 0.50)
1. Initial log-likelihood: -1524.40
2. Current log-likelihood: -1495.35
Optimal log-likelihood: -1495.29
Rate parameters:  A-C: 4.23682  A-G: 9.80912  A-T: 0.52531  C-G: 6.90944  C-T: 8.79248  G-T: 1.00000
Base frequencies:  A: 0.173  C: 0.351  G: 0.278  T: 0.198
Parameters optimization took 2 rounds (0.003 sec)
Wrote distance file to... 
Computing ML distances based on estimated model parameters...
Calculating distance matrix: done in 0.000931978 secs using 99.47% CPU
Computing ML distances took 0.000967 sec (of wall-clock time) 0.000944 sec (of CPU time)
Setting up auxiliary I and S matrices: done in 3.40939e-05 secs using 79.19% CPU
Computing RapidNJ tree took 0.000118 sec (of wall-clock time) 0.000097 sec (of CPU time)
Log-likelihood of RapidNJ tree: -1500.728
--------------------------------------------------------------------
|             INITIALIZING CANDIDATE TREE SET                      |
--------------------------------------------------------------------

Do NNI search on 2 best initial trees
BETTER TREE FOUND at iteration 1: -1495.294
Finish initializing candidate tree set (4)
Current best tree score: -1495.294 / CPU time: 0.004
Number of iterations: 2
TREE SEARCH COMPLETED AFTER 2 ITERATIONS / Time: 0h:1m:26s

--------------------------------------------------------------------
|                    FINALIZING TREE SEARCH                        |
--------------------------------------------------------------------
Performs final model parameters optimization
Estimate model parameters (epsilon = 0.050)
1. Initial log-likelihood: -1495.294
Optimal log-likelihood: -1495.294
Rate parameters:  A-C: 4.23506  A-G: 9.80670  A-T: 0.50357  C-G: 6.91540  C-T: 8.79798  G-T: 1.00000
Base frequencies:  A: 0.173  C: 0.351  G: 0.278  T: 0.198
Parameters optimization took 1 rounds (0.001 sec)
BEST SCORE FOUND : -1495.294
Total tree length: 0.338

Total number of iterations: 2
CPU time used for tree search: 0.003 sec (0h:0m:0s)
Wall-clock time used for tree search: 0.004 sec (0h:0m:0s)
Total CPU time used: 49.205 sec (0h:0m:49s)
Total wall-clock time used: 86.379 sec (0h:1m:26s)

Analysis results written to: 
  IQ-TREE report:                iqtree_output_50/aln_segment_19813_to_20320.iqtree
  Maximum-likelihood tree:       iqtree_output_50/aln_segment_19813_to_20320.treefile
  Likelihood distances:          iqtree_output_50/aln_segment_19813_to_20320.mldist
  Screen log file:               iqtree_output_50/aln_segment_19813_to_20320.log

Date and Time: Wed Oct 29 15:12:20 2025
