IQ-TREE multicore version 2.3.6 for MacOS ARM 64-bit built Jul 30 2024
Developed by Bui Quang Minh, Nguyen Lam Tung, Olga Chernomor, Heiko Schmidt,
Dominik Schrempf, Michael Woodhams, Ly Trong Nhan, Thomas Wong

Host:    SUN1029323 (SSE4.2, 36 GB RAM)
Command: iqtree2 -s iqtree_output_50/aln_segment_1_to_508.fasta -m GTR -nt AUTO -fast -pre iqtree_output_50/aln_segment_1_to_508
Seed:    633995 (Using SPRNG - Scalable Parallel Random Number Generator)
Time:    Wed Oct 29 14:35:54 2025
Kernel:  SSE2 - auto-detect threads (14 CPU cores detected)

Reading alignment file iqtree_output_50/aln_segment_1_to_508.fasta ... Fasta format detected
Reading fasta file: done in 0.000551939 secs using 83.34% CPU
Alignment most likely contains DNA/RNA sequences
Alignment has 104 sequences with 508 columns, 186 distinct patterns
159 parsimony-informative, 126 singleton sites, 223 constant sites
Analyzing sequences: done in 7.00951e-05 secs using 91.3% CPU
NOTE: 43 identical sequences (see below) will be ignored for subsequent analysis
Alignment was printed to iqtree_output_50/aln_segment_1_to_508.uniqueseq.phy

For your convenience alignment with unique sequences printed to iqtree_output_50/aln_segment_1_to_508.uniqueseq.phy

Create initial parsimony tree by phylogenetic likelihood library (PLL)... 0.00 seconds

NOTE: 0 MB RAM (0 GB) is required!
Measuring multi-threading efficiency up to 14 CPU cores
Increase to 10 rounds for branch lengths
5021 trees examined
Threads: 1 / Time: 14.00 sec / Speedup: 1.00 / Efficiency: 100% / LogL: -10912
Threads: 2 / Time: 53.25 sec / Speedup: 0.26 / Efficiency: 13% / LogL: -10912
BEST NUMBER OF THREADS: 1

Estimate model parameters (epsilon = 0.50)
1. Initial log-likelihood: -2317.27
2. Current log-likelihood: -2259.79
3. Current log-likelihood: -2259.11
Optimal log-likelihood: -2259.11
Rate parameters:  A-C: 1.18356  A-G: 1.92613  A-T: 0.12806  C-G: 0.72656  C-T: 2.87895  G-T: 1.00000
Base frequencies:  A: 0.184  C: 0.221  G: 0.324  T: 0.272
Parameters optimization took 3 rounds (0.018 sec)
Wrote distance file to... 
Computing ML distances based on estimated model parameters...
Calculating distance matrix: done in 0.00262189 secs using 93.48% CPU
Computing ML distances took 0.002712 sec (of wall-clock time) 0.002496 sec (of CPU time)
Setting up auxiliary I and S matrices: done in 0.000106812 secs using 53.37% CPU
Computing RapidNJ tree took 0.000437 sec (of wall-clock time) 0.000344 sec (of CPU time)
Log-likelihood of RapidNJ tree: -2290.870
--------------------------------------------------------------------
|             INITIALIZING CANDIDATE TREE SET                      |
--------------------------------------------------------------------

Do NNI search on 2 best initial trees
BETTER TREE FOUND at iteration 1: -2259.106
Finish initializing candidate tree set (4)
Current best tree score: -2259.106 / CPU time: 0.021
Number of iterations: 2
TREE SEARCH COMPLETED AFTER 2 ITERATIONS / Time: 0h:1m:7s

--------------------------------------------------------------------
|                    FINALIZING TREE SEARCH                        |
--------------------------------------------------------------------
Performs final model parameters optimization
Estimate model parameters (epsilon = 0.050)
1. Initial log-likelihood: -2259.106
Optimal log-likelihood: -2259.106
Rate parameters:  A-C: 1.18426  A-G: 1.92632  A-T: 0.12869  C-G: 0.72426  C-T: 2.87888  G-T: 1.00000
Base frequencies:  A: 0.184  C: 0.221  G: 0.324  T: 0.272
Parameters optimization took 1 rounds (0.002 sec)
BEST SCORE FOUND : -2259.106
Total tree length: 1.037

Total number of iterations: 2
CPU time used for tree search: 0.020 sec (0h:0m:0s)
Wall-clock time used for tree search: 0.021 sec (0h:0m:0s)
Total CPU time used: 43.884 sec (0h:0m:43s)
Total wall-clock time used: 67.307 sec (0h:1m:7s)

Analysis results written to: 
  IQ-TREE report:                iqtree_output_50/aln_segment_1_to_508.iqtree
  Maximum-likelihood tree:       iqtree_output_50/aln_segment_1_to_508.treefile
  Likelihood distances:          iqtree_output_50/aln_segment_1_to_508.mldist
  Screen log file:               iqtree_output_50/aln_segment_1_to_508.log

Date and Time: Wed Oct 29 14:37:01 2025
