IQ-TREE multicore version 2.3.6 for MacOS ARM 64-bit built Jul 30 2024
Developed by Bui Quang Minh, Nguyen Lam Tung, Olga Chernomor, Heiko Schmidt,
Dominik Schrempf, Michael Woodhams, Ly Trong Nhan, Thomas Wong

Host:    SUN1029323 (SSE4.2, 36 GB RAM)
Command: iqtree2 -s iqtree_output_50/aln_segment_15241_to_15748.fasta -m GTR -nt AUTO -fast -pre iqtree_output_50/aln_segment_15241_to_15748
Seed:    283159 (Using SPRNG - Scalable Parallel Random Number Generator)
Time:    Wed Oct 29 15:05:09 2025
Kernel:  SSE2 - auto-detect threads (14 CPU cores detected)

Reading alignment file iqtree_output_50/aln_segment_15241_to_15748.fasta ... Fasta format detected
Reading fasta file: done in 0.000421047 secs using 88.35% CPU
Alignment most likely contains DNA/RNA sequences
Alignment has 104 sequences with 508 columns, 202 distinct patterns
116 parsimony-informative, 114 singleton sites, 278 constant sites
Analyzing sequences: done in 5.88894e-05 secs using 101.9% CPU
WARNING: 2 sequences contain more than 50% gaps/ambiguity
NOTE: 48 identical sequences (see below) will be ignored for subsequent analysis
Alignment was printed to iqtree_output_50/aln_segment_15241_to_15748.uniqueseq.phy

For your convenience alignment with unique sequences printed to iqtree_output_50/aln_segment_15241_to_15748.uniqueseq.phy

Create initial parsimony tree by phylogenetic likelihood library (PLL)... 0.00 seconds

NOTE: 0 MB RAM (0 GB) is required!
Measuring multi-threading efficiency up to 14 CPU cores
Increase to 10 rounds for branch lengths
4869 trees examined
Threads: 1 / Time: 14.00 sec / Speedup: 1.00 / Efficiency: 100% / LogL: -7822
Threads: 2 / Time: 45.59 sec / Speedup: 0.31 / Efficiency: 15% / LogL: -7822
BEST NUMBER OF THREADS: 1

Estimate model parameters (epsilon = 0.50)
1. Initial log-likelihood: -2053.16
2. Current log-likelihood: -2013.52
3. Current log-likelihood: -2012.82
Optimal log-likelihood: -2012.81
Rate parameters:  A-C: 0.39066  A-G: 1.22492  A-T: 0.09317  C-G: 0.60649  C-T: 1.82776  G-T: 1.00000
Base frequencies:  A: 0.163  C: 0.290  G: 0.373  T: 0.174
Parameters optimization took 3 rounds (0.011 sec)
Wrote distance file to... 
Computing ML distances based on estimated model parameters...
Calculating distance matrix: done in 0.00181484 secs using 99.13% CPU
Computing ML distances took 0.001875 sec (of wall-clock time) 0.001836 sec (of CPU time)
Setting up auxiliary I and S matrices: done in 5.79357e-05 secs using 81.12% CPU
Computing RapidNJ tree took 0.000186 sec (of wall-clock time) 0.000168 sec (of CPU time)
Log-likelihood of RapidNJ tree: -2061.475
--------------------------------------------------------------------
|             INITIALIZING CANDIDATE TREE SET                      |
--------------------------------------------------------------------

Do NNI search on 2 best initial trees
Estimate model parameters (epsilon = 0.500)
BETTER TREE FOUND at iteration 1: -2009.087
Estimate model parameters (epsilon = 0.500)
BETTER TREE FOUND at iteration 2: -2004.310
Finish initializing candidate tree set (4)
Current best tree score: -2004.310 / CPU time: 0.028
Number of iterations: 2
TREE SEARCH COMPLETED AFTER 2 ITERATIONS / Time: 0h:0m:59s

--------------------------------------------------------------------
|                    FINALIZING TREE SEARCH                        |
--------------------------------------------------------------------
Performs final model parameters optimization
Estimate model parameters (epsilon = 0.050)
1. Initial log-likelihood: -2004.310
Optimal log-likelihood: -2004.310
Rate parameters:  A-C: 0.40248  A-G: 1.20080  A-T: 0.10033  C-G: 0.62753  C-T: 1.94776  G-T: 1.00000
Base frequencies:  A: 0.163  C: 0.290  G: 0.373  T: 0.174
Parameters optimization took 1 rounds (0.002 sec)
BEST SCORE FOUND : -2004.310
Total tree length: 0.746

Total number of iterations: 2
CPU time used for tree search: 0.027 sec (0h:0m:0s)
Wall-clock time used for tree search: 0.028 sec (0h:0m:0s)
Total CPU time used: 41.378 sec (0h:0m:41s)
Total wall-clock time used: 59.646 sec (0h:0m:59s)

Analysis results written to: 
  IQ-TREE report:                iqtree_output_50/aln_segment_15241_to_15748.iqtree
  Maximum-likelihood tree:       iqtree_output_50/aln_segment_15241_to_15748.treefile
  Likelihood distances:          iqtree_output_50/aln_segment_15241_to_15748.mldist
  Screen log file:               iqtree_output_50/aln_segment_15241_to_15748.log

Date and Time: Wed Oct 29 15:06:08 2025
