IQ-TREE multicore version 2.3.6 for MacOS ARM 64-bit built Jul 30 2024
Developed by Bui Quang Minh, Nguyen Lam Tung, Olga Chernomor, Heiko Schmidt,
Dominik Schrempf, Michael Woodhams, Ly Trong Nhan, Thomas Wong

Host:    SUN1029323 (SSE4.2, 36 GB RAM)
Command: iqtree2 -s iqtree_output_50/aln_segment_7621_to_8128.fasta -m GTR -nt AUTO -fast -pre iqtree_output_50/aln_segment_7621_to_8128
Seed:    967412 (Using SPRNG - Scalable Parallel Random Number Generator)
Time:    Wed Oct 29 14:52:59 2025
Kernel:  SSE2 - auto-detect threads (14 CPU cores detected)

Reading alignment file iqtree_output_50/aln_segment_7621_to_8128.fasta ... Fasta format detected
Reading fasta file: done in 0.000428915 secs using 87.9% CPU
Alignment most likely contains DNA/RNA sequences
Alignment has 104 sequences with 508 columns, 184 distinct patterns
81 parsimony-informative, 107 singleton sites, 320 constant sites
Analyzing sequences: done in 4.91142e-05 secs using 101.8% CPU
WARNING: 2 sequences contain more than 50% gaps/ambiguity
NOTE: 42 identical sequences (see below) will be ignored for subsequent analysis
Alignment was printed to iqtree_output_50/aln_segment_7621_to_8128.uniqueseq.phy

For your convenience alignment with unique sequences printed to iqtree_output_50/aln_segment_7621_to_8128.uniqueseq.phy

Create initial parsimony tree by phylogenetic likelihood library (PLL)... 0.00 seconds

NOTE: 0 MB RAM (0 GB) is required!
Measuring multi-threading efficiency up to 14 CPU cores
Increase to 10 rounds for branch lengths
4117 trees examined
Threads: 1 / Time: 14.00 sec / Speedup: 1.00 / Efficiency: 100% / LogL: -6533
Threads: 2 / Time: 49.38 sec / Speedup: 0.28 / Efficiency: 14% / LogL: -6533
BEST NUMBER OF THREADS: 1

Estimate model parameters (epsilon = 0.50)
1. Initial log-likelihood: -1701.75
2. Current log-likelihood: -1679.76
Optimal log-likelihood: -1679.66
Rate parameters:  A-C: 1.54622  A-G: 3.65237  A-T: 0.48703  C-G: 1.85110  C-T: 3.18825  G-T: 1.00000
Base frequencies:  A: 0.152  C: 0.337  G: 0.370  T: 0.142
Parameters optimization took 2 rounds (0.008 sec)
Wrote distance file to... 
Computing ML distances based on estimated model parameters...
Calculating distance matrix: done in 0.00238609 secs using 99.07% CPU
Computing ML distances took 0.002430 sec (of wall-clock time) 0.002397 sec (of CPU time)
Setting up auxiliary I and S matrices: done in 6.10352e-05 secs using 78.64% CPU
Computing RapidNJ tree took 0.000211 sec (of wall-clock time) 0.000212 sec (of CPU time)
Log-likelihood of RapidNJ tree: -1680.293
--------------------------------------------------------------------
|             INITIALIZING CANDIDATE TREE SET                      |
--------------------------------------------------------------------

Do NNI search on 2 best initial trees
Estimate model parameters (epsilon = 0.500)
BETTER TREE FOUND at iteration 1: -1679.606
Estimate model parameters (epsilon = 0.500)
BETTER TREE FOUND at iteration 2: -1667.944
Finish initializing candidate tree set (4)
Current best tree score: -1667.944 / CPU time: 0.021
Number of iterations: 2
TREE SEARCH COMPLETED AFTER 2 ITERATIONS / Time: 0h:1m:3s

--------------------------------------------------------------------
|                    FINALIZING TREE SEARCH                        |
--------------------------------------------------------------------
Performs final model parameters optimization
Estimate model parameters (epsilon = 0.050)
1. Initial log-likelihood: -1667.944
Optimal log-likelihood: -1667.944
Rate parameters:  A-C: 1.64379  A-G: 3.73018  A-T: 0.47601  C-G: 1.78326  C-T: 3.20210  G-T: 1.00000
Base frequencies:  A: 0.152  C: 0.337  G: 0.370  T: 0.142
Parameters optimization took 1 rounds (0.002 sec)
BEST SCORE FOUND : -1667.944
Total tree length: 0.563

Total number of iterations: 2
CPU time used for tree search: 0.021 sec (0h:0m:0s)
Wall-clock time used for tree search: 0.022 sec (0h:0m:0s)
Total CPU time used: 42.180 sec (0h:0m:42s)
Total wall-clock time used: 63.435 sec (0h:1m:3s)

Analysis results written to: 
  IQ-TREE report:                iqtree_output_50/aln_segment_7621_to_8128.iqtree
  Maximum-likelihood tree:       iqtree_output_50/aln_segment_7621_to_8128.treefile
  Likelihood distances:          iqtree_output_50/aln_segment_7621_to_8128.mldist
  Screen log file:               iqtree_output_50/aln_segment_7621_to_8128.log

Date and Time: Wed Oct 29 14:54:03 2025
