IQ-TREE multicore version 2.3.6 for MacOS ARM 64-bit built Jul 30 2024
Developed by Bui Quang Minh, Nguyen Lam Tung, Olga Chernomor, Heiko Schmidt,
Dominik Schrempf, Michael Woodhams, Ly Trong Nhan, Thomas Wong

Host:    SUN1029323 (SSE4.2, 36 GB RAM)
Command: iqtree2 -s iqtree_output_50/aln_segment_20829_to_21336.fasta -m GTR -nt AUTO -fast -pre iqtree_output_50/aln_segment_20829_to_21336
Seed:    32397 (Using SPRNG - Scalable Parallel Random Number Generator)
Time:    Wed Oct 29 15:13:22 2025
Kernel:  SSE2 - auto-detect threads (14 CPU cores detected)

Reading alignment file iqtree_output_50/aln_segment_20829_to_21336.fasta ... Fasta format detected
Reading fasta file: done in 0.000424862 secs using 87.56% CPU
Alignment most likely contains DNA/RNA sequences
Alignment has 104 sequences with 508 columns, 206 distinct patterns
95 parsimony-informative, 87 singleton sites, 326 constant sites
Analyzing sequences: done in 5.88894e-05 secs using 112.1% CPU
WARNING: 2 sequences contain more than 50% gaps/ambiguity
NOTE: 59 identical sequences (see below) will be ignored for subsequent analysis
Alignment was printed to iqtree_output_50/aln_segment_20829_to_21336.uniqueseq.phy

For your convenience alignment with unique sequences printed to iqtree_output_50/aln_segment_20829_to_21336.uniqueseq.phy

Create initial parsimony tree by phylogenetic likelihood library (PLL)... 0.00 seconds

NOTE: 0 MB RAM (0 GB) is required!
Measuring multi-threading efficiency up to 14 CPU cores
Increase to 10 rounds for branch lengths
5722 trees examined
Threads: 1 / Time: 14.00 sec / Speedup: 1.00 / Efficiency: 100% / LogL: -5489
Threads: 2 / Time: 45.03 sec / Speedup: 0.31 / Efficiency: 16% / LogL: -5489
BEST NUMBER OF THREADS: 1

Estimate model parameters (epsilon = 0.50)
1. Initial log-likelihood: -1616.40
2. Current log-likelihood: -1591.20
Optimal log-likelihood: -1591.09
Rate parameters:  A-C: 0.82840  A-G: 1.34285  A-T: 0.17563  C-G: 0.80439  C-T: 2.66895  G-T: 1.00000
Base frequencies:  A: 0.159  C: 0.303  G: 0.402  T: 0.136
Parameters optimization took 2 rounds (0.008 sec)
Wrote distance file to... 
Computing ML distances based on estimated model parameters...
Calculating distance matrix: done in 0.00111794 secs using 98.13% CPU
Computing ML distances took 0.001167 sec (of wall-clock time) 0.001127 sec (of CPU time)
Setting up auxiliary I and S matrices: done in 3.71933e-05 secs using 77.97% CPU
Computing RapidNJ tree took 0.000131 sec (of wall-clock time) 0.000111 sec (of CPU time)
Log-likelihood of RapidNJ tree: -1599.903
--------------------------------------------------------------------
|             INITIALIZING CANDIDATE TREE SET                      |
--------------------------------------------------------------------

Do NNI search on 2 best initial trees
BETTER TREE FOUND at iteration 1: -1591.082
Finish initializing candidate tree set (4)
Current best tree score: -1591.082 / CPU time: 0.017
Number of iterations: 2
TREE SEARCH COMPLETED AFTER 2 ITERATIONS / Time: 0h:0m:59s

--------------------------------------------------------------------
|                    FINALIZING TREE SEARCH                        |
--------------------------------------------------------------------
Performs final model parameters optimization
Estimate model parameters (epsilon = 0.050)
1. Initial log-likelihood: -1591.082
Optimal log-likelihood: -1591.082
Rate parameters:  A-C: 0.83294  A-G: 1.34474  A-T: 0.17822  C-G: 0.80464  C-T: 2.66874  G-T: 1.00000
Base frequencies:  A: 0.159  C: 0.303  G: 0.402  T: 0.136
Parameters optimization took 1 rounds (0.002 sec)
BEST SCORE FOUND : -1591.082
Total tree length: 0.505

Total number of iterations: 2
CPU time used for tree search: 0.017 sec (0h:0m:0s)
Wall-clock time used for tree search: 0.017 sec (0h:0m:0s)
Total CPU time used: 41.104 sec (0h:0m:41s)
Total wall-clock time used: 59.062 sec (0h:0m:59s)

Analysis results written to: 
  IQ-TREE report:                iqtree_output_50/aln_segment_20829_to_21336.iqtree
  Maximum-likelihood tree:       iqtree_output_50/aln_segment_20829_to_21336.treefile
  Likelihood distances:          iqtree_output_50/aln_segment_20829_to_21336.mldist
  Screen log file:               iqtree_output_50/aln_segment_20829_to_21336.log

Date and Time: Wed Oct 29 15:14:21 2025
