IQ-TREE multicore version 2.3.6 for MacOS ARM 64-bit built Jul 30 2024
Developed by Bui Quang Minh, Nguyen Lam Tung, Olga Chernomor, Heiko Schmidt,
Dominik Schrempf, Michael Woodhams, Ly Trong Nhan, Thomas Wong

Host:    SUN1029323 (SSE4.2, 36 GB RAM)
Command: iqtree2 -s iqtree_output_50/aln_segment_30989_to_31496.fasta -m GTR -nt AUTO -fast -pre iqtree_output_50/aln_segment_30989_to_31496
Seed:    329674 (Using SPRNG - Scalable Parallel Random Number Generator)
Time:    Wed Oct 29 15:26:25 2025
Kernel:  SSE2 - auto-detect threads (14 CPU cores detected)

Reading alignment file iqtree_output_50/aln_segment_30989_to_31496.fasta ... Fasta format detected
Reading fasta file: done in 0.000419855 secs using 87.65% CPU
Alignment most likely contains DNA/RNA sequences
Alignment has 104 sequences with 508 columns, 164 distinct patterns
110 parsimony-informative, 106 singleton sites, 292 constant sites
Analyzing sequences: done in 5.60284e-05 secs using 89.24% CPU
WARNING: 2 sequences contain more than 50% gaps/ambiguity
NOTE: 57 identical sequences (see below) will be ignored for subsequent analysis
Alignment was printed to iqtree_output_50/aln_segment_30989_to_31496.uniqueseq.phy

For your convenience alignment with unique sequences printed to iqtree_output_50/aln_segment_30989_to_31496.uniqueseq.phy

Create initial parsimony tree by phylogenetic likelihood library (PLL)... 0.00 seconds

NOTE: 0 MB RAM (0 GB) is required!
Measuring multi-threading efficiency up to 14 CPU cores
Increase to 10 rounds for branch lengths
9346 trees examined
Threads: 1 / Time: 14.00 sec / Speedup: 1.00 / Efficiency: 100% / LogL: -6178
