IQ-TREE multicore version 2.3.6 for MacOS ARM 64-bit built Jul 30 2024
Developed by Bui Quang Minh, Nguyen Lam Tung, Olga Chernomor, Heiko Schmidt,
Dominik Schrempf, Michael Woodhams, Ly Trong Nhan, Thomas Wong

Host:    SUN1029323 (SSE4.2, 36 GB RAM)
Command: iqtree2 -s iqtree_output_50/aln_segment_13717_to_14224.fasta -m GTR -nt AUTO -fast -pre iqtree_output_50/aln_segment_13717_to_14224
Seed:    469009 (Using SPRNG - Scalable Parallel Random Number Generator)
Time:    Wed Oct 29 15:02:25 2025
Kernel:  SSE2 - auto-detect threads (14 CPU cores detected)

Reading alignment file iqtree_output_50/aln_segment_13717_to_14224.fasta ... Fasta format detected
Reading fasta file: done in 0.000456095 secs using 89.02% CPU
Alignment most likely contains DNA/RNA sequences
Alignment has 104 sequences with 508 columns, 103 distinct patterns
96 parsimony-informative, 115 singleton sites, 297 constant sites
Analyzing sequences: done in 5.10216e-05 secs using 76.44% CPU
NOTE: 41 identical sequences (see below) will be ignored for subsequent analysis
Alignment was printed to iqtree_output_50/aln_segment_13717_to_14224.uniqueseq.phy

For your convenience alignment with unique sequences printed to iqtree_output_50/aln_segment_13717_to_14224.uniqueseq.phy

Create initial parsimony tree by phylogenetic likelihood library (PLL)... 0.00 seconds

NOTE: 0 MB RAM (0 GB) is required!
Measuring multi-threading efficiency up to 14 CPU cores
Increase to 10 rounds for branch lengths
7261 trees examined
Threads: 1 / Time: 14.00 sec / Speedup: 1.00 / Efficiency: 100% / LogL: -6801
Threads: 2 / Time: 66.06 sec / Speedup: 0.21 / Efficiency: 11% / LogL: -6801
BEST NUMBER OF THREADS: 1

Estimate model parameters (epsilon = 0.50)
1. Initial log-likelihood: -1965.35
2. Current log-likelihood: -1919.91
Optimal log-likelihood: -1919.54
Rate parameters:  A-C: 2.60153  A-G: 5.61919  A-T: 0.00501  C-G: 1.93305  C-T: 4.52407  G-T: 1.00000
Base frequencies:  A: 0.113  C: 0.348  G: 0.349  T: 0.190
Parameters optimization took 2 rounds (0.011 sec)
Wrote distance file to... 
Computing ML distances based on estimated model parameters...
Calculating distance matrix: done in 0.00208402 secs using 98.46% CPU
Computing ML distances took 0.002154 sec (of wall-clock time) 0.002086 sec (of CPU time)
Setting up auxiliary I and S matrices: done in 6.29425e-05 secs using 81.03% CPU
Computing RapidNJ tree took 0.000211 sec (of wall-clock time) 0.000207 sec (of CPU time)
Log-likelihood of RapidNJ tree: -1933.035
--------------------------------------------------------------------
|             INITIALIZING CANDIDATE TREE SET                      |
--------------------------------------------------------------------

Do NNI search on 2 best initial trees
Estimate model parameters (epsilon = 0.500)
BETTER TREE FOUND at iteration 1: -1918.696
Estimate model parameters (epsilon = 0.500)
BETTER TREE FOUND at iteration 2: -1916.071
Finish initializing candidate tree set (4)
Current best tree score: -1916.071 / CPU time: 0.017
Number of iterations: 2
TREE SEARCH COMPLETED AFTER 2 ITERATIONS / Time: 0h:1m:20s

--------------------------------------------------------------------
|                    FINALIZING TREE SEARCH                        |
--------------------------------------------------------------------
Performs final model parameters optimization
Estimate model parameters (epsilon = 0.050)
1. Initial log-likelihood: -1916.071
Optimal log-likelihood: -1916.068
Rate parameters:  A-C: 2.62937  A-G: 5.72910  A-T: 0.00010  C-G: 1.87602  C-T: 4.58985  G-T: 1.00000
Warning! Some parameters hit the boundaries
Base frequencies:  A: 0.113  C: 0.348  G: 0.349  T: 0.190
Parameters optimization took 1 rounds (0.002 sec)
BEST SCORE FOUND : -1916.068
Total tree length: 0.681

Total number of iterations: 2
CPU time used for tree search: 0.015 sec (0h:0m:0s)
Wall-clock time used for tree search: 0.017 sec (0h:0m:0s)
Total CPU time used: 46.607 sec (0h:0m:46s)
Total wall-clock time used: 80.103 sec (0h:1m:20s)

Analysis results written to: 
  IQ-TREE report:                iqtree_output_50/aln_segment_13717_to_14224.iqtree
  Maximum-likelihood tree:       iqtree_output_50/aln_segment_13717_to_14224.treefile
  Likelihood distances:          iqtree_output_50/aln_segment_13717_to_14224.mldist
  Screen log file:               iqtree_output_50/aln_segment_13717_to_14224.log

Date and Time: Wed Oct 29 15:03:45 2025
