IQ-TREE multicore version 2.3.6 for MacOS ARM 64-bit built Jul 30 2024
Developed by Bui Quang Minh, Nguyen Lam Tung, Olga Chernomor, Heiko Schmidt,
Dominik Schrempf, Michael Woodhams, Ly Trong Nhan, Thomas Wong

Host:    SUN1029323 (SSE4.2, 36 GB RAM)
Command: iqtree2 -s iqtree_output_50/aln_segment_509_to_1016.fasta -m GTR -nt AUTO -fast -pre iqtree_output_50/aln_segment_509_to_1016
Seed:    981648 (Using SPRNG - Scalable Parallel Random Number Generator)
Time:    Wed Oct 29 14:37:01 2025
Kernel:  SSE2 - auto-detect threads (14 CPU cores detected)

Reading alignment file iqtree_output_50/aln_segment_509_to_1016.fasta ... Fasta format detected
Reading fasta file: done in 0.000416994 secs using 88.73% CPU
Alignment most likely contains DNA/RNA sequences
Alignment has 104 sequences with 508 columns, 180 distinct patterns
178 parsimony-informative, 107 singleton sites, 223 constant sites
Analyzing sequences: done in 5.50747e-05 secs using 90.79% CPU
WARNING: 2 sequences contain more than 50% gaps/ambiguity
NOTE: 51 identical sequences (see below) will be ignored for subsequent analysis
Alignment was printed to iqtree_output_50/aln_segment_509_to_1016.uniqueseq.phy

For your convenience alignment with unique sequences printed to iqtree_output_50/aln_segment_509_to_1016.uniqueseq.phy

Create initial parsimony tree by phylogenetic likelihood library (PLL)... 0.00 seconds

NOTE: 0 MB RAM (0 GB) is required!
Measuring multi-threading efficiency up to 14 CPU cores
Increase to 10 rounds for branch lengths
5631 trees examined
Threads: 1 / Time: 14.00 sec / Speedup: 1.00 / Efficiency: 100% / LogL: -8755
Threads: 2 / Time: 51.51 sec / Speedup: 0.27 / Efficiency: 14% / LogL: -8755
BEST NUMBER OF THREADS: 1

Estimate model parameters (epsilon = 0.50)
1. Initial log-likelihood: -2229.16
2. Current log-likelihood: -2171.37
3. Current log-likelihood: -2170.16
Optimal log-likelihood: -2170.14
Rate parameters:  A-C: 1.50362  A-G: 3.38014  A-T: 0.68378  C-G: 0.82718  C-T: 3.07524  G-T: 1.00000
Base frequencies:  A: 0.156  C: 0.372  G: 0.309  T: 0.164
Parameters optimization took 3 rounds (0.011 sec)
Wrote distance file to... 
Computing ML distances based on estimated model parameters...
Calculating distance matrix: done in 0.00165701 secs using 99.52% CPU
Computing ML distances took 0.001705 sec (of wall-clock time) 0.001681 sec (of CPU time)
Setting up auxiliary I and S matrices: done in 4.50611e-05 secs using 84.33% CPU
Computing RapidNJ tree took 0.000164 sec (of wall-clock time) 0.000136 sec (of CPU time)
Log-likelihood of RapidNJ tree: -2189.821
--------------------------------------------------------------------
|             INITIALIZING CANDIDATE TREE SET                      |
--------------------------------------------------------------------

Do NNI search on 2 best initial trees
Estimate model parameters (epsilon = 0.500)
BETTER TREE FOUND at iteration 1: -2162.772
Estimate model parameters (epsilon = 0.500)
BETTER TREE FOUND at iteration 2: -2162.085
Finish initializing candidate tree set (4)
Current best tree score: -2162.085 / CPU time: 0.022
Number of iterations: 2
TREE SEARCH COMPLETED AFTER 2 ITERATIONS / Time: 0h:1m:5s

--------------------------------------------------------------------
|                    FINALIZING TREE SEARCH                        |
--------------------------------------------------------------------
Performs final model parameters optimization
Estimate model parameters (epsilon = 0.050)
1. Initial log-likelihood: -2162.085
Optimal log-likelihood: -2162.085
Rate parameters:  A-C: 1.39716  A-G: 3.26962  A-T: 0.65744  C-G: 0.79487  C-T: 2.95417  G-T: 1.00000
Base frequencies:  A: 0.156  C: 0.372  G: 0.309  T: 0.164
Parameters optimization took 1 rounds (0.001 sec)
BEST SCORE FOUND : -2162.085
Total tree length: 1.124

Total number of iterations: 2
CPU time used for tree search: 0.022 sec (0h:0m:0s)
Wall-clock time used for tree search: 0.022 sec (0h:0m:0s)
Total CPU time used: 42.949 sec (0h:0m:42s)
Total wall-clock time used: 65.557 sec (0h:1m:5s)

Analysis results written to: 
  IQ-TREE report:                iqtree_output_50/aln_segment_509_to_1016.iqtree
  Maximum-likelihood tree:       iqtree_output_50/aln_segment_509_to_1016.treefile
  Likelihood distances:          iqtree_output_50/aln_segment_509_to_1016.mldist
  Screen log file:               iqtree_output_50/aln_segment_509_to_1016.log

Date and Time: Wed Oct 29 14:38:07 2025
