IQ-TREE multicore version 2.3.6 for MacOS ARM 64-bit built Jul 30 2024
Developed by Bui Quang Minh, Nguyen Lam Tung, Olga Chernomor, Heiko Schmidt,
Dominik Schrempf, Michael Woodhams, Ly Trong Nhan, Thomas Wong

Host:    SUN1029323 (SSE4.2, 36 GB RAM)
Command: iqtree2 -s iqtree_output_50/aln_segment_12193_to_12700.fasta -m GTR -nt AUTO -fast -pre iqtree_output_50/aln_segment_12193_to_12700
Seed:    846621 (Using SPRNG - Scalable Parallel Random Number Generator)
Time:    Wed Oct 29 14:58:29 2025
Kernel:  SSE2 - auto-detect threads (14 CPU cores detected)

Reading alignment file iqtree_output_50/aln_segment_12193_to_12700.fasta ... Fasta format detected
Reading fasta file: done in 0.000424862 secs using 87.56% CPU
Alignment most likely contains DNA/RNA sequences
Alignment has 104 sequences with 508 columns, 91 distinct patterns
75 parsimony-informative, 67 singleton sites, 366 constant sites
Analyzing sequences: done in 3.98159e-05 secs using 77.86% CPU
WARNING: 2 sequences contain more than 50% gaps/ambiguity
NOTE: 61 identical sequences (see below) will be ignored for subsequent analysis
Alignment was printed to iqtree_output_50/aln_segment_12193_to_12700.uniqueseq.phy

For your convenience alignment with unique sequences printed to iqtree_output_50/aln_segment_12193_to_12700.uniqueseq.phy

Create initial parsimony tree by phylogenetic likelihood library (PLL)... 0.00 seconds

NOTE: 0 MB RAM (0 GB) is required!
Measuring multi-threading efficiency up to 14 CPU cores
Increase to 10 rounds for branch lengths
11301 trees examined
Threads: 1 / Time: 14.00 sec / Speedup: 1.00 / Efficiency: 100% / LogL: -4756
Threads: 2 / Time: 70.12 sec / Speedup: 0.20 / Efficiency: 10% / LogL: -4756
BEST NUMBER OF THREADS: 1

Estimate model parameters (epsilon = 0.50)
1. Initial log-likelihood: -1596.44
2. Current log-likelihood: -1569.31
Optimal log-likelihood: -1569.27
Rate parameters:  A-C: 0.87811  A-G: 1.99440  A-T: 0.07680  C-G: 1.47044  C-T: 3.21259  G-T: 1.00000
Base frequencies:  A: 0.196  C: 0.316  G: 0.314  T: 0.173
Parameters optimization took 2 rounds (0.004 sec)
Wrote distance file to... 
Computing ML distances based on estimated model parameters...
Calculating distance matrix: done in 0.00118494 secs using 99.5% CPU
Computing ML distances took 0.001255 sec (of wall-clock time) 0.001197 sec (of CPU time)
Setting up auxiliary I and S matrices: done in 3.60012e-05 secs using 75% CPU
Computing RapidNJ tree took 0.000129 sec (of wall-clock time) 0.000098 sec (of CPU time)
Log-likelihood of RapidNJ tree: -1571.903
--------------------------------------------------------------------
|             INITIALIZING CANDIDATE TREE SET                      |
--------------------------------------------------------------------

Do NNI search on 2 best initial trees
BETTER TREE FOUND at iteration 1: -1569.267
Estimate model parameters (epsilon = 0.500)
BETTER TREE FOUND at iteration 2: -1568.507
Finish initializing candidate tree set (4)
Current best tree score: -1568.507 / CPU time: 0.008
Number of iterations: 2
TREE SEARCH COMPLETED AFTER 2 ITERATIONS / Time: 0h:1m:24s

--------------------------------------------------------------------
|                    FINALIZING TREE SEARCH                        |
--------------------------------------------------------------------
Performs final model parameters optimization
Estimate model parameters (epsilon = 0.050)
1. Initial log-likelihood: -1568.507
Optimal log-likelihood: -1568.507
Rate parameters:  A-C: 0.77310  A-G: 1.88644  A-T: 0.07355  C-G: 1.38806  C-T: 3.03679  G-T: 1.00000
Base frequencies:  A: 0.196  C: 0.316  G: 0.314  T: 0.173
Parameters optimization took 1 rounds (0.001 sec)
BEST SCORE FOUND : -1568.507
Total tree length: 0.413

Total number of iterations: 2
CPU time used for tree search: 0.008 sec (0h:0m:0s)
Wall-clock time used for tree search: 0.008 sec (0h:0m:0s)
Total CPU time used: 48.173 sec (0h:0m:48s)
Total wall-clock time used: 84.138 sec (0h:1m:24s)

Analysis results written to: 
  IQ-TREE report:                iqtree_output_50/aln_segment_12193_to_12700.iqtree
  Maximum-likelihood tree:       iqtree_output_50/aln_segment_12193_to_12700.treefile
  Likelihood distances:          iqtree_output_50/aln_segment_12193_to_12700.mldist
  Screen log file:               iqtree_output_50/aln_segment_12193_to_12700.log

Date and Time: Wed Oct 29 14:59:53 2025
