IQ-TREE multicore version 2.4.0 for Linux x86 64-bit built Feb  7 2025
Developed by Bui Quang Minh, Nguyen Lam Tung, Olga Chernomor, Heiko Schmidt,
Dominik Schrempf, Michael Woodhams, Ly Trong Nhan, Thomas Wong

Host:    ku-01 (AVX2, FMA3, 251 GB RAM)
Command: iqtree2 -s trim_genome_africa.fasta -m GTR+FO+R2+T -te tree_subsets/modeltrees_final_10.newick --prefix output_mast_repeats/mast_model_10/mast_model_10 -nt 4 -wslmr -redo
Seed:    713832 (Using SPRNG - Scalable Parallel Random Number Generator)
Time:    Thu Oct 30 15:52:01 2025
Kernel:  AVX+FMA - 4 threads (64 CPU cores detected)

Reading alignment file trim_genome_africa.fasta ... Fasta format detected
Reading fasta file: done in 0.0448749 secs using 89.64% CPU
Alignment most likely contains DNA/RNA sequences
Alignment has 29 sequences with 142412 columns, 3564 distinct patterns
28695 parsimony-informative, 1511 singleton sites, 112206 constant sites
                              Gap/Ambiguity  Composition  p-value
Analyzing sequences: done in 0.000142462 secs using 99.68% CPU
   1  HM585496_Human_herpesvirus_1    0.67%    failed      0.00%
   2  HM585497_Human_herpesvirus_1    0.65%    failed      0.00%
   3  HM585498_Human_herpesvirus_1    0.68%    failed      0.00%
   4  HM585499_Human_herpesvirus_1    0.67%    failed      0.00%
   5  HM585500_Human_herpesvirus_1    0.67%    failed      0.00%
   6  HM585501_Human_herpesvirus_1    0.63%    failed      0.00%
   7  HM585502_Human_herpesvirus_1    0.66%    failed      0.00%
   8  HM585503_Human_herpesvirus_1    0.69%    failed      0.00%
   9  HM585504_Human_herpesvirus_1    0.59%    failed      0.00%
  10  HM585505_Human_herpesvirus_1    0.67%    failed      0.00%
  11  HM585506_Human_herpesvirus_1    0.67%    failed      0.00%
  12  HM585507_Human_herpesvirus_1    1.56%    failed      0.00%
  13  HM585509_Human_herpesvirus_1    0.42%    failed      0.00%
  14  HM585510_Human_herpesvirus_1    0.45%    failed      0.00%
  15  HM585511_Human_herpesvirus_1    0.50%    failed      0.00%
  16  KR135299_Human_herpesvirus_2    3.19%    failed      0.00%
  17  KR135300_Human_herpesvirus_2    3.19%    failed      0.00%
  18  KR135301_Human_herpesvirus_2    3.33%    failed      0.00%
  19  KR135302_Human_herpesvirus_2    3.10%    failed      0.00%
  20  KR135303_Human_herpesvirus_2    3.44%    failed      0.00%
  21  KR135304_Human_herpesvirus_2    3.30%    failed      0.00%
  22  KR135305_Human_herpesvirus_2    3.43%    failed      0.00%
  23  KR135306_Human_herpesvirus_2    3.39%    failed      0.00%
  24  KR135307_Human_herpesvirus_2    3.14%    failed      0.00%
  25  KR135315_Human_herpesvirus_2    3.20%    failed      0.00%
  26  KR135316_Human_herpesvirus_2    3.19%    failed      0.00%
  27  KR135317_Human_herpesvirus_2    3.37%    failed      0.00%
  28  KR135318_Human_herpesvirus_2    3.12%    failed      0.00%
  29  KR135319_Human_herpesvirus_2    3.10%    failed      0.00%
****  TOTAL                           1.92%  29 sequences failed composition chi2 test (p-value<5%; df=3)
Tree-mixture model
Number of input trees: 10
Minimum branch length is set to 0.0000010











Linked substitution model:
   GTR+FO

Linked RHS model:
   R2


NOTE: 67 MB RAM (0 GB) is required!
According to the parsimony scores along the sites, the tree weights are initialized to:
0.1222210,0.0793088,0.0826985,0.0781205,0.0979867,0.0683928,0.1303264,0.0844013,0.1271016,0.1294424
Estimate model parameters (epsilon = 0.00100)
1. Initial log-likelihood: -341059.57614
2. Current log-likelihood: -334183.64579
3. Current log-likelihood: -333881.75313
4. Current log-likelihood: -333741.77420
5. Current log-likelihood: -333626.76979
6. Current log-likelihood: -333440.15732
7. Current log-likelihood: -333365.94141
8. Current log-likelihood: -333338.85018
9. Current log-likelihood: -333331.33712
10. Current log-likelihood: -333329.70262
11. Current log-likelihood: -333328.96758
12. Current log-likelihood: -333328.39761
13. Current log-likelihood: -333325.45734
14. Current log-likelihood: -333324.99915
15. Current log-likelihood: -333324.55958
16. Current log-likelihood: -333324.13104
17. Current log-likelihood: -333323.70733
18. Current log-likelihood: -333323.28946
19. Current log-likelihood: -333322.87950
20. Current log-likelihood: -333322.47649
21. Current log-likelihood: -333322.07821
22. Current log-likelihood: -333321.68904
23. Current log-likelihood: -333321.30637
24. Current log-likelihood: -333320.92883
25. Current log-likelihood: -333320.55672
26. Current log-likelihood: -333320.18976
27. Current log-likelihood: -333319.82818
28. Current log-likelihood: -333319.47535
29. Current log-likelihood: -333319.12685
30. Current log-likelihood: -333318.78472
31. Current log-likelihood: -333318.30695
32. Current log-likelihood: -333317.95499
33. Current log-likelihood: -333317.61082
34. Current log-likelihood: -333317.27233
35. Current log-likelihood: -333316.93702
36. Current log-likelihood: -333316.61019
37. Current log-likelihood: -333316.28623
38. Current log-likelihood: -333315.96619
39. Current log-likelihood: -333315.65305
40. Current log-likelihood: -333315.34294
41. Current log-likelihood: -333315.03927
42. Current log-likelihood: -333314.73971
43. Current log-likelihood: -333314.44178
44. Current log-likelihood: -333314.14816
45. Current log-likelihood: -333313.86145
46. Current log-likelihood: -333313.57631
47. Current log-likelihood: -333313.29839
48. Current log-likelihood: -333313.01816
49. Current log-likelihood: -333312.74691
50. Current log-likelihood: -333312.47485
51. Current log-likelihood: -333312.21065
52. Current log-likelihood: -333311.94833
53. Current log-likelihood: -333311.69160
54. Current log-likelihood: -333311.43322
55. Current log-likelihood: -333310.99473
56. Current log-likelihood: -333310.74818
57. Current log-likelihood: -333310.50574
58. Current log-likelihood: -333310.26706
59. Current log-likelihood: -333310.03074
60. Current log-likelihood: -333309.79884
61. Current log-likelihood: -333309.56889
62. Current log-likelihood: -333309.34324
63. Current log-likelihood: -333309.11956
64. Current log-likelihood: -333308.89974
65. Current log-likelihood: -333308.68259
66. Current log-likelihood: -333308.46883
67. Current log-likelihood: -333308.25344
68. Current log-likelihood: -333308.04520
69. Current log-likelihood: -333307.83953
70. Current log-likelihood: -333307.63493
71. Current log-likelihood: -333307.43417
72. Current log-likelihood: -333307.23578
73. Current log-likelihood: -333307.03975
74. Current log-likelihood: -333306.84461
75. Current log-likelihood: -333306.65186
76. Current log-likelihood: -333306.46101
77. Current log-likelihood: -333306.26951
78. Current log-likelihood: -333306.08268
79. Current log-likelihood: -333305.88124
80. Current log-likelihood: -333305.70002
81. Current log-likelihood: -333305.52002
82. Current log-likelihood: -333305.34204
83. Current log-likelihood: -333305.16695
84. Current log-likelihood: -333304.99258
85. Current log-likelihood: -333304.82158
86. Current log-likelihood: -333304.65169
87. Current log-likelihood: -333304.48218
88. Current log-likelihood: -333304.31515
89. Current log-likelihood: -333304.14949
90. Current log-likelihood: -333303.98777
91. Current log-likelihood: -333303.82688
92. Current log-likelihood: -333303.66822
93. Current log-likelihood: -333303.51087
94. Current log-likelihood: -333303.35543
95. Current log-likelihood: -333303.20120
96. Current log-likelihood: -333303.04936
97. Current log-likelihood: -333302.89435
98. Current log-likelihood: -333302.74484
99. Current log-likelihood: -333302.59635
100. Current log-likelihood: -333302.45028
101. Current log-likelihood: -333302.30494
102. Current log-likelihood: -333302.02987
103. Current log-likelihood: -333301.75264
104. Current log-likelihood: -333301.48146
105. Current log-likelihood: -333301.21259
106. Current log-likelihood: -333300.95110
107. Current log-likelihood: -333300.69291
108. Current log-likelihood: -333300.43830
109. Current log-likelihood: -333300.18820
110. Current log-likelihood: -333299.94323
111. Current log-likelihood: -333299.70311
112. Current log-likelihood: -333299.46632
113. Current log-likelihood: -333299.23125
114. Current log-likelihood: -333299.00170
115. Current log-likelihood: -333298.77359
116. Current log-likelihood: -333298.55033
117. Current log-likelihood: -333298.33057
118. Current log-likelihood: -333298.11375
119. Current log-likelihood: -333297.90045
120. Current log-likelihood: -333297.69004
121. Current log-likelihood: -333297.48296
122. Current log-likelihood: -333297.27330
123. Current log-likelihood: -333297.07161
124. Current log-likelihood: -333296.87077
125. Current log-likelihood: -333296.67050
126. Current log-likelihood: -333296.47622
127. Current log-likelihood: -333296.28484
128. Current log-likelihood: -333296.09465
129. Current log-likelihood: -333295.90800
130. Current log-likelihood: -333295.72039
131. Current log-likelihood: -333295.53799
132. Current log-likelihood: -333295.35757
133. Current log-likelihood: -333295.17916
134. Current log-likelihood: -333295.00330
135. Current log-likelihood: -333294.82358
136. Current log-likelihood: -333294.65107
137. Current log-likelihood: -333294.48068
138. Current log-likelihood: -333294.31234
139. Current log-likelihood: -333293.42378
140. Current log-likelihood: -333293.23952
141. Current log-likelihood: -333293.05793
142. Current log-likelihood: -333292.87967
143. Current log-likelihood: -333292.70336
144. Current log-likelihood: -333292.52976
145. Current log-likelihood: -333292.35878
146. Current log-likelihood: -333292.18964
147. Current log-likelihood: -333292.02177
148. Current log-likelihood: -333291.85635
149. Current log-likelihood: -333291.69072
150. Current log-likelihood: -333291.52887
151. Current log-likelihood: -333291.36943
152. Current log-likelihood: -333291.21145
153. Current log-likelihood: -333291.05397
154. Current log-likelihood: -333290.90017
155. Current log-likelihood: -333290.74780
156. Current log-likelihood: -333290.59723
157. Current log-likelihood: -333290.44800
158. Current log-likelihood: -333290.30098
159. Current log-likelihood: -333290.15451
160. Current log-likelihood: -333290.00808
161. Current log-likelihood: -333289.86503
162. Current log-likelihood: -333289.72157
163. Current log-likelihood: -333289.58145
164. Current log-likelihood: -333289.44317
165. Current log-likelihood: -333289.30634
166. Current log-likelihood: -333289.17078
167. Current log-likelihood: -333289.03683
168. Current log-likelihood: -333288.90358
169. Current log-likelihood: -333288.76907
170. Current log-likelihood: -333288.63925
171. Current log-likelihood: -333288.51087
172. Current log-likelihood: -333288.38320
173. Current log-likelihood: -333288.25727
174. Current log-likelihood: -333288.13265
175. Current log-likelihood: -333288.00662
176. Current log-likelihood: -333287.88426
177. Current log-likelihood: -333287.76211
178. Current log-likelihood: -333287.64179
179. Current log-likelihood: -333287.52283
180. Current log-likelihood: -333287.39640
181. Current log-likelihood: -333287.27750
182. Current log-likelihood: -333287.16171
183. Current log-likelihood: -333287.04655
184. Current log-likelihood: -333286.93267
185. Current log-likelihood: -333286.82023
186. Current log-likelihood: -333286.70890
187. Current log-likelihood: -333286.59671
188. Current log-likelihood: -333286.48575
189. Current log-likelihood: -333286.37718
190. Current log-likelihood: -333286.26489
191. Current log-likelihood: -333286.15804
192. Current log-likelihood: -333286.05274
193. Current log-likelihood: -333285.94419
194. Current log-likelihood: -333285.83934
195. Current log-likelihood: -333285.73670
196. Current log-likelihood: -333285.63515
197. Current log-likelihood: -333285.53427
198. Current log-likelihood: -333285.43397
199. Current log-likelihood: -333285.33435
200. Current log-likelihood: -333285.23547
201. Current log-likelihood: -333285.13784
202. Current log-likelihood: -333285.00126
203. Current log-likelihood: -333284.86166
204. Current log-likelihood: -333284.72444
205. Current log-likelihood: -333284.58659
206. Current log-likelihood: -333284.45328
207. Current log-likelihood: -333284.31906
208. Current log-likelihood: -333284.18363
209. Current log-likelihood: -333284.04028
210. Current log-likelihood: -333283.91171
211. Current log-likelihood: -333283.78209
212. Current log-likelihood: -333283.65706
213. Current log-likelihood: -333283.53281
214. Current log-likelihood: -333283.40741
215. Current log-likelihood: -333283.28488
216. Current log-likelihood: -333283.16526
217. Current log-likelihood: -333283.04495
218. Current log-likelihood: -333282.92586
219. Current log-likelihood: -333282.80768
220. Current log-likelihood: -333282.69178
221. Current log-likelihood: -333282.57459
222. Current log-likelihood: -333282.46107
223. Current log-likelihood: -333282.34844
224. Current log-likelihood: -333282.23681
225. Current log-likelihood: -333282.12594
226. Current log-likelihood: -333282.01595
227. Current log-likelihood: -333281.90328
228. Current log-likelihood: -333281.79565
229. Current log-likelihood: -333281.68794
230. Current log-likelihood: -333281.57811
231. Current log-likelihood: -333281.47238
232. Current log-likelihood: -333281.36548
233. Current log-likelihood: -333281.25868
234. Current log-likelihood: -333281.15269
235. Current log-likelihood: -333281.04848
236. Current log-likelihood: -333280.94237
237. Current log-likelihood: -333280.81836
238. Current log-likelihood: -333280.70321
239. Current log-likelihood: -333280.59322
240. Current log-likelihood: -333280.47320
241. Current log-likelihood: -333280.34581
242. Current log-likelihood: -333280.11844
243. Current log-likelihood: -333279.66471
244. Current log-likelihood: -333272.50314
245. Current log-likelihood: -333267.80050
246. Current log-likelihood: -333267.43808
247. Current log-likelihood: -333267.27270
248. Current log-likelihood: -333267.14386
249. Current log-likelihood: -333267.02681
250. Current log-likelihood: -333266.91308
251. Current log-likelihood: -333266.80124
252. Current log-likelihood: -333266.68910
253. Current log-likelihood: -333266.14952
254. Current log-likelihood: -333266.02912
255. Current log-likelihood: -333265.91777
256. Current log-likelihood: -333265.80952
257. Current log-likelihood: -333265.70467
258. Current log-likelihood: -333265.60120
259. Current log-likelihood: -333265.49968
260. Current log-likelihood: -333265.39902
261. Current log-likelihood: -333265.29862
262. Current log-likelihood: -333265.20163
263. Current log-likelihood: -333265.10537
264. Current log-likelihood: -333265.00973
265. Current log-likelihood: -333264.91590
266. Current log-likelihood: -333264.82314
267. Current log-likelihood: -333264.73130
268. Current log-likelihood: -333264.64027
269. Current log-likelihood: -333264.55050
270. Current log-likelihood: -333264.46045
271. Current log-likelihood: -333264.37221
272. Current log-likelihood: -333264.28513
273. Current log-likelihood: -333264.19789
274. Current log-likelihood: -333264.11255
275. Current log-likelihood: -333264.02764
276. Current log-likelihood: -333263.94323
277. Current log-likelihood: -333263.85763
278. Current log-likelihood: -333263.77383
279. Current log-likelihood: -333263.69148
280. Current log-likelihood: -333263.60975
281. Current log-likelihood: -333263.52871
282. Current log-likelihood: -333263.44834
283. Current log-likelihood: -333263.36814
284. Current log-likelihood: -333263.28905
285. Current log-likelihood: -333263.21034
286. Current log-likelihood: -333263.12971
287. Current log-likelihood: -333263.05090
288. Current log-likelihood: -333262.97358
289. Current log-likelihood: -333262.89589
290. Current log-likelihood: -333262.81875
291. Current log-likelihood: -333262.74080
292. Current log-likelihood: -333262.66544
293. Current log-likelihood: -333262.58905
294. Current log-likelihood: -333262.51335
295. Current log-likelihood: -333262.43781
296. Current log-likelihood: -333262.36190
297. Current log-likelihood: -333262.28639
298. Current log-likelihood: -333262.21166
299. Current log-likelihood: -333262.13585
300. Current log-likelihood: -333262.06283
301. Current log-likelihood: -333261.98916
302. Current log-likelihood: -333261.90131
303. Current log-likelihood: -333261.80912
304. Current log-likelihood: -333261.71818
305. Current log-likelihood: -333261.62627
306. Current log-likelihood: -333261.53490
307. Current log-likelihood: -333261.44275
308. Current log-likelihood: -333261.35162
309. Current log-likelihood: -333261.26115
310. Current log-likelihood: -333261.17132
311. Current log-likelihood: -333261.07880
312. Current log-likelihood: -333260.99021
313. Current log-likelihood: -333260.89861
314. Current log-likelihood: -333260.80603
315. Current log-likelihood: -333260.71686
316. Current log-likelihood: -333260.62769
317. Current log-likelihood: -333260.53624
318. Current log-likelihood: -333260.44552
319. Current log-likelihood: -333260.35600
320. Current log-likelihood: -333260.26522
321. Current log-likelihood: -333260.17462
322. Current log-likelihood: -333260.08421
323. Current log-likelihood: -333259.99476
324. Current log-likelihood: -333259.90283
325. Current log-likelihood: -333259.81171
326. Current log-likelihood: -333259.72128
327. Current log-likelihood: -333259.63051
328. Current log-likelihood: -333259.53921
329. Current log-likelihood: -333259.44586
330. Current log-likelihood: -333259.35693
331. Current log-likelihood: -333259.26595
332. Current log-likelihood: -333259.17490
333. Current log-likelihood: -333259.08283
334. Current log-likelihood: -333258.99090
335. Current log-likelihood: -333258.89666
336. Current log-likelihood: -333258.80168
337. Current log-likelihood: -333258.71019
338. Current log-likelihood: -333258.61746
339. Current log-likelihood: -333258.52689
340. Current log-likelihood: -333258.43741
341. Current log-likelihood: -333258.34846
342. Current log-likelihood: -333258.26059
343. Current log-likelihood: -333258.17170
344. Current log-likelihood: -333258.08161
345. Current log-likelihood: -333257.99505
346. Current log-likelihood: -333257.90951
347. Current log-likelihood: -333257.82468
348. Current log-likelihood: -333257.74070
349. Current log-likelihood: -333257.65548
350. Current log-likelihood: -333257.57209
351. Current log-likelihood: -333257.48725
352. Current log-likelihood: -333257.40477
353. Current log-likelihood: -333257.32220
354. Current log-likelihood: -333257.23964
355. Current log-likelihood: -333257.15825
356. Current log-likelihood: -333257.07716
357. Current log-likelihood: -333256.99594
358. Current log-likelihood: -333256.91526
359. Current log-likelihood: -333256.83474
360. Current log-likelihood: -333256.75612
361. Current log-likelihood: -333256.67554
362. Current log-likelihood: -333256.59585
363. Current log-likelihood: -333256.51212
364. Current log-likelihood: -333256.43110
365. Current log-likelihood: -333256.34826
366. Current log-likelihood: -333256.25323
367. Current log-likelihood: -333256.03857
368. Current log-likelihood: -333246.90543
369. Current log-likelihood: -333246.68689
370. Current log-likelihood: -333246.51867
371. Current log-likelihood: -333246.35195
372. Current log-likelihood: -333246.19038
373. Current log-likelihood: -333246.03301
374. Current log-likelihood: -333245.87907
375. Current log-likelihood: -333245.72794
376. Current log-likelihood: -333245.57531
377. Current log-likelihood: -333245.43143
378. Current log-likelihood: -333245.28863
379. Current log-likelihood: -333245.14956
380. Current log-likelihood: -333245.01282
381. Current log-likelihood: -333244.87848
382. Current log-likelihood: -333244.74620
383. Current log-likelihood: -333244.61454
384. Current log-likelihood: -333244.48457
385. Current log-likelihood: -333244.35790
386. Current log-likelihood: -333244.23135
387. Current log-likelihood: -333244.10909
388. Current log-likelihood: -333243.98855
389. Current log-likelihood: -333243.86887
390. Current log-likelihood: -333243.75217
391. Current log-likelihood: -333243.63777
392. Current log-likelihood: -333243.52370
393. Current log-likelihood: -333243.41252
394. Current log-likelihood: -333243.30258
395. Current log-likelihood: -333242.69323
396. Current log-likelihood: -333242.29673
397. Current log-likelihood: -333242.17820
398. Current log-likelihood: -333242.06349
399. Current log-likelihood: -333241.94898
400. Current log-likelihood: -333241.83823
401. Current log-likelihood: -333241.72747
402. Current log-likelihood: -333241.59833
403. Current log-likelihood: -333241.46704
404. Current log-likelihood: -333241.34163
405. Current log-likelihood: -333241.21692
406. Current log-likelihood: -333241.09559
407. Current log-likelihood: -333240.97594
408. Current log-likelihood: -333240.85761
409. Current log-likelihood: -333240.74202
410. Current log-likelihood: -333240.61272
411. Current log-likelihood: -333240.50034
412. Current log-likelihood: -333240.38987
413. Current log-likelihood: -333240.28022
414. Current log-likelihood: -333240.17313
415. Current log-likelihood: -333240.06822
416. Current log-likelihood: -333239.96456
417. Current log-likelihood: -333239.86201
418. Current log-likelihood: -333239.76128
419. Current log-likelihood: -333239.66229
420. Current log-likelihood: -333239.56519
421. Current log-likelihood: -333239.46907
422. Current log-likelihood: -333239.37396
423. Current log-likelihood: -333239.28126
424. Current log-likelihood: -333239.18902
425. Current log-likelihood: -333239.09809
426. Current log-likelihood: -333239.00492
427. Current log-likelihood: -333238.91623
428. Current log-likelihood: -333238.82895
429. Current log-likelihood: -333238.74280
430. Current log-likelihood: -333238.65494
431. Current log-likelihood: -333238.57025
432. Current log-likelihood: -333238.48688
433. Current log-likelihood: -333238.40514
434. Current log-likelihood: -333238.32444
435. Current log-likelihood: -333238.24481
436. Current log-likelihood: -333238.16486
437. Current log-likelihood: -333220.38161
438. Current log-likelihood: -333219.86309
439. Current log-likelihood: -333219.58214
440. Current log-likelihood: -333219.32450
441. Current log-likelihood: -333219.08589
442. Current log-likelihood: -333218.86428
443. Current log-likelihood: -333218.65806
444. Current log-likelihood: -333218.46613
445. Current log-likelihood: -333218.28477
446. Current log-likelihood: -333218.11465
447. Current log-likelihood: -333217.95368
448. Current log-likelihood: -333217.80069
449. Current log-likelihood: -333217.65672
450. Current log-likelihood: -333217.51756
451. Current log-likelihood: -333217.38693
452. Current log-likelihood: -333217.26119
453. Current log-likelihood: -333217.14311
454. Current log-likelihood: -333217.03011
455. Current log-likelihood: -333216.92201
456. Current log-likelihood: -333216.81716
457. Current log-likelihood: -333216.71768
458. Current log-likelihood: -333216.62098
459. Current log-likelihood: -333216.52598
460. Current log-likelihood: -333216.43639
461. Current log-likelihood: -333216.34900
462. Current log-likelihood: -333216.26538
463. Current log-likelihood: -333216.18441
464. Current log-likelihood: -333216.10443
465. Current log-likelihood: -333216.02559
466. Current log-likelihood: -333215.94988
467. Current log-likelihood: -333215.87714
468. Current log-likelihood: -333215.80641
469. Current log-likelihood: -333215.73716
470. Current log-likelihood: -333215.66943
471. Current log-likelihood: -333215.60286
472. Current log-likelihood: -333215.53824
473. Current log-likelihood: -333215.47547
474. Current log-likelihood: -333215.41269
475. Current log-likelihood: -333215.34966
476. Current log-likelihood: -333215.28978
477. Current log-likelihood: -333215.23180
478. Current log-likelihood: -333215.17322
479. Current log-likelihood: -333215.11658
480. Current log-likelihood: -333215.06084
481. Current log-likelihood: -333215.00520
482. Current log-likelihood: -333214.95045
483. Current log-likelihood: -333214.89675
484. Current log-likelihood: -333214.84431
485. Current log-likelihood: -333214.79189
486. Current log-likelihood: -333214.73951
487. Current log-likelihood: -333214.68887
488. Current log-likelihood: -333214.63828
489. Current log-likelihood: -333214.58830
490. Current log-likelihood: -333214.53920
491. Current log-likelihood: -333214.49096
492. Current log-likelihood: -333214.44277
493. Current log-likelihood: -333214.39506
494. Current log-likelihood: -333214.34720
495. Current log-likelihood: -333214.29967
496. Current log-likelihood: -333214.25286
497. Current log-likelihood: -333214.20683
498. Current log-likelihood: -333214.15997
499. Current log-likelihood: -333214.11487
500. Current log-likelihood: -333214.07001
501. Current log-likelihood: -333214.02572
502. Current log-likelihood: -333213.97482
503. Current log-likelihood: -333213.92299
504. Current log-likelihood: -333213.87079
505. Current log-likelihood: -333213.82058
506. Current log-likelihood: -333213.76827
507. Current log-likelihood: -333213.71834
508. Current log-likelihood: -333213.66745
509. Current log-likelihood: -333213.61847
510. Current log-likelihood: -333213.56957
511. Current log-likelihood: -333213.51868
512. Current log-likelihood: -333213.47023
513. Current log-likelihood: -333213.42134
514. Current log-likelihood: -333213.37296
515. Current log-likelihood: -333213.32492
516. Current log-likelihood: -333213.27764
517. Current log-likelihood: -333213.23003
518. Current log-likelihood: -333213.18336
519. Current log-likelihood: -333213.13273
520. Current log-likelihood: -333213.08607
521. Current log-likelihood: -333213.03915
522. Current log-likelihood: -333212.99356
523. Current log-likelihood: -333212.94615
524. Current log-likelihood: -333212.90049
525. Current log-likelihood: -333212.85502
526. Current log-likelihood: -333212.80961
527. Current log-likelihood: -333212.76478
528. Current log-likelihood: -333212.71924
529. Current log-likelihood: -333212.67445
530. Current log-likelihood: -333212.62927
531. Current log-likelihood: -333212.58328
532. Current log-likelihood: -333212.53847
533. Current log-likelihood: -333212.49425
534. Current log-likelihood: -333212.45008
535. Current log-likelihood: -333212.40494
536. Current log-likelihood: -333212.35993
537. Current log-likelihood: -333212.31631
538. Current log-likelihood: -333212.27037
539. Current log-likelihood: -333212.22433
540. Current log-likelihood: -333212.17987
541. Current log-likelihood: -333212.13556
542. Current log-likelihood: -333212.09169
543. Current log-likelihood: -333212.04799
544. Current log-likelihood: -333212.00359
545. Current log-likelihood: -333211.95971
546. Current log-likelihood: -333211.91581
547. Current log-likelihood: -333211.87171
548. Current log-likelihood: -333211.82783
549. Current log-likelihood: -333211.78317
550. Current log-likelihood: -333211.73897
551. Current log-likelihood: -333211.69100
552. Current log-likelihood: -333211.64702
553. Current log-likelihood: -333211.60174
554. Current log-likelihood: -333211.55669
555. Current log-likelihood: -333211.51254
556. Current log-likelihood: -333211.46642
557. Current log-likelihood: -333211.42204
558. Current log-likelihood: -333211.37694
559. Current log-likelihood: -333211.33225
560. Current log-likelihood: -333211.28537
561. Current log-likelihood: -333211.24018
562. Current log-likelihood: -333211.19305
563. Current log-likelihood: -333211.14776
564. Current log-likelihood: -333211.10075
565. Current log-likelihood: -333211.05528
566. Current log-likelihood: -333211.00885
567. Current log-likelihood: -333210.96090
568. Current log-likelihood: -333210.91240
569. Current log-likelihood: -333210.86558
570. Current log-likelihood: -333210.81833
571. Current log-likelihood: -333210.76989
572. Current log-likelihood: -333210.72165
573. Current log-likelihood: -333210.67470
574. Current log-likelihood: -333210.62479
575. Current log-likelihood: -333210.57460
576. Current log-likelihood: -333210.52703
577. Current log-likelihood: -333210.47868
578. Current log-likelihood: -333210.42974
579. Current log-likelihood: -333210.37627
580. Current log-likelihood: -333210.32730
581. Current log-likelihood: -333210.27705
582. Current log-likelihood: -333210.22644
583. Current log-likelihood: -333210.17715
584. Current log-likelihood: -333210.12708
585. Current log-likelihood: -333210.07658
586. Current log-likelihood: -333210.02504
587. Current log-likelihood: -333209.97414
588. Current log-likelihood: -333209.92352
589. Current log-likelihood: -333209.87244
590. Current log-likelihood: -333209.82006
591. Current log-likelihood: -333209.76866
592. Current log-likelihood: -333209.71565
593. Current log-likelihood: -333209.66320
594. Current log-likelihood: -333209.61130
595. Current log-likelihood: -333209.55877
596. Current log-likelihood: -333209.50643
597. Current log-likelihood: -333209.45398
598. Current log-likelihood: -333209.40158
599. Current log-likelihood: -333209.34192
600. Current log-likelihood: -333209.28519
601. Current log-likelihood: -333209.23272
602. Current log-likelihood: -333209.17372
603. Current log-likelihood: -333209.11154
604. Current log-likelihood: -333209.04761
605. Current log-likelihood: -333208.98537
606. Current log-likelihood: -333208.92218
607. Current log-likelihood: -333208.85984
608. Current log-likelihood: -333208.79815
609. Current log-likelihood: -333208.73590
610. Current log-likelihood: -333208.67185
611. Current log-likelihood: -333208.60881
612. Current log-likelihood: -333208.54011
613. Current log-likelihood: -333208.47610
614. Current log-likelihood: -333208.41312
615. Current log-likelihood: -333208.34852
616. Current log-likelihood: -333208.28299
617. Current log-likelihood: -333208.21959
618. Current log-likelihood: -333208.15558
619. Current log-likelihood: -333208.09192
620. Current log-likelihood: -333208.02660
621. Current log-likelihood: -333207.96245
622. Current log-likelihood: -333207.89848
623. Current log-likelihood: -333207.83402
624. Current log-likelihood: -333207.76822
625. Current log-likelihood: -333207.70358
626. Current log-likelihood: -333207.63929
627. Current log-likelihood: -333207.57477
628. Current log-likelihood: -333207.51117
629. Current log-likelihood: -333207.44755
630. Current log-likelihood: -333207.38319
631. Current log-likelihood: -333207.31782
632. Current log-likelihood: -333207.25454
633. Current log-likelihood: -333207.19102
634. Current log-likelihood: -333207.12779
635. Current log-likelihood: -333207.06061
636. Current log-likelihood: -333206.99720
637. Current log-likelihood: -333206.93386
638. Current log-likelihood: -333206.87110
639. Current log-likelihood: -333206.80786
640. Current log-likelihood: -333206.74524
641. Current log-likelihood: -333206.68315
642. Current log-likelihood: -333206.61710
643. Current log-likelihood: -333206.55550
644. Current log-likelihood: -333206.49405
645. Current log-likelihood: -333206.43176
646. Current log-likelihood: -333206.37086
647. Current log-likelihood: -333206.30945
648. Current log-likelihood: -333206.24696
649. Current log-likelihood: -333206.18452
650. Current log-likelihood: -333205.90298
651. Current log-likelihood: -333205.83576
652. Current log-likelihood: -333205.76954
653. Current log-likelihood: -333205.70365
654. Current log-likelihood: -333205.63891
655. Current log-likelihood: -333205.57174
656. Current log-likelihood: -333205.50779
657. Current log-likelihood: -333205.44490
658. Current log-likelihood: -333205.38178
659. Current log-likelihood: -333205.32033
660. Current log-likelihood: -333205.25959
661. Current log-likelihood: -333205.19765
662. Current log-likelihood: -333205.13832
663. Current log-likelihood: -333205.07985
664. Current log-likelihood: -333205.02232
665. Current log-likelihood: -333204.96487
666. Current log-likelihood: -333204.90799
667. Current log-likelihood: -333204.84977
668. Current log-likelihood: -333204.78856
669. Current log-likelihood: -333204.73516
670. Current log-likelihood: -333204.68149
671. Current log-likelihood: -333204.62915
672. Current log-likelihood: -333204.57838
673. Current log-likelihood: -333204.52836
674. Current log-likelihood: -333204.47865
675. Current log-likelihood: -333204.42761
676. Current log-likelihood: -333204.37961
677. Current log-likelihood: -333204.33312
678. Current log-likelihood: -333204.28659
679. Current log-likelihood: -333204.24102
680. Current log-likelihood: -333204.19623
681. Current log-likelihood: -333204.15124
682. Current log-likelihood: -333204.10812
683. Current log-likelihood: -333204.06486
684. Current log-likelihood: -333204.02277
685. Current log-likelihood: -333203.98025
686. Current log-likelihood: -333203.93876
687. Current log-likelihood: -333203.89766
688. Current log-likelihood: -333203.85873
689. Current log-likelihood: -333203.81904
690. Current log-likelihood: -333203.78117
691. Current log-likelihood: -333203.74453
692. Current log-likelihood: -333203.70806
693. Current log-likelihood: -333203.67194
694. Current log-likelihood: -333203.63725
695. Current log-likelihood: -333203.60305
696. Current log-likelihood: -333203.56850
697. Current log-likelihood: -333203.53098
698. Current log-likelihood: -333203.49821
699. Current log-likelihood: -333203.46598
700. Current log-likelihood: -333203.43440
701. Current log-likelihood: -333203.40386
702. Current log-likelihood: -333203.37008
703. Current log-likelihood: -333203.33712
704. Current log-likelihood: -333203.30478
705. Current log-likelihood: -333203.27186
706. Current log-likelihood: -333203.24080
707. Current log-likelihood: -333203.20833
708. Current log-likelihood: -333203.17827
709. Current log-likelihood: -333203.14930
710. Current log-likelihood: -333203.12092
711. Current log-likelihood: -333203.09298
712. Current log-likelihood: -333203.06519
713. Current log-likelihood: -333203.03860
714. Current log-likelihood: -333203.01210
715. Current log-likelihood: -333202.98521
716. Current log-likelihood: -333202.96039
717. Current log-likelihood: -333202.93487
718. Current log-likelihood: -333202.91118
719. Current log-likelihood: -333202.88759
720. Current log-likelihood: -333202.86395
721. Current log-likelihood: -333202.84119
722. Current log-likelihood: -333202.81888
723. Current log-likelihood: -333202.79567
724. Current log-likelihood: -333202.77404
725. Current log-likelihood: -333202.75346
726. Current log-likelihood: -333202.73262
727. Current log-likelihood: -333202.71202
728. Current log-likelihood: -333202.69223
729. Current log-likelihood: -333202.66940
730. Current log-likelihood: -333202.65075
731. Current log-likelihood: -333202.63185
732. Current log-likelihood: -333202.61391
733. Current log-likelihood: -333202.59625
734. Current log-likelihood: -333202.57888
735. Current log-likelihood: -333202.56225
736. Current log-likelihood: -333202.54564
737. Current log-likelihood: -333202.52919
738. Current log-likelihood: -333202.51333
739. Current log-likelihood: -333202.49762
740. Current log-likelihood: -333202.48105
741. Current log-likelihood: -333202.46618
742. Current log-likelihood: -333202.45110
743. Current log-likelihood: -333202.43676
744. Current log-likelihood: -333202.42237
745. Current log-likelihood: -333202.40832
746. Current log-likelihood: -333202.39479
747. Current log-likelihood: -333202.38131
748. Current log-likelihood: -333202.36835
749. Current log-likelihood: -333202.35354
750. Current log-likelihood: -333202.34103
751. Current log-likelihood: -333202.32834
752. Current log-likelihood: -333202.31565
753. Current log-likelihood: -333202.30356
754. Current log-likelihood: -333202.29171
755. Current log-likelihood: -333202.27983
756. Current log-likelihood: -333202.26872
757. Current log-likelihood: -333202.25730
758. Current log-likelihood: -333202.24655
759. Current log-likelihood: -333202.23511
760. Current log-likelihood: -333202.22420
761. Current log-likelihood: -333202.21383
762. Current log-likelihood: -333202.20313
763. Current log-likelihood: -333202.19312
764. Current log-likelihood: -333202.18306
765. Current log-likelihood: -333202.17386
766. Current log-likelihood: -333202.16357
767. Current log-likelihood: -333202.15403
768. Current log-likelihood: -333202.14447
769. Current log-likelihood: -333202.13516
770. Current log-likelihood: -333202.12584
771. Current log-likelihood: -333202.11640
772. Current log-likelihood: -333202.10784
773. Current log-likelihood: -333202.09861
774. Current log-likelihood: -333202.09043
775. Current log-likelihood: -333202.08245
776. Current log-likelihood: -333202.07372
777. Current log-likelihood: -333202.06516
778. Current log-likelihood: -333202.05687
779. Current log-likelihood: -333202.05012
780. Current log-likelihood: -333202.04195
781. Current log-likelihood: -333202.03549
782. Current log-likelihood: -333202.02669
783. Current log-likelihood: -333202.01876
784. Current log-likelihood: -333202.01169
785. Current log-likelihood: -333202.00411
786. Current log-likelihood: -333201.99652
787. Current log-likelihood: -333201.98964
788. Current log-likelihood: -333201.98268
789. Current log-likelihood: -333201.97497
790. Current log-likelihood: -333201.96906
791. Current log-likelihood: -333201.96167
792. Current log-likelihood: -333201.95518
793. Current log-likelihood: -333201.94880
794. Current log-likelihood: -333201.94167
795. Current log-likelihood: -333201.93626
796. Current log-likelihood: -333201.92921
797. Current log-likelihood: -333201.92382
798. Current log-likelihood: -333201.91760
799. Current log-likelihood: -333201.91239
800. Current log-likelihood: -333201.90327
801. Current log-likelihood: -333201.89675
802. Current log-likelihood: -333201.89111
803. Current log-likelihood: -333201.88482
804. Current log-likelihood: -333201.87592
805. Current log-likelihood: -333201.87052
806. Current log-likelihood: -333201.86392
807. Current log-likelihood: -333201.85737
808. Current log-likelihood: -333201.85217
809. Current log-likelihood: -333201.84554
810. Current log-likelihood: -333201.83974
811. Current log-likelihood: -333201.83218
812. Current log-likelihood: -333201.82619
813. Current log-likelihood: -333201.82143
814. Current log-likelihood: -333201.81551
815. Current log-likelihood: -333201.81108
816. Current log-likelihood: -333201.80497
817. Current log-likelihood: -333201.79918
818. Current log-likelihood: -333201.79313
819. Current log-likelihood: -333201.78867
820. Current log-likelihood: -333201.78304
821. Current log-likelihood: -333201.77748
822. Current log-likelihood: -333201.77309
823. Current log-likelihood: -333201.76728
824. Current log-likelihood: -333201.76328
825. Current log-likelihood: -333201.75845
826. Current log-likelihood: -333201.75431
827. Current log-likelihood: -333201.74884
828. Current log-likelihood: -333201.74495
829. Current log-likelihood: -333201.74016
830. Current log-likelihood: -333201.73642
831. Current log-likelihood: -333201.73149
832. Current log-likelihood: -333201.72779
833. Current log-likelihood: -333201.72279
834. Current log-likelihood: -333201.71754
835. Current log-likelihood: -333201.71405
836. Current log-likelihood: -333201.71045
837. Current log-likelihood: -333201.70503
838. Current log-likelihood: -333201.70175
839. Current log-likelihood: -333201.69714
840. Current log-likelihood: -333201.69359
841. Current log-likelihood: -333201.68898
842. Current log-likelihood: -333201.68567
843. Current log-likelihood: -333201.68052
844. Current log-likelihood: -333201.67726
845. Current log-likelihood: -333201.67384
846. Current log-likelihood: -333201.67059
847. Current log-likelihood: -333201.66605
848. Current log-likelihood: -333201.66295
849. Current log-likelihood: -333201.65992
850. Current log-likelihood: -333201.65541
851. Current log-likelihood: -333201.65225
852. Current log-likelihood: -333201.64589
853. Current log-likelihood: -333201.64279
854. Current log-likelihood: -333201.63896
855. Current log-likelihood: -333201.63456
856. Current log-likelihood: -333201.63173
857. Current log-likelihood: -333201.62880
858. Current log-likelihood: -333201.62455
859. Current log-likelihood: -333201.62173
860. Current log-likelihood: -333201.61757
861. Current log-likelihood: -333201.61482
862. Current log-likelihood: -333201.61207
863. Current log-likelihood: -333201.60845
864. Current log-likelihood: -333201.60574
865. Current log-likelihood: -333201.60223
866. Current log-likelihood: -333201.59962
867. Current log-likelihood: -333201.59680
868. Current log-likelihood: -333201.59411
869. Current log-likelihood: -333201.59148
870. Current log-likelihood: -333201.58757
871. Current log-likelihood: -333201.58417
872. Current log-likelihood: -333201.58176
873. Current log-likelihood: -333201.57929
874. Current log-likelihood: -333201.57682
875. Current log-likelihood: -333201.57434
876. Current log-likelihood: -333201.57053
877. Current log-likelihood: -333201.56811
878. Current log-likelihood: -333201.56586
879. Current log-likelihood: -333201.56349
880. Current log-likelihood: -333201.56121
881. Current log-likelihood: -333201.55670
882. Current log-likelihood: -333201.55449
883. Current log-likelihood: -333201.55209
884. Current log-likelihood: -333201.54792
885. Current log-likelihood: -333201.54431
886. Current log-likelihood: -333201.54218
887. Current log-likelihood: -333201.40561
888. Current log-likelihood: -333200.71448
889. Current log-likelihood: -333182.77678
890. Current log-likelihood: -333182.64032
891. Current log-likelihood: -333182.54844
892. Current log-likelihood: -333182.47942
893. Current log-likelihood: -333182.43034
894. Current log-likelihood: -333182.38539
895. Current log-likelihood: -333182.34221
896. Current log-likelihood: -333182.30834
897. Current log-likelihood: -333182.27707
898. Current log-likelihood: -333182.24876
899. Current log-likelihood: -333182.22200
900. Current log-likelihood: -333182.19862
901. Current log-likelihood: -333182.17547
902. Current log-likelihood: -333182.15309
903. Current log-likelihood: -333182.10742
904. Current log-likelihood: -333182.05986
905. Current log-likelihood: -333182.03820
906. Current log-likelihood: -333182.01788
907. Current log-likelihood: -333181.99859
908. Current log-likelihood: -333181.98163
909. Current log-likelihood: -333181.96580
910. Current log-likelihood: -333181.95102
911. Current log-likelihood: -333181.93633
912. Current log-likelihood: -333181.92225
913. Current log-likelihood: -333181.90917
914. Current log-likelihood: -333181.89335
915. Current log-likelihood: -333181.87918
916. Current log-likelihood: -333181.86688
917. Current log-likelihood: -333181.85509
918. Current log-likelihood: -333181.84367
919. Current log-likelihood: -333181.82828
920. Current log-likelihood: -333181.81755
921. Current log-likelihood: -333181.80684
922. Current log-likelihood: -333181.79655
923. Current log-likelihood: -333181.78641
924. Current log-likelihood: -333181.77669
925. Current log-likelihood: -333181.76623
926. Current log-likelihood: -333181.75642
927. Current log-likelihood: -333181.74729
928. Current log-likelihood: -333181.73808
929. Current log-likelihood: -333181.72919
930. Current log-likelihood: -333181.72070
931. Current log-likelihood: -333181.71204
932. Current log-likelihood: -333181.70384
933. Current log-likelihood: -333181.69561
934. Current log-likelihood: -333181.68755
935. Current log-likelihood: -333181.67955
936. Current log-likelihood: -333181.67147
937. Current log-likelihood: -333181.66381
938. Current log-likelihood: -333181.65696
939. Current log-likelihood: -333181.64946
940. Current log-likelihood: -333181.64079
941. Current log-likelihood: -333181.63350
942. Current log-likelihood: -333181.62691
943. Current log-likelihood: -333181.62002
944. Current log-likelihood: -333181.61468
945. Current log-likelihood: -333181.60775
946. Current log-likelihood: -333181.60100
947. Current log-likelihood: -333181.59433
948. Current log-likelihood: -333181.58912
949. Current log-likelihood: -333181.58259
950. Current log-likelihood: -333181.57673
951. Current log-likelihood: -333181.57041
952. Current log-likelihood: -333181.56572
953. Current log-likelihood: -333181.55958
954. Current log-likelihood: -333181.55340
955. Current log-likelihood: -333181.54883
956. Current log-likelihood: -333181.54315
957. Current log-likelihood: -333181.53790
958. Current log-likelihood: -333181.53203
959. Current log-likelihood: -333181.52649
960. Current log-likelihood: -333181.52222
961. Current log-likelihood: -333181.51649
962. Current log-likelihood: -333181.51240
963. Current log-likelihood: -333181.50663
964. Current log-likelihood: -333181.50268
965. Current log-likelihood: -333181.49729
966. Current log-likelihood: -333181.49364
967. Current log-likelihood: -333181.48902
968. Current log-likelihood: -333181.48517
969. Current log-likelihood: -333181.47783
970. Current log-likelihood: -333181.47413
971. Current log-likelihood: -333181.46968
972. Current log-likelihood: -333181.46608
973. Current log-likelihood: -333181.46248
974. Current log-likelihood: -333181.45767
975. Current log-likelihood: -333181.45436
976. Current log-likelihood: -333181.44915
977. Current log-likelihood: -333181.44460
978. Current log-likelihood: -333181.44138
979. Current log-likelihood: -333181.43802
980. Current log-likelihood: -333181.43484
981. Current log-likelihood: -333181.43008
982. Current log-likelihood: -333181.42697
983. Current log-likelihood: -333181.42379
984. Current log-likelihood: -333181.42074
985. Current log-likelihood: -333181.41635
986. Current log-likelihood: -333181.41344
987. Current log-likelihood: -333181.41044
988. Current log-likelihood: -333181.40743
989. Current log-likelihood: -333181.40338
990. Current log-likelihood: -333181.40076
991. Current log-likelihood: -333181.39575
992. Current log-likelihood: -333181.39321
993. Current log-likelihood: -333181.39053
994. Current log-likelihood: -333181.38779
995. Current log-likelihood: -333181.38398
996. Current log-likelihood: -333181.38119
997. Current log-likelihood: -333181.37689
998. Current log-likelihood: -333181.37428
999. Current log-likelihood: -333181.37064
1000. Current log-likelihood: -333181.36817
1001. Current log-likelihood: -333181.36448
1002. Current log-likelihood: -333181.36205
1003. Current log-likelihood: -333181.35937
1004. Current log-likelihood: -333181.35706
1005. Current log-likelihood: -333181.35445
1006. Current log-likelihood: -333181.35182
1007. Current log-likelihood: -333181.34857
1008. Current log-likelihood: -333181.34516
1009. Current log-likelihood: -333181.34273
1010. Current log-likelihood: -333181.34042
1011. Current log-likelihood: -333181.33812
1012. Current log-likelihood: -333181.33574
1013. Current log-likelihood: -333181.33215
1014. Current log-likelihood: -333181.33012
1015. Current log-likelihood: -333181.32796
1016. Current log-likelihood: -333181.32559
1017. Current log-likelihood: -333181.32330
1018. Current log-likelihood: -333181.32116
1019. Current log-likelihood: -333181.31630
1020. Current log-likelihood: -333181.31454
1021. Current log-likelihood: -333181.31282
1022. Current log-likelihood: -333181.31089
1023. Current log-likelihood: -333181.30898
1024. Current log-likelihood: -333181.30736
1025. Current log-likelihood: -333181.30585
1026. Current log-likelihood: -333181.30436
1027. Current log-likelihood: -333181.30307
1028. Current log-likelihood: -333181.30142
1029. Current log-likelihood: -333181.29985
1030. Current log-likelihood: -333181.29847
1031. Current log-likelihood: -333181.29697
1032. Current log-likelihood: -333181.29569
1033. Current log-likelihood: -333181.29442
1034. Current log-likelihood: -333181.29343
Final estimation on weights:
0.10315,0.22585,0.08382,0.02166,0.05907,0.03111,0.04141,0.03069,0.36147,0.04176
Wrote distance file to... 
BEST SCORE FOUND : -333181.29343
Site log-likelihoods per category printed to output_mast_repeats/mast_model_10/mast_model_10.sitelh
Total tree lengths: 1.04384 9.81220 3.09244 4.02635 0.13174 0.29148 0.18011 0.20610 0.10126 0.32171

Total number of iterations: 1032
CPU time used for tree search: 0.00001 sec (0h:0m:0s)
Wall-clock time used for tree search: 0.00001 sec (0h:0m:0s)
Total CPU time used: 7349.47054 sec (2h:2m:29s)
Total wall-clock time used: 2339.85453 sec (0h:38m:59s)

Analysis results written to: 
  IQ-TREE report:                output_mast_repeats/mast_model_10/mast_model_10.iqtree
  Maximum-likelihood tree:       output_mast_repeats/mast_model_10/mast_model_10.treefile
  Site log-likelihoods:          output_mast_repeats/mast_model_10/mast_model_10.sitelh
  Screen log file:               output_mast_repeats/mast_model_10/mast_model_10.log

Date and Time: Thu Oct 30 16:31:01 2025
