IQ-TREE multicore version 2.4.0 for Linux x86 64-bit built Feb  7 2025
Developed by Bui Quang Minh, Nguyen Lam Tung, Olga Chernomor, Heiko Schmidt,
Dominik Schrempf, Michael Woodhams, Ly Trong Nhan, Thomas Wong

Host:    ku-01 (AVX2, FMA3, 251 GB RAM)
Command: iqtree2 -s trim_genome_africa.fasta -m GTR+FO+R2+T -te tree_subsets/modeltrees_final_11.newick --prefix output_mast_repeats/mast_model_11/mast_model_11 -nt 4 -wslmr -redo
Seed:    722811 (Using SPRNG - Scalable Parallel Random Number Generator)
Time:    Thu Oct 30 16:31:01 2025
Kernel:  AVX+FMA - 4 threads (64 CPU cores detected)

Reading alignment file trim_genome_africa.fasta ... Fasta format detected
Reading fasta file: done in 0.0370561 secs using 86.16% CPU
Alignment most likely contains DNA/RNA sequences
Alignment has 29 sequences with 142412 columns, 3564 distinct patterns
28695 parsimony-informative, 1511 singleton sites, 112206 constant sites
                              Gap/Ambiguity  Composition  p-value
Analyzing sequences: done in 0.000117121 secs using 99.04% CPU
   1  HM585496_Human_herpesvirus_1    0.67%    failed      0.00%
   2  HM585497_Human_herpesvirus_1    0.65%    failed      0.00%
   3  HM585498_Human_herpesvirus_1    0.68%    failed      0.00%
   4  HM585499_Human_herpesvirus_1    0.67%    failed      0.00%
   5  HM585500_Human_herpesvirus_1    0.67%    failed      0.00%
   6  HM585501_Human_herpesvirus_1    0.63%    failed      0.00%
   7  HM585502_Human_herpesvirus_1    0.66%    failed      0.00%
   8  HM585503_Human_herpesvirus_1    0.69%    failed      0.00%
   9  HM585504_Human_herpesvirus_1    0.59%    failed      0.00%
  10  HM585505_Human_herpesvirus_1    0.67%    failed      0.00%
  11  HM585506_Human_herpesvirus_1    0.67%    failed      0.00%
  12  HM585507_Human_herpesvirus_1    1.56%    failed      0.00%
  13  HM585509_Human_herpesvirus_1    0.42%    failed      0.00%
  14  HM585510_Human_herpesvirus_1    0.45%    failed      0.00%
  15  HM585511_Human_herpesvirus_1    0.50%    failed      0.00%
  16  KR135299_Human_herpesvirus_2    3.19%    failed      0.00%
  17  KR135300_Human_herpesvirus_2    3.19%    failed      0.00%
  18  KR135301_Human_herpesvirus_2    3.33%    failed      0.00%
  19  KR135302_Human_herpesvirus_2    3.10%    failed      0.00%
  20  KR135303_Human_herpesvirus_2    3.44%    failed      0.00%
  21  KR135304_Human_herpesvirus_2    3.30%    failed      0.00%
  22  KR135305_Human_herpesvirus_2    3.43%    failed      0.00%
  23  KR135306_Human_herpesvirus_2    3.39%    failed      0.00%
  24  KR135307_Human_herpesvirus_2    3.14%    failed      0.00%
  25  KR135315_Human_herpesvirus_2    3.20%    failed      0.00%
  26  KR135316_Human_herpesvirus_2    3.19%    failed      0.00%
  27  KR135317_Human_herpesvirus_2    3.37%    failed      0.00%
  28  KR135318_Human_herpesvirus_2    3.12%    failed      0.00%
  29  KR135319_Human_herpesvirus_2    3.10%    failed      0.00%
****  TOTAL                           1.92%  29 sequences failed composition chi2 test (p-value<5%; df=3)
Tree-mixture model
Number of input trees: 11
Minimum branch length is set to 0.0000010












Linked substitution model:
   GTR+FO

Linked RHS model:
   R2


NOTE: 73 MB RAM (0 GB) is required!
According to the parsimony scores along the sites, the tree weights are initialized to:
0.1001814,0.0743207,0.0780802,0.0707200,0.0930567,0.0657121,0.1204133,0.0795262,0.1024916,0.1153456,0.1001521
Estimate model parameters (epsilon = 0.00100)
1. Initial log-likelihood: -340870.37754
2. Current log-likelihood: -334212.44890
3. Current log-likelihood: -333797.05013
4. Current log-likelihood: -333618.42542
5. Current log-likelihood: -333511.41329
6. Current log-likelihood: -333327.18543
7. Current log-likelihood: -333290.47312
8. Current log-likelihood: -333270.71776
9. Current log-likelihood: -333236.18313
10. Current log-likelihood: -333222.21406
11. Current log-likelihood: -333218.26799
12. Current log-likelihood: -333216.45387
13. Current log-likelihood: -333215.65542
14. Current log-likelihood: -333215.12462
15. Current log-likelihood: -333214.67556
16. Current log-likelihood: -333214.26291
17. Current log-likelihood: -333213.88981
18. Current log-likelihood: -333213.51571
19. Current log-likelihood: -333213.15375
20. Current log-likelihood: -333212.77784
21. Current log-likelihood: -333212.42738
22. Current log-likelihood: -333212.08314
23. Current log-likelihood: -333211.74095
24. Current log-likelihood: -333211.40721
25. Current log-likelihood: -333211.07397
26. Current log-likelihood: -333210.74953
27. Current log-likelihood: -333210.42098
28. Current log-likelihood: -333210.10333
29. Current log-likelihood: -333209.78680
30. Current log-likelihood: -333209.47747
31. Current log-likelihood: -333209.17193
32. Current log-likelihood: -333208.86048
33. Current log-likelihood: -333208.56483
34. Current log-likelihood: -333208.27010
35. Current log-likelihood: -333207.97767
36. Current log-likelihood: -333207.68875
37. Current log-likelihood: -333207.40587
38. Current log-likelihood: -333207.12542
39. Current log-likelihood: -333206.83992
40. Current log-likelihood: -333206.56816
41. Current log-likelihood: -333206.29728
42. Current log-likelihood: -333206.02934
43. Current log-likelihood: -333205.76475
44. Current log-likelihood: -333205.50300
45. Current log-likelihood: -333205.24392
46. Current log-likelihood: -333204.98921
47. Current log-likelihood: -333204.72831
48. Current log-likelihood: -333204.48016
49. Current log-likelihood: -333204.23173
50. Current log-likelihood: -333203.98050
51. Current log-likelihood: -333203.74110
52. Current log-likelihood: -333203.50267
53. Current log-likelihood: -333203.26637
54. Current log-likelihood: -333203.02649
55. Current log-likelihood: -333202.79424
56. Current log-likelihood: -333202.56596
57. Current log-likelihood: -333202.33838
58. Current log-likelihood: -333202.11371
59. Current log-likelihood: -333201.89047
60. Current log-likelihood: -333199.33828
61. Current log-likelihood: -333199.08622
62. Current log-likelihood: -333198.83948
63. Current log-likelihood: -333198.59472
64. Current log-likelihood: -333198.35174
65. Current log-likelihood: -333198.11133
66. Current log-likelihood: -333197.87674
67. Current log-likelihood: -333197.64292
68. Current log-likelihood: -333197.41331
69. Current log-likelihood: -333197.17110
70. Current log-likelihood: -333196.94692
71. Current log-likelihood: -333196.72420
72. Current log-likelihood: -333196.50215
73. Current log-likelihood: -333196.28411
74. Current log-likelihood: -333196.06473
75. Current log-likelihood: -333195.85100
76. Current log-likelihood: -333195.63954
77. Current log-likelihood: -333195.42360
78. Current log-likelihood: -333195.21601
79. Current log-likelihood: -333195.01018
80. Current log-likelihood: -333194.80660
81. Current log-likelihood: -333194.60206
82. Current log-likelihood: -333194.40156
83. Current log-likelihood: -333194.20324
84. Current log-likelihood: -333194.00671
85. Current log-likelihood: -333193.81062
86. Current log-likelihood: -333193.61745
87. Current log-likelihood: -333193.42188
88. Current log-likelihood: -333193.22943
89. Current log-likelihood: -333193.03727
90. Current log-likelihood: -333192.85138
91. Current log-likelihood: -333192.66684
92. Current log-likelihood: -333192.48263
93. Current log-likelihood: -333192.29232
94. Current log-likelihood: -333192.11175
95. Current log-likelihood: -333191.93190
96. Current log-likelihood: -333191.75324
97. Current log-likelihood: -333191.57323
98. Current log-likelihood: -333191.39836
99. Current log-likelihood: -333191.22381
100. Current log-likelihood: -333191.05049
101. Current log-likelihood: -333190.87958
102. Current log-likelihood: -333190.55715
103. Current log-likelihood: -333190.22544
104. Current log-likelihood: -333189.89945
105. Current log-likelihood: -333189.57160
106. Current log-likelihood: -333189.25506
107. Current log-likelihood: -333188.94048
108. Current log-likelihood: -333188.62950
109. Current log-likelihood: -333188.32109
110. Current log-likelihood: -333188.01721
111. Current log-likelihood: -333187.71690
112. Current log-likelihood: -333187.41917
113. Current log-likelihood: -333184.79744
114. Current log-likelihood: -333184.48198
115. Current log-likelihood: -333184.16179
116. Current log-likelihood: -333183.85655
117. Current log-likelihood: -333183.55373
118. Current log-likelihood: -333183.25223
119. Current log-likelihood: -333182.95615
120. Current log-likelihood: -333182.65569
121. Current log-likelihood: -333182.36741
122. Current log-likelihood: -333182.08139
123. Current log-likelihood: -333180.55968
124. Current log-likelihood: -333180.16468
125. Current log-likelihood: -333179.84195
126. Current log-likelihood: -333179.52637
127. Current log-likelihood: -333178.76028
128. Current log-likelihood: -333178.43925
129. Current log-likelihood: -333178.11687
130. Current log-likelihood: -333177.79744
131. Current log-likelihood: -333177.48105
132. Current log-likelihood: -333177.16702
133. Current log-likelihood: -333176.85552
134. Current log-likelihood: -333176.53749
135. Current log-likelihood: -333176.23162
136. Current log-likelihood: -333175.92039
137. Current log-likelihood: -333175.61043
138. Current log-likelihood: -333175.30539
139. Current log-likelihood: -333174.96699
140. Current log-likelihood: -333174.65495
141. Current log-likelihood: -333173.89876
142. Current log-likelihood: -333173.36420
143. Current log-likelihood: -333172.15677
144. Current log-likelihood: -333169.47004
145. Current log-likelihood: -333145.72217
146. Current log-likelihood: -333144.87910
147. Current log-likelihood: -333144.24894
148. Current log-likelihood: -333143.62470
149. Current log-likelihood: -333143.00795
150. Current log-likelihood: -333142.39752
151. Current log-likelihood: -333141.79533
152. Current log-likelihood: -333141.20122
153. Current log-likelihood: -333140.61515
154. Current log-likelihood: -333140.03528
155. Current log-likelihood: -333139.46201
156. Current log-likelihood: -333138.89566
157. Current log-likelihood: -333138.33610
158. Current log-likelihood: -333137.78178
159. Current log-likelihood: -333137.23519
160. Current log-likelihood: -333136.69355
161. Current log-likelihood: -333136.15883
162. Current log-likelihood: -333135.63007
163. Current log-likelihood: -333135.10683
164. Current log-likelihood: -333134.59075
165. Current log-likelihood: -333134.08040
166. Current log-likelihood: -333133.57533
167. Current log-likelihood: -333133.07737
168. Current log-likelihood: -333132.58521
169. Current log-likelihood: -333132.09700
170. Current log-likelihood: -333131.61551
171. Current log-likelihood: -333131.14035
172. Current log-likelihood: -333130.67054
173. Current log-likelihood: -333130.20708
174. Current log-likelihood: -333129.74856
175. Current log-likelihood: -333129.29783
176. Current log-likelihood: -333128.84724
177. Current log-likelihood: -333128.40730
178. Current log-likelihood: -333127.97095
179. Current log-likelihood: -333127.53866
180. Current log-likelihood: -333127.10961
181. Current log-likelihood: -333126.69124
182. Current log-likelihood: -333126.27779
183. Current log-likelihood: -333125.86949
184. Current log-likelihood: -333125.46487
185. Current log-likelihood: -333125.06825
186. Current log-likelihood: -333124.67599
187. Current log-likelihood: -333124.29026
188. Current log-likelihood: -333123.90869
189. Current log-likelihood: -333123.53209
190. Current log-likelihood: -333123.16128
191. Current log-likelihood: -333122.79529
192. Current log-likelihood: -333122.43515
193. Current log-likelihood: -333122.07756
194. Current log-likelihood: -333121.72597
195. Current log-likelihood: -333121.37999
196. Current log-likelihood: -333121.03938
197. Current log-likelihood: -333120.69991
198. Current log-likelihood: -333120.36681
199. Current log-likelihood: -333120.03596
200. Current log-likelihood: -333119.71304
201. Current log-likelihood: -333119.39505
202. Current log-likelihood: -333118.94635
203. Current log-likelihood: -333118.49417
204. Current log-likelihood: -333118.04597
205. Current log-likelihood: -333117.61688
206. Current log-likelihood: -333117.19548
207. Current log-likelihood: -333116.78018
208. Current log-likelihood: -333116.37535
209. Current log-likelihood: -333115.97364
210. Current log-likelihood: -333115.58845
211. Current log-likelihood: -333115.21031
212. Current log-likelihood: -333114.84146
213. Current log-likelihood: -333114.48109
214. Current log-likelihood: -333114.12449
215. Current log-likelihood: -333113.77995
216. Current log-likelihood: -333113.44397
217. Current log-likelihood: -333113.11386
218. Current log-likelihood: -333112.78972
219. Current log-likelihood: -333112.46794
220. Current log-likelihood: -333112.16259
221. Current log-likelihood: -333111.86088
222. Current log-likelihood: -333111.56751
223. Current log-likelihood: -333111.27027
224. Current log-likelihood: -333110.98891
225. Current log-likelihood: -333110.71187
226. Current log-likelihood: -333109.98818
227. Current log-likelihood: -333109.59765
228. Current log-likelihood: -333109.12529
229. Current log-likelihood: -333108.56054
230. Current log-likelihood: -333107.96193
231. Current log-likelihood: -333107.42655
232. Current log-likelihood: -333106.99691
233. Current log-likelihood: -333106.70049
234. Current log-likelihood: -333106.42494
235. Current log-likelihood: -333106.16327
236. Current log-likelihood: -333105.90726
237. Current log-likelihood: -333105.65670
238. Current log-likelihood: -333105.41486
239. Current log-likelihood: -333105.08617
240. Current log-likelihood: -333087.63109
241. Current log-likelihood: -333087.00426
242. Current log-likelihood: -333086.72862
243. Current log-likelihood: -333086.45997
244. Current log-likelihood: -333086.20270
245. Current log-likelihood: -333085.95367
246. Current log-likelihood: -333085.71408
247. Current log-likelihood: -333085.48327
248. Current log-likelihood: -333085.26158
249. Current log-likelihood: -333085.04314
250. Current log-likelihood: -333084.83625
251. Current log-likelihood: -333084.63342
252. Current log-likelihood: -333084.43980
253. Current log-likelihood: -333084.24753
254. Current log-likelihood: -333084.06005
255. Current log-likelihood: -333083.88384
256. Current log-likelihood: -333083.71126
257. Current log-likelihood: -333083.54530
258. Current log-likelihood: -333083.38415
259. Current log-likelihood: -333083.22456
260. Current log-likelihood: -333083.07335
261. Current log-likelihood: -333082.92287
262. Current log-likelihood: -333082.77847
263. Current log-likelihood: -333082.63652
264. Current log-likelihood: -333082.49989
265. Current log-likelihood: -333082.36914
266. Current log-likelihood: -333082.23823
267. Current log-likelihood: -333082.11129
268. Current log-likelihood: -333081.98728
269. Current log-likelihood: -333081.86098
270. Current log-likelihood: -333081.74481
271. Current log-likelihood: -333081.62689
272. Current log-likelihood: -333081.51622
273. Current log-likelihood: -333081.40518
274. Current log-likelihood: -333081.29691
275. Current log-likelihood: -333081.19296
276. Current log-likelihood: -333081.08694
277. Current log-likelihood: -333080.98692
278. Current log-likelihood: -333080.88677
279. Current log-likelihood: -333080.78812
280. Current log-likelihood: -333080.69365
281. Current log-likelihood: -333080.59514
282. Current log-likelihood: -333080.50418
283. Current log-likelihood: -333080.41289
284. Current log-likelihood: -333080.31898
285. Current log-likelihood: -333080.22979
286. Current log-likelihood: -333080.14195
287. Current log-likelihood: -333080.05775
288. Current log-likelihood: -333079.97511
289. Current log-likelihood: -333079.89170
290. Current log-likelihood: -333079.81044
291. Current log-likelihood: -333079.73110
292. Current log-likelihood: -333079.65317
293. Current log-likelihood: -333079.57354
294. Current log-likelihood: -333079.49749
295. Current log-likelihood: -333079.42031
296. Current log-likelihood: -333079.34398
297. Current log-likelihood: -333079.27073
298. Current log-likelihood: -333079.19619
299. Current log-likelihood: -333079.12494
300. Current log-likelihood: -333079.05195
301. Current log-likelihood: -333078.98177
302. Current log-likelihood: -333078.89394
303. Current log-likelihood: -333078.80361
304. Current log-likelihood: -333078.71560
305. Current log-likelihood: -333078.62971
306. Current log-likelihood: -333078.54473
307. Current log-likelihood: -333078.45888
308. Current log-likelihood: -333078.37570
309. Current log-likelihood: -333078.28936
310. Current log-likelihood: -333078.20590
311. Current log-likelihood: -333078.12353
312. Current log-likelihood: -333077.52702
313. Current log-likelihood: -333077.44606
314. Current log-likelihood: -333077.36670
315. Current log-likelihood: -333077.28909
316. Current log-likelihood: -333077.21231
317. Current log-likelihood: -333077.13510
318. Current log-likelihood: -333077.06016
319. Current log-likelihood: -333076.98495
320. Current log-likelihood: -333076.91121
321. Current log-likelihood: -333076.83801
322. Current log-likelihood: -333076.76553
323. Current log-likelihood: -333076.69386
324. Current log-likelihood: -333076.62323
325. Current log-likelihood: -333076.55337
326. Current log-likelihood: -333076.48310
327. Current log-likelihood: -333076.41269
328. Current log-likelihood: -333076.34298
329. Current log-likelihood: -333076.27449
330. Current log-likelihood: -333076.20704
331. Current log-likelihood: -333076.14052
332. Current log-likelihood: -333076.07401
333. Current log-likelihood: -333076.00858
334. Current log-likelihood: -333075.94389
335. Current log-likelihood: -333075.87911
336. Current log-likelihood: -333075.81550
337. Current log-likelihood: -333075.75201
338. Current log-likelihood: -333075.68841
339. Current log-likelihood: -333075.62725
340. Current log-likelihood: -333075.56495
341. Current log-likelihood: -333075.50363
342. Current log-likelihood: -333075.43795
343. Current log-likelihood: -333075.37809
344. Current log-likelihood: -333075.31771
345. Current log-likelihood: -333075.25656
346. Current log-likelihood: -333075.19722
347. Current log-likelihood: -333075.13778
348. Current log-likelihood: -333075.08107
349. Current log-likelihood: -333075.02304
350. Current log-likelihood: -333074.96546
351. Current log-likelihood: -333074.90938
352. Current log-likelihood: -333074.85360
353. Current log-likelihood: -333074.79728
354. Current log-likelihood: -333074.74287
355. Current log-likelihood: -333074.68723
356. Current log-likelihood: -333074.63072
357. Current log-likelihood: -333074.57592
358. Current log-likelihood: -333074.52274
359. Current log-likelihood: -333074.47036
360. Current log-likelihood: -333074.41852
361. Current log-likelihood: -333074.36465
362. Current log-likelihood: -333074.31301
363. Current log-likelihood: -333074.26199
364. Current log-likelihood: -333074.21049
365. Current log-likelihood: -333074.15972
366. Current log-likelihood: -333074.10727
367. Current log-likelihood: -333074.05816
368. Current log-likelihood: -333074.00852
369. Current log-likelihood: -333073.95614
370. Current log-likelihood: -333073.90782
371. Current log-likelihood: -333073.85960
372. Current log-likelihood: -333073.81091
373. Current log-likelihood: -333073.76254
374. Current log-likelihood: -333073.71411
375. Current log-likelihood: -333073.66755
376. Current log-likelihood: -333073.62111
377. Current log-likelihood: -333073.57434
378. Current log-likelihood: -333073.52740
379. Current log-likelihood: -333073.48189
380. Current log-likelihood: -333073.43673
381. Current log-likelihood: -333073.39201
382. Current log-likelihood: -333073.34746
383. Current log-likelihood: -333073.30338
384. Current log-likelihood: -333073.25845
385. Current log-likelihood: -333073.21488
386. Current log-likelihood: -333073.17181
387. Current log-likelihood: -333073.12828
388. Current log-likelihood: -333073.08566
389. Current log-likelihood: -333073.04335
390. Current log-likelihood: -333073.00037
391. Current log-likelihood: -333072.95925
392. Current log-likelihood: -333072.91703
393. Current log-likelihood: -333072.87616
394. Current log-likelihood: -333072.83492
395. Current log-likelihood: -333072.79462
396. Current log-likelihood: -333072.75366
397. Current log-likelihood: -333072.71410
398. Current log-likelihood: -333072.67292
399. Current log-likelihood: -333072.63316
400. Current log-likelihood: -333072.59397
401. Current log-likelihood: -333072.55510
402. Current log-likelihood: -333072.50899
403. Current log-likelihood: -333072.46244
404. Current log-likelihood: -333072.41547
405. Current log-likelihood: -333072.36996
406. Current log-likelihood: -333072.32433
407. Current log-likelihood: -333072.27910
408. Current log-likelihood: -333072.23358
409. Current log-likelihood: -333072.18768
410. Current log-likelihood: -333072.14424
411. Current log-likelihood: -333072.09469
412. Current log-likelihood: -333072.04777
413. Current log-likelihood: -333071.99812
414. Current log-likelihood: -333071.93871
415. Current log-likelihood: -333070.92546
416. Current log-likelihood: -333070.73234
417. Current log-likelihood: -333070.67628
418. Current log-likelihood: -333070.61969
419. Current log-likelihood: -333070.56559
420. Current log-likelihood: -333070.51076
421. Current log-likelihood: -333070.45963
422. Current log-likelihood: -333070.40887
423. Current log-likelihood: -333070.35701
424. Current log-likelihood: -333070.30602
425. Current log-likelihood: -333070.25628
426. Current log-likelihood: -333070.20736
427. Current log-likelihood: -333070.15863
428. Current log-likelihood: -333070.11039
429. Current log-likelihood: -333070.06233
430. Current log-likelihood: -333070.01522
431. Current log-likelihood: -333069.96657
432. Current log-likelihood: -333069.92022
433. Current log-likelihood: -333069.87168
434. Current log-likelihood: -333069.82702
435. Current log-likelihood: -333069.78209
436. Current log-likelihood: -333069.73632
437. Current log-likelihood: -333069.69235
438. Current log-likelihood: -333069.64883
439. Current log-likelihood: -333069.60481
440. Current log-likelihood: -333069.56212
441. Current log-likelihood: -333069.51618
442. Current log-likelihood: -333069.47438
443. Current log-likelihood: -333069.43115
444. Current log-likelihood: -333069.38995
445. Current log-likelihood: -333069.34717
446. Current log-likelihood: -333069.30670
447. Current log-likelihood: -333069.26639
448. Current log-likelihood: -333069.22593
449. Current log-likelihood: -333069.18519
450. Current log-likelihood: -333069.14367
451. Current log-likelihood: -333069.10344
452. Current log-likelihood: -333069.06427
453. Current log-likelihood: -333069.02550
454. Current log-likelihood: -333068.98717
455. Current log-likelihood: -333068.94861
456. Current log-likelihood: -333068.91069
457. Current log-likelihood: -333068.87003
458. Current log-likelihood: -333068.83224
459. Current log-likelihood: -333068.79507
460. Current log-likelihood: -333068.75816
461. Current log-likelihood: -333068.72140
462. Current log-likelihood: -333068.68488
463. Current log-likelihood: -333068.64784
464. Current log-likelihood: -333068.61145
465. Current log-likelihood: -333068.57572
466. Current log-likelihood: -333068.53994
467. Current log-likelihood: -333068.50320
468. Current log-likelihood: -333068.46801
469. Current log-likelihood: -333068.43316
470. Current log-likelihood: -333068.39855
471. Current log-likelihood: -333068.36436
472. Current log-likelihood: -333068.33000
473. Current log-likelihood: -333068.29571
474. Current log-likelihood: -333068.26184
475. Current log-likelihood: -333068.22781
476. Current log-likelihood: -333068.19443
477. Current log-likelihood: -333068.16164
478. Current log-likelihood: -333068.12784
479. Current log-likelihood: -333068.09428
480. Current log-likelihood: -333068.06175
481. Current log-likelihood: -333068.02935
482. Current log-likelihood: -333067.99734
483. Current log-likelihood: -333067.96531
484. Current log-likelihood: -333067.93326
485. Current log-likelihood: -333067.90113
486. Current log-likelihood: -333067.86731
487. Current log-likelihood: -333067.83616
488. Current log-likelihood: -333067.80520
489. Current log-likelihood: -333067.77414
490. Current log-likelihood: -333067.74359
491. Current log-likelihood: -333067.71291
492. Current log-likelihood: -333067.68254
493. Current log-likelihood: -333067.65205
494. Current log-likelihood: -333067.62094
495. Current log-likelihood: -333067.59116
496. Current log-likelihood: -333067.56139
497. Current log-likelihood: -333067.53179
498. Current log-likelihood: -333067.50215
499. Current log-likelihood: -333067.47311
500. Current log-likelihood: -333067.44452
501. Current log-likelihood: -333067.41571
502. Current log-likelihood: -333067.38244
503. Current log-likelihood: -333067.34824
504. Current log-likelihood: -333067.31472
505. Current log-likelihood: -333067.28153
506. Current log-likelihood: -333067.24901
507. Current log-likelihood: -333067.21565
508. Current log-likelihood: -333067.18317
509. Current log-likelihood: -333067.15054
510. Current log-likelihood: -333067.11783
511. Current log-likelihood: -333067.08567
512. Current log-likelihood: -333067.05346
513. Current log-likelihood: -333067.02208
514. Current log-likelihood: -333066.99075
515. Current log-likelihood: -333066.95969
516. Current log-likelihood: -333066.92865
517. Current log-likelihood: -333066.89777
518. Current log-likelihood: -333066.86735
519. Current log-likelihood: -333066.83417
520. Current log-likelihood: -333066.80427
521. Current log-likelihood: -333066.77310
522. Current log-likelihood: -333066.74351
523. Current log-likelihood: -333066.71407
524. Current log-likelihood: -333066.68461
525. Current log-likelihood: -333066.65388
526. Current log-likelihood: -333066.62512
527. Current log-likelihood: -333066.59608
528. Current log-likelihood: -333066.56761
529. Current log-likelihood: -333066.53881
530. Current log-likelihood: -333066.51065
531. Current log-likelihood: -333066.48215
532. Current log-likelihood: -333066.45373
533. Current log-likelihood: -333066.42588
534. Current log-likelihood: -333066.39797
535. Current log-likelihood: -333066.37060
536. Current log-likelihood: -333066.34334
537. Current log-likelihood: -333066.31643
538. Current log-likelihood: -333066.28926
539. Current log-likelihood: -333066.26285
540. Current log-likelihood: -333066.23581
541. Current log-likelihood: -333066.20946
542. Current log-likelihood: -333066.18182
543. Current log-likelihood: -333066.15582
544. Current log-likelihood: -333066.12942
545. Current log-likelihood: -333066.10351
546. Current log-likelihood: -333066.07765
547. Current log-likelihood: -333066.05199
548. Current log-likelihood: -333066.02669
549. Current log-likelihood: -333066.00127
550. Current log-likelihood: -333065.97653
551. Current log-likelihood: -333065.95114
552. Current log-likelihood: -333065.92658
553. Current log-likelihood: -333065.90131
554. Current log-likelihood: -333065.87669
555. Current log-likelihood: -333065.85249
556. Current log-likelihood: -333065.82837
557. Current log-likelihood: -333065.80424
558. Current log-likelihood: -333065.78001
559. Current log-likelihood: -333065.75619
560. Current log-likelihood: -333065.73159
561. Current log-likelihood: -333065.70779
562. Current log-likelihood: -333065.68437
563. Current log-likelihood: -333065.65783
564. Current log-likelihood: -333065.63427
565. Current log-likelihood: -333065.61104
566. Current log-likelihood: -333065.58831
567. Current log-likelihood: -333065.56496
568. Current log-likelihood: -333065.54245
569. Current log-likelihood: -333065.51971
570. Current log-likelihood: -333065.49757
571. Current log-likelihood: -333065.47544
572. Current log-likelihood: -333065.45340
573. Current log-likelihood: -333065.43098
574. Current log-likelihood: -333065.40874
575. Current log-likelihood: -333064.80883
576. Current log-likelihood: -333064.78153
577. Current log-likelihood: -333064.75428
578. Current log-likelihood: -333064.72795
579. Current log-likelihood: -333064.70169
580. Current log-likelihood: -333064.67565
581. Current log-likelihood: -333064.65015
582. Current log-likelihood: -333064.62486
583. Current log-likelihood: -333064.60017
584. Current log-likelihood: -333064.57579
585. Current log-likelihood: -333064.55177
586. Current log-likelihood: -333064.52783
587. Current log-likelihood: -333064.50300
588. Current log-likelihood: -333064.47871
589. Current log-likelihood: -333064.45504
590. Current log-likelihood: -333064.43203
591. Current log-likelihood: -333064.40909
592. Current log-likelihood: -333064.38617
593. Current log-likelihood: -333064.36373
594. Current log-likelihood: -333064.34154
595. Current log-likelihood: -333064.31918
596. Current log-likelihood: -333047.57118
597. Current log-likelihood: -333045.63688
598. Current log-likelihood: -333044.81769
599. Current log-likelihood: -333044.26447
600. Current log-likelihood: -333043.76229
601. Current log-likelihood: -333043.29491
602. Current log-likelihood: -333042.80434
603. Current log-likelihood: -333042.34357
604. Current log-likelihood: -333041.91195
605. Current log-likelihood: -333041.49903
606. Current log-likelihood: -333041.10298
607. Current log-likelihood: -333040.32259
608. Current log-likelihood: -333039.92849
609. Current log-likelihood: -333039.56428
610. Current log-likelihood: -333039.23017
611. Current log-likelihood: -333038.92394
612. Current log-likelihood: -333038.64455
613. Current log-likelihood: -333038.38752
614. Current log-likelihood: -333038.15166
615. Current log-likelihood: -333037.93792
616. Current log-likelihood: -333037.74597
617. Current log-likelihood: -333037.56529
618. Current log-likelihood: -333037.40615
619. Current log-likelihood: -333037.25688
620. Current log-likelihood: -333037.12374
621. Current log-likelihood: -333037.00121
622. Current log-likelihood: -333036.88828
623. Current log-likelihood: -333036.78439
624. Current log-likelihood: -333036.68925
625. Current log-likelihood: -333036.60151
626. Current log-likelihood: -333036.51994
627. Current log-likelihood: -333036.44030
628. Current log-likelihood: -333036.36832
629. Current log-likelihood: -333036.30168
630. Current log-likelihood: -333036.23742
631. Current log-likelihood: -333036.17773
632. Current log-likelihood: -333036.12021
633. Current log-likelihood: -333036.06592
634. Current log-likelihood: -333036.01145
635. Current log-likelihood: -333035.96114
636. Current log-likelihood: -333035.91223
637. Current log-likelihood: -333035.86461
638. Current log-likelihood: -333035.81970
639. Current log-likelihood: -333035.77639
640. Current log-likelihood: -333035.73295
641. Current log-likelihood: -333035.69072
642. Current log-likelihood: -333035.64951
643. Current log-likelihood: -333035.60896
644. Current log-likelihood: -333035.56954
645. Current log-likelihood: -333035.53118
646. Current log-likelihood: -333035.49285
647. Current log-likelihood: -333035.45521
648. Current log-likelihood: -333035.41916
649. Current log-likelihood: -333035.38268
650. Current log-likelihood: -333035.34724
651. Current log-likelihood: -333035.31170
652. Current log-likelihood: -333035.27687
653. Current log-likelihood: -333035.24281
654. Current log-likelihood: -333035.20931
655. Current log-likelihood: -333035.17554
656. Current log-likelihood: -333035.14202
657. Current log-likelihood: -333035.10964
658. Current log-likelihood: -333035.07759
659. Current log-likelihood: -333035.04474
660. Current log-likelihood: -333035.01279
661. Current log-likelihood: -333034.97344
662. Current log-likelihood: -333034.94244
663. Current log-likelihood: -333034.91133
664. Current log-likelihood: -333034.88128
665. Current log-likelihood: -333034.85057
666. Current log-likelihood: -333034.82105
667. Current log-likelihood: -333034.79162
668. Current log-likelihood: -333034.76268
669. Current log-likelihood: -333034.73342
670. Current log-likelihood: -333034.70300
671. Current log-likelihood: -333034.67481
672. Current log-likelihood: -333034.64601
673. Current log-likelihood: -333034.61816
674. Current log-likelihood: -333034.58969
675. Current log-likelihood: -333034.56230
676. Current log-likelihood: -333034.53474
677. Current log-likelihood: -333034.50744
678. Current log-likelihood: -333034.47994
679. Current log-likelihood: -333034.45316
680. Current log-likelihood: -333034.42631
681. Current log-likelihood: -333034.39231
682. Current log-likelihood: -333034.36607
683. Current log-likelihood: -333034.33927
684. Current log-likelihood: -333034.31345
685. Current log-likelihood: -333034.28796
686. Current log-likelihood: -333034.26240
687. Current log-likelihood: -333034.23682
688. Current log-likelihood: -333034.21205
689. Current log-likelihood: -333034.18708
690. Current log-likelihood: -333034.16233
691. Current log-likelihood: -333034.13754
692. Current log-likelihood: -333034.11377
693. Current log-likelihood: -333034.09009
694. Current log-likelihood: -333034.06586
695. Current log-likelihood: -333034.04151
696. Current log-likelihood: -333034.01807
697. Current log-likelihood: -333033.99526
698. Current log-likelihood: -333033.97145
699. Current log-likelihood: -333033.94893
700. Current log-likelihood: -333033.92650
701. Current log-likelihood: -333033.90446
702. Current log-likelihood: -333033.87996
703. Current log-likelihood: -333033.85437
704. Current log-likelihood: -333033.82897
705. Current log-likelihood: -333033.80453
706. Current log-likelihood: -333033.78063
707. Current log-likelihood: -333033.75544
708. Current log-likelihood: -333033.73097
709. Current log-likelihood: -333033.70785
710. Current log-likelihood: -333033.68443
711. Current log-likelihood: -333033.66124
712. Current log-likelihood: -333033.63843
713. Current log-likelihood: -333033.61444
714. Current log-likelihood: -333033.59124
715. Current log-likelihood: -333033.56886
716. Current log-likelihood: -333033.54647
717. Current log-likelihood: -333033.52429
718. Current log-likelihood: -333033.50266
719. Current log-likelihood: -333033.48020
720. Current log-likelihood: -333033.45812
721. Current log-likelihood: -333033.43679
722. Current log-likelihood: -333033.41446
723. Current log-likelihood: -333033.39327
724. Current log-likelihood: -333033.37238
725. Current log-likelihood: -333033.35146
726. Current log-likelihood: -333033.33050
727. Current log-likelihood: -333033.30910
728. Current log-likelihood: -333033.28823
729. Current log-likelihood: -333033.26798
730. Current log-likelihood: -333033.24790
731. Current log-likelihood: -333033.22802
732. Current log-likelihood: -333033.20652
733. Current log-likelihood: -333033.18732
734. Current log-likelihood: -333033.16694
735. Current log-likelihood: -333033.14769
736. Current log-likelihood: -333033.12846
737. Current log-likelihood: -333033.10889
738. Current log-likelihood: -333033.08986
739. Current log-likelihood: -333033.07068
740. Current log-likelihood: -333033.05178
741. Current log-likelihood: -333033.03311
742. Current log-likelihood: -333033.01443
743. Current log-likelihood: -333032.99538
744. Current log-likelihood: -333032.97710
745. Current log-likelihood: -333032.95878
746. Current log-likelihood: -333032.94066
747. Current log-likelihood: -333032.92272
748. Current log-likelihood: -333032.90493
749. Current log-likelihood: -333032.88629
750. Current log-likelihood: -333032.86884
751. Current log-likelihood: -333032.85146
752. Current log-likelihood: -333032.83415
753. Current log-likelihood: -333032.81627
754. Current log-likelihood: -333032.79928
755. Current log-likelihood: -333032.78171
756. Current log-likelihood: -333032.76464
757. Current log-likelihood: -333032.74778
758. Current log-likelihood: -333032.73087
759. Current log-likelihood: -333032.71447
760. Current log-likelihood: -333032.69768
761. Current log-likelihood: -333032.68138
762. Current log-likelihood: -333032.66557
763. Current log-likelihood: -333032.64954
764. Current log-likelihood: -333032.63360
765. Current log-likelihood: -333032.61717
766. Current log-likelihood: -333032.60159
767. Current log-likelihood: -333032.58612
768. Current log-likelihood: -333032.56908
769. Current log-likelihood: -333032.55363
770. Current log-likelihood: -333032.53821
771. Current log-likelihood: -333032.52336
772. Current log-likelihood: -333032.50803
773. Current log-likelihood: -333032.49231
774. Current log-likelihood: -333032.47699
775. Current log-likelihood: -333032.46222
776. Current log-likelihood: -333032.44731
777. Current log-likelihood: -333032.43249
778. Current log-likelihood: -333032.41777
779. Current log-likelihood: -333032.40325
780. Current log-likelihood: -333032.38919
781. Current log-likelihood: -333032.37452
782. Current log-likelihood: -333032.35967
783. Current log-likelihood: -333032.34555
784. Current log-likelihood: -333032.33084
785. Current log-likelihood: -333032.31684
786. Current log-likelihood: -333032.30322
787. Current log-likelihood: -333032.28925
788. Current log-likelihood: -333032.27592
789. Current log-likelihood: -333032.26234
790. Current log-likelihood: -333032.24879
791. Current log-likelihood: -333032.23541
792. Current log-likelihood: -333032.22195
793. Current log-likelihood: -333032.20814
794. Current log-likelihood: -333032.19495
795. Current log-likelihood: -333032.18176
796. Current log-likelihood: -333032.16918
797. Current log-likelihood: -333032.15544
798. Current log-likelihood: -333032.14285
799. Current log-likelihood: -333032.13015
800. Current log-likelihood: -333032.11764
801. Current log-likelihood: -333032.10504
802. Current log-likelihood: -333032.09026
803. Current log-likelihood: -333032.07621
804. Current log-likelihood: -333032.06284
805. Current log-likelihood: -333032.04866
806. Current log-likelihood: -333032.03523
807. Current log-likelihood: -333032.02202
808. Current log-likelihood: -333032.00873
809. Current log-likelihood: -333031.99557
810. Current log-likelihood: -333031.98292
811. Current log-likelihood: -333031.96942
812. Current log-likelihood: -333031.95686
813. Current log-likelihood: -333031.94302
814. Current log-likelihood: -333031.93004
815. Current log-likelihood: -333031.91772
816. Current log-likelihood: -333031.90532
817. Current log-likelihood: -333031.89289
818. Current log-likelihood: -333031.88054
819. Current log-likelihood: -333031.86823
820. Current log-likelihood: -333031.85528
821. Current log-likelihood: -333031.84325
822. Current log-likelihood: -333031.83122
823. Current log-likelihood: -333031.81910
824. Current log-likelihood: -333031.80742
825. Current log-likelihood: -333031.79566
826. Current log-likelihood: -333031.78377
827. Current log-likelihood: -333031.77255
828. Current log-likelihood: -333031.76101
829. Current log-likelihood: -333031.74951
830. Current log-likelihood: -333031.73702
831. Current log-likelihood: -333031.72592
832. Current log-likelihood: -333031.71452
833. Current log-likelihood: -333031.70269
834. Current log-likelihood: -333031.69080
835. Current log-likelihood: -333031.67969
836. Current log-likelihood: -333031.66876
837. Current log-likelihood: -333031.65799
838. Current log-likelihood: -333031.64695
839. Current log-likelihood: -333031.63576
840. Current log-likelihood: -333031.62514
841. Current log-likelihood: -333031.61452
842. Current log-likelihood: -333031.60397
843. Current log-likelihood: -333031.59380
844. Current log-likelihood: -333031.58333
845. Current log-likelihood: -333031.57278
846. Current log-likelihood: -333031.56236
847. Current log-likelihood: -333031.55236
848. Current log-likelihood: -333031.54043
849. Current log-likelihood: -333031.53053
850. Current log-likelihood: -333031.52001
851. Current log-likelihood: -333031.50984
852. Current log-likelihood: -333031.50060
853. Current log-likelihood: -333031.49041
854. Current log-likelihood: -333031.48058
855. Current log-likelihood: -333031.47099
856. Current log-likelihood: -333031.46141
857. Current log-likelihood: -333031.45161
858. Current log-likelihood: -333031.44196
859. Current log-likelihood: -333031.43297
860. Current log-likelihood: -333031.42348
861. Current log-likelihood: -333031.41382
862. Current log-likelihood: -333031.40449
863. Current log-likelihood: -333031.39523
864. Current log-likelihood: -333031.38612
865. Current log-likelihood: -333031.37782
866. Current log-likelihood: -333031.36880
867. Current log-likelihood: -333031.35096
868. Current log-likelihood: -333031.34153
869. Current log-likelihood: -333031.33140
870. Current log-likelihood: -333031.32183
871. Current log-likelihood: -333031.31353
872. Current log-likelihood: -333031.30527
873. Current log-likelihood: -333031.29619
874. Current log-likelihood: -333031.28792
875. Current log-likelihood: -333031.27889
876. Current log-likelihood: -333031.27085
877. Current log-likelihood: -333031.26233
878. Current log-likelihood: -333031.25382
879. Current log-likelihood: -333031.24543
880. Current log-likelihood: -333031.23721
881. Current log-likelihood: -333031.22936
882. Current log-likelihood: -333031.22162
883. Current log-likelihood: -333031.21364
884. Current log-likelihood: -333031.20525
885. Current log-likelihood: -333031.19648
886. Current log-likelihood: -333031.18896
887. Current log-likelihood: -333031.18102
888. Current log-likelihood: -333031.17255
889. Current log-likelihood: -333031.16374
890. Current log-likelihood: -333031.15608
891. Current log-likelihood: -333031.14877
892. Current log-likelihood: -333031.14152
893. Current log-likelihood: -333031.13218
894. Current log-likelihood: -333031.12508
895. Current log-likelihood: -333031.11747
896. Current log-likelihood: -333031.10987
897. Current log-likelihood: -333031.10239
898. Current log-likelihood: -333031.09526
899. Current log-likelihood: -333031.08742
900. Current log-likelihood: -333031.08044
901. Current log-likelihood: -333031.07299
902. Current log-likelihood: -333031.06462
903. Current log-likelihood: -333031.05674
904. Current log-likelihood: -333031.04953
905. Current log-likelihood: -333031.04169
906. Current log-likelihood: -333031.03389
907. Current log-likelihood: -333031.02698
908. Current log-likelihood: -333031.01933
909. Current log-likelihood: -333031.01143
910. Current log-likelihood: -333031.00439
911. Current log-likelihood: -333030.99613
912. Current log-likelihood: -333030.98916
913. Current log-likelihood: -333030.98181
914. Current log-likelihood: -333030.97408
915. Current log-likelihood: -333030.96673
916. Current log-likelihood: -333030.96009
917. Current log-likelihood: -333030.95264
918. Current log-likelihood: -333030.94589
919. Current log-likelihood: -333030.93746
920. Current log-likelihood: -333030.93034
921. Current log-likelihood: -333030.92367
922. Current log-likelihood: -333030.91716
923. Current log-likelihood: -333030.91039
924. Current log-likelihood: -333030.90399
925. Current log-likelihood: -333030.89717
926. Current log-likelihood: -333030.89029
927. Current log-likelihood: -333030.88411
928. Current log-likelihood: -333030.87798
929. Current log-likelihood: -333030.87128
930. Current log-likelihood: -333030.86378
931. Current log-likelihood: -333030.85668
932. Current log-likelihood: -333030.85045
933. Current log-likelihood: -333030.84441
934. Current log-likelihood: -333030.83855
935. Current log-likelihood: -333030.83196
936. Current log-likelihood: -333030.82712
937. Current log-likelihood: -333030.82118
938. Current log-likelihood: -333030.81408
939. Current log-likelihood: -333030.80845
940. Current log-likelihood: -333030.80192
941. Current log-likelihood: -333030.79616
942. Current log-likelihood: -333030.79039
943. Current log-likelihood: -333030.78486
944. Current log-likelihood: -333030.77927
945. Current log-likelihood: -333030.77389
946. Current log-likelihood: -333030.76816
947. Current log-likelihood: -333030.76186
948. Current log-likelihood: -333030.75740
949. Current log-likelihood: -333030.75029
950. Current log-likelihood: -333030.74581
951. Current log-likelihood: -333030.74026
952. Current log-likelihood: -333030.73501
953. Current log-likelihood: -333030.72959
954. Current log-likelihood: -333030.72452
955. Current log-likelihood: -333030.71945
956. Current log-likelihood: -333030.71340
957. Current log-likelihood: -333030.70808
958. Current log-likelihood: -333030.70286
959. Current log-likelihood: -333030.69687
960. Current log-likelihood: -333030.69183
961. Current log-likelihood: -333030.68672
962. Current log-likelihood: -333030.67974
963. Current log-likelihood: -333030.67470
964. Current log-likelihood: -333030.66925
965. Current log-likelihood: -333030.66537
966. Current log-likelihood: -333030.65919
967. Current log-likelihood: -333030.65433
968. Current log-likelihood: -333030.64948
969. Current log-likelihood: -333030.64558
970. Current log-likelihood: -333030.64047
971. Current log-likelihood: -333030.63665
972. Current log-likelihood: -333030.63201
973. Current log-likelihood: -333030.62685
974. Current log-likelihood: -333030.62145
975. Current log-likelihood: -333030.61689
976. Current log-likelihood: -333030.61230
977. Current log-likelihood: -333030.60860
978. Current log-likelihood: -333030.60143
979. Current log-likelihood: -333030.59693
980. Current log-likelihood: -333030.59216
981. Current log-likelihood: -333030.58860
982. Current log-likelihood: -333030.58397
983. Current log-likelihood: -333030.57962
984. Current log-likelihood: -333030.57521
985. Current log-likelihood: -333030.56940
986. Current log-likelihood: -333030.56584
987. Current log-likelihood: -333030.56090
988. Current log-likelihood: -333030.55648
989. Current log-likelihood: -333030.55287
990. Current log-likelihood: -333030.54845
991. Current log-likelihood: -333030.54504
992. Current log-likelihood: -333030.54072
993. Current log-likelihood: -333030.53743
994. Current log-likelihood: -333030.53298
995. Current log-likelihood: -333030.52959
996. Current log-likelihood: -333030.52528
997. Current log-likelihood: -333030.52203
998. Current log-likelihood: -333030.51795
999. Current log-likelihood: -333030.51487
1000. Current log-likelihood: -333030.51074
1001. Current log-likelihood: -333030.50774
1002. Current log-likelihood: -333030.50178
1003. Current log-likelihood: -333030.49844
1004. Current log-likelihood: -333030.49414
1005. Current log-likelihood: -333030.48954
1006. Current log-likelihood: -333030.48618
1007. Current log-likelihood: -333030.48300
1008. Current log-likelihood: -333030.47872
1009. Current log-likelihood: -333030.47471
1010. Current log-likelihood: -333030.47009
1011. Current log-likelihood: -333030.46700
1012. Current log-likelihood: -333030.46283
1013. Current log-likelihood: -333030.45987
1014. Current log-likelihood: -333030.45472
1015. Current log-likelihood: -333030.45084
1016. Current log-likelihood: -333030.44691
1017. Current log-likelihood: -333030.44393
1018. Current log-likelihood: -333030.43917
1019. Current log-likelihood: -333030.43626
1020. Current log-likelihood: -333030.43224
1021. Current log-likelihood: -333030.42920
1022. Current log-likelihood: -333030.42531
1023. Current log-likelihood: -333030.42243
1024. Current log-likelihood: -333030.41954
1025. Current log-likelihood: -333030.41569
1026. Current log-likelihood: -333030.41186
1027. Current log-likelihood: -333030.40908
1028. Current log-likelihood: -333030.40533
1029. Current log-likelihood: -333030.40058
1030. Current log-likelihood: -333030.39179
1031. Current log-likelihood: -333030.38878
1032. Current log-likelihood: -333030.38590
1033. Current log-likelihood: -333030.38226
1034. Current log-likelihood: -333030.37805
1035. Current log-likelihood: -333030.37530
1036. Current log-likelihood: -333030.37248
1037. Current log-likelihood: -333030.36886
1038. Current log-likelihood: -333030.36457
1039. Current log-likelihood: -333030.36185
1040. Current log-likelihood: -333030.35812
1041. Current log-likelihood: -333030.35552
1042. Current log-likelihood: -333030.35287
1043. Current log-likelihood: -333030.34933
1044. Current log-likelihood: -333030.34666
1045. Current log-likelihood: -333030.34394
1046. Current log-likelihood: -333030.34059
1047. Current log-likelihood: -333030.33794
1048. Current log-likelihood: -333030.33542
1049. Current log-likelihood: -333030.33283
1050. Current log-likelihood: -333030.33027
1051. Current log-likelihood: -333030.32785
1052. Current log-likelihood: -333030.31936
1053. Current log-likelihood: -333030.31673
1054. Current log-likelihood: -333030.31321
1055. Current log-likelihood: -333030.31057
1056. Current log-likelihood: -333030.30683
1057. Current log-likelihood: -333030.30450
1058. Current log-likelihood: -333030.30191
1059. Current log-likelihood: -333030.29867
1060. Current log-likelihood: -333030.29634
1061. Current log-likelihood: -333030.29224
1062. Current log-likelihood: -333030.28835
1063. Current log-likelihood: -333030.28601
1064. Current log-likelihood: -333030.28279
1065. Current log-likelihood: -333030.28053
1066. Current log-likelihood: -333030.27816
1067. Current log-likelihood: -333030.27574
1068. Current log-likelihood: -333030.27329
1069. Current log-likelihood: -333030.27090
1070. Current log-likelihood: -333030.26846
1071. Current log-likelihood: -333030.26529
1072. Current log-likelihood: -333030.26297
1073. Current log-likelihood: -333030.25989
1074. Current log-likelihood: -333030.25747
1075. Current log-likelihood: -333030.25535
1076. Current log-likelihood: -333030.25319
1077. Current log-likelihood: -333030.25129
1078. Current log-likelihood: -333030.24914
1079. Current log-likelihood: -333030.24717
1080. Current log-likelihood: -333030.24506
1081. Current log-likelihood: -333030.24306
1082. Current log-likelihood: -333030.24094
1083. Current log-likelihood: -333030.23907
1084. Current log-likelihood: -333030.23723
1085. Current log-likelihood: -333030.23319
1086. Current log-likelihood: -333030.23110
1087. Current log-likelihood: -333030.22462
1088. Current log-likelihood: -333030.22260
1089. Current log-likelihood: -333030.22067
1090. Current log-likelihood: -333030.21906
1091. Current log-likelihood: -333030.21732
1092. Current log-likelihood: -333030.21517
1093. Current log-likelihood: -333030.21325
1094. Current log-likelihood: -333030.21134
1095. Current log-likelihood: -333030.20961
1096. Current log-likelihood: -333030.20584
1097. Current log-likelihood: -333030.20294
1098. Current log-likelihood: -333030.20006
1099. Current log-likelihood: -333030.19823
1100. Current log-likelihood: -333030.19646
1101. Current log-likelihood: -333030.19488
1102. Current log-likelihood: -333030.19319
1103. Current log-likelihood: -333030.19138
1104. Current log-likelihood: -333030.18955
1105. Current log-likelihood: -333030.18681
1106. Current log-likelihood: -333030.18504
1107. Current log-likelihood: -333030.18327
1108. Current log-likelihood: -333030.18148
1109. Current log-likelihood: -333030.17990
1110. Current log-likelihood: -333030.17834
1111. Current log-likelihood: -333030.17667
1112. Current log-likelihood: -333030.17480
1113. Current log-likelihood: -333030.17312
1114. Current log-likelihood: -333030.17158
1115. Current log-likelihood: -333030.17023
1116. Current log-likelihood: -333030.16888
1117. Current log-likelihood: -333030.16754
1118. Current log-likelihood: -333030.16616
1119. Current log-likelihood: -333030.16296
1120. Current log-likelihood: -333030.16133
1121. Current log-likelihood: -333030.15994
1122. Current log-likelihood: -333030.15834
1123. Current log-likelihood: -333030.15693
1124. Current log-likelihood: -333030.15562
1125. Current log-likelihood: -333030.15425
1126. Current log-likelihood: -333030.15283
1127. Current log-likelihood: -333030.15144
1128. Current log-likelihood: -333030.15013
1129. Current log-likelihood: -333030.14735
1130. Current log-likelihood: -333030.14590
1131. Current log-likelihood: -333030.14439
1132. Current log-likelihood: -333030.14305
1133. Current log-likelihood: -333030.14165
1134. Current log-likelihood: -333030.14017
1135. Current log-likelihood: -333030.13878
1136. Current log-likelihood: -333030.13741
1137. Current log-likelihood: -333030.13630
1138. Current log-likelihood: -333030.13498
1139. Current log-likelihood: -333030.13353
1140. Current log-likelihood: -333030.13224
1141. Current log-likelihood: -333030.13098
1142. Current log-likelihood: -333030.12985
1143. Current log-likelihood: -333030.12871
1144. Current log-likelihood: -333030.12761
1145. Current log-likelihood: -333030.12182
1146. Current log-likelihood: -333030.12047
1147. Current log-likelihood: -333030.11921
1148. Current log-likelihood: -333030.11783
1149. Current log-likelihood: -333030.11657
1150. Current log-likelihood: -333030.11529
1151. Current log-likelihood: -333030.11413
1152. Current log-likelihood: -333030.11300
1153. Current log-likelihood: -333030.11193
1154. Current log-likelihood: -333030.11086
1155. Current log-likelihood: -333030.10969
1156. Current log-likelihood: -333030.10857
1157. Current log-likelihood: -333030.10736
1158. Current log-likelihood: -333030.10594
1159. Current log-likelihood: -333030.10460
1160. Current log-likelihood: -333030.10357
1161. Current log-likelihood: -333030.10246
1162. Current log-likelihood: -333030.10137
1163. Current log-likelihood: -333030.10010
1164. Current log-likelihood: -333030.09899
1165. Current log-likelihood: -333030.09787
1166. Current log-likelihood: -333030.09683
1167. Current log-likelihood: -333030.09472
1168. Current log-likelihood: -333030.09364
1169. Current log-likelihood: -333030.09275
Final estimation on weights:
0.09626,0.37153,0.03568,0.01676,0.03932,0.02292,0.23506,0.06916,0.00837,0.02159,0.08335
Wrote distance file to... 
BEST SCORE FOUND : -333030.09275
Site log-likelihoods per category printed to output_mast_repeats/mast_model_11/mast_model_11.sitelh
Total tree lengths: 0.77892 0.08592 2.54972 3.98415 0.18968 0.27189 8.26036 0.19870 0.34175 3.18881 0.21339

Total number of iterations: 1167
CPU time used for tree search: 0.00001 sec (0h:0m:0s)
Wall-clock time used for tree search: 0.00002 sec (0h:0m:0s)
Total CPU time used: 8309.36569 sec (2h:18m:29s)
Total wall-clock time used: 2764.41739 sec (0h:46m:4s)

Analysis results written to: 
  IQ-TREE report:                output_mast_repeats/mast_model_11/mast_model_11.iqtree
  Maximum-likelihood tree:       output_mast_repeats/mast_model_11/mast_model_11.treefile
  Site log-likelihoods:          output_mast_repeats/mast_model_11/mast_model_11.sitelh
  Screen log file:               output_mast_repeats/mast_model_11/mast_model_11.log

Date and Time: Thu Oct 30 17:17:06 2025
