IQ-TREE multicore version 2.4.0 for Linux x86 64-bit built Feb  7 2025
Developed by Bui Quang Minh, Nguyen Lam Tung, Olga Chernomor, Heiko Schmidt,
Dominik Schrempf, Michael Woodhams, Ly Trong Nhan, Thomas Wong

Host:    ku-01 (AVX2, FMA3, 251 GB RAM)
Command: iqtree2 -s trim_genome_africa.fasta -m GTR+FO+R2+T -te tree_subsets/modeltrees_final_4.newick --prefix output_mast_repeats/mast_model_4/mast_model_4 -nt 4 -wslmr -redo
Seed:    960421 (Using SPRNG - Scalable Parallel Random Number Generator)
Time:    Thu Oct 30 15:25:49 2025
Kernel:  AVX+FMA - 4 threads (64 CPU cores detected)

Reading alignment file trim_genome_africa.fasta ... Fasta format detected
Reading fasta file: done in 0.0426493 secs using 90.31% CPU
Alignment most likely contains DNA/RNA sequences
Alignment has 29 sequences with 142412 columns, 3564 distinct patterns
28695 parsimony-informative, 1511 singleton sites, 112206 constant sites
                              Gap/Ambiguity  Composition  p-value
Analyzing sequences: done in 0.000254462 secs using 99.43% CPU
   1  HM585496_Human_herpesvirus_1    0.67%    failed      0.00%
   2  HM585497_Human_herpesvirus_1    0.65%    failed      0.00%
   3  HM585498_Human_herpesvirus_1    0.68%    failed      0.00%
   4  HM585499_Human_herpesvirus_1    0.67%    failed      0.00%
   5  HM585500_Human_herpesvirus_1    0.67%    failed      0.00%
   6  HM585501_Human_herpesvirus_1    0.63%    failed      0.00%
   7  HM585502_Human_herpesvirus_1    0.66%    failed      0.00%
   8  HM585503_Human_herpesvirus_1    0.69%    failed      0.00%
   9  HM585504_Human_herpesvirus_1    0.59%    failed      0.00%
  10  HM585505_Human_herpesvirus_1    0.67%    failed      0.00%
  11  HM585506_Human_herpesvirus_1    0.67%    failed      0.00%
  12  HM585507_Human_herpesvirus_1    1.56%    failed      0.00%
  13  HM585509_Human_herpesvirus_1    0.42%    failed      0.00%
  14  HM585510_Human_herpesvirus_1    0.45%    failed      0.00%
  15  HM585511_Human_herpesvirus_1    0.50%    failed      0.00%
  16  KR135299_Human_herpesvirus_2    3.19%    failed      0.00%
  17  KR135300_Human_herpesvirus_2    3.19%    failed      0.00%
  18  KR135301_Human_herpesvirus_2    3.33%    failed      0.00%
  19  KR135302_Human_herpesvirus_2    3.10%    failed      0.00%
  20  KR135303_Human_herpesvirus_2    3.44%    failed      0.00%
  21  KR135304_Human_herpesvirus_2    3.30%    failed      0.00%
  22  KR135305_Human_herpesvirus_2    3.43%    failed      0.00%
  23  KR135306_Human_herpesvirus_2    3.39%    failed      0.00%
  24  KR135307_Human_herpesvirus_2    3.14%    failed      0.00%
  25  KR135315_Human_herpesvirus_2    3.20%    failed      0.00%
  26  KR135316_Human_herpesvirus_2    3.19%    failed      0.00%
  27  KR135317_Human_herpesvirus_2    3.37%    failed      0.00%
  28  KR135318_Human_herpesvirus_2    3.12%    failed      0.00%
  29  KR135319_Human_herpesvirus_2    3.10%    failed      0.00%
****  TOTAL                           1.92%  29 sequences failed composition chi2 test (p-value<5%; df=3)
Tree-mixture model
Number of input trees: 4
Minimum branch length is set to 0.0000010





Linked substitution model:
   GTR+FO

Linked RHS model:
   R2


NOTE: 26 MB RAM (0 GB) is required!
According to the parsimony scores along the sites, the tree weights are initialized to:
0.3362556,0.2781999,0.1624781,0.2230664
Estimate model parameters (epsilon = 0.00100)
1. Initial log-likelihood: -343867.15787
2. Current log-likelihood: -336464.33981
3. Current log-likelihood: -335595.98671
4. Current log-likelihood: -335271.21387
5. Current log-likelihood: -335118.09439
6. Current log-likelihood: -334994.10274
7. Current log-likelihood: -334883.23501
8. Current log-likelihood: -334854.10405
9. Current log-likelihood: -334848.87240
10. Current log-likelihood: -334846.37714
11. Current log-likelihood: -334845.16959
12. Current log-likelihood: -334844.12085
13. Current log-likelihood: -334843.10592
14. Current log-likelihood: -334842.12325
15. Current log-likelihood: -334841.17569
16. Current log-likelihood: -334840.25853
17. Current log-likelihood: -334839.37291
18. Current log-likelihood: -334838.50303
19. Current log-likelihood: -334837.67560
20. Current log-likelihood: -334836.87441
21. Current log-likelihood: -334835.89572
22. Current log-likelihood: -334835.13386
23. Current log-likelihood: -334834.39724
24. Current log-likelihood: -334833.68604
25. Current log-likelihood: -334832.99425
26. Current log-likelihood: -334832.32796
27. Current log-likelihood: -334831.68316
28. Current log-likelihood: -334831.05834
29. Current log-likelihood: -334830.45172
30. Current log-likelihood: -334829.86431
31. Current log-likelihood: -334829.29868
32. Current log-likelihood: -334828.74976
33. Current log-likelihood: -334828.21415
34. Current log-likelihood: -334827.69856
35. Current log-likelihood: -334827.19927
36. Current log-likelihood: -334826.71463
37. Current log-likelihood: -334826.24278
38. Current log-likelihood: -334825.78829
39. Current log-likelihood: -334825.34741
40. Current log-likelihood: -334824.91978
41. Current log-likelihood: -334824.50432
42. Current log-likelihood: -334824.10030
43. Current log-likelihood: -334823.71072
44. Current log-likelihood: -334823.32959
45. Current log-likelihood: -334822.96246
46. Current log-likelihood: -334822.60379
47. Current log-likelihood: -334822.25820
48. Current log-likelihood: -334821.91899
49. Current log-likelihood: -334821.59138
50. Current log-likelihood: -334821.27295
51. Current log-likelihood: -334820.96531
52. Current log-likelihood: -334820.66364
53. Current log-likelihood: -334820.36833
54. Current log-likelihood: -334820.08370
55. Current log-likelihood: -334819.79728
56. Current log-likelihood: -334819.52801
57. Current log-likelihood: -334819.26537
58. Current log-likelihood: -334819.00857
59. Current log-likelihood: -334818.75842
60. Current log-likelihood: -334818.51375
61. Current log-likelihood: -334818.27808
62. Current log-likelihood: -334818.04824
63. Current log-likelihood: -334817.82359
64. Current log-likelihood: -334817.60594
65. Current log-likelihood: -334817.39102
66. Current log-likelihood: -334817.18307
67. Current log-likelihood: -334816.97851
68. Current log-likelihood: -334816.78050
69. Current log-likelihood: -334816.58698
70. Current log-likelihood: -334816.39616
71. Current log-likelihood: -334816.21057
72. Current log-likelihood: -334816.02825
73. Current log-likelihood: -334815.85366
74. Current log-likelihood: -334815.68001
75. Current log-likelihood: -334815.51126
76. Current log-likelihood: -334815.34430
77. Current log-likelihood: -334815.18267
78. Current log-likelihood: -334815.02520
79. Current log-likelihood: -334814.86848
80. Current log-likelihood: -334814.71761
81. Current log-likelihood: -334814.56952
82. Current log-likelihood: -334814.42573
83. Current log-likelihood: -334814.28317
84. Current log-likelihood: -334814.14428
85. Current log-likelihood: -334814.00889
86. Current log-likelihood: -334813.87552
87. Current log-likelihood: -334813.74437
88. Current log-likelihood: -334813.61834
89. Current log-likelihood: -334813.49481
90. Current log-likelihood: -334813.37240
91. Current log-likelihood: -334813.25463
92. Current log-likelihood: -334813.13679
93. Current log-likelihood: -334813.01999
94. Current log-likelihood: -334812.90777
95. Current log-likelihood: -334812.79594
96. Current log-likelihood: -334812.68739
97. Current log-likelihood: -334812.58169
98. Current log-likelihood: -334812.47818
99. Current log-likelihood: -334812.37580
100. Current log-likelihood: -334812.27766
101. Current log-likelihood: -334812.17815
102. Current log-likelihood: -334812.03009
103. Current log-likelihood: -334811.86334
104. Current log-likelihood: -334811.70085
105. Current log-likelihood: -334811.54494
106. Current log-likelihood: -334811.39195
107. Current log-likelihood: -334811.24840
108. Current log-likelihood: -334811.10557
109. Current log-likelihood: -334810.96951
110. Current log-likelihood: -334810.83685
111. Current log-likelihood: -334810.70348
112. Current log-likelihood: -334810.57851
113. Current log-likelihood: -334810.45841
114. Current log-likelihood: -334810.34038
115. Current log-likelihood: -334810.22378
116. Current log-likelihood: -334810.11209
117. Current log-likelihood: -334810.00328
118. Current log-likelihood: -334809.89450
119. Current log-likelihood: -334809.78168
120. Current log-likelihood: -334809.68111
121. Current log-likelihood: -334809.58237
122. Current log-likelihood: -334809.48540
123. Current log-likelihood: -334809.32086
124. Current log-likelihood: -334809.21643
125. Current log-likelihood: -334809.12577
126. Current log-likelihood: -334809.03754
127. Current log-likelihood: -334808.95174
128. Current log-likelihood: -334808.86467
129. Current log-likelihood: -334808.78280
130. Current log-likelihood: -334808.70396
131. Current log-likelihood: -334808.62375
132. Current log-likelihood: -334808.54413
133. Current log-likelihood: -334808.46836
134. Current log-likelihood: -334808.39464
135. Current log-likelihood: -334808.32257
136. Current log-likelihood: -334808.25124
137. Current log-likelihood: -334808.18038
138. Current log-likelihood: -334808.11102
139. Current log-likelihood: -334808.04367
140. Current log-likelihood: -334807.97781
141. Current log-likelihood: -334807.90452
142. Current log-likelihood: -334807.83923
143. Current log-likelihood: -334807.77747
144. Current log-likelihood: -334807.71622
145. Current log-likelihood: -334807.65692
146. Current log-likelihood: -334807.59952
147. Current log-likelihood: -334807.54349
148. Current log-likelihood: -334807.48663
149. Current log-likelihood: -334807.43235
150. Current log-likelihood: -334807.37745
151. Current log-likelihood: -334807.32399
152. Current log-likelihood: -334807.26961
153. Current log-likelihood: -334807.20956
154. Current log-likelihood: -334807.15665
155. Current log-likelihood: -334807.10516
156. Current log-likelihood: -334807.05463
157. Current log-likelihood: -334807.00611
158. Current log-likelihood: -334806.95553
159. Current log-likelihood: -334806.90807
160. Current log-likelihood: -334806.85826
161. Current log-likelihood: -334806.81127
162. Current log-likelihood: -334806.76391
163. Current log-likelihood: -334806.71714
164. Current log-likelihood: -334806.67042
165. Current log-likelihood: -334806.62603
166. Current log-likelihood: -334806.57981
167. Current log-likelihood: -334806.53567
168. Current log-likelihood: -334806.49235
169. Current log-likelihood: -334806.44946
170. Current log-likelihood: -334806.40004
171. Current log-likelihood: -334806.35834
172. Current log-likelihood: -334806.31702
173. Current log-likelihood: -334806.26993
174. Current log-likelihood: -334806.22769
175. Current log-likelihood: -334806.18665
176. Current log-likelihood: -334806.14632
177. Current log-likelihood: -334806.10628
178. Current log-likelihood: -334806.06679
179. Current log-likelihood: -334806.02582
180. Current log-likelihood: -334805.98701
181. Current log-likelihood: -334805.94857
182. Current log-likelihood: -334805.91004
183. Current log-likelihood: -334805.87181
184. Current log-likelihood: -334805.83206
185. Current log-likelihood: -334805.79431
186. Current log-likelihood: -334805.75745
187. Current log-likelihood: -334805.72045
188. Current log-likelihood: -334805.68383
189. Current log-likelihood: -334805.64545
190. Current log-likelihood: -334805.60927
191. Current log-likelihood: -334805.57290
192. Current log-likelihood: -334805.53515
193. Current log-likelihood: -334805.49999
194. Current log-likelihood: -334805.45401
195. Current log-likelihood: -334805.41947
196. Current log-likelihood: -334805.38484
197. Current log-likelihood: -334805.35078
198. Current log-likelihood: -334805.31525
199. Current log-likelihood: -334805.27979
200. Current log-likelihood: -334805.24645
201. Current log-likelihood: -334805.21252
202. Current log-likelihood: -334805.16472
203. Current log-likelihood: -334805.11140
204. Current log-likelihood: -334805.06206
205. Current log-likelihood: -334805.01337
206. Current log-likelihood: -334804.96605
207. Current log-likelihood: -334804.91664
208. Current log-likelihood: -334804.86813
209. Current log-likelihood: -334804.82137
210. Current log-likelihood: -334804.77518
211. Current log-likelihood: -334804.72850
212. Current log-likelihood: -334804.68306
213. Current log-likelihood: -334804.63684
214. Current log-likelihood: -334804.59273
215. Current log-likelihood: -334804.54670
216. Current log-likelihood: -334804.50205
217. Current log-likelihood: -334804.45796
218. Current log-likelihood: -334804.41536
219. Current log-likelihood: -334804.37085
220. Current log-likelihood: -334804.32889
221. Current log-likelihood: -334804.28451
222. Current log-likelihood: -334804.24336
223. Current log-likelihood: -334804.19981
224. Current log-likelihood: -334804.16016
225. Current log-likelihood: -334804.11772
226. Current log-likelihood: -334804.07619
227. Current log-likelihood: -334804.03332
228. Current log-likelihood: -334803.99343
229. Current log-likelihood: -334803.95396
230. Current log-likelihood: -334803.91289
231. Current log-likelihood: -334803.87368
232. Current log-likelihood: -334803.83435
233. Current log-likelihood: -334803.79597
234. Current log-likelihood: -334803.75613
235. Current log-likelihood: -334803.71373
236. Current log-likelihood: -334803.67505
237. Current log-likelihood: -334803.63701
238. Current log-likelihood: -334803.59956
239. Current log-likelihood: -334803.56190
240. Current log-likelihood: -334803.52422
241. Current log-likelihood: -334803.48714
242. Current log-likelihood: -334803.45061
243. Current log-likelihood: -334803.41183
244. Current log-likelihood: -334803.37575
245. Current log-likelihood: -334803.33808
246. Current log-likelihood: -334803.30288
247. Current log-likelihood: -334803.26791
248. Current log-likelihood: -334803.23237
249. Current log-likelihood: -334803.19632
250. Current log-likelihood: -334803.16079
251. Current log-likelihood: -334803.12651
252. Current log-likelihood: -334803.09131
253. Current log-likelihood: -334803.05571
254. Current log-likelihood: -334803.02096
255. Current log-likelihood: -334802.98627
256. Current log-likelihood: -334802.95059
257. Current log-likelihood: -334802.91674
258. Current log-likelihood: -334802.88309
259. Current log-likelihood: -334802.84944
260. Current log-likelihood: -334802.81618
261. Current log-likelihood: -334802.78261
262. Current log-likelihood: -334802.74940
263. Current log-likelihood: -334802.71130
264. Current log-likelihood: -334802.67889
265. Current log-likelihood: -334802.64627
266. Current log-likelihood: -334802.61394
267. Current log-likelihood: -334802.58271
268. Current log-likelihood: -334802.55130
269. Current log-likelihood: -334802.51865
270. Current log-likelihood: -334802.48734
271. Current log-likelihood: -334802.45592
272. Current log-likelihood: -334802.42496
273. Current log-likelihood: -334802.39400
274. Current log-likelihood: -334802.36304
275. Current log-likelihood: -334802.33249
276. Current log-likelihood: -334802.30231
277. Current log-likelihood: -334802.27305
278. Current log-likelihood: -334802.24337
279. Current log-likelihood: -334802.21076
280. Current log-likelihood: -334802.17979
281. Current log-likelihood: -334802.15081
282. Current log-likelihood: -334802.12132
283. Current log-likelihood: -334802.09269
284. Current log-likelihood: -334802.06411
285. Current log-likelihood: -334802.03526
286. Current log-likelihood: -334802.00730
287. Current log-likelihood: -334801.97715
288. Current log-likelihood: -334801.94769
289. Current log-likelihood: -334801.92015
290. Current log-likelihood: -334801.89222
291. Current log-likelihood: -334801.86441
292. Current log-likelihood: -334801.83732
293. Current log-likelihood: -334801.81015
294. Current log-likelihood: -334801.78159
295. Current log-likelihood: -334801.75497
296. Current log-likelihood: -334801.72731
297. Current log-likelihood: -334801.70118
298. Current log-likelihood: -334801.67438
299. Current log-likelihood: -334801.64788
300. Current log-likelihood: -334801.62133
301. Current log-likelihood: -334801.59537
302. Current log-likelihood: -334801.56162
303. Current log-likelihood: -334801.52864
304. Current log-likelihood: -334801.49583
305. Current log-likelihood: -334801.46064
306. Current log-likelihood: -334801.42687
307. Current log-likelihood: -334801.39308
308. Current log-likelihood: -334801.36026
309. Current log-likelihood: -334801.32659
310. Current log-likelihood: -334801.29498
311. Current log-likelihood: -334801.26239
312. Current log-likelihood: -334801.23142
313. Current log-likelihood: -334801.20009
314. Current log-likelihood: -334801.16729
315. Current log-likelihood: -334801.08133
316. Current log-likelihood: -334801.05044
317. Current log-likelihood: -334801.01826
318. Current log-likelihood: -334800.98734
319. Current log-likelihood: -334800.95664
320. Current log-likelihood: -334800.92569
321. Current log-likelihood: -334800.89484
322. Current log-likelihood: -334800.86178
323. Current log-likelihood: -334800.83279
324. Current log-likelihood: -334800.80119
325. Current log-likelihood: -334800.77266
326. Current log-likelihood: -334800.74342
327. Current log-likelihood: -334800.71296
328. Current log-likelihood: -334800.68434
329. Current log-likelihood: -334800.65466
330. Current log-likelihood: -334800.62751
331. Current log-likelihood: -334800.59987
332. Current log-likelihood: -334800.57251
333. Current log-likelihood: -334800.54558
334. Current log-likelihood: -334800.51894
335. Current log-likelihood: -334800.49138
336. Current log-likelihood: -334800.46429
337. Current log-likelihood: -334800.43661
338. Current log-likelihood: -334800.40790
339. Current log-likelihood: -334800.38251
340. Current log-likelihood: -334800.35516
341. Current log-likelihood: -334800.32924
342. Current log-likelihood: -334800.30308
343. Current log-likelihood: -334800.27791
344. Current log-likelihood: -334800.25264
345. Current log-likelihood: -334800.22782
346. Current log-likelihood: -334800.20277
347. Current log-likelihood: -334800.17727
348. Current log-likelihood: -334800.15097
349. Current log-likelihood: -334800.12697
350. Current log-likelihood: -334800.10069
351. Current log-likelihood: -334800.07661
352. Current log-likelihood: -334800.05115
353. Current log-likelihood: -334800.02685
354. Current log-likelihood: -334800.00343
355. Current log-likelihood: -334799.98003
356. Current log-likelihood: -334799.95716
357. Current log-likelihood: -334799.93378
358. Current log-likelihood: -334799.90724
359. Current log-likelihood: -334799.88433
360. Current log-likelihood: -334799.86177
361. Current log-likelihood: -334799.83881
362. Current log-likelihood: -334799.81528
363. Current log-likelihood: -334799.79214
364. Current log-likelihood: -334799.76936
365. Current log-likelihood: -334799.74692
366. Current log-likelihood: -334799.72471
367. Current log-likelihood: -334799.70324
368. Current log-likelihood: -334799.68202
369. Current log-likelihood: -334799.65909
370. Current log-likelihood: -334799.63808
371. Current log-likelihood: -334799.61758
372. Current log-likelihood: -334799.59637
373. Current log-likelihood: -334799.57506
374. Current log-likelihood: -334799.55461
375. Current log-likelihood: -334799.53373
376. Current log-likelihood: -334799.51342
377. Current log-likelihood: -334799.49261
378. Current log-likelihood: -334799.46975
379. Current log-likelihood: -334799.45017
380. Current log-likelihood: -334799.42955
381. Current log-likelihood: -334799.41015
382. Current log-likelihood: -334799.39069
383. Current log-likelihood: -334799.37065
384. Current log-likelihood: -334799.35082
385. Current log-likelihood: -334799.33162
386. Current log-likelihood: -334799.31131
387. Current log-likelihood: -334799.29071
388. Current log-likelihood: -334799.27111
389. Current log-likelihood: -334799.25260
390. Current log-likelihood: -334799.23409
391. Current log-likelihood: -334799.21478
392. Current log-likelihood: -334799.19676
393. Current log-likelihood: -334799.17771
394. Current log-likelihood: -334799.16007
395. Current log-likelihood: -334799.14115
396. Current log-likelihood: -334799.12346
397. Current log-likelihood: -334799.10623
398. Current log-likelihood: -334799.08796
399. Current log-likelihood: -334799.07043
400. Current log-likelihood: -334799.05354
401. Current log-likelihood: -334799.03528
402. Current log-likelihood: -334799.01539
403. Current log-likelihood: -334798.99438
404. Current log-likelihood: -334798.97423
405. Current log-likelihood: -334798.95401
406. Current log-likelihood: -334798.93117
407. Current log-likelihood: -334798.91100
408. Current log-likelihood: -334798.89036
409. Current log-likelihood: -334798.86902
410. Current log-likelihood: -334798.84892
411. Current log-likelihood: -334798.82876
412. Current log-likelihood: -334798.80936
413. Current log-likelihood: -334798.78823
414. Current log-likelihood: -334798.76932
415. Current log-likelihood: -334798.74810
416. Current log-likelihood: -334798.72958
417. Current log-likelihood: -334798.71018
418. Current log-likelihood: -334798.69181
419. Current log-likelihood: -334798.67172
420. Current log-likelihood: -334798.65370
421. Current log-likelihood: -334798.63640
422. Current log-likelihood: -334798.61611
423. Current log-likelihood: -334798.59853
424. Current log-likelihood: -334798.57778
425. Current log-likelihood: -334798.56008
426. Current log-likelihood: -334798.54314
427. Current log-likelihood: -334798.52546
428. Current log-likelihood: -334798.50882
429. Current log-likelihood: -334798.49010
430. Current log-likelihood: -334798.47385
431. Current log-likelihood: -334798.45741
432. Current log-likelihood: -334798.44090
433. Current log-likelihood: -334798.42480
434. Current log-likelihood: -334798.40707
435. Current log-likelihood: -334798.39157
436. Current log-likelihood: -334798.37445
437. Current log-likelihood: -334798.35806
438. Current log-likelihood: -334798.34261
439. Current log-likelihood: -334798.32686
440. Current log-likelihood: -334798.31089
441. Current log-likelihood: -334798.29448
442. Current log-likelihood: -334798.27941
443. Current log-likelihood: -334798.26421
444. Current log-likelihood: -334798.24687
445. Current log-likelihood: -334798.23235
446. Current log-likelihood: -334798.21671
447. Current log-likelihood: -334798.20225
448. Current log-likelihood: -334798.18821
449. Current log-likelihood: -334798.17246
450. Current log-likelihood: -334798.15830
451. Current log-likelihood: -334798.14340
452. Current log-likelihood: -334798.12948
453. Current log-likelihood: -334798.11495
454. Current log-likelihood: -334798.10107
455. Current log-likelihood: -334798.08677
456. Current log-likelihood: -334798.07323
457. Current log-likelihood: -334798.05842
458. Current log-likelihood: -334798.04542
459. Current log-likelihood: -334798.03232
460. Current log-likelihood: -334798.01828
461. Current log-likelihood: -334798.00486
462. Current log-likelihood: -334797.99040
463. Current log-likelihood: -334797.97800
464. Current log-likelihood: -334797.96547
465. Current log-likelihood: -334797.95251
466. Current log-likelihood: -334797.93778
467. Current log-likelihood: -334797.92413
468. Current log-likelihood: -334797.91097
469. Current log-likelihood: -334797.89703
470. Current log-likelihood: -334797.88482
471. Current log-likelihood: -334797.87284
472. Current log-likelihood: -334797.85943
473. Current log-likelihood: -334797.84470
474. Current log-likelihood: -334797.83207
475. Current log-likelihood: -334797.82049
476. Current log-likelihood: -334797.80857
477. Current log-likelihood: -334797.79620
478. Current log-likelihood: -334797.78465
479. Current log-likelihood: -334797.77322
480. Current log-likelihood: -334797.76209
481. Current log-likelihood: -334797.74961
482. Current log-likelihood: -334797.73838
483. Current log-likelihood: -334797.72705
484. Current log-likelihood: -334797.71570
485. Current log-likelihood: -334797.70495
486. Current log-likelihood: -334797.69360
487. Current log-likelihood: -334797.68289
488. Current log-likelihood: -334797.67045
489. Current log-likelihood: -334797.65989
490. Current log-likelihood: -334797.64832
491. Current log-likelihood: -334797.63796
492. Current log-likelihood: -334797.62447
493. Current log-likelihood: -334797.61407
494. Current log-likelihood: -334797.60507
495. Current log-likelihood: -334797.59425
496. Current log-likelihood: -334797.58381
497. Current log-likelihood: -334797.57262
498. Current log-likelihood: -334797.56185
499. Current log-likelihood: -334797.55193
500. Current log-likelihood: -334797.54340
501. Current log-likelihood: -334797.53304
502. Current log-likelihood: -334797.52206
503. Current log-likelihood: -334797.51071
504. Current log-likelihood: -334797.49952
505. Current log-likelihood: -334797.48835
506. Current log-likelihood: -334797.47669
507. Current log-likelihood: -334797.46570
508. Current log-likelihood: -334797.45518
509. Current log-likelihood: -334797.44296
510. Current log-likelihood: -334797.43118
511. Current log-likelihood: -334797.41983
512. Current log-likelihood: -334797.40859
513. Current log-likelihood: -334797.39824
514. Current log-likelihood: -334797.38767
515. Current log-likelihood: -334797.37749
516. Current log-likelihood: -334797.36729
517. Current log-likelihood: -334797.35723
518. Current log-likelihood: -334797.34611
519. Current log-likelihood: -334797.33572
520. Current log-likelihood: -334797.32303
521. Current log-likelihood: -334797.31323
522. Current log-likelihood: -334797.30351
523. Current log-likelihood: -334797.29261
524. Current log-likelihood: -334797.28253
525. Current log-likelihood: -334797.27274
526. Current log-likelihood: -334797.26296
527. Current log-likelihood: -334797.25367
528. Current log-likelihood: -334797.24436
529. Current log-likelihood: -334797.23357
530. Current log-likelihood: -334797.22459
531. Current log-likelihood: -334797.21552
532. Current log-likelihood: -334797.20550
533. Current log-likelihood: -334797.19651
534. Current log-likelihood: -334797.18763
535. Current log-likelihood: -334797.17891
536. Current log-likelihood: -334797.17007
537. Current log-likelihood: -334797.16154
538. Current log-likelihood: -334797.15254
539. Current log-likelihood: -334797.14331
540. Current log-likelihood: -334797.13388
541. Current log-likelihood: -334797.12538
542. Current log-likelihood: -334797.11695
543. Current log-likelihood: -334797.10873
544. Current log-likelihood: -334797.09899
545. Current log-likelihood: -334797.09212
546. Current log-likelihood: -334797.08387
547. Current log-likelihood: -334797.07561
548. Current log-likelihood: -334797.06719
549. Current log-likelihood: -334797.06058
550. Current log-likelihood: -334797.05132
551. Current log-likelihood: -334797.04208
552. Current log-likelihood: -334797.03002
553. Current log-likelihood: -334797.02348
554. Current log-likelihood: -334797.01500
555. Current log-likelihood: -334797.00706
556. Current log-likelihood: -334796.99919
557. Current log-likelihood: -334796.99171
558. Current log-likelihood: -334796.98417
559. Current log-likelihood: -334796.97798
560. Current log-likelihood: -334796.97001
561. Current log-likelihood: -334796.96250
562. Current log-likelihood: -334796.95642
563. Current log-likelihood: -334796.94898
564. Current log-likelihood: -334796.94056
565. Current log-likelihood: -334796.93090
566. Current log-likelihood: -334796.92501
567. Current log-likelihood: -334796.91761
568. Current log-likelihood: -334796.91067
569. Current log-likelihood: -334796.90370
570. Current log-likelihood: -334796.89680
571. Current log-likelihood: -334796.88955
572. Current log-likelihood: -334796.88389
573. Current log-likelihood: -334796.87670
574. Current log-likelihood: -334796.86997
575. Current log-likelihood: -334796.86455
576. Current log-likelihood: -334796.85767
577. Current log-likelihood: -334796.84914
578. Current log-likelihood: -334796.84253
579. Current log-likelihood: -334796.83707
580. Current log-likelihood: -334796.82949
581. Current log-likelihood: -334796.82430
582. Current log-likelihood: -334796.81734
583. Current log-likelihood: -334796.80940
584. Current log-likelihood: -334796.80229
585. Current log-likelihood: -334796.79721
586. Current log-likelihood: -334796.79078
587. Current log-likelihood: -334796.78559
588. Current log-likelihood: -334796.77912
589. Current log-likelihood: -334796.77404
590. Current log-likelihood: -334796.76661
591. Current log-likelihood: -334796.75999
592. Current log-likelihood: -334796.75496
593. Current log-likelihood: -334796.74784
594. Current log-likelihood: -334796.74063
595. Current log-likelihood: -334796.73580
596. Current log-likelihood: -334796.72936
597. Current log-likelihood: -334796.72441
598. Current log-likelihood: -334796.71813
599. Current log-likelihood: -334796.71345
600. Current log-likelihood: -334796.70748
601. Current log-likelihood: -334796.70285
602. Current log-likelihood: -334796.69556
603. Current log-likelihood: -334796.68886
604. Current log-likelihood: -334796.68378
605. Current log-likelihood: -334796.67747
606. Current log-likelihood: -334796.66985
607. Current log-likelihood: -334796.66357
608. Current log-likelihood: -334796.65752
609. Current log-likelihood: -334796.65115
610. Current log-likelihood: -334796.64407
611. Current log-likelihood: -334796.63926
612. Current log-likelihood: -334796.63301
613. Current log-likelihood: -334796.62836
614. Current log-likelihood: -334796.62241
615. Current log-likelihood: -334796.61625
616. Current log-likelihood: -334796.61164
617. Current log-likelihood: -334796.60553
618. Current log-likelihood: -334796.60119
619. Current log-likelihood: -334796.59549
620. Current log-likelihood: -334796.58970
621. Current log-likelihood: -334796.58538
622. Current log-likelihood: -334796.57939
623. Current log-likelihood: -334796.57524
624. Current log-likelihood: -334796.56808
625. Current log-likelihood: -334796.56379
626. Current log-likelihood: -334796.55823
627. Current log-likelihood: -334796.55184
628. Current log-likelihood: -334796.54601
629. Current log-likelihood: -334796.53985
630. Current log-likelihood: -334796.53558
631. Current log-likelihood: -334796.53021
632. Current log-likelihood: -334796.52618
633. Current log-likelihood: -334796.52073
634. Current log-likelihood: -334796.51680
635. Current log-likelihood: -334796.51018
636. Current log-likelihood: -334796.50616
637. Current log-likelihood: -334796.49925
638. Current log-likelihood: -334796.49401
639. Current log-likelihood: -334796.49007
640. Current log-likelihood: -334796.48615
641. Current log-likelihood: -334796.48094
642. Current log-likelihood: -334796.47715
643. Current log-likelihood: -334796.47175
644. Current log-likelihood: -334796.46798
645. Current log-likelihood: -334796.46318
646. Current log-likelihood: -334796.45834
647. Current log-likelihood: -334796.45473
648. Current log-likelihood: -334796.44886
649. Current log-likelihood: -334796.44529
650. Current log-likelihood: -334796.44045
651. Current log-likelihood: -334796.43510
652. Current log-likelihood: -334796.43162
653. Current log-likelihood: -334796.42696
654. Current log-likelihood: -334796.42337
655. Current log-likelihood: -334796.41867
656. Current log-likelihood: -334796.41534
657. Current log-likelihood: -334796.41186
658. Current log-likelihood: -334796.40615
659. Current log-likelihood: -334796.40277
660. Current log-likelihood: -334796.39717
661. Current log-likelihood: -334796.39398
662. Current log-likelihood: -334796.38956
663. Current log-likelihood: -334796.38619
664. Current log-likelihood: -334796.38170
665. Current log-likelihood: -334796.37839
666. Current log-likelihood: -334796.37521
667. Current log-likelihood: -334796.37078
668. Current log-likelihood: -334796.36778
669. Current log-likelihood: -334796.36347
670. Current log-likelihood: -334796.36030
671. Current log-likelihood: -334796.35596
672. Current log-likelihood: -334796.35296
673. Current log-likelihood: -334796.34805
674. Current log-likelihood: -334796.34514
675. Current log-likelihood: -334796.34094
676. Current log-likelihood: -334796.33619
677. Current log-likelihood: -334796.33325
678. Current log-likelihood: -334796.33028
679. Current log-likelihood: -334796.32726
680. Current log-likelihood: -334796.32000
681. Current log-likelihood: -334796.31602
682. Current log-likelihood: -334796.31151
683. Current log-likelihood: -334796.30865
684. Current log-likelihood: -334796.30560
685. Current log-likelihood: -334796.30067
686. Current log-likelihood: -334796.29771
687. Current log-likelihood: -334796.29478
688. Current log-likelihood: -334796.28987
689. Current log-likelihood: -334796.28704
690. Current log-likelihood: -334796.28249
691. Current log-likelihood: -334796.27756
692. Current log-likelihood: -334796.27484
693. Current log-likelihood: -334796.27202
694. Current log-likelihood: -334796.26921
695. Current log-likelihood: -334796.26519
696. Current log-likelihood: -334796.26237
697. Current log-likelihood: -334796.25955
698. Current log-likelihood: -334796.25681
699. Current log-likelihood: -334796.25409
700. Current log-likelihood: -334796.24957
701. Current log-likelihood: -334796.24697
702. Current log-likelihood: -334796.24425
703. Current log-likelihood: -334796.24032
704. Current log-likelihood: -334796.23576
705. Current log-likelihood: -334796.23310
706. Current log-likelihood: -334796.22916
707. Current log-likelihood: -334796.22650
708. Current log-likelihood: -334796.22378
709. Current log-likelihood: -334796.22098
710. Current log-likelihood: -334796.21829
711. Current log-likelihood: -334796.21447
712. Current log-likelihood: -334796.21178
713. Current log-likelihood: -334796.20909
714. Current log-likelihood: -334796.20523
715. Current log-likelihood: -334796.19978
716. Current log-likelihood: -334796.19732
717. Current log-likelihood: -334796.19364
718. Current log-likelihood: -334796.19093
719. Current log-likelihood: -334796.18829
720. Current log-likelihood: -334796.18578
721. Current log-likelihood: -334796.18317
722. Current log-likelihood: -334796.17972
723. Current log-likelihood: -334796.17727
724. Current log-likelihood: -334796.17353
725. Current log-likelihood: -334796.17084
726. Current log-likelihood: -334796.16838
727. Current log-likelihood: -334796.16588
728. Current log-likelihood: -334796.16343
729. Current log-likelihood: -334796.16099
730. Current log-likelihood: -334796.15873
731. Current log-likelihood: -334796.15525
732. Current log-likelihood: -334796.15291
733. Current log-likelihood: -334796.14917
734. Current log-likelihood: -334796.14578
735. Current log-likelihood: -334796.14366
736. Current log-likelihood: -334796.14123
737. Current log-likelihood: -334796.13888
738. Current log-likelihood: -334796.13660
739. Current log-likelihood: -334796.13426
740. Current log-likelihood: -334796.12994
741. Current log-likelihood: -334796.12774
742. Current log-likelihood: -334796.12555
743. Current log-likelihood: -334796.12345
744. Current log-likelihood: -334796.12115
745. Current log-likelihood: -334796.11714
746. Current log-likelihood: -334796.11509
747. Current log-likelihood: -334796.11294
748. Current log-likelihood: -334796.10847
749. Current log-likelihood: -334796.10502
750. Current log-likelihood: -334796.10307
751. Current log-likelihood: -334796.10070
752. Current log-likelihood: -334796.09865
753. Current log-likelihood: -334796.09656
754. Current log-likelihood: -334796.09451
755. Current log-likelihood: -334796.09244
756. Current log-likelihood: -334796.09049
757. Current log-likelihood: -334796.08649
758. Current log-likelihood: -334796.08279
759. Current log-likelihood: -334796.08088
760. Current log-likelihood: -334796.07875
761. Current log-likelihood: -334796.07485
762. Current log-likelihood: -334796.07298
763. Current log-likelihood: -334796.07106
764. Current log-likelihood: -334796.06920
765. Current log-likelihood: -334796.06594
766. Current log-likelihood: -334796.06285
767. Current log-likelihood: -334796.06104
768. Current log-likelihood: -334796.05881
769. Current log-likelihood: -334796.05689
770. Current log-likelihood: -334796.05483
771. Current log-likelihood: -334796.05289
772. Current log-likelihood: -334796.05091
773. Current log-likelihood: -334796.04902
774. Current log-likelihood: -334796.04697
775. Current log-likelihood: -334796.04490
776. Current log-likelihood: -334796.04308
777. Current log-likelihood: -334796.04115
778. Current log-likelihood: -334796.03937
779. Current log-likelihood: -334796.03764
780. Current log-likelihood: -334796.03591
781. Current log-likelihood: -334796.03398
782. Current log-likelihood: -334796.03207
783. Current log-likelihood: -334796.03039
784. Current log-likelihood: -334796.02758
785. Current log-likelihood: -334796.02592
786. Current log-likelihood: -334796.02432
787. Current log-likelihood: -334796.02271
788. Current log-likelihood: -334796.02118
789. Current log-likelihood: -334796.01932
790. Current log-likelihood: -334796.01778
791. Current log-likelihood: -334796.01617
792. Current log-likelihood: -334796.01448
793. Current log-likelihood: -334796.01290
794. Current log-likelihood: -334796.01142
795. Current log-likelihood: -334796.00994
796. Current log-likelihood: -334796.00825
797. Current log-likelihood: -334796.00685
798. Current log-likelihood: -334796.00535
799. Current log-likelihood: -334796.00223
800. Current log-likelihood: -334796.00058
801. Current log-likelihood: -334795.99911
802. Current log-likelihood: -334795.99775
803. Current log-likelihood: -334795.99645
804. Current log-likelihood: -334795.99357
805. Current log-likelihood: -334795.99217
806. Current log-likelihood: -334795.99071
807. Current log-likelihood: -334795.98920
808. Current log-likelihood: -334795.98732
809. Current log-likelihood: -334795.98601
810. Current log-likelihood: -334795.98447
811. Current log-likelihood: -334795.98275
812. Current log-likelihood: -334795.98143
813. Current log-likelihood: -334795.98012
814. Current log-likelihood: -334795.97879
815. Current log-likelihood: -334795.97759
816. Current log-likelihood: -334795.97623
817. Current log-likelihood: -334795.97487
818. Current log-likelihood: -334795.97358
819. Current log-likelihood: -334795.97055
820. Current log-likelihood: -334795.96925
821. Current log-likelihood: -334795.96806
822. Current log-likelihood: -334795.96668
823. Current log-likelihood: -334795.96536
824. Current log-likelihood: -334795.96417
825. Current log-likelihood: -334795.96301
826. Current log-likelihood: -334795.96004
827. Current log-likelihood: -334795.95891
828. Current log-likelihood: -334795.95751
829. Current log-likelihood: -334795.95632
830. Current log-likelihood: -334795.95514
831. Current log-likelihood: -334795.95392
832. Current log-likelihood: -334795.94911
833. Current log-likelihood: -334795.94803
834. Current log-likelihood: -334795.94683
835. Current log-likelihood: -334795.94570
836. Current log-likelihood: -334795.94450
837. Current log-likelihood: -334795.94341
838. Current log-likelihood: -334795.94240
839. Current log-likelihood: -334795.94138
840. Current log-likelihood: -334795.94042
Final estimation on weights:
0.23801,0.24373,0.07065,0.44761
Wrote distance file to... 
BEST SCORE FOUND : -334795.94042
Site log-likelihoods per category printed to output_mast_repeats/mast_model_4/mast_model_4.sitelh
Total tree lengths: 1.79035 9.68332 3.34602 0.08453

Total number of iterations: 838
CPU time used for tree search: 0.00001 sec (0h:0m:0s)
Wall-clock time used for tree search: 0.00001 sec (0h:0m:0s)
Total CPU time used: 2123.13905 sec (0h:35m:23s)
Total wall-clock time used: 530.06116 sec (0h:8m:50s)

Analysis results written to: 
  IQ-TREE report:                output_mast_repeats/mast_model_4/mast_model_4.iqtree
  Maximum-likelihood tree:       output_mast_repeats/mast_model_4/mast_model_4.treefile
  Site log-likelihoods:          output_mast_repeats/mast_model_4/mast_model_4.sitelh
  Screen log file:               output_mast_repeats/mast_model_4/mast_model_4.log

Date and Time: Thu Oct 30 15:34:40 2025
