IQ-TREE multicore version 2.3.6 for MacOS ARM 64-bit built Jul 30 2024
Developed by Bui Quang Minh, Nguyen Lam Tung, Olga Chernomor, Heiko Schmidt,
Dominik Schrempf, Michael Woodhams, Ly Trong Nhan, Thomas Wong

Host:    SUN1029323 (SSE4.2, 36 GB RAM)
Command: iqtree2 -s aln_segment_1_to_3949.fasta -m MFP -nt AUTO -fast -pre aln_segment_1_to_3949
Seed:    547404 (Using SPRNG - Scalable Parallel Random Number Generator)
Time:    Wed Oct 29 09:42:50 2025
Kernel:  SSE2 - auto-detect threads (14 CPU cores detected)

Reading alignment file aln_segment_1_to_3949.fasta ... Fasta format detected
Reading fasta file: done in 0.00395584 secs using 90.09% CPU
Alignment most likely contains DNA/RNA sequences
Alignment has 104 sequences with 3949 columns, 803 distinct patterns
1259 parsimony-informative, 881 singleton sites, 1809 constant sites
Analyzing sequences: done in 5.19753e-05 secs using 265.5% CPU
WARNING: 18 sequences contain more than 50% gaps/ambiguity
WARNING: Sequence HSV2_1 contains only gaps or missing data
WARNING: Sequence HSV2_2 contains only gaps or missing data
WARNING: Sequence HSV2_3 contains only gaps or missing data
WARNING: Sequence HSV2_4 contains only gaps or missing data
WARNING: Sequence HSV2_5 contains only gaps or missing data
WARNING: Sequence HSV2_6 contains only gaps or missing data
WARNING: Sequence HSV2_7 contains only gaps or missing data
WARNING: Sequence HSV2_8 contains only gaps or missing data
WARNING: Sequence HSV2_9 contains only gaps or missing data
WARNING: Sequence HSV2_10 contains only gaps or missing data
WARNING: Sequence HSV2_11 contains only gaps or missing data
WARNING: Sequence HSV2_12 contains only gaps or missing data
WARNING: Sequence HSV2_13 contains only gaps or missing data
WARNING: Sequence HSV2_14 contains only gaps or missing data
WARNING: Sequence HSV2_15 contains only gaps or missing data
WARNING: Sequence HSV2_16 contains only gaps or missing data
WARNING: Sequence HSV2_17 contains only gaps or missing data
WARNING: Sequence HSV2_18 contains only gaps or missing data
ERROR: Some sequences (see above) are problematic, please check your alignment again
