IQ-TREE multicore version 2.3.6 for MacOS ARM 64-bit built Jul 30 2024
Developed by Bui Quang Minh, Nguyen Lam Tung, Olga Chernomor, Heiko Schmidt,
Dominik Schrempf, Michael Woodhams, Ly Trong Nhan, Thomas Wong

Host:    SUN1029323 (SSE4.2, 36 GB RAM)
Command: iqtree2 -s aln_segment_37296_to_44754.fasta -m MFP -nt AUTO -fast -pre aln_segment_37296_to_44754
Seed:    639815 (Using SPRNG - Scalable Parallel Random Number Generator)
Time:    Wed Oct 29 09:54:43 2025
Kernel:  SSE2 - auto-detect threads (14 CPU cores detected)

Reading alignment file aln_segment_37296_to_44754.fasta ... Fasta format detected
Reading fasta file: done in 0.00537896 secs using 90.43% CPU
Alignment most likely contains DNA/RNA sequences
Alignment has 104 sequences with 7459 columns, 1860 distinct patterns
1659 parsimony-informative, 1496 singleton sites, 4304 constant sites
Analyzing sequences: done in 8.2016e-05 secs using 332.9% CPU
WARNING: 2 sequences contain more than 50% gaps/ambiguity
NOTE: 2 identical sequences (see below) will be ignored for subsequent analysis
Alignment was printed to aln_segment_37296_to_44754.uniqueseq.phy

For your convenience alignment with unique sequences printed to aln_segment_37296_to_44754.uniqueseq.phy


Create initial parsimony tree by phylogenetic likelihood library (PLL)... 0.01 seconds
Measuring multi-threading efficiency up to 14 CPU cores
Increase to 10 rounds for branch lengths
68 trees examined
Threads: 1 / Time: 14.09 sec / Speedup: 1.00 / Efficiency: 100% / LogL: -108232
Threads: 2 / Time: 11.00 sec / Speedup: 1.28 / Efficiency: 64% / LogL: -108232
Threads: 3 / Time: 8.55 sec / Speedup: 1.65 / Efficiency: 55% / LogL: -108232
Threads: 4 / Time: 7.92 sec / Speedup: 1.78 / Efficiency: 44% / LogL: -108232
BEST NUMBER OF THREADS: 3

Perform fast likelihood tree search using GTR+I+G model...
Estimate model parameters (epsilon = 5.00)
Perform nearest neighbor interchange...
Estimate model parameters (epsilon = 1.00)
1. Initial log-likelihood: -28972.10
2. Current log-likelihood: -28970.88
Optimal log-likelihood: -28969.83
Rate parameters:  A-C: 0.82093  A-G: 2.07524  A-T: 0.10218  C-G: 0.45832  C-T: 2.62666  G-T: 1.00000
Base frequencies:  A: 0.167  C: 0.333  G: 0.342  T: 0.157
Proportion of invariable sites: 0.278
Gamma shape alpha: 0.800
Parameters optimization took 2 rounds (0.189 sec)
Time for fast ML tree search: 0.834 seconds

NOTE: ModelFinder requires 61 MB RAM!
ModelFinder will test up to 484 DNA models (sample size: 7459 epsilon: 0.100) ...
 No. Model         -LnL         df  AIC          AICc         BIC
  1  GTR+F         29413.873    209 59245.746    59257.855    60691.436
  2  GTR+F+I       29065.447    210 58550.893    58563.120    60003.500
  3  GTR+F+G4      28981.934    210 58383.868    58396.095    59836.475
  4  GTR+F+I+G4    28969.050    211 58360.101    58372.446    59819.625
  5  GTR+F+R2      28947.067    211 58316.134    58328.479    59775.658
  6  GTR+F+R3      28826.052    213 58078.104    58090.687    59551.462
  7  GTR+F+R4      28810.462    215 58050.925    58063.748    59538.117
  8  GTR+F+R5      28809.345    217 58052.691    58065.757    59553.718
 14  GTR+F+I+R2    29049.805    212 58523.610    58536.074    59990.051
 15  GTR+F+I+R3    29015.413    214 58458.826    58471.529    59939.101
 16  GTR+F+I+R4    28857.569    216 58147.138    58160.082    59641.248
 17  GTR+F+I+R5    28834.006    218 58104.012    58117.200    59611.956
 18  GTR+F+I+R6    28823.480    220 58086.961    58100.395    59608.739
 19  GTR+F+I+R7    28816.285    222 58076.569    58090.253    59612.183
 29  SYM+R4        29666.798    212 59757.596    59770.059    61224.037
 51  TVM+F+R4      28813.083    214 58054.166    58066.869    59534.442
 73  TVMe+R4       29668.952    211 59759.904    59772.249    61219.428
 95  TIM3+F+R4     28863.990    213 58153.979    58166.562    59627.338
117  TIM3e+R4      29769.266    210 59958.531    59970.758    61411.139
139  TIM2+F+R4     28865.854    213 58157.708    58170.291    59631.066
161  TIM2e+R4      29750.762    210 59921.524    59933.751    61374.131
183  TIM+F+R4      28853.366    213 58132.732    58145.315    59606.090
205  TIMe+R4       29821.321    210 60062.642    60074.869    61515.249
227  TPM3u+F+R4    28876.839    212 58177.678    58190.142    59644.119
249  TPM3+R4       29770.800    209 59959.599    59971.708    61405.289
271  TPM2u+F+R4    28872.858    212 58169.716    58182.180    59636.158
293  TPM2+R4       29753.405    209 59924.811    59936.920    61370.500
315  K3Pu+F+R4     28858.520    212 58141.039    58153.503    59607.481
337  K3P+R4        29823.442    209 60064.884    60076.993    61510.574
359  TN+F+R4       28871.917    212 58167.833    58180.297    59634.275
381  TNe+R4        29822.195    209 60062.391    60074.500    61508.080
403  HKY+F+R4      28877.124    211 58176.249    58188.594    59635.773
425  K2P+R4        29824.327    208 60064.654    60076.646    61503.427
447  F81+F+R4      29262.281    210 58944.562    58956.789    60397.169
469  JC+R4         30070.775    207 60555.550    60567.426    61987.406
Akaike Information Criterion:           GTR+F+R4
Corrected Akaike Information Criterion: GTR+F+R4
Bayesian Information Criterion:         TVM+F+R4
Best-fit model: TVM+F+R4 chosen according to BIC

All model information printed to aln_segment_37296_to_44754.model.gz
CPU time for ModelFinder: 164.627 seconds (0h:2m:44s)
Wall-clock time for ModelFinder: 85.045 seconds (0h:1m:25s)

NOTE: 24 MB RAM (0 GB) is required!
Estimate model parameters (epsilon = 0.500)
1. Initial log-likelihood: -29268.585
2. Current log-likelihood: -28842.075
3. Current log-likelihood: -28837.323
Optimal log-likelihood: -28837.117
Rate parameters:  A-C: 0.87489  A-G: 2.21440  A-T: 0.17208  C-G: 0.68839  C-T: 2.21440  G-T: 1.00000
Base frequencies:  A: 0.167  C: 0.333  G: 0.342  T: 0.157
Site proportion and rates:  (0.303,0.027) (0.667,0.822) (0.018,6.268) (0.012,26.855)
Parameters optimization took 3 rounds (0.475 sec)
Wrote distance file to... 
Computing ML distances based on estimated model parameters...
Calculating distance matrix: done in 0.00909805 secs using 294.1% CPU
Computing ML distances took 0.009301 sec (of wall-clock time) 0.027141 sec (of CPU time)
Setting up auxiliary I and S matrices: done in 8.39233e-05 secs using 174% CPU
Computing RapidNJ tree took 0.003304 sec (of wall-clock time) 0.003052 sec (of CPU time)
Log-likelihood of RapidNJ tree: -29152.964
--------------------------------------------------------------------
|             INITIALIZING CANDIDATE TREE SET                      |
--------------------------------------------------------------------

Do NNI search on 2 best initial trees
Estimate model parameters (epsilon = 0.500)
BETTER TREE FOUND at iteration 1: -28821.272
Finish initializing candidate tree set (4)
Current best tree score: -28821.272 / CPU time: 0.862
Number of iterations: 2
TREE SEARCH COMPLETED AFTER 2 ITERATIONS / Time: 0h:1m:26s

--------------------------------------------------------------------
|                    FINALIZING TREE SEARCH                        |
--------------------------------------------------------------------
Performs final model parameters optimization
Estimate model parameters (epsilon = 0.050)
1. Initial log-likelihood: -28821.272
2. Current log-likelihood: -28821.210
3. Current log-likelihood: -28821.156
4. Current log-likelihood: -28821.106
Optimal log-likelihood: -28821.075
Rate parameters:  A-C: 0.87026  A-G: 2.20356  A-T: 0.17152  C-G: 0.68887  C-T: 2.20356  G-T: 1.00000
Base frequencies:  A: 0.167  C: 0.333  G: 0.342  T: 0.157
Site proportion and rates:  (0.303,0.028) (0.667,0.802) (0.018,6.453) (0.012,27.643)
Parameters optimization took 4 rounds (0.493 sec)
BEST SCORE FOUND : -28821.075
Total tree length: 1.332

Total number of iterations: 2
CPU time used for tree search: 1.708 sec (0h:0m:1s)
Wall-clock time used for tree search: 0.862 sec (0h:0m:0s)
Total CPU time used: 168.823 sec (0h:2m:48s)
Total wall-clock time used: 87.004 sec (0h:1m:27s)

Analysis results written to: 
  IQ-TREE report:                aln_segment_37296_to_44754.iqtree
  Maximum-likelihood tree:       aln_segment_37296_to_44754.treefile
  Likelihood distances:          aln_segment_37296_to_44754.mldist
  Screen log file:               aln_segment_37296_to_44754.log

Date and Time: Wed Oct 29 09:56:10 2025
