IQ-TREE multicore version 2.3.6 for MacOS ARM 64-bit built Jul 30 2024
Developed by Bui Quang Minh, Nguyen Lam Tung, Olga Chernomor, Heiko Schmidt,
Dominik Schrempf, Michael Woodhams, Ly Trong Nhan, Thomas Wong

Host:    SUN1029323 (SSE4.2, 36 GB RAM)
Command: iqtree2 -s aln_segment_1_to_7459.fasta -m MFP -nt AUTO -fast -pre aln_segment_1_to_7459
Seed:    571554 (Using SPRNG - Scalable Parallel Random Number Generator)
Time:    Wed Oct 29 09:45:37 2025
Kernel:  SSE2 - auto-detect threads (14 CPU cores detected)

Reading alignment file aln_segment_1_to_7459.fasta ... Fasta format detected
Reading fasta file: done in 0.00781703 secs using 88.84% CPU
Alignment most likely contains DNA/RNA sequences
Alignment has 104 sequences with 7459 columns, 1587 distinct patterns
2347 parsimony-informative, 1681 singleton sites, 3431 constant sites
Analyzing sequences: done in 8.60691e-05 secs using 340.4% CPU
WARNING: 18 sequences contain more than 50% gaps/ambiguity
NOTE: 3 identical sequences (see below) will be ignored for subsequent analysis
Alignment was printed to aln_segment_1_to_7459.uniqueseq.phy

For your convenience alignment with unique sequences printed to aln_segment_1_to_7459.uniqueseq.phy


Create initial parsimony tree by phylogenetic likelihood library (PLL)... 0.01 seconds
Measuring multi-threading efficiency up to 14 CPU cores
Increase to 10 rounds for branch lengths
83 trees examined
Threads: 1 / Time: 14.15 sec / Speedup: 1.00 / Efficiency: 100% / LogL: -145702
Threads: 2 / Time: 11.92 sec / Speedup: 1.19 / Efficiency: 59% / LogL: -145702
Threads: 3 / Time: 10.21 sec / Speedup: 1.39 / Efficiency: 46% / LogL: -145702
BEST NUMBER OF THREADS: 2

Perform fast likelihood tree search using GTR+I+G model...
Estimate model parameters (epsilon = 5.00)
Perform nearest neighbor interchange...
Estimate model parameters (epsilon = 1.00)
1. Initial log-likelihood: -35167.80
2. Current log-likelihood: -35165.89
3. Current log-likelihood: -35164.26
4. Current log-likelihood: -35163.05
Optimal log-likelihood: -35162.07
Rate parameters:  A-C: 0.96214  A-G: 2.95775  A-T: 0.36702  C-G: 0.48768  C-T: 3.38025  G-T: 1.00000
Base frequencies:  A: 0.153  C: 0.329  G: 0.357  T: 0.162
Proportion of invariable sites: 0.189
Gamma shape alpha: 0.777
Parameters optimization took 4 rounds (0.335 sec)
Time for fast ML tree search: 1.173 seconds

NOTE: ModelFinder requires 52 MB RAM!
ModelFinder will test up to 484 DNA models (sample size: 7459 epsilon: 0.100) ...
 No. Model         -LnL         df  AIC          AICc         BIC
  1  GTR+F         35733.493    207 71880.986    71892.862    73312.841
  2  GTR+F+I       35411.689    208 71239.379    71251.371    72678.151
  3  GTR+F+G4      35158.796    208 70733.591    70745.584    72172.364
  4  GTR+F+I+G4    35156.740    209 70731.480    70743.589    72177.170
  5  GTR+F+R2      34808.187    209 70034.375    70046.484    71480.064
  6  GTR+F+R3      34718.176    211 69858.351    69870.696    71317.876
+R4 reinitialized from +R3 with factor 0.500
  7  GTR+F+R4      34711.423    213 69848.846    69861.429    71322.205
 14  GTR+F+I+R2    35295.186    210 71010.372    71022.599    72462.980
+I+R3 reinitialized from +I+R2 with factor 0.500
+I+R3 reinitialized from +I+R2 with factor 0.250
+I+R3 reinitialized from +I+R2 with factor 0.125
+I+R3 reinitialized from +I+R2 with factor 0.062
 15  GTR+F+I+R3    35295.179    212 71014.358    71026.822    72480.800
 28  SYM+R3        35855.372    208 72126.745    72138.737    73565.518
 29  SYM+R4        35837.055    210 72094.110    72106.337    73546.717
 50  TVM+F+R3      34719.938    210 69859.877    69872.103    71312.484
 51  TVM+F+R4      34714.431    212 69852.862    69865.326    71319.304
 72  TVMe+R3       35838.159    207 72090.319    72102.195    73522.174
 73  TVMe+R4       35837.978    209 72093.956    72106.065    73539.646
 94  TIM3+F+R3     34724.564    209 69867.128    69879.237    71312.818
+R4 reinitialized from +R3 with factor 0.500
+R4 reinitialized from +R3 with factor 0.250
 95  TIM3+F+R4     34724.483    211 69870.965    69883.310    71330.490
116  TIM3e+R3      35913.276    206 72238.553    72250.313    73663.491
117  TIM3e+R4      35912.449    208 72240.897    72252.890    73679.670
138  TIM2+F+R3     34725.421    209 69868.843    69880.952    71314.533
139  TIM2+F+R4     34724.639    211 69871.279    69883.624    71330.803
160  TIM2e+R3      35895.469    206 72202.939    72214.699    73627.877
161  TIM2e+R4      35895.105    208 72206.210    72218.203    73644.983
182  TIM+F+R3      34697.138    209 69812.275    69824.385    71257.965
+R4 reinitialized from +R3 with factor 0.500
+R4 reinitialized from +R3 with factor 0.250
183  TIM+F+R4      34696.929    211 69815.857    69828.202    71275.382
204  TIMe+R3       35952.713    206 72317.427    72329.187    73742.365
205  TIMe+R4       35951.938    208 72319.877    72331.869    73758.650
226  TPM3u+F+R3    34726.501    208 69869.003    69880.995    71307.776
227  TPM3u+F+R4    34725.532    210 69871.065    69883.292    71323.672
248  TPM3+R3       35914.662    205 72239.323    72250.968    73657.344
249  TPM3+R4       35913.824    207 72241.648    72253.524    73673.503
270  TPM2u+F+R3    34726.924    208 69869.847    69881.839    71308.620
271  TPM2u+F+R4    34726.507    210 69873.014    69885.241    71325.621
292  TPM2+R3       35897.584    205 72205.169    72216.814    73623.190
293  TPM2+R4       35897.259    207 72208.517    72220.393    73640.373
314  K3Pu+F+R3     34699.164    208 69814.329    69826.321    71253.102
+R4 reinitialized from +R3 with factor 0.500
+R4 reinitialized from +R3 with factor 0.250
315  K3Pu+F+R4     34698.677    210 69817.353    69829.580    71269.960
336  K3P+R3        35954.603    205 72319.206    72330.850    73737.227
337  K3P+R4        35953.971    207 72321.942    72333.818    73753.798
358  TN+F+R3       34725.650    208 69867.300    69879.292    71306.073
359  TN+F+R4       34724.456    210 69868.911    69881.138    71321.518
380  TNe+R3        35955.184    205 72320.367    72332.012    73738.389
381  TNe+R4        35954.532    207 72323.064    72334.940    73754.919
402  HKY+F+R3      34727.429    207 69868.859    69880.735    71300.714
403  HKY+F+R4      34726.109    209 69870.218    69882.327    71315.908
424  K2P+R3        35957.266    204 72322.532    72334.062    73733.636
425  K2P+R4        35956.716    206 72325.432    72337.192    73750.371
446  F81+F+R3      35424.858    206 71261.717    71273.477    72686.655
447  F81+F+R4      35423.888    208 71263.776    71275.768    72702.549
468  JC+R3         36411.035    203 73228.071    73239.487    74632.258
469  JC+R4         36409.160    205 73228.321    73239.966    74646.342
Akaike Information Criterion:           TIM+F+R3
Corrected Akaike Information Criterion: TIM+F+R3
Bayesian Information Criterion:         K3Pu+F+R3
Best-fit model: K3Pu+F+R3 chosen according to BIC

All model information printed to aln_segment_1_to_7459.model.gz
CPU time for ModelFinder: 142.698 seconds (0h:2m:22s)
Wall-clock time for ModelFinder: 96.080 seconds (0h:1m:36s)

NOTE: 15 MB RAM (0 GB) is required!
Estimate model parameters (epsilon = 0.500)
1. Initial log-likelihood: -35441.016
2. Current log-likelihood: -34719.238
3. Current log-likelihood: -34703.548
4. Current log-likelihood: -34702.027
Optimal log-likelihood: -34701.846
Rate parameters:  A-C: 1.00000  A-G: 2.89291  A-T: 0.60702  C-G: 0.60702  C-T: 2.89291  G-T: 1.00000
Base frequencies:  A: 0.153  C: 0.329  G: 0.357  T: 0.162
Site proportion and rates:  (0.265,0.020) (0.705,0.587) (0.029,19.791)
Parameters optimization took 4 rounds (0.670 sec)
Wrote distance file to... 
Computing ML distances based on estimated model parameters...
Calculating distance matrix: done in 0.010344 secs using 197.2% CPU
Computing ML distances took 0.010580 sec (of wall-clock time) 0.020724 sec (of CPU time)
Setting up auxiliary I and S matrices: done in 0.000102043 secs using 134.3% CPU
Computing RapidNJ tree took 0.002260 sec (of wall-clock time) 0.002342 sec (of CPU time)
Log-likelihood of RapidNJ tree: -35436.561
--------------------------------------------------------------------
|             INITIALIZING CANDIDATE TREE SET                      |
--------------------------------------------------------------------

Do NNI search on 2 best initial trees
Estimate model parameters (epsilon = 0.500)
BETTER TREE FOUND at iteration 1: -34699.139
Finish initializing candidate tree set (4)
Current best tree score: -34699.139 / CPU time: 0.996
Number of iterations: 2
TREE SEARCH COMPLETED AFTER 2 ITERATIONS / Time: 0h:1m:37s

--------------------------------------------------------------------
|                    FINALIZING TREE SEARCH                        |
--------------------------------------------------------------------
Performs final model parameters optimization
Estimate model parameters (epsilon = 0.050)
1. Initial log-likelihood: -34699.139
Optimal log-likelihood: -34699.095
Rate parameters:  A-C: 1.00000  A-G: 2.89509  A-T: 0.60740  C-G: 0.60740  C-T: 2.89509  G-T: 1.00000
Base frequencies:  A: 0.153  C: 0.329  G: 0.357  T: 0.162
Site proportion and rates:  (0.265,0.020) (0.705,0.582) (0.029,19.913)
Parameters optimization took 1 rounds (0.131 sec)
BEST SCORE FOUND : -34699.095
Total tree length: 2.924

Total number of iterations: 2
CPU time used for tree search: 1.357 sec (0h:0m:1s)
Wall-clock time used for tree search: 0.997 sec (0h:0m:0s)
Total CPU time used: 145.436 sec (0h:2m:25s)
Total wall-clock time used: 97.982 sec (0h:1m:37s)

Analysis results written to: 
  IQ-TREE report:                aln_segment_1_to_7459.iqtree
  Maximum-likelihood tree:       aln_segment_1_to_7459.treefile
  Likelihood distances:          aln_segment_1_to_7459.mldist
  Screen log file:               aln_segment_1_to_7459.log

Date and Time: Wed Oct 29 09:47:15 2025
