IQ-TREE multicore version 2.3.6 for MacOS ARM 64-bit built Jul 30 2024
Developed by Bui Quang Minh, Nguyen Lam Tung, Olga Chernomor, Heiko Schmidt,
Dominik Schrempf, Michael Woodhams, Ly Trong Nhan, Thomas Wong

Host:    SUN1029323 (SSE4.2, 36 GB RAM)
Command: iqtree2 -s aln_segment_14919_to_22377.fasta -m MFP -nt AUTO -fast -pre aln_segment_14919_to_22377
Seed:    627435 (Using SPRNG - Scalable Parallel Random Number Generator)
Time:    Wed Oct 29 09:50:06 2025
Kernel:  SSE2 - auto-detect threads (14 CPU cores detected)

Reading alignment file aln_segment_14919_to_22377.fasta ... Fasta format detected
Reading fasta file: done in 0.00541902 secs using 90.39% CPU
Alignment most likely contains DNA/RNA sequences
Alignment has 104 sequences with 7459 columns, 1626 distinct patterns
1295 parsimony-informative, 1410 singleton sites, 4754 constant sites
Analyzing sequences: done in 7.60555e-05 secs using 291.9% CPU
WARNING: 2 sequences contain more than 50% gaps/ambiguity
NOTE: 2 identical sequences (see below) will be ignored for subsequent analysis
Alignment was printed to aln_segment_14919_to_22377.uniqueseq.phy

For your convenience alignment with unique sequences printed to aln_segment_14919_to_22377.uniqueseq.phy


Create initial parsimony tree by phylogenetic likelihood library (PLL)... 0.01 seconds
Measuring multi-threading efficiency up to 14 CPU cores
Increase to 10 rounds for branch lengths
75 trees examined
Threads: 1 / Time: 14.15 sec / Speedup: 1.00 / Efficiency: 100% / LogL: -98165
Threads: 2 / Time: 11.21 sec / Speedup: 1.26 / Efficiency: 63% / LogL: -98165
Threads: 3 / Time: 8.92 sec / Speedup: 1.59 / Efficiency: 53% / LogL: -98165
Threads: 4 / Time: 8.26 sec / Speedup: 1.71 / Efficiency: 43% / LogL: -98165
BEST NUMBER OF THREADS: 3

Perform fast likelihood tree search using GTR+I+G model...
Estimate model parameters (epsilon = 5.00)
Perform nearest neighbor interchange...
Estimate model parameters (epsilon = 1.00)
1. Initial log-likelihood: -27945.88
Optimal log-likelihood: -27944.21
Rate parameters:  A-C: 0.59829  A-G: 2.02252  A-T: 0.16702  C-G: 0.47070  C-T: 3.19748  G-T: 1.00000
Base frequencies:  A: 0.163  C: 0.328  G: 0.351  T: 0.157
Proportion of invariable sites: 0.311
Gamma shape alpha: 0.491
Parameters optimization took 1 rounds (0.064 sec)
Time for fast ML tree search: 0.992 seconds

NOTE: ModelFinder requires 53 MB RAM!
ModelFinder will test up to 484 DNA models (sample size: 7459 epsilon: 0.100) ...
 No. Model         -LnL         df  AIC          AICc         BIC
  1  GTR+F         28606.968    209 57631.936    57644.045    59077.626
  2  GTR+F+I       28121.586    210 56663.171    56675.398    58115.778
  3  GTR+F+G4      27983.354    210 56386.708    56398.935    57839.315
  4  GTR+F+I+G4    27937.137    211 56296.275    56308.620    57755.799
  5  GTR+F+R2      27847.760    211 56117.521    56129.866    57577.045
  6  GTR+F+R3      27685.812    213 55797.624    55810.207    57270.983
+R4 reinitialized from +R3 with factor 0.500
  7  GTR+F+R4      27682.818    215 55795.637    55808.460    57282.829
 14  GTR+F+I+R2    28081.965    212 56587.931    56600.395    58054.372
 15  GTR+F+I+R3    28052.579    214 56533.157    56545.860    58013.433
+I+R4 reinitialized from +I+R3 with factor 0.500
+I+R4 reinitialized from +I+R3 with factor 0.250
+I+R4 reinitialized from +I+R3 with factor 0.125
 16  GTR+F+I+R4    28052.488    216 56536.977    56549.921    58031.087
 28  SYM+R3        28563.357    210 57546.715    57558.942    58999.322
 50  TVM+F+R3      27704.250    212 55832.501    55844.965    57298.942
 72  TVMe+R3       28574.156    209 57566.313    57578.422    59012.003
 94  TIM3+F+R3     27721.944    211 55865.889    55878.234    57325.413
116  TIM3e+R3      28702.545    208 57821.090    57833.082    59259.862
138  TIM2+F+R3     27713.148    211 55848.297    55860.642    57307.821
160  TIM2e+R3      28623.975    208 57663.950    57675.943    59102.723
182  TIM+F+R3      27708.459    211 55838.919    55851.264    57298.443
204  TIMe+R3       28732.349    208 57880.699    57892.691    59319.472
226  TPM3u+F+R3    27738.703    210 55897.406    55909.633    57350.013
248  TPM3+R3       28713.193    207 57840.385    57852.261    59272.241
270  TPM2u+F+R3    27731.588    210 55883.175    55895.402    57335.782
292  TPM2+R3       28636.327    207 57686.654    57698.530    59118.510
314  K3Pu+F+R3     27722.771    210 55865.542    55877.769    57318.149
336  K3P+R3        28744.337    207 57902.675    57914.551    59334.530
358  TN+F+R3       27724.875    210 55869.750    55881.977    57322.357
380  TNe+R3        28742.699    207 57899.397    57911.273    59331.253
402  HKY+F+R3      27740.506    209 55899.012    55911.121    57344.702
424  K2P+R3        28754.852    206 57921.705    57933.465    59346.643
446  F81+F+R3      28199.129    208 56814.259    56826.251    58253.032
468  JC+R3         29035.430    205 58480.859    58492.504    59898.881
Akaike Information Criterion:           GTR+F+R4
Corrected Akaike Information Criterion: GTR+F+R4
Bayesian Information Criterion:         GTR+F+R3
Best-fit model: GTR+F+R3 chosen according to BIC

All model information printed to aln_segment_14919_to_22377.model.gz
CPU time for ModelFinder: 155.090 seconds (0h:2m:35s)
Wall-clock time for ModelFinder: 82.739 seconds (0h:1m:22s)

NOTE: 16 MB RAM (0 GB) is required!
Estimate model parameters (epsilon = 0.500)
1. Initial log-likelihood: -28209.855
2. Current log-likelihood: -27713.698
3. Current log-likelihood: -27696.257
4. Current log-likelihood: -27691.591
5. Current log-likelihood: -27689.358
6. Current log-likelihood: -27688.039
7. Current log-likelihood: -27687.340
Optimal log-likelihood: -27686.725
Rate parameters:  A-C: 0.63377  A-G: 2.01835  A-T: 0.17596  C-G: 0.58599  C-T: 3.04697  G-T: 1.00000
Base frequencies:  A: 0.163  C: 0.328  G: 0.351  T: 0.157
Site proportion and rates:  (0.649,0.086) (0.335,1.400) (0.016,29.946)
Parameters optimization took 7 rounds (0.990 sec)
Wrote distance file to... 
Computing ML distances based on estimated model parameters...
Calculating distance matrix: done in 0.00802398 secs using 296.3% CPU
Computing ML distances took 0.008197 sec (of wall-clock time) 0.024104 sec (of CPU time)
Setting up auxiliary I and S matrices: done in 8.79765e-05 secs using 164.8% CPU
Computing RapidNJ tree took 0.003095 sec (of wall-clock time) 0.002932 sec (of CPU time)
Log-likelihood of RapidNJ tree: -27967.214
--------------------------------------------------------------------
|             INITIALIZING CANDIDATE TREE SET                      |
--------------------------------------------------------------------

Do NNI search on 2 best initial trees
Estimate model parameters (epsilon = 0.500)
BETTER TREE FOUND at iteration 1: -27678.853
Finish initializing candidate tree set (4)
Current best tree score: -27678.853 / CPU time: 0.773
Number of iterations: 2
TREE SEARCH COMPLETED AFTER 2 ITERATIONS / Time: 0h:1m:24s

--------------------------------------------------------------------
|                    FINALIZING TREE SEARCH                        |
--------------------------------------------------------------------
Performs final model parameters optimization
Estimate model parameters (epsilon = 0.050)
1. Initial log-likelihood: -27678.853
2. Current log-likelihood: -27678.720
3. Current log-likelihood: -27678.533
4. Current log-likelihood: -27678.422
Optimal log-likelihood: -27678.353
Rate parameters:  A-C: 0.63166  A-G: 2.02474  A-T: 0.17322  C-G: 0.57243  C-T: 3.06988  G-T: 1.00000
Base frequencies:  A: 0.163  C: 0.328  G: 0.351  T: 0.157
Site proportion and rates:  (0.645,0.077) (0.338,1.329) (0.017,29.193)
Parameters optimization took 4 rounds (0.342 sec)
BEST SCORE FOUND : -27678.353
Total tree length: 1.762

Total number of iterations: 2
CPU time used for tree search: 1.344 sec (0h:0m:1s)
Wall-clock time used for tree search: 0.773 sec (0h:0m:0s)
Total CPU time used: 159.672 sec (0h:2m:39s)
Total wall-clock time used: 84.979 sec (0h:1m:24s)

Analysis results written to: 
  IQ-TREE report:                aln_segment_14919_to_22377.iqtree
  Maximum-likelihood tree:       aln_segment_14919_to_22377.treefile
  Likelihood distances:          aln_segment_14919_to_22377.mldist
  Screen log file:               aln_segment_14919_to_22377.log

Date and Time: Wed Oct 29 09:51:31 2025
