IQ-TREE multicore version 2.3.6 for MacOS ARM 64-bit built Jul 30 2024
Developed by Bui Quang Minh, Nguyen Lam Tung, Olga Chernomor, Heiko Schmidt,
Dominik Schrempf, Michael Woodhams, Ly Trong Nhan, Thomas Wong

Host:    SUN1029323 (SSE4.2, 36 GB RAM)
Command: iqtree2 -s aln_segment_59673_to_67131.fasta -m MFP -nt AUTO -fast -pre aln_segment_59673_to_67131
Seed:    481278 (Using SPRNG - Scalable Parallel Random Number Generator)
Time:    Wed Oct 29 10:00:46 2025
Kernel:  SSE2 - auto-detect threads (14 CPU cores detected)

Reading alignment file aln_segment_59673_to_67131.fasta ... Fasta format detected
Reading fasta file: done in 0.00534391 secs using 90.61% CPU
Alignment most likely contains DNA/RNA sequences
Alignment has 104 sequences with 7459 columns, 1631 distinct patterns
1378 parsimony-informative, 1212 singleton sites, 4869 constant sites
Analyzing sequences: done in 9.20296e-05 secs using 261.9% CPU
WARNING: 2 sequences contain more than 50% gaps/ambiguity
NOTE: 3 identical sequences (see below) will be ignored for subsequent analysis
Alignment was printed to aln_segment_59673_to_67131.uniqueseq.phy

For your convenience alignment with unique sequences printed to aln_segment_59673_to_67131.uniqueseq.phy


Create initial parsimony tree by phylogenetic likelihood library (PLL)... 0.01 seconds
Measuring multi-threading efficiency up to 14 CPU cores
Increase to 10 rounds for branch lengths
81 trees examined
Threads: 1 / Time: 14.07 sec / Speedup: 1.00 / Efficiency: 100% / LogL: -99752
Threads: 2 / Time: 11.18 sec / Speedup: 1.26 / Efficiency: 63% / LogL: -99752
Threads: 3 / Time: 9.05 sec / Speedup: 1.56 / Efficiency: 52% / LogL: -99752
Threads: 4 / Time: 8.30 sec / Speedup: 1.70 / Efficiency: 42% / LogL: -99752
BEST NUMBER OF THREADS: 3

Perform fast likelihood tree search using GTR+I+G model...
Estimate model parameters (epsilon = 5.00)
Perform nearest neighbor interchange...
Estimate model parameters (epsilon = 1.00)
1. Initial log-likelihood: -27176.78
Optimal log-likelihood: -27175.96
Rate parameters:  A-C: 1.04945  A-G: 2.47979  A-T: 0.23966  C-G: 0.62814  C-T: 2.52110  G-T: 1.00000
Base frequencies:  A: 0.164  C: 0.326  G: 0.360  T: 0.150
Proportion of invariable sites: 0.323
Gamma shape alpha: 0.581
Parameters optimization took 1 rounds (0.074 sec)
Time for fast ML tree search: 0.765 seconds

NOTE: ModelFinder requires 53 MB RAM!
ModelFinder will test up to 484 DNA models (sample size: 7459 epsilon: 0.100) ...
 No. Model         -LnL         df  AIC          AICc         BIC
  1  GTR+F         27782.181    207 55978.361    55990.237    57410.217
  2  GTR+F+I       27267.746    208 54951.491    54963.484    56390.264
  3  GTR+F+G4      27202.686    208 54821.371    54833.363    56260.144
  4  GTR+F+I+G4    27172.125    209 54762.251    54774.360    56207.941
  5  GTR+F+R2      27184.987    209 54787.975    54800.084    56233.665
  6  GTR+F+R3      27067.758    211 54557.517    54569.862    56017.041
  7  GTR+F+R4      26997.387    213 54420.775    54433.358    55894.133
  8  GTR+F+R5      26970.661    215 54371.321    54384.145    55858.514
+R6 reinitialized from +R5 with factor 0.500
+R6 reinitialized from +R5 with factor 0.250
+R6 reinitialized from +R5 with factor 0.125
  9  GTR+F+R6      26970.349    217 54374.698    54387.764    55875.726
 14  GTR+F+I+R2    27278.543    210 54977.087    54989.313    56429.694
 15  GTR+F+I+R3    27113.373    212 54650.746    54663.210    56117.188
 16  GTR+F+I+R4    27092.939    214 54613.878    54626.581    56094.154
 17  GTR+F+I+R5    27055.047    216 54542.095    54555.039    56036.205
 18  GTR+F+I+R6    27042.245    218 54520.491    54533.679    56028.435
 19  GTR+F+I+R7    27022.641    220 54485.281    54498.716    56007.060
 20  GTR+F+I+R8    27014.727    222 54473.453    54487.136    56009.066
 30  SYM+R5        27867.016    212 56158.032    56170.495    57624.473
 52  TVM+F+R5      26980.571    214 54389.142    54401.845    55869.418
 74  TVMe+R5       27865.930    211 56153.860    56166.205    57613.384
 96  TIM3+F+R5     27009.403    213 54444.806    54457.389    55918.165
118  TIM3e+R5      27949.457    210 56318.913    56331.140    57771.520
140  TIM2+F+R5     27006.041    213 54438.081    54450.664    55911.440
162  TIM2e+R5      27958.740    210 56337.480    56349.707    57790.087
184  TIM+F+R5      26991.031    213 54408.063    54420.646    55881.421
206  TIMe+R5       28012.733    210 56445.465    56457.692    57898.072
228  TPM3u+F+R5    27009.623    212 54443.246    54455.710    55909.687
250  TPM3+R5       27949.886    209 56317.773    56329.882    57763.463
272  TPM2u+F+R5    27004.712    212 54433.424    54445.888    55899.866
294  TPM2+R5       27958.959    209 56335.917    56348.027    57781.607
316  K3Pu+F+R5     26981.120    212 54386.240    54398.704    55852.681
338  K3P+R5        28013.504    209 56445.007    56457.116    57890.697
360  TN+F+R5       27004.424    212 54432.848    54445.312    55899.289
382  TNe+R5        28017.838    209 56453.675    56465.784    57899.365
404  HKY+F+R5      27004.388    211 54430.776    54443.121    55890.301
426  K2P+R5        28018.163    208 56452.326    56464.318    57891.099
448  F81+F+R5      27305.240    210 55030.481    55042.708    56483.088
470  JC+R5         28178.970    207 56771.940    56783.816    58203.796
Akaike Information Criterion:           GTR+F+R5
Corrected Akaike Information Criterion: GTR+F+R5
Bayesian Information Criterion:         K3Pu+F+R5
Best-fit model: K3Pu+F+R5 chosen according to BIC

All model information printed to aln_segment_59673_to_67131.model.gz
CPU time for ModelFinder: 215.434 seconds (0h:3m:35s)
Wall-clock time for ModelFinder: 107.546 seconds (0h:1m:47s)

NOTE: 26 MB RAM (0 GB) is required!
Estimate model parameters (epsilon = 0.500)
1. Initial log-likelihood: -27314.094
2. Current log-likelihood: -27005.766
3. Current log-likelihood: -26993.379
4. Current log-likelihood: -26992.381
Optimal log-likelihood: -26992.154
Rate parameters:  A-C: 1.00000  A-G: 2.32065  A-T: 0.61293  C-G: 0.61293  C-T: 2.32065  G-T: 1.00000
Base frequencies:  A: 0.164  C: 0.326  G: 0.360  T: 0.150
Site proportion and rates:  (0.344,0.032) (0.171,0.032) (0.452,1.177) (0.021,4.096) (0.011,32.447)
Parameters optimization took 4 rounds (0.700 sec)
Wrote distance file to... 
Computing ML distances based on estimated model parameters...
Calculating distance matrix: done in 0.0121791 secs using 269.1% CPU
Computing ML distances took 0.012398 sec (of wall-clock time) 0.033125 sec (of CPU time)
Setting up auxiliary I and S matrices: done in 0.000184059 secs using 166.8% CPU
Computing RapidNJ tree took 0.008107 sec (of wall-clock time) 0.003345 sec (of CPU time)
Log-likelihood of RapidNJ tree: -27267.231
--------------------------------------------------------------------
|             INITIALIZING CANDIDATE TREE SET                      |
--------------------------------------------------------------------

Do NNI search on 2 best initial trees
Estimate model parameters (epsilon = 0.500)
BETTER TREE FOUND at iteration 1: -26990.505
Finish initializing candidate tree set (4)
Current best tree score: -26990.505 / CPU time: 0.868
Number of iterations: 2
TREE SEARCH COMPLETED AFTER 2 ITERATIONS / Time: 0h:1m:49s

--------------------------------------------------------------------
|                    FINALIZING TREE SEARCH                        |
--------------------------------------------------------------------
Performs final model parameters optimization
Estimate model parameters (epsilon = 0.050)
1. Initial log-likelihood: -26990.505
Optimal log-likelihood: -26990.503
Rate parameters:  A-C: 1.00000  A-G: 2.32221  A-T: 0.61320  C-G: 0.61320  C-T: 2.32221  G-T: 1.00000
Base frequencies:  A: 0.164  C: 0.326  G: 0.360  T: 0.150
Site proportion and rates:  (0.344,0.033) (0.171,0.033) (0.452,1.168) (0.021,4.136) (0.011,32.754)
Parameters optimization took 1 rounds (0.096 sec)
BEST SCORE FOUND : -26990.503
Total tree length: 1.253

Total number of iterations: 2
CPU time used for tree search: 1.760 sec (0h:0m:1s)
Wall-clock time used for tree search: 0.868 sec (0h:0m:0s)
Total CPU time used: 219.294 sec (0h:3m:39s)
Total wall-clock time used: 109.352 sec (0h:1m:49s)

Analysis results written to: 
  IQ-TREE report:                aln_segment_59673_to_67131.iqtree
  Maximum-likelihood tree:       aln_segment_59673_to_67131.treefile
  Likelihood distances:          aln_segment_59673_to_67131.mldist
  Screen log file:               aln_segment_59673_to_67131.log

Date and Time: Wed Oct 29 10:02:35 2025
