IQ-TREE multicore version 2.3.6 for MacOS ARM 64-bit built Jul 30 2024
Developed by Bui Quang Minh, Nguyen Lam Tung, Olga Chernomor, Heiko Schmidt,
Dominik Schrempf, Michael Woodhams, Ly Trong Nhan, Thomas Wong

Host:    SUN1029323 (SSE4.2, 36 GB RAM)
Command: iqtree2 -s aln_segment_52214_to_59672.fasta -m MFP -nt AUTO -fast -pre aln_segment_52214_to_59672
Seed:    68305 (Using SPRNG - Scalable Parallel Random Number Generator)
Time:    Wed Oct 29 09:59:08 2025
Kernel:  SSE2 - auto-detect threads (14 CPU cores detected)

Reading alignment file aln_segment_52214_to_59672.fasta ... Fasta format detected
Reading fasta file: done in 0.005445 secs using 90.41% CPU
Alignment most likely contains DNA/RNA sequences
Alignment has 104 sequences with 7459 columns, 1554 distinct patterns
1279 parsimony-informative, 1121 singleton sites, 5059 constant sites
Analyzing sequences: done in 7.48634e-05 secs using 283.2% CPU
WARNING: 2 sequences contain more than 50% gaps/ambiguity
NOTE: 3 identical sequences (see below) will be ignored for subsequent analysis
Alignment was printed to aln_segment_52214_to_59672.uniqueseq.phy

For your convenience alignment with unique sequences printed to aln_segment_52214_to_59672.uniqueseq.phy


Create initial parsimony tree by phylogenetic likelihood library (PLL)... 0.01 seconds
Measuring multi-threading efficiency up to 14 CPU cores
Increase to 10 rounds for branch lengths
86 trees examined
Threads: 1 / Time: 14.07 sec / Speedup: 1.00 / Efficiency: 100% / LogL: -94410
Threads: 2 / Time: 11.21 sec / Speedup: 1.26 / Efficiency: 63% / LogL: -94410
Threads: 3 / Time: 9.51 sec / Speedup: 1.48 / Efficiency: 49% / LogL: -94410
BEST NUMBER OF THREADS: 2

Perform fast likelihood tree search using GTR+I+G model...
Estimate model parameters (epsilon = 5.00)
Perform nearest neighbor interchange...
Estimate model parameters (epsilon = 1.00)
1. Initial log-likelihood: -26993.81
2. Current log-likelihood: -26992.73
Optimal log-likelihood: -26991.59
Rate parameters:  A-C: 0.75102  A-G: 2.53453  A-T: 0.29752  C-G: 0.70010  C-T: 2.62640  G-T: 1.00000
Base frequencies:  A: 0.164  C: 0.339  G: 0.336  T: 0.161
Proportion of invariable sites: 0.336
Gamma shape alpha: 0.555
Parameters optimization took 2 rounds (0.188 sec)
Time for fast ML tree search: 0.989 seconds

NOTE: ModelFinder requires 51 MB RAM!
ModelFinder will test up to 484 DNA models (sample size: 7459 epsilon: 0.100) ...
 No. Model         -LnL         df  AIC          AICc         BIC
  1  GTR+F         27611.877    207 55637.754    55649.630    57069.609
  2  GTR+F+I       27075.549    208 54567.098    54579.090    56005.870
  3  GTR+F+G4      27018.306    208 54452.613    54464.605    55891.385
  4  GTR+F+I+G4    26988.267    209 54394.535    54406.644    55840.224
  5  GTR+F+R2      26979.706    209 54377.411    54389.521    55823.101
  6  GTR+F+R3      26886.924    211 54195.847    54208.192    55655.372
  7  GTR+F+R4      26842.435    213 54110.869    54123.452    55584.228
  8  GTR+F+R5      26824.705    215 54079.411    54092.234    55566.604
  9  GTR+F+R6      26821.922    217 54077.843    54090.909    55578.870
 14  GTR+F+I+R2    26977.992    210 54375.983    54388.210    55828.590
 15  GTR+F+I+R3    26932.667    212 54289.334    54301.798    55755.776
 16  GTR+F+I+R4    26903.878    214 54235.756    54248.459    55716.032
 17  GTR+F+I+R5    26875.212    216 54182.425    54195.369    55676.535
 18  GTR+F+I+R6    26873.587    218 54183.173    54196.362    55691.118
 30  SYM+R5        27518.179    212 55460.357    55472.821    56926.799
 52  TVM+F+R5      26824.734    214 54077.468    54090.171    55557.744
 74  TVMe+R5       27508.697    211 55439.393    55451.738    56898.917
 96  TIM3+F+R5     26840.832    213 54107.664    54120.247    55581.023
118  TIM3e+R5      27628.838    210 55677.676    55689.903    57130.283
140  TIM2+F+R5     26835.262    213 54096.524    54109.107    55569.882
162  TIM2e+R5      27585.481    210 55590.962    55603.189    57043.569
184  TIM+F+R5      26861.355    213 54148.710    54161.293    55622.069
206  TIMe+R5       27670.369    210 55760.738    55772.964    57213.345
228  TPM3u+F+R5    26860.256    212 54144.512    54156.976    55610.954
250  TPM3+R5       27629.001    209 55676.003    55688.112    57121.693
272  TPM2u+F+R5    26846.306    212 54116.612    54129.075    55583.053
294  TPM2+R5       27585.065    209 55588.131    55600.240    57033.821
316  K3Pu+F+R5     26870.544    212 54165.088    54177.552    55631.530
338  K3P+R5        27670.517    209 55759.034    55771.143    57204.724
360  TN+F+R5       26870.589    212 54165.177    54177.641    55631.618
382  TNe+R5        27692.329    209 55802.659    55814.768    57248.348
404  HKY+F+R5      26870.676    211 54163.351    54175.696    55622.875
426  K2P+R5        27692.490    208 55800.981    55812.973    57239.753
448  F81+F+R5      27196.085    210 54812.170    54824.396    56264.777
470  JC+R5         27898.403    207 56210.806    56222.682    57642.662
Akaike Information Criterion:           TVM+F+R5
Corrected Akaike Information Criterion: TVM+F+R5
Bayesian Information Criterion:         TVM+F+R5
Best-fit model: TVM+F+R5 chosen according to BIC

All model information printed to aln_segment_52214_to_59672.model.gz
CPU time for ModelFinder: 141.927 seconds (0h:2m:21s)
Wall-clock time for ModelFinder: 95.448 seconds (0h:1m:35s)

NOTE: 25 MB RAM (0 GB) is required!
Estimate model parameters (epsilon = 0.500)
1. Initial log-likelihood: -27201.179
2. Current log-likelihood: -26845.082
3. Current log-likelihood: -26842.880
Optimal log-likelihood: -26842.284
Rate parameters:  A-C: 0.76804  A-G: 2.47098  A-T: 0.29894  C-G: 0.95472  C-T: 2.47098  G-T: 1.00000
Base frequencies:  A: 0.164  C: 0.339  G: 0.336  T: 0.161
Site proportion and rates:  (0.197,0.032) (0.274,0.032) (0.490,1.068) (0.029,3.951) (0.011,31.867)
Parameters optimization took 3 rounds (0.720 sec)
Wrote distance file to... 
Computing ML distances based on estimated model parameters...
Calculating distance matrix: done in 0.0145772 secs using 198.6% CPU
Computing ML distances took 0.014799 sec (of wall-clock time) 0.029249 sec (of CPU time)
Setting up auxiliary I and S matrices: done in 9.70364e-05 secs using 137.1% CPU
Computing RapidNJ tree took 0.002330 sec (of wall-clock time) 0.002544 sec (of CPU time)
Log-likelihood of RapidNJ tree: -27159.660
--------------------------------------------------------------------
|             INITIALIZING CANDIDATE TREE SET                      |
--------------------------------------------------------------------

Do NNI search on 2 best initial trees
Estimate model parameters (epsilon = 0.500)
BETTER TREE FOUND at iteration 1: -26800.380
Finish initializing candidate tree set (4)
Current best tree score: -26800.380 / CPU time: 1.437
Number of iterations: 2
TREE SEARCH COMPLETED AFTER 2 ITERATIONS / Time: 0h:1m:37s

--------------------------------------------------------------------
|                    FINALIZING TREE SEARCH                        |
--------------------------------------------------------------------
Performs final model parameters optimization
Estimate model parameters (epsilon = 0.050)
1. Initial log-likelihood: -26800.380
2. Current log-likelihood: -26800.282
3. Current log-likelihood: -26800.191
Optimal log-likelihood: -26800.146
Rate parameters:  A-C: 0.74811  A-G: 2.46639  A-T: 0.29842  C-G: 0.95657  C-T: 2.46639  G-T: 1.00000
Base frequencies:  A: 0.164  C: 0.339  G: 0.336  T: 0.161
Site proportion and rates:  (0.197,0.033) (0.274,0.033) (0.490,1.028) (0.029,4.142) (0.011,33.132)
Parameters optimization took 3 rounds (0.586 sec)
BEST SCORE FOUND : -26800.146
Total tree length: 0.932

Total number of iterations: 2
CPU time used for tree search: 2.022 sec (0h:0m:2s)
Wall-clock time used for tree search: 1.437 sec (0h:0m:1s)
Total CPU time used: 146.259 sec (0h:2m:26s)
Total wall-clock time used: 98.375 sec (0h:1m:38s)

Analysis results written to: 
  IQ-TREE report:                aln_segment_52214_to_59672.iqtree
  Maximum-likelihood tree:       aln_segment_52214_to_59672.treefile
  Likelihood distances:          aln_segment_52214_to_59672.mldist
  Screen log file:               aln_segment_52214_to_59672.log

Date and Time: Wed Oct 29 10:00:46 2025
