IQ-TREE multicore version 2.3.6 for MacOS ARM 64-bit built Jul 30 2024
Developed by Bui Quang Minh, Nguyen Lam Tung, Olga Chernomor, Heiko Schmidt,
Dominik Schrempf, Michael Woodhams, Ly Trong Nhan, Thomas Wong

Host:    SUN1029323 (SSE4.2, 36 GB RAM)
Command: iqtree2 -s aln_segment_7460_to_14918.fasta -m MFP -nt AUTO -fast -pre aln_segment_7460_to_14918
Seed:    601224 (Using SPRNG - Scalable Parallel Random Number Generator)
Time:    Wed Oct 29 09:47:15 2025
Kernel:  SSE2 - auto-detect threads (14 CPU cores detected)

Reading alignment file aln_segment_7460_to_14918.fasta ... Fasta format detected
Reading fasta file: done in 0.00527215 secs using 90.51% CPU
Alignment most likely contains DNA/RNA sequences
Alignment has 104 sequences with 7459 columns, 1423 distinct patterns
1470 parsimony-informative, 1285 singleton sites, 4704 constant sites
Analyzing sequences: done in 7.9155e-05 secs using 252.7% CPU
WARNING: 2 sequences contain more than 50% gaps/ambiguity
NOTE: 1 identical sequences (see below) will be ignored for subsequent analysis
Alignment was printed to aln_segment_7460_to_14918.uniqueseq.phy

For your convenience alignment with unique sequences printed to aln_segment_7460_to_14918.uniqueseq.phy


Create initial parsimony tree by phylogenetic likelihood library (PLL)... 0.01 seconds
Measuring multi-threading efficiency up to 14 CPU cores
Increase to 10 rounds for branch lengths
84 trees examined
Threads: 1 / Time: 14.09 sec / Speedup: 1.00 / Efficiency: 100% / LogL: -102278
Threads: 2 / Time: 10.61 sec / Speedup: 1.33 / Efficiency: 66% / LogL: -102278
Threads: 3 / Time: 9.24 sec / Speedup: 1.52 / Efficiency: 51% / LogL: -102278
Threads: 4 / Time: 8.33 sec / Speedup: 1.69 / Efficiency: 42% / LogL: -102278
BEST NUMBER OF THREADS: 3

Perform fast likelihood tree search using GTR+I+G model...
Estimate model parameters (epsilon = 5.00)
Perform nearest neighbor interchange...
Estimate model parameters (epsilon = 1.00)
1. Initial log-likelihood: -29143.05
Optimal log-likelihood: -29141.52
Rate parameters:  A-C: 0.70325  A-G: 2.29773  A-T: 0.22275  C-G: 0.56501  C-T: 3.24579  G-T: 1.00000
Base frequencies:  A: 0.169  C: 0.323  G: 0.335  T: 0.174
Proportion of invariable sites: 0.312
Gamma shape alpha: 0.562
Parameters optimization took 1 rounds (0.102 sec)
Time for fast ML tree search: 0.721 seconds

NOTE: ModelFinder requires 47 MB RAM!
ModelFinder will test up to 484 DNA models (sample size: 7459 epsilon: 0.100) ...
 No. Model         -LnL         df  AIC          AICc         BIC
  1  GTR+F         29857.451    211 60136.902    60149.247    61596.426
  2  GTR+F+I       29283.018    212 58990.036    59002.499    60456.477
  3  GTR+F+G4      29177.909    212 58779.817    58792.281    60246.259
  4  GTR+F+I+G4    29134.890    213 58695.781    58708.364    60169.139
  5  GTR+F+R2      29099.427    213 58624.855    58637.438    60098.214
  6  GTR+F+R3      28940.152    215 58310.304    58323.128    59797.497
  7  GTR+F+R4      28922.359    217 58278.718    58291.784    59779.745
  8  GTR+F+R5      28920.654    219 58279.308    58292.620    59794.170
 14  GTR+F+I+R2    29093.921    214 58615.842    58628.545    60096.118
 15  GTR+F+I+R3    28929.424    216 58290.847    58303.792    59784.958
 16  GTR+F+I+R4    28915.438    218 58266.876    58280.065    59774.821
 17  GTR+F+I+R5    28906.146    220 58252.292    58265.727    59774.071
+I+R6 reinitialized from +I+R5 with factor 0.500
+I+R6 reinitialized from +I+R5 with factor 0.250
 18  GTR+F+I+R6    28905.644    222 58255.288    58268.971    59790.901
 29  SYM+R4        29600.718    214 59629.436    59642.139    61109.712
 38  SYM+I+R4      29600.575    215 59631.151    59643.974    61118.344
 39  SYM+I+R5      29600.438    217 59634.875    59647.942    61135.903
 51  TVM+F+R4      28933.541    216 58299.083    58312.027    59793.193
 60  TVM+F+I+R4    28914.566    217 58263.132    58276.198    59764.159
+I+R5 reinitialized from +I+R4 with factor 0.500
+I+R5 reinitialized from +I+R4 with factor 0.250
+I+R5 reinitialized from +I+R4 with factor 0.125
+I+R5 reinitialized from +I+R4 with factor 0.062
+I+R5 reinitialized from +I+R4 with factor 0.031
WARNING: Log-likelihood -28916.2 of TVM+F+I+R5 worse than TVM+F+I+R4 -28914.6
 61  TVM+F+I+R5    28916.200    219 58270.400    58283.711    59785.262
 73  TVMe+R4       29608.092    213 59642.185    59654.768    61115.543
 82  TVMe+I+R4     29608.015    214 59644.031    59656.734    61124.307
 83  TVMe+I+R5     29607.957    216 59647.915    59660.859    61142.025
 95  TIM3+F+R4     28946.537    215 58323.074    58335.898    59810.267
104  TIM3+F+I+R4   28944.681    216 58321.362    58334.306    59815.472
+I+R5 reinitialized from +I+R4 with factor 0.500
105  TIM3+F+I+R5   28940.141    218 58316.283    58329.471    59824.227
117  TIM3e+R4      29722.235    212 59868.470    59880.934    61334.912
126  TIM3e+I+R4    29718.914    213 59863.828    59876.411    61337.187
127  TIM3e+I+R5    29718.881    215 59867.763    59880.586    61354.956
139  TIM2+F+R4     28941.483    215 58312.966    58325.790    59800.159
148  TIM2+F+I+R4   28933.428    216 58298.856    58311.801    59792.966
149  TIM2+F+I+R5   28931.045    218 58298.090    58311.279    59806.035
161  TIM2e+R4      29669.110    212 59762.221    59774.684    61228.662
170  TIM2e+I+R4    29664.550    213 59755.100    59767.683    61228.459
+I+R5 reinitialized from +I+R4 with factor 0.500
171  TIM2e+I+R5    29664.578    215 59759.156    59771.979    61246.349
183  TIM+F+R4      28955.986    215 58341.972    58354.795    59829.165
192  TIM+F+I+R4    28933.031    216 58298.061    58311.006    59792.171
+I+R5 reinitialized from +I+R4 with factor 0.500
+I+R5 reinitialized from +I+R4 with factor 0.250
+I+R5 reinitialized from +I+R4 with factor 0.125
+I+R5 reinitialized from +I+R4 with factor 0.062
+I+R5 reinitialized from +I+R4 with factor 0.031
WARNING: Log-likelihood -28935.2 of TIM+F+I+R5 worse than TIM+F+I+R4 -28933
193  TIM+F+I+R5    28935.239    218 58306.478    58319.667    59814.423
205  TIMe+R4       29762.544    212 59949.089    59961.552    61415.530
214  TIMe+I+R4     29760.134    213 59946.267    59958.850    61419.626
+I+R5 reinitialized from +I+R4 with factor 0.500
+I+R5 reinitialized from +I+R4 with factor 0.250
215  TIMe+I+R5     29760.233    215 59950.467    59963.290    61437.660
227  TPM3u+F+R4    28966.622    214 58361.243    58373.946    59841.519
236  TPM3u+F+I+R4  28948.057    215 58326.114    58338.937    59813.307
+I+R5 reinitialized from +I+R4 with factor 0.500
237  TPM3u+F+I+R5  28947.940    217 58329.879    58342.945    59830.906
249  TPM3+R4       29725.579    211 59873.159    59885.503    61332.683
258  TPM3+I+R4     29725.296    212 59874.592    59887.055    61341.033
259  TPM3+I+R5     29725.338    214 59878.676    59891.379    61358.951
271  TPM2u+F+R4    28940.958    214 58309.916    58322.619    59790.192
280  TPM2u+F+I+R4  28941.908    215 58313.816    58326.639    59801.008
281  TPM2u+F+I+R5  28941.357    217 58316.713    58329.779    59817.741
293  TPM2+R4       29673.447    211 59768.894    59781.239    61228.418
302  TPM2+I+R4     29673.312    212 59770.624    59783.087    61237.065
+I+R5 reinitialized from +I+R4 with factor 0.500
+I+R5 reinitialized from +I+R4 with factor 0.250
+I+R5 reinitialized from +I+R4 with factor 0.125
303  TPM2+I+R5     29673.345    214 59774.690    59787.393    61254.966
315  K3Pu+F+R4     28939.900    214 58307.801    58320.504    59788.077
324  K3Pu+F+I+R4   28933.696    215 58297.392    58310.215    59784.585
+I+R5 reinitialized from +I+R4 with factor 0.500
325  K3Pu+F+I+R5   28927.625    217 58289.250    58302.316    59790.277
337  K3P+R4        29767.679    211 59957.358    59969.703    61416.883
346  K3P+I+R4      29767.489    212 59958.978    59971.442    61425.420
347  K3P+I+R5      29767.484    214 59962.968    59975.671    61443.244
359  TN+F+R4       28943.059    214 58314.117    58326.820    59794.393
368  TN+F+I+R4     28941.836    215 58313.672    58326.496    59800.865
369  TN+F+I+R5     28939.002    217 58312.003    58325.069    59813.030
381  TNe+R4        29764.218    211 59950.435    59962.780    61409.960
390  TNe+I+R4      29764.010    212 59952.020    59964.484    61418.462
+I+R5 reinitialized from +I+R4 with factor 0.500
+I+R5 reinitialized from +I+R4 with factor 0.250
+I+R5 reinitialized from +I+R4 with factor 0.125
391  TNe+I+R5      29764.079    214 59956.158    59968.861    61436.434
403  HKY+F+R4      28949.879    213 58325.758    58338.341    59799.117
412  HKY+F+I+R4    28948.151    214 58324.301    58337.004    59804.577
+I+R5 reinitialized from +I+R4 with factor 0.500
413  HKY+F+I+R5    28947.477    216 58326.955    58339.899    59821.065
425  K2P+R4        29771.647    210 59963.294    59975.520    61415.901
434  K2P+I+R4      29771.422    211 59964.844    59977.189    61424.368
+I+R5 reinitialized from +I+R4 with factor 0.500
+I+R5 reinitialized from +I+R4 with factor 0.250
+I+R5 reinitialized from +I+R4 with factor 0.125
435  K2P+I+R5      29771.468    213 59968.937    59981.520    61442.295
447  F81+F+R4      29440.045    212 59304.090    59316.553    60770.531
456  F81+F+I+R4    29440.160    213 59306.320    59318.903    60779.679
+I+R5 reinitialized from +I+R4 with factor 0.500
+I+R5 reinitialized from +I+R4 with factor 0.250
+I+R5 reinitialized from +I+R4 with factor 0.125
+I+R5 reinitialized from +I+R4 with factor 0.062
+I+R5 reinitialized from +I+R4 with factor 0.031
457  F81+F+I+R5    29440.390    215 59310.781    59323.604    60797.974
469  JC+R4         30106.752    209 60631.504    60643.613    62077.194
478  JC+I+R4       30106.600    210 60633.201    60645.428    62085.808
479  JC+I+R5       30106.593    212 60637.186    60649.650    62103.628
Akaike Information Criterion:           GTR+F+I+R5
Corrected Akaike Information Criterion: GTR+F+I+R5
Bayesian Information Criterion:         TVM+F+I+R4
Best-fit model: TVM+F+I+R4 chosen according to BIC

All model information printed to aln_segment_7460_to_14918.model.gz
CPU time for ModelFinder: 357.301 seconds (0h:5m:57s)
Wall-clock time for ModelFinder: 169.586 seconds (0h:2m:49s)

NOTE: 19 MB RAM (0 GB) is required!
Estimate model parameters (epsilon = 0.500)
1. Initial log-likelihood: -29448.242
2. Current log-likelihood: -28944.966
3. Current log-likelihood: -28941.338
Optimal log-likelihood: -28941.265
Rate parameters:  A-C: 0.80533  A-G: 2.67558  A-T: 0.24364  C-G: 0.85278  C-T: 2.67558  G-T: 1.00000
Base frequencies:  A: 0.169  C: 0.323  G: 0.335  T: 0.174
Proportion of invariable sites: 0.000
Site proportion and rates:  (0.429,0.035) (0.544,0.936) (0.020,12.382) (0.006,34.887)
Parameters optimization took 3 rounds (0.405 sec)
Wrote distance file to... 
Computing ML distances based on estimated model parameters...
Calculating distance matrix: done in 0.00806713 secs using 295.9% CPU
Computing ML distances took 0.008268 sec (of wall-clock time) 0.024219 sec (of CPU time)
Setting up auxiliary I and S matrices: done in 8.29697e-05 secs using 168.7% CPU
Computing RapidNJ tree took 0.003237 sec (of wall-clock time) 0.003058 sec (of CPU time)
Log-likelihood of RapidNJ tree: -29301.746
--------------------------------------------------------------------
|             INITIALIZING CANDIDATE TREE SET                      |
--------------------------------------------------------------------

Do NNI search on 2 best initial trees
Estimate model parameters (epsilon = 0.500)
BETTER TREE FOUND at iteration 1: -28910.140
Finish initializing candidate tree set (4)
Current best tree score: -28910.140 / CPU time: 0.789
Number of iterations: 2
TREE SEARCH COMPLETED AFTER 2 ITERATIONS / Time: 0h:2m:50s

--------------------------------------------------------------------
|                    FINALIZING TREE SEARCH                        |
--------------------------------------------------------------------
Performs final model parameters optimization
Estimate model parameters (epsilon = 0.050)
1. Initial log-likelihood: -28910.140
Optimal log-likelihood: -28910.139
Rate parameters:  A-C: 0.80224  A-G: 2.68335  A-T: 0.23446  C-G: 0.85199  C-T: 2.68335  G-T: 1.00000
Base frequencies:  A: 0.169  C: 0.323  G: 0.335  T: 0.174
Proportion of invariable sites: 0.000
Site proportion and rates:  (0.429,0.035) (0.544,0.936) (0.020,12.382) (0.006,34.887)
Parameters optimization took 1 rounds (0.073 sec)
BEST SCORE FOUND : -28910.139
Total tree length: 1.214

Total number of iterations: 2
CPU time used for tree search: 1.383 sec (0h:0m:1s)
Wall-clock time used for tree search: 0.790 sec (0h:0m:0s)
Total CPU time used: 360.022 sec (0h:6m:0s)
Total wall-clock time used: 170.988 sec (0h:2m:50s)

Analysis results written to: 
  IQ-TREE report:                aln_segment_7460_to_14918.iqtree
  Maximum-likelihood tree:       aln_segment_7460_to_14918.treefile
  Likelihood distances:          aln_segment_7460_to_14918.mldist
  Screen log file:               aln_segment_7460_to_14918.log

Date and Time: Wed Oct 29 09:50:06 2025
