IQ-TREE multicore version 2.4.0 for Linux x86 64-bit built Feb  7 2025
Developed by Bui Quang Minh, Nguyen Lam Tung, Olga Chernomor, Heiko Schmidt,
Dominik Schrempf, Michael Woodhams, Ly Trong Nhan, Thomas Wong

Host:    ku-01 (AVX2, FMA3, 251 GB RAM)
Command: iqtree2 -s trim_genome_africa.fasta -m GTR+FO+R2+T -te iqtree_output_africa/trim_trees.newick --prefix mast_africa_output/mast1 -fast -nt 12 -wslmr -redo
Seed:    79654 (Using SPRNG - Scalable Parallel Random Number Generator)
Time:    Thu Oct 30 11:11:30 2025
Kernel:  AVX+FMA - 12 threads (64 CPU cores detected)

Reading alignment file trim_genome_africa.fasta ... Fasta format detected
Reading fasta file: done in 0.0359741 secs using 94.02% CPU
Alignment most likely contains DNA/RNA sequences
Alignment has 29 sequences with 142412 columns, 3564 distinct patterns
28695 parsimony-informative, 1511 singleton sites, 112206 constant sites
Analyzing sequences: done in 8.69446e-05 secs using 98.91% CPU
Tree-mixture model
Number of input trees: 15
Minimum branch length is set to 0.0000010
















Linked substitution model:
   GTR+FO

Linked RHS model:
   R2


NOTE: 100 MB RAM (0 GB) is required!
According to the parsimony scores along the sites, the tree weights are initialized to:
0.0720385,0.0706853,0.0707177,0.0706362,0.0723154,0.0697243,0.0742073,0.0710453,0.0720379,0.0720686,0.0717535,0.0711413,0.0709290,0.0706921,0.0000075
Estimate model parameters (epsilon = 0.01000)
1. Initial log-likelihood: -339734.48285
2. Current log-likelihood: -333268.88608
3. Current log-likelihood: -333031.75918
4. Current log-likelihood: -332900.24175
5. Current log-likelihood: -332765.68832
6. Current log-likelihood: -332643.53530
7. Current log-likelihood: -332597.42356
8. Current log-likelihood: -332570.85525
9. Current log-likelihood: -332563.27238
10. Current log-likelihood: -332560.37128
11. Current log-likelihood: -332559.51457
12. Current log-likelihood: -332558.89007
13. Current log-likelihood: -332558.52280
14. Current log-likelihood: -332558.19994
15. Current log-likelihood: -332557.86702
16. Current log-likelihood: -332557.55877
17. Current log-likelihood: -332557.23233
18. Current log-likelihood: -332556.91015
19. Current log-likelihood: -332555.41806
20. Current log-likelihood: -332555.08583
21. Current log-likelihood: -332554.76284
22. Current log-likelihood: -332554.45364
23. Current log-likelihood: -332554.14466
24. Current log-likelihood: -332553.84802
25. Current log-likelihood: -332553.55733
26. Current log-likelihood: -332553.27219
27. Current log-likelihood: -332552.99233
28. Current log-likelihood: -332552.71821
29. Current log-likelihood: -332552.44901
30. Current log-likelihood: -332552.18424
31. Current log-likelihood: -332551.92366
32. Current log-likelihood: -332551.65714
33. Current log-likelihood: -332551.41475
34. Current log-likelihood: -332551.16156
35. Current log-likelihood: -332550.92755
36. Current log-likelihood: -332550.68238
37. Current log-likelihood: -332550.45649
38. Current log-likelihood: -332550.21930
39. Current log-likelihood: -332550.00140
40. Current log-likelihood: -332549.77141
41. Current log-likelihood: -332549.56084
42. Current log-likelihood: -332549.34453
43. Current log-likelihood: -332549.14087
44. Current log-likelihood: -332548.92613
45. Current log-likelihood: -332548.73021
46. Current log-likelihood: -332548.52812
47. Current log-likelihood: -332548.33846
48. Current log-likelihood: -332548.13174
49. Current log-likelihood: -332547.94713
50. Current log-likelihood: -332547.74571
51. Current log-likelihood: -332547.56630
52. Current log-likelihood: -332547.37002
53. Current log-likelihood: -332545.86672
54. Current log-likelihood: -332545.65855
55. Current log-likelihood: -332545.45828
56. Current log-likelihood: -332545.27113
57. Current log-likelihood: -332545.08789
58. Current log-likelihood: -332544.91783
59. Current log-likelihood: -332544.73520
60. Current log-likelihood: -332544.57222
61. Current log-likelihood: -332544.40326
62. Current log-likelihood: -332544.24630
63. Current log-likelihood: -332544.08354
64. Current log-likelihood: -332543.93270
65. Current log-likelihood: -332543.76299
66. Current log-likelihood: -332543.61776
67. Current log-likelihood: -332543.46577
68. Current log-likelihood: -332543.32529
69. Current log-likelihood: -332543.17148
70. Current log-likelihood: -332543.03597
71. Current log-likelihood: -332542.89355
72. Current log-likelihood: -332542.76280
73. Current log-likelihood: -332542.61702
74. Current log-likelihood: -332542.49032
75. Current log-likelihood: -332542.34792
76. Current log-likelihood: -332542.21528
77. Current log-likelihood: -332542.08423
78. Current log-likelihood: -332541.95514
79. Current log-likelihood: -332541.81340
80. Current log-likelihood: -332541.22846
81. Current log-likelihood: -332541.08121
82. Current log-likelihood: -332540.95441
83. Current log-likelihood: -332540.82149
84. Current log-likelihood: -332540.70012
85. Current log-likelihood: -332540.58079
86. Current log-likelihood: -332540.45490
87. Current log-likelihood: -332540.34075
88. Current log-likelihood: -332540.22828
89. Current log-likelihood: -332540.11798
90. Current log-likelihood: -332540.00935
91. Current log-likelihood: -332539.90266
92. Current log-likelihood: -332539.78940
93. Current log-likelihood: -332539.68742
94. Current log-likelihood: -332539.58678
95. Current log-likelihood: -332539.48758
96. Current log-likelihood: -332539.39026
97. Current log-likelihood: -332539.29485
98. Current log-likelihood: -332539.20091
99. Current log-likelihood: -332539.10794
100. Current log-likelihood: -332539.00894
101. Current log-likelihood: -332538.92046
102. Current log-likelihood: -332538.76209
103. Current log-likelihood: -332538.58950
104. Current log-likelihood: -332538.41977
105. Current log-likelihood: -332538.25980
106. Current log-likelihood: -332538.11206
107. Current log-likelihood: -332537.96271
108. Current log-likelihood: -332537.83324
109. Current log-likelihood: -332537.68861
110. Current log-likelihood: -332537.56772
111. Current log-likelihood: -332537.43487
112. Current log-likelihood: -332537.32181
113. Current log-likelihood: -332537.19714
114. Current log-likelihood: -332537.09160
115. Current log-likelihood: -332536.97981
116. Current log-likelihood: -332536.88032
117. Current log-likelihood: -332536.76999
118. Current log-likelihood: -332536.67713
119. Current log-likelihood: -332536.58648
120. Current log-likelihood: -332536.48378
121. Current log-likelihood: -332536.39933
122. Current log-likelihood: -332536.31632
123. Current log-likelihood: -332536.23557
124. Current log-likelihood: -332536.15713
125. Current log-likelihood: -332536.08065
126. Current log-likelihood: -332536.00634
127. Current log-likelihood: -332535.93439
128. Current log-likelihood: -332535.86371
129. Current log-likelihood: -332535.78176
130. Current log-likelihood: -332535.71599
131. Current log-likelihood: -332535.65156
132. Current log-likelihood: -332535.58826
133. Current log-likelihood: -332535.52667
134. Current log-likelihood: -332535.46640
135. Current log-likelihood: -332535.40770
136. Current log-likelihood: -332535.34995
137. Current log-likelihood: -332535.29368
138. Current log-likelihood: -332535.23776
139. Current log-likelihood: -332535.18451
140. Current log-likelihood: -332535.13201
141. Current log-likelihood: -332535.06566
142. Current log-likelihood: -332535.01640
143. Current log-likelihood: -332534.96753
144. Current log-likelihood: -332534.91954
145. Current log-likelihood: -332534.87228
146. Current log-likelihood: -332534.82617
147. Current log-likelihood: -332534.78030
148. Current log-likelihood: -332534.73571
149. Current log-likelihood: -332534.69207
150. Current log-likelihood: -332534.64931
151. Current log-likelihood: -332534.60398
152. Current log-likelihood: -332534.55858
153. Current log-likelihood: -332534.50306
154. Current log-likelihood: -332533.08556
155. Current log-likelihood: -332533.03270
156. Current log-likelihood: -332532.98153
157. Current log-likelihood: -332532.93197
158. Current log-likelihood: -332532.88367
159. Current log-likelihood: -332532.83669
160. Current log-likelihood: -332532.79103
161. Current log-likelihood: -332532.74478
162. Current log-likelihood: -332532.70101
163. Current log-likelihood: -332532.65800
164. Current log-likelihood: -332532.61645
165. Current log-likelihood: -332532.57572
166. Current log-likelihood: -332532.53564
167. Current log-likelihood: -332532.49485
168. Current log-likelihood: -332532.45576
169. Current log-likelihood: -332532.41644
170. Current log-likelihood: -332532.37792
171. Current log-likelihood: -332532.33998
172. Current log-likelihood: -332532.30216
173. Current log-likelihood: -332532.26491
174. Current log-likelihood: -332532.22773
175. Current log-likelihood: -332532.19124
176. Current log-likelihood: -332532.15510
177. Current log-likelihood: -332532.11847
178. Current log-likelihood: -332532.08300
179. Current log-likelihood: -332532.04749
180. Current log-likelihood: -332532.01248
181. Current log-likelihood: -332531.97750
182. Current log-likelihood: -332531.94273
183. Current log-likelihood: -332531.90871
184. Current log-likelihood: -332531.87409
185. Current log-likelihood: -332531.84027
186. Current log-likelihood: -332531.80665
187. Current log-likelihood: -332531.77156
188. Current log-likelihood: -332531.73687
189. Current log-likelihood: -332531.70174
190. Current log-likelihood: -332531.66698
191. Current log-likelihood: -332531.63210
192. Current log-likelihood: -332531.59747
193. Current log-likelihood: -332531.56251
194. Current log-likelihood: -332531.52614
195. Current log-likelihood: -332531.48997
196. Current log-likelihood: -332531.45367
197. Current log-likelihood: -332531.41728
198. Current log-likelihood: -332531.38026
199. Current log-likelihood: -332531.34424
200. Current log-likelihood: -332531.30816
201. Current log-likelihood: -332531.27116
202. Current log-likelihood: -332531.22130
203. Current log-likelihood: -332531.15140
204. Current log-likelihood: -332530.91793
205. Current log-likelihood: -332530.84747
206. Current log-likelihood: -332530.79645
207. Current log-likelihood: -332530.74591
208. Current log-likelihood: -332530.69610
209. Current log-likelihood: -332530.64673
210. Current log-likelihood: -332530.59839
211. Current log-likelihood: -332530.55069
212. Current log-likelihood: -332530.50348
213. Current log-likelihood: -332530.45511
214. Current log-likelihood: -332530.40882
215. Current log-likelihood: -332530.36249
216. Current log-likelihood: -332530.31705
217. Current log-likelihood: -332530.27252
218. Current log-likelihood: -332530.22881
219. Current log-likelihood: -332530.18580
220. Current log-likelihood: -332530.14270
221. Current log-likelihood: -332530.10043
222. Current log-likelihood: -332530.05815
223. Current log-likelihood: -332530.01661
224. Current log-likelihood: -332529.97437
225. Current log-likelihood: -332529.93315
226. Current log-likelihood: -332529.89251
227. Current log-likelihood: -332529.85187
228. Current log-likelihood: -332529.81158
229. Current log-likelihood: -332529.77189
230. Current log-likelihood: -332529.73203
231. Current log-likelihood: -332529.69290
232. Current log-likelihood: -332529.65427
233. Current log-likelihood: -332529.61543
234. Current log-likelihood: -332529.57607
235. Current log-likelihood: -332529.53815
236. Current log-likelihood: -332529.50045
237. Current log-likelihood: -332529.46297
238. Current log-likelihood: -332529.42529
239. Current log-likelihood: -332529.38501
240. Current log-likelihood: -332529.34820
241. Current log-likelihood: -332529.30996
242. Current log-likelihood: -332529.27307
243. Current log-likelihood: -332529.23620
244. Current log-likelihood: -332529.20006
245. Current log-likelihood: -332529.16414
246. Current log-likelihood: -332529.12839
247. Current log-likelihood: -332529.09225
248. Current log-likelihood: -332529.05606
249. Current log-likelihood: -332529.02037
250. Current log-likelihood: -332528.98411
251. Current log-likelihood: -332528.94837
252. Current log-likelihood: -332528.91242
253. Current log-likelihood: -332528.87619
254. Current log-likelihood: -332528.84060
255. Current log-likelihood: -332528.80460
256. Current log-likelihood: -332528.76959
257. Current log-likelihood: -332528.73463
258. Current log-likelihood: -332528.69969
259. Current log-likelihood: -332528.66449
260. Current log-likelihood: -332528.62984
261. Current log-likelihood: -332528.59500
262. Current log-likelihood: -332528.56049
263. Current log-likelihood: -332528.52598
264. Current log-likelihood: -332528.49177
265. Current log-likelihood: -332528.45702
266. Current log-likelihood: -332528.42290
267. Current log-likelihood: -332528.38758
268. Current log-likelihood: -332528.35324
269. Current log-likelihood: -332528.31902
270. Current log-likelihood: -332528.28441
271. Current log-likelihood: -332528.25014
272. Current log-likelihood: -332528.21450
273. Current log-likelihood: -332528.18062
274. Current log-likelihood: -332528.14549
275. Current log-likelihood: -332528.11030
276. Current log-likelihood: -332528.07651
277. Current log-likelihood: -332528.04246
278. Current log-likelihood: -332528.00889
279. Current log-likelihood: -332527.97469
280. Current log-likelihood: -332527.94108
281. Current log-likelihood: -332527.90707
282. Current log-likelihood: -332527.87370
283. Current log-likelihood: -332527.84028
284. Current log-likelihood: -332527.80701
285. Current log-likelihood: -332527.77364
286. Current log-likelihood: -332527.74037
287. Current log-likelihood: -332527.70648
288. Current log-likelihood: -332527.67347
289. Current log-likelihood: -332527.64069
290. Current log-likelihood: -332527.60796
291. Current log-likelihood: -332527.57521
292. Current log-likelihood: -332527.54240
293. Current log-likelihood: -332527.51053
294. Current log-likelihood: -332527.47786
295. Current log-likelihood: -332527.44607
296. Current log-likelihood: -332527.41423
297. Current log-likelihood: -332527.38199
298. Current log-likelihood: -332527.35092
299. Current log-likelihood: -332527.31994
300. Current log-likelihood: -332527.28912
301. Current log-likelihood: -332527.25865
302. Current log-likelihood: -332527.22056
303. Current log-likelihood: -332527.18278
304. Current log-likelihood: -332527.14512
305. Current log-likelihood: -332527.10750
306. Current log-likelihood: -332527.07048
307. Current log-likelihood: -332527.03319
308. Current log-likelihood: -332526.99722
309. Current log-likelihood: -332526.96101
310. Current log-likelihood: -332526.92542
311. Current log-likelihood: -332526.88988
312. Current log-likelihood: -332526.85518
313. Current log-likelihood: -332526.82082
314. Current log-likelihood: -332526.78612
315. Current log-likelihood: -332526.75135
316. Current log-likelihood: -332526.71596
317. Current log-likelihood: -332526.68248
318. Current log-likelihood: -332526.64926
319. Current log-likelihood: -332526.61586
320. Current log-likelihood: -332526.58286
321. Current log-likelihood: -332526.55060
322. Current log-likelihood: -332526.51809
323. Current log-likelihood: -332526.48583
324. Current log-likelihood: -332526.45386
325. Current log-likelihood: -332526.42204
326. Current log-likelihood: -332526.39110
327. Current log-likelihood: -332526.35967
328. Current log-likelihood: -332526.32893
329. Current log-likelihood: -332526.29848
330. Current log-likelihood: -332526.26600
331. Current log-likelihood: -332526.23582
332. Current log-likelihood: -332526.20530
333. Current log-likelihood: -332526.17592
334. Current log-likelihood: -332526.14664
335. Current log-likelihood: -332526.11769
336. Current log-likelihood: -332526.08822
337. Current log-likelihood: -332526.05908
338. Current log-likelihood: -332526.02889
339. Current log-likelihood: -332525.99951
340. Current log-likelihood: -332525.96997
341. Current log-likelihood: -332525.94159
342. Current log-likelihood: -332525.91403
343. Current log-likelihood: -332525.88615
344. Current log-likelihood: -332525.85764
345. Current log-likelihood: -332525.82982
346. Current log-likelihood: -332525.80284
347. Current log-likelihood: -332525.77545
348. Current log-likelihood: -332525.74803
349. Current log-likelihood: -332525.72066
350. Current log-likelihood: -332525.69270
351. Current log-likelihood: -332525.66529
352. Current log-likelihood: -332525.63613
353. Current log-likelihood: -332525.60916
354. Current log-likelihood: -332525.58243
355. Current log-likelihood: -332525.55437
356. Current log-likelihood: -332525.52780
357. Current log-likelihood: -332525.50019
358. Current log-likelihood: -332525.47382
359. Current log-likelihood: -332525.44641
360. Current log-likelihood: -332525.41994
361. Current log-likelihood: -332525.39322
362. Current log-likelihood: -332525.36617
363. Current log-likelihood: -332525.33973
364. Current log-likelihood: -332525.31121
365. Current log-likelihood: -332525.28432
366. Current log-likelihood: -332525.25774
367. Current log-likelihood: -332525.23108
368. Current log-likelihood: -332525.20414
369. Current log-likelihood: -332525.17706
370. Current log-likelihood: -332525.14844
371. Current log-likelihood: -332525.12058
372. Current log-likelihood: -332525.09345
373. Current log-likelihood: -332525.06594
374. Current log-likelihood: -332525.03883
375. Current log-likelihood: -332525.01165
376. Current log-likelihood: -332524.79905
377. Current log-likelihood: -332524.73325
378. Current log-likelihood: -332524.67865
379. Current log-likelihood: -332524.62415
380. Current log-likelihood: -332524.57097
381. Current log-likelihood: -332524.51736
382. Current log-likelihood: -332524.44934
383. Current log-likelihood: -332524.22115
384. Current log-likelihood: -332524.16405
385. Current log-likelihood: -332524.12757
386. Current log-likelihood: -332524.09178
387. Current log-likelihood: -332524.04097
388. Current log-likelihood: -332524.00632
389. Current log-likelihood: -332523.97211
390. Current log-likelihood: -332523.93797
391. Current log-likelihood: -332523.88634
392. Current log-likelihood: -332523.85235
393. Current log-likelihood: -332523.81850
394. Current log-likelihood: -332523.78474
395. Current log-likelihood: -332523.75109
396. Current log-likelihood: -332523.71727
397. Current log-likelihood: -332523.68366
398. Current log-likelihood: -332523.65002
399. Current log-likelihood: -332523.59839
400. Current log-likelihood: -332523.56481
401. Current log-likelihood: -332523.51016
402. Current log-likelihood: -332523.45244
403. Current log-likelihood: -332523.37283
404. Current log-likelihood: -332521.14910
405. Current log-likelihood: -332508.74384
406. Current log-likelihood: -332502.29171
407. Current log-likelihood: -332498.65473
408. Current log-likelihood: -332497.89115
409. Current log-likelihood: -332497.21743
410. Current log-likelihood: -332496.58138
411. Current log-likelihood: -332495.94979
412. Current log-likelihood: -332495.35336
413. Current log-likelihood: -332494.77251
414. Current log-likelihood: -332494.20761
415. Current log-likelihood: -332493.64135
416. Current log-likelihood: -332493.10421
417. Current log-likelihood: -332492.57987
418. Current log-likelihood: -332492.06527
419. Current log-likelihood: -332489.30114
420. Current log-likelihood: -332486.26489
421. Current log-likelihood: -332485.47699
422. Current log-likelihood: -332484.72754
423. Current log-likelihood: -332484.02865
424. Current log-likelihood: -332483.36443
425. Current log-likelihood: -332482.73630
426. Current log-likelihood: -332481.41338
427. Current log-likelihood: -332480.81984
428. Current log-likelihood: -332480.27450
429. Current log-likelihood: -332479.77584
430. Current log-likelihood: -332479.30845
431. Current log-likelihood: -332478.87119
432. Current log-likelihood: -332478.46177
433. Current log-likelihood: -332478.08054
434. Current log-likelihood: -332477.69837
435. Current log-likelihood: -332477.36078
436. Current log-likelihood: -332477.04241
437. Current log-likelihood: -332476.74198
438. Current log-likelihood: -332476.45305
439. Current log-likelihood: -332476.16227
440. Current log-likelihood: -332475.50067
441. Current log-likelihood: -332475.17088
442. Current log-likelihood: -332474.85581
443. Current log-likelihood: -332474.56767
444. Current log-likelihood: -332474.29337
445. Current log-likelihood: -332474.03218
446. Current log-likelihood: -332473.78370
447. Current log-likelihood: -332473.54738
448. Current log-likelihood: -332473.32222
449. Current log-likelihood: -332473.10757
450. Current log-likelihood: -332472.90284
451. Current log-likelihood: -332472.70767
452. Current log-likelihood: -332472.52024
453. Current log-likelihood: -332472.34137
454. Current log-likelihood: -332472.17026
455. Current log-likelihood: -332472.00579
456. Current log-likelihood: -332471.84867
457. Current log-likelihood: -332471.69738
458. Current log-likelihood: -332471.55629
459. Current log-likelihood: -332471.41419
460. Current log-likelihood: -332471.28258
461. Current log-likelihood: -332471.15506
462. Current log-likelihood: -332471.02394
463. Current log-likelihood: -332470.91347
464. Current log-likelihood: -332470.78937
465. Current log-likelihood: -332470.68507
466. Current log-likelihood: -332470.56682
467. Current log-likelihood: -332470.46691
468. Current log-likelihood: -332470.35485
469. Current log-likelihood: -332470.26048
470. Current log-likelihood: -332470.15340
471. Current log-likelihood: -332470.06320
472. Current log-likelihood: -332469.96505
473. Current log-likelihood: -332469.87827
474. Current log-likelihood: -332469.78396
475. Current log-likelihood: -332469.70028
476. Current log-likelihood: -332469.60883
477. Current log-likelihood: -332469.52835
478. Current log-likelihood: -332469.44812
479. Current log-likelihood: -332469.36950
480. Current log-likelihood: -332469.28325
481. Current log-likelihood: -332469.20754
482. Current log-likelihood: -332469.13223
483. Current log-likelihood: -332469.05828
484. Current log-likelihood: -332468.97117
485. Current log-likelihood: -332468.89990
486. Current log-likelihood: -332468.82863
487. Current log-likelihood: -332468.75831
488. Current log-likelihood: -332468.68873
489. Current log-likelihood: -332468.62019
490. Current log-likelihood: -332468.55219
491. Current log-likelihood: -332468.48491
492. Current log-likelihood: -332468.41782
493. Current log-likelihood: -332468.35196
494. Current log-likelihood: -332468.28698
495. Current log-likelihood: -332468.22271
496. Current log-likelihood: -332468.15834
497. Current log-likelihood: -332468.09515
498. Current log-likelihood: -332468.03235
499. Current log-likelihood: -332467.97018
500. Current log-likelihood: -332467.90876
501. Current log-likelihood: -332467.84770
502. Current log-likelihood: -332467.77782
503. Current log-likelihood: -332467.70812
504. Current log-likelihood: -332467.63020
505. Current log-likelihood: -332467.56230
506. Current log-likelihood: -332467.48469
507. Current log-likelihood: -332467.41790
508. Current log-likelihood: -332467.35120
509. Current log-likelihood: -332467.28534
510. Current log-likelihood: -332467.21961
511. Current log-likelihood: -332467.15459
512. Current log-likelihood: -332467.08964
513. Current log-likelihood: -332467.02543
514. Current log-likelihood: -332466.96187
515. Current log-likelihood: -332466.89859
516. Current log-likelihood: -332466.83587
517. Current log-likelihood: -332466.77374
518. Current log-likelihood: -332466.70345
519. Current log-likelihood: -332466.64295
520. Current log-likelihood: -332466.58179
521. Current log-likelihood: -332466.52145
522. Current log-likelihood: -332466.46129
523. Current log-likelihood: -332466.40137
524. Current log-likelihood: -332466.34142
525. Current log-likelihood: -332466.26589
526. Current log-likelihood: -332466.20783
527. Current log-likelihood: -332466.14949
528. Current log-likelihood: -332466.07695
529. Current log-likelihood: -332466.01961
530. Current log-likelihood: -332465.96236
531. Current log-likelihood: -332465.90479
532. Current log-likelihood: -332465.84761
533. Current log-likelihood: -332465.77447
534. Current log-likelihood: -332465.71831
535. Current log-likelihood: -332465.66193
536. Current log-likelihood: -332465.60575
537. Current log-likelihood: -332465.53434
538. Current log-likelihood: -332465.47901
539. Current log-likelihood: -332465.42281
540. Current log-likelihood: -332465.36715
541. Current log-likelihood: -332465.31211
542. Current log-likelihood: -332465.24838
543. Current log-likelihood: -332465.19325
544. Current log-likelihood: -332465.13823
545. Current log-likelihood: -332465.07455
546. Current log-likelihood: -332465.02019
547. Current log-likelihood: -332464.95637
548. Current log-likelihood: -332464.89267
549. Current log-likelihood: -332464.83820
550. Current log-likelihood: -332464.77460
551. Current log-likelihood: -332464.71989
552. Current log-likelihood: -332464.64813
553. Current log-likelihood: -332464.59363
554. Current log-likelihood: -332464.52143
555. Current log-likelihood: -332464.45657
556. Current log-likelihood: -332464.39166
557. Current log-likelihood: -332464.31770
558. Current log-likelihood: -332464.24377
559. Current log-likelihood: -332464.16868
560. Current log-likelihood: -332464.09145
561. Current log-likelihood: -332464.01246
562. Current log-likelihood: -332463.93107
563. Current log-likelihood: -332463.84764
564. Current log-likelihood: -332463.75136
565. Current log-likelihood: -332463.66921
566. Current log-likelihood: -332463.59303
567. Current log-likelihood: -332463.51660
568. Current log-likelihood: -332463.44097
569. Current log-likelihood: -332463.36713
570. Current log-likelihood: -332463.30263
571. Current log-likelihood: -332463.23985
572. Current log-likelihood: -332463.18728
573. Current log-likelihood: -332463.12705
574. Current log-likelihood: -332463.07690
575. Current log-likelihood: -332463.02691
576. Current log-likelihood: -332462.97843
577. Current log-likelihood: -332462.93075
578. Current log-likelihood: -332462.88395
579. Current log-likelihood: -332462.83829
580. Current log-likelihood: -332462.79309
581. Current log-likelihood: -332462.74877
582. Current log-likelihood: -332462.70452
583. Current log-likelihood: -332462.66150
584. Current log-likelihood: -332462.61921
585. Current log-likelihood: -332462.57705
586. Current log-likelihood: -332462.53686
587. Current log-likelihood: -332462.49686
588. Current log-likelihood: -332462.45764
589. Current log-likelihood: -332462.41840
590. Current log-likelihood: -332462.37971
591. Current log-likelihood: -332462.34028
592. Current log-likelihood: -332462.30213
593. Current log-likelihood: -332462.26430
594. Current log-likelihood: -332462.22706
595. Current log-likelihood: -332462.18987
596. Current log-likelihood: -332462.15297
597. Current log-likelihood: -332462.11638
598. Current log-likelihood: -332462.07979
599. Current log-likelihood: -332462.04389
600. Current log-likelihood: -332462.00817
601. Current log-likelihood: -332461.97247
602. Current log-likelihood: -332461.93266
603. Current log-likelihood: -332461.89251
604. Current log-likelihood: -332461.85282
605. Current log-likelihood: -332461.81281
606. Current log-likelihood: -332461.77177
607. Current log-likelihood: -332461.73278
608. Current log-likelihood: -332461.69406
609. Current log-likelihood: -332461.65506
610. Current log-likelihood: -332461.61656
611. Current log-likelihood: -332461.57834
612. Current log-likelihood: -332461.54066
613. Current log-likelihood: -332461.50282
614. Current log-likelihood: -332461.46534
615. Current log-likelihood: -332461.42806
616. Current log-likelihood: -332461.39093
617. Current log-likelihood: -332461.35387
618. Current log-likelihood: -332461.31698
619. Current log-likelihood: -332461.28030
620. Current log-likelihood: -332461.24393
621. Current log-likelihood: -332461.20773
622. Current log-likelihood: -332461.17189
623. Current log-likelihood: -332461.13575
624. Current log-likelihood: -332461.09832
625. Current log-likelihood: -332461.06226
626. Current log-likelihood: -332461.02607
627. Current log-likelihood: -332460.99084
628. Current log-likelihood: -332460.95588
629. Current log-likelihood: -332460.92078
630. Current log-likelihood: -332460.88616
631. Current log-likelihood: -332460.85030
632. Current log-likelihood: -332460.81587
633. Current log-likelihood: -332460.78125
634. Current log-likelihood: -332460.74441
635. Current log-likelihood: -332460.70723
636. Current log-likelihood: -332460.67013
637. Current log-likelihood: -332460.62330
638. Current log-likelihood: -332460.57650
639. Current log-likelihood: -332460.51898
640. Current log-likelihood: -332459.32809
641. Current log-likelihood: -332459.26147
642. Current log-likelihood: -332459.19752
643. Current log-likelihood: -332459.14246
644. Current log-likelihood: -332459.08847
645. Current log-likelihood: -332459.04292
646. Current log-likelihood: -332458.98994
647. Current log-likelihood: -332458.94558
648. Current log-likelihood: -332458.90148
649. Current log-likelihood: -332458.84981
650. Current log-likelihood: -332458.80700
651. Current log-likelihood: -332458.76379
652. Current log-likelihood: -332458.72148
653. Current log-likelihood: -332458.67118
654. Current log-likelihood: -332458.62959
655. Current log-likelihood: -332458.58792
656. Current log-likelihood: -332458.54684
657. Current log-likelihood: -332458.50546
658. Current log-likelihood: -332458.46474
659. Current log-likelihood: -332458.42387
660. Current log-likelihood: -332458.38330
661. Current log-likelihood: -332458.34293
662. Current log-likelihood: -332458.30316
663. Current log-likelihood: -332458.25032
664. Current log-likelihood: -332458.21175
665. Current log-likelihood: -332458.17257
666. Current log-likelihood: -332458.13362
667. Current log-likelihood: -332458.09521
668. Current log-likelihood: -332458.05646
669. Current log-likelihood: -332458.01792
670. Current log-likelihood: -332457.98037
671. Current log-likelihood: -332457.92842
672. Current log-likelihood: -332457.89190
673. Current log-likelihood: -332457.85450
674. Current log-likelihood: -332457.81789
675. Current log-likelihood: -332457.78066
676. Current log-likelihood: -332457.74435
677. Current log-likelihood: -332457.70784
678. Current log-likelihood: -332457.67117
679. Current log-likelihood: -332457.63455
680. Current log-likelihood: -332457.59841
681. Current log-likelihood: -332457.56236
682. Current log-likelihood: -332457.52660
683. Current log-likelihood: -332457.49026
684. Current log-likelihood: -332457.45490
685. Current log-likelihood: -332457.41884
686. Current log-likelihood: -332457.38355
687. Current log-likelihood: -332457.34776
688. Current log-likelihood: -332457.31235
689. Current log-likelihood: -332457.27748
690. Current log-likelihood: -332457.23467
691. Current log-likelihood: -332457.20004
692. Current log-likelihood: -332457.15094
693. Current log-likelihood: -332457.11635
694. Current log-likelihood: -332457.08194
695. Current log-likelihood: -332457.04757
696. Current log-likelihood: -332457.01339
697. Current log-likelihood: -332456.97121
698. Current log-likelihood: -332456.93705
699. Current log-likelihood: -332456.90270
700. Current log-likelihood: -332456.86070
701. Current log-likelihood: -332456.82699
702. Current log-likelihood: -332456.79031
703. Current log-likelihood: -332456.73820
704. Current log-likelihood: -332456.70150
705. Current log-likelihood: -332456.65677
706. Current log-likelihood: -332456.61251
707. Current log-likelihood: -332456.56790
708. Current log-likelihood: -332456.52304
709. Current log-likelihood: -332456.47862
710. Current log-likelihood: -332456.44228
711. Current log-likelihood: -332456.39132
712. Current log-likelihood: -332456.34683
713. Current log-likelihood: -332456.30233
714. Current log-likelihood: -332456.25836
715. Current log-likelihood: -332456.21418
716. Current log-likelihood: -332456.17013
717. Current log-likelihood: -332456.12609
718. Current log-likelihood: -332456.07527
719. Current log-likelihood: -332456.03090
720. Current log-likelihood: -332455.98665
721. Current log-likelihood: -332455.93615
722. Current log-likelihood: -332455.88433
723. Current log-likelihood: -332455.83978
724. Current log-likelihood: -332455.78901
725. Current log-likelihood: -332455.74460
726. Current log-likelihood: -332455.69415
727. Current log-likelihood: -332455.64971
728. Current log-likelihood: -332455.59844
729. Current log-likelihood: -332455.55404
730. Current log-likelihood: -332455.50343
731. Current log-likelihood: -332455.45909
732. Current log-likelihood: -332455.40849
733. Current log-likelihood: -332455.35541
734. Current log-likelihood: -332455.30461
735. Current log-likelihood: -332455.26081
736. Current log-likelihood: -332455.20919
737. Current log-likelihood: -332455.15851
738. Current log-likelihood: -332455.10738
739. Current log-likelihood: -332455.05657
740. Current log-likelihood: -332455.00515
741. Current log-likelihood: -332454.95442
742. Current log-likelihood: -332454.90339
743. Current log-likelihood: -332454.85256
744. Current log-likelihood: -332454.80150
745. Current log-likelihood: -332454.75060
746. Current log-likelihood: -332454.69986
747. Current log-likelihood: -332454.64921
748. Current log-likelihood: -332454.59859
749. Current log-likelihood: -332454.54831
750. Current log-likelihood: -332454.49727
751. Current log-likelihood: -332454.44731
752. Current log-likelihood: -332454.39653
753. Current log-likelihood: -332454.34611
754. Current log-likelihood: -332454.29592
755. Current log-likelihood: -332454.24437
756. Current log-likelihood: -332454.19454
757. Current log-likelihood: -332454.14438
758. Current log-likelihood: -332454.09488
759. Current log-likelihood: -332454.04510
760. Current log-likelihood: -332453.99599
761. Current log-likelihood: -332453.94699
762. Current log-likelihood: -332453.89767
763. Current log-likelihood: -332453.84895
764. Current log-likelihood: -332453.80022
765. Current log-likelihood: -332453.75195
766. Current log-likelihood: -332453.70413
767. Current log-likelihood: -332453.65559
768. Current log-likelihood: -332453.61421
769. Current log-likelihood: -332453.56675
770. Current log-likelihood: -332453.52618
771. Current log-likelihood: -332453.47861
772. Current log-likelihood: -332453.43795
773. Current log-likelihood: -332453.39142
774. Current log-likelihood: -332453.35137
775. Current log-likelihood: -332453.30502
776. Current log-likelihood: -332453.26516
777. Current log-likelihood: -332453.22611
778. Current log-likelihood: -332453.18679
779. Current log-likelihood: -332453.14797
780. Current log-likelihood: -332453.10937
781. Current log-likelihood: -332453.07087
782. Current log-likelihood: -332453.02418
783. Current log-likelihood: -332452.98629
784. Current log-likelihood: -332452.94777
785. Current log-likelihood: -332452.91694
786. Current log-likelihood: -332452.87211
787. Current log-likelihood: -332452.83471
788. Current log-likelihood: -332452.80430
789. Current log-likelihood: -332452.75967
790. Current log-likelihood: -332452.72957
791. Current log-likelihood: -332452.69094
792. Current log-likelihood: -332452.65415
793. Current log-likelihood: -332452.62457
794. Current log-likelihood: -332452.58787
795. Current log-likelihood: -332452.55873
796. Current log-likelihood: -332452.52954
797. Current log-likelihood: -332452.48692
798. Current log-likelihood: -332452.45815
799. Current log-likelihood: -332452.42240
800. Current log-likelihood: -332452.39413
801. Current log-likelihood: -332452.36574
802. Current log-likelihood: -332452.33540
803. Current log-likelihood: -332452.29779
804. Current log-likelihood: -332452.26801
805. Current log-likelihood: -332452.23098
806. Current log-likelihood: -332452.20162
807. Current log-likelihood: -332452.17217
808. Current log-likelihood: -332452.12938
809. Current log-likelihood: -332452.10047
810. Current log-likelihood: -332452.05611
811. Current log-likelihood: -332452.02722
812. Current log-likelihood: -332451.99101
813. Current log-likelihood: -332451.96249
814. Current log-likelihood: -332451.92685
815. Current log-likelihood: -332451.89819
816. Current log-likelihood: -332451.85580
817. Current log-likelihood: -332451.82814
818. Current log-likelihood: -332451.79999
819. Current log-likelihood: -332451.76494
820. Current log-likelihood: -332451.73749
821. Current log-likelihood: -332451.70988
822. Current log-likelihood: -332451.66718
823. Current log-likelihood: -332451.64060
824. Current log-likelihood: -332451.61422
825. Current log-likelihood: -332451.58720
826. Current log-likelihood: -332451.54716
827. Current log-likelihood: -332451.52118
828. Current log-likelihood: -332451.49443
829. Current log-likelihood: -332451.46794
830. Current log-likelihood: -332451.44186
831. Current log-likelihood: -332451.41605
832. Current log-likelihood: -332451.39013
833. Current log-likelihood: -332451.36467
834. Current log-likelihood: -332451.33914
835. Current log-likelihood: -332451.31334
836. Current log-likelihood: -332451.28788
837. Current log-likelihood: -332451.26287
838. Current log-likelihood: -332451.23788
839. Current log-likelihood: -332451.21346
840. Current log-likelihood: -332451.18858
841. Current log-likelihood: -332451.16400
842. Current log-likelihood: -332451.13929
843. Current log-likelihood: -332451.11548
844. Current log-likelihood: -332451.09132
845. Current log-likelihood: -332451.06675
846. Current log-likelihood: -332451.04285
847. Current log-likelihood: -332451.00351
848. Current log-likelihood: -332450.98030
849. Current log-likelihood: -332450.95644
850. Current log-likelihood: -332450.93268
851. Current log-likelihood: -332450.90903
852. Current log-likelihood: -332450.88541
853. Current log-likelihood: -332450.86162
854. Current log-likelihood: -332450.83745
855. Current log-likelihood: -332450.81432
856. Current log-likelihood: -332450.79044
857. Current log-likelihood: -332450.76682
858. Current log-likelihood: -332450.74286
859. Current log-likelihood: -332450.71914
860. Current log-likelihood: -332450.69590
861. Current log-likelihood: -332450.67230
862. Current log-likelihood: -332450.64045
863. Current log-likelihood: -332450.61743
864. Current log-likelihood: -332450.57730
865. Current log-likelihood: -332450.54472
866. Current log-likelihood: -332450.51067
867. Current log-likelihood: -332450.46757
868. Current log-likelihood: -332450.21502
869. Current log-likelihood: -332450.16986
870. Current log-likelihood: -332450.11825
871. Current log-likelihood: -332450.09456
872. Current log-likelihood: -332450.07109
873. Current log-likelihood: -332450.04772
874. Current log-likelihood: -332450.02469
875. Current log-likelihood: -332450.00180
876. Current log-likelihood: -332449.97990
877. Current log-likelihood: -332449.95812
878. Current log-likelihood: -332449.93689
879. Current log-likelihood: -332449.91514
880. Current log-likelihood: -332449.89430
881. Current log-likelihood: -332449.87358
882. Current log-likelihood: -332449.85276
883. Current log-likelihood: -332449.83271
884. Current log-likelihood: -332449.81233
885. Current log-likelihood: -332449.79265
886. Current log-likelihood: -332449.77331
887. Current log-likelihood: -332449.75278
888. Current log-likelihood: -332449.73388
889. Current log-likelihood: -332449.71555
890. Current log-likelihood: -332449.69537
891. Current log-likelihood: -332449.67673
892. Current log-likelihood: -332449.65835
893. Current log-likelihood: -332449.64040
894. Current log-likelihood: -332449.62242
895. Current log-likelihood: -332449.60456
896. Current log-likelihood: -332449.58669
897. Current log-likelihood: -332449.56890
898. Current log-likelihood: -332449.55116
899. Current log-likelihood: -332449.53394
900. Current log-likelihood: -332449.51623
901. Current log-likelihood: -332449.49747
902. Current log-likelihood: -332449.47943
903. Current log-likelihood: -332449.46052
904. Current log-likelihood: -332449.44171
905. Current log-likelihood: -332449.42369
906. Current log-likelihood: -332449.40545
907. Current log-likelihood: -332449.38786
908. Current log-likelihood: -332449.36990
909. Current log-likelihood: -332449.35216
910. Current log-likelihood: -332449.33432
911. Current log-likelihood: -332449.31712
912. Current log-likelihood: -332449.29976
913. Current log-likelihood: -332449.28281
914. Current log-likelihood: -332449.26573
915. Current log-likelihood: -332449.24873
916. Current log-likelihood: -332449.23211
917. Current log-likelihood: -332449.21525
918. Current log-likelihood: -332449.19842
919. Current log-likelihood: -332449.18193
920. Current log-likelihood: -332449.16521
921. Current log-likelihood: -332449.14885
922. Current log-likelihood: -332449.13271
923. Current log-likelihood: -332449.11685
924. Current log-likelihood: -332449.10076
925. Current log-likelihood: -332449.08511
926. Current log-likelihood: -332449.06916
927. Current log-likelihood: -332449.05402
928. Current log-likelihood: -332449.03852
929. Current log-likelihood: -332449.02307
930. Current log-likelihood: -332449.00730
931. Current log-likelihood: -332448.99143
932. Current log-likelihood: -332448.97593
933. Current log-likelihood: -332448.96022
934. Current log-likelihood: -332448.94507
935. Current log-likelihood: -332448.93043
936. Current log-likelihood: -332448.91534
937. Current log-likelihood: -332448.90116
938. Current log-likelihood: -332448.88628
939. Current log-likelihood: -332448.87169
940. Current log-likelihood: -332448.85706
941. Current log-likelihood: -332448.84309
942. Current log-likelihood: -332448.82863
943. Current log-likelihood: -332448.81464
944. Current log-likelihood: -332448.80039
945. Current log-likelihood: -332448.78622
946. Current log-likelihood: -332448.77194
947. Current log-likelihood: -332448.75865
948. Current log-likelihood: -332448.74474
949. Current log-likelihood: -332448.73149
950. Current log-likelihood: -332448.71753
951. Current log-likelihood: -332448.70435
952. Current log-likelihood: -332448.69074
953. Current log-likelihood: -332448.67802
954. Current log-likelihood: -332448.66446
955. Current log-likelihood: -332448.65151
956. Current log-likelihood: -332448.63826
957. Current log-likelihood: -332448.62512
958. Current log-likelihood: -332448.61258
959. Current log-likelihood: -332448.59979
960. Current log-likelihood: -332448.58744
961. Current log-likelihood: -332448.57516
962. Current log-likelihood: -332448.56253
963. Current log-likelihood: -332448.54944
964. Current log-likelihood: -332448.53700
965. Current log-likelihood: -332448.52482
966. Current log-likelihood: -332448.51306
967. Current log-likelihood: -332448.50144
968. Current log-likelihood: -332448.48916
969. Current log-likelihood: -332448.47628
970. Current log-likelihood: -332448.46486
971. Current log-likelihood: -332448.45305
972. Current log-likelihood: -332448.44129
973. Current log-likelihood: -332448.42916
974. Current log-likelihood: -332448.41784
975. Current log-likelihood: -332448.40666
976. Current log-likelihood: -332448.39489
977. Current log-likelihood: -332448.38362
978. Current log-likelihood: -332448.37272
979. Current log-likelihood: -332448.36208
980. Current log-likelihood: -332448.35149
981. Current log-likelihood: -332448.34062
982. Current log-likelihood: -332448.32945
983. Current log-likelihood: -332448.31853
984. Current log-likelihood: -332448.30829
985. Current log-likelihood: -332448.29786
986. Current log-likelihood: -332448.28721
987. Current log-likelihood: -332448.27717
988. Current log-likelihood: -332448.26670
989. Current log-likelihood: -332448.25669
990. Current log-likelihood: -332448.24679
Final estimation on weights:
0.04653,0.04049,0.03409,0.17885,0.12364,0.26024,0.03934,0.04039,0.00844,0.07515,0.06122,0.02150,0.02636,0.04363,0.00015
Wrote distance file to... 
BEST SCORE FOUND : -332448.24679
Site log-likelihoods per category printed to mast_africa_output/mast1.sitelh
Total tree lengths: 1.33764 0.12035 2.80299 10.01139 0.09089 0.11394 1.71026 0.22575 0.30544 2.31873 0.15900 0.37867 2.55620 0.20705 23.72560

Total number of iterations: 988
CPU time used for tree search: 0.00001 sec (0h:0m:0s)
Wall-clock time used for tree search: 0.00001 sec (0h:0m:0s)
Total CPU time used: 17272.70276 sec (4h:47m:52s)
Total wall-clock time used: 2731.49151 sec (0h:45m:31s)

Analysis results written to: 
  IQ-TREE report:                mast_africa_output/mast1.iqtree
  Maximum-likelihood tree:       mast_africa_output/mast1.treefile
  Site log-likelihoods:          mast_africa_output/mast1.sitelh
  Screen log file:               mast_africa_output/mast1.log

Date and Time: Thu Oct 30 11:57:01 2025
