IQ-TREE multicore version 2.4.0 for Linux x86 64-bit built Feb  7 2025
Developed by Bui Quang Minh, Nguyen Lam Tung, Olga Chernomor, Heiko Schmidt,
Dominik Schrempf, Michael Woodhams, Ly Trong Nhan, Thomas Wong

Host:    ku-01 (AVX2, FMA3, 251 GB RAM)
Command: iqtree2 -s trim_genome_africa.fasta -m GTR+FO+R2+T -te tree_subsets/modeltrees_final_7.newick --prefix output_mast_repeats/mast_model_7/mast_model_7 -nt 4 -wslmr -redo
Seed:    180083 (Using SPRNG - Scalable Parallel Random Number Generator)
Time:    Thu Oct 30 15:40:52 2025
Kernel:  AVX+FMA - 4 threads (64 CPU cores detected)

Reading alignment file trim_genome_africa.fasta ... Fasta format detected
Reading fasta file: done in 0.0364064 secs using 87.32% CPU
Alignment most likely contains DNA/RNA sequences
Alignment has 29 sequences with 142412 columns, 3564 distinct patterns
28695 parsimony-informative, 1511 singleton sites, 112206 constant sites
                              Gap/Ambiguity  Composition  p-value
Analyzing sequences: done in 0.000131309 secs using 99% CPU
   1  HM585496_Human_herpesvirus_1    0.67%    failed      0.00%
   2  HM585497_Human_herpesvirus_1    0.65%    failed      0.00%
   3  HM585498_Human_herpesvirus_1    0.68%    failed      0.00%
   4  HM585499_Human_herpesvirus_1    0.67%    failed      0.00%
   5  HM585500_Human_herpesvirus_1    0.67%    failed      0.00%
   6  HM585501_Human_herpesvirus_1    0.63%    failed      0.00%
   7  HM585502_Human_herpesvirus_1    0.66%    failed      0.00%
   8  HM585503_Human_herpesvirus_1    0.69%    failed      0.00%
   9  HM585504_Human_herpesvirus_1    0.59%    failed      0.00%
  10  HM585505_Human_herpesvirus_1    0.67%    failed      0.00%
  11  HM585506_Human_herpesvirus_1    0.67%    failed      0.00%
  12  HM585507_Human_herpesvirus_1    1.56%    failed      0.00%
  13  HM585509_Human_herpesvirus_1    0.42%    failed      0.00%
  14  HM585510_Human_herpesvirus_1    0.45%    failed      0.00%
  15  HM585511_Human_herpesvirus_1    0.50%    failed      0.00%
  16  KR135299_Human_herpesvirus_2    3.19%    failed      0.00%
  17  KR135300_Human_herpesvirus_2    3.19%    failed      0.00%
  18  KR135301_Human_herpesvirus_2    3.33%    failed      0.00%
  19  KR135302_Human_herpesvirus_2    3.10%    failed      0.00%
  20  KR135303_Human_herpesvirus_2    3.44%    failed      0.00%
  21  KR135304_Human_herpesvirus_2    3.30%    failed      0.00%
  22  KR135305_Human_herpesvirus_2    3.43%    failed      0.00%
  23  KR135306_Human_herpesvirus_2    3.39%    failed      0.00%
  24  KR135307_Human_herpesvirus_2    3.14%    failed      0.00%
  25  KR135315_Human_herpesvirus_2    3.20%    failed      0.00%
  26  KR135316_Human_herpesvirus_2    3.19%    failed      0.00%
  27  KR135317_Human_herpesvirus_2    3.37%    failed      0.00%
  28  KR135318_Human_herpesvirus_2    3.12%    failed      0.00%
  29  KR135319_Human_herpesvirus_2    3.10%    failed      0.00%
****  TOTAL                           1.92%  29 sequences failed composition chi2 test (p-value<5%; df=3)
Tree-mixture model
Number of input trees: 7
Minimum branch length is set to 0.0000010








Linked substitution model:
   GTR+FO

Linked RHS model:
   R2


NOTE: 46 MB RAM (0 GB) is required!
According to the parsimony scores along the sites, the tree weights are initialized to:
0.1813270,0.1293140,0.1076281,0.1153688,0.1383327,0.1024831,0.2255463
Estimate model parameters (epsilon = 0.00100)
1. Initial log-likelihood: -342137.50108
2. Current log-likelihood: -335115.66876
3. Current log-likelihood: -334604.79601
4. Current log-likelihood: -334400.43485
5. Current log-likelihood: -334258.05435
6. Current log-likelihood: -334031.15803
7. Current log-likelihood: -333992.01777
8. Current log-likelihood: -333985.43297
9. Current log-likelihood: -333981.23789
10. Current log-likelihood: -333978.22245
11. Current log-likelihood: -333975.60955
12. Current log-likelihood: -333972.44359
13. Current log-likelihood: -333970.79758
14. Current log-likelihood: -333969.66294
15. Current log-likelihood: -333968.72310
16. Current log-likelihood: -333967.87179
17. Current log-likelihood: -333967.06483
18. Current log-likelihood: -333966.27841
19. Current log-likelihood: -333965.50943
20. Current log-likelihood: -333964.72961
21. Current log-likelihood: -333963.77818
22. Current log-likelihood: -333962.37101
23. Current log-likelihood: -333961.09511
24. Current log-likelihood: -333960.34083
25. Current log-likelihood: -333959.62248
26. Current log-likelihood: -333958.92234
27. Current log-likelihood: -333958.22989
28. Current log-likelihood: -333957.55094
29. Current log-likelihood: -333956.88296
30. Current log-likelihood: -333956.22582
31. Current log-likelihood: -333955.57860
32. Current log-likelihood: -333954.93813
33. Current log-likelihood: -333954.31186
34. Current log-likelihood: -333953.69125
35. Current log-likelihood: -333953.06970
36. Current log-likelihood: -333952.11352
37. Current log-likelihood: -333947.29986
38. Current log-likelihood: -333946.59311
39. Current log-likelihood: -333946.01665
40. Current log-likelihood: -333945.45258
41. Current log-likelihood: -333944.90036
42. Current log-likelihood: -333944.35634
43. Current log-likelihood: -333943.82060
44. Current log-likelihood: -333943.29211
45. Current log-likelihood: -333942.77276
46. Current log-likelihood: -333942.26539
47. Current log-likelihood: -333941.76596
48. Current log-likelihood: -333941.27492
49. Current log-likelihood: -333940.79161
50. Current log-likelihood: -333940.31551
51. Current log-likelihood: -333939.84719
52. Current log-likelihood: -333939.38559
53. Current log-likelihood: -333938.93084
54. Current log-likelihood: -333938.47925
55. Current log-likelihood: -333938.03773
56. Current log-likelihood: -333937.60405
57. Current log-likelihood: -333937.17280
58. Current log-likelihood: -333936.75006
59. Current log-likelihood: -333936.33386
60. Current log-likelihood: -333935.92486
61. Current log-likelihood: -333935.51598
62. Current log-likelihood: -333935.11700
63. Current log-likelihood: -333934.72430
64. Current log-likelihood: -333934.33787
65. Current log-likelihood: -333933.95185
66. Current log-likelihood: -333933.57636
67. Current log-likelihood: -333933.20526
68. Current log-likelihood: -333932.83998
69. Current log-likelihood: -333932.47864
70. Current log-likelihood: -333932.11735
71. Current log-likelihood: -333931.76613
72. Current log-likelihood: -333931.41772
73. Current log-likelihood: -333931.07678
74. Current log-likelihood: -333930.74062
75. Current log-likelihood: -333930.40602
76. Current log-likelihood: -333930.07459
77. Current log-likelihood: -333929.74896
78. Current log-likelihood: -333929.43034
79. Current log-likelihood: -333929.11084
80. Current log-likelihood: -333928.79724
81. Current log-likelihood: -333928.48771
82. Current log-likelihood: -333928.18086
83. Current log-likelihood: -333927.88027
84. Current log-likelihood: -333927.58438
85. Current log-likelihood: -333927.27764
86. Current log-likelihood: -333926.98636
87. Current log-likelihood: -333926.69922
88. Current log-likelihood: -333926.41286
89. Current log-likelihood: -333926.13231
90. Current log-likelihood: -333925.85289
91. Current log-likelihood: -333925.57661
92. Current log-likelihood: -333925.30228
93. Current log-likelihood: -333925.03315
94. Current log-likelihood: -333924.76280
95. Current log-likelihood: -333924.49333
96. Current log-likelihood: -333924.22990
97. Current log-likelihood: -333923.96725
98. Current log-likelihood: -333923.70974
99. Current log-likelihood: -333923.45250
100. Current log-likelihood: -333923.19934
101. Current log-likelihood: -333922.95000
102. Current log-likelihood: -333922.48519
103. Current log-likelihood: -333922.01042
104. Current log-likelihood: -333921.54456
105. Current log-likelihood: -333921.08592
106. Current log-likelihood: -333920.63625
107. Current log-likelihood: -333920.19342
108. Current log-likelihood: -333919.75445
109. Current log-likelihood: -333919.31428
110. Current log-likelihood: -333918.89010
111. Current log-likelihood: -333918.46948
112. Current log-likelihood: -333918.05589
113. Current log-likelihood: -333917.64654
114. Current log-likelihood: -333917.22965
115. Current log-likelihood: -333916.83002
116. Current log-likelihood: -333916.43496
117. Current log-likelihood: -333916.04631
118. Current log-likelihood: -333915.66079
119. Current log-likelihood: -333915.27751
120. Current log-likelihood: -333914.89753
121. Current log-likelihood: -333914.51236
122. Current log-likelihood: -333914.13271
123. Current log-likelihood: -333913.76314
124. Current log-likelihood: -333913.40068
125. Current log-likelihood: -333913.03906
126. Current log-likelihood: -333912.68375
127. Current log-likelihood: -333912.33237
128. Current log-likelihood: -333911.98067
129. Current log-likelihood: -333911.63471
130. Current log-likelihood: -333911.28893
131. Current log-likelihood: -333910.94886
132. Current log-likelihood: -333910.61046
133. Current log-likelihood: -333910.27630
134. Current log-likelihood: -333909.94586
135. Current log-likelihood: -333909.61813
136. Current log-likelihood: -333909.28060
137. Current log-likelihood: -333908.95528
138. Current log-likelihood: -333908.63612
139. Current log-likelihood: -333908.31936
140. Current log-likelihood: -333908.00510
141. Current log-likelihood: -333907.69518
142. Current log-likelihood: -333907.38824
143. Current log-likelihood: -333907.08271
144. Current log-likelihood: -333906.78297
145. Current log-likelihood: -333906.48114
146. Current log-likelihood: -333906.18608
147. Current log-likelihood: -333905.88950
148. Current log-likelihood: -333905.59776
149. Current log-likelihood: -333905.30741
150. Current log-likelihood: -333905.01858
151. Current log-likelihood: -333904.73290
152. Current log-likelihood: -333904.44757
153. Current log-likelihood: -333904.16683
154. Current log-likelihood: -333903.88831
155. Current log-likelihood: -333903.61230
156. Current log-likelihood: -333903.34263
157. Current log-likelihood: -333903.06954
158. Current log-likelihood: -333902.79987
159. Current log-likelihood: -333902.53136
160. Current log-likelihood: -333902.26735
161. Current log-likelihood: -333902.00809
162. Current log-likelihood: -333901.74805
163. Current log-likelihood: -333901.49048
164. Current log-likelihood: -333901.23534
165. Current log-likelihood: -333900.98301
166. Current log-likelihood: -333900.73159
167. Current log-likelihood: -333900.48315
168. Current log-likelihood: -333900.23675
169. Current log-likelihood: -333899.99166
170. Current log-likelihood: -333899.75086
171. Current log-likelihood: -333899.51223
172. Current log-likelihood: -333899.27559
173. Current log-likelihood: -333899.04064
174. Current log-likelihood: -333898.80713
175. Current log-likelihood: -333898.57596
176. Current log-likelihood: -333898.34622
177. Current log-likelihood: -333898.12027
178. Current log-likelihood: -333897.89599
179. Current log-likelihood: -333897.67376
180. Current log-likelihood: -333897.45413
181. Current log-likelihood: -333897.23304
182. Current log-likelihood: -333897.01641
183. Current log-likelihood: -333896.80315
184. Current log-likelihood: -333896.59140
185. Current log-likelihood: -333896.38042
186. Current log-likelihood: -333896.17149
187. Current log-likelihood: -333895.96715
188. Current log-likelihood: -333895.75370
189. Current log-likelihood: -333895.55177
190. Current log-likelihood: -333895.35199
191. Current log-likelihood: -333895.15353
192. Current log-likelihood: -333894.95611
193. Current log-likelihood: -333894.76171
194. Current log-likelihood: -333894.56759
195. Current log-likelihood: -333894.37891
196. Current log-likelihood: -333894.18949
197. Current log-likelihood: -333893.99909
198. Current log-likelihood: -333893.81494
199. Current log-likelihood: -333893.63098
200. Current log-likelihood: -333893.44871
201. Current log-likelihood: -333893.27010
202. Current log-likelihood: -333893.01468
203. Current log-likelihood: -333892.69138
204. Current log-likelihood: -333892.43148
205. Current log-likelihood: -333892.17618
206. Current log-likelihood: -333891.92520
207. Current log-likelihood: -333891.67701
208. Current log-likelihood: -333889.35824
209. Current log-likelihood: -333889.05963
210. Current log-likelihood: -333888.77601
211. Current log-likelihood: -333888.49169
212. Current log-likelihood: -333888.22301
213. Current log-likelihood: -333887.95574
214. Current log-likelihood: -333887.69427
215. Current log-likelihood: -333887.43518
216. Current log-likelihood: -333887.18209
217. Current log-likelihood: -333886.93230
218. Current log-likelihood: -333886.68671
219. Current log-likelihood: -333886.44426
220. Current log-likelihood: -333886.20376
221. Current log-likelihood: -333885.96769
222. Current log-likelihood: -333885.73181
223. Current log-likelihood: -333885.50208
224. Current log-likelihood: -333885.27531
225. Current log-likelihood: -333885.05166
226. Current log-likelihood: -333884.83098
227. Current log-likelihood: -333884.61267
228. Current log-likelihood: -333884.39676
229. Current log-likelihood: -333884.18413
230. Current log-likelihood: -333883.97418
231. Current log-likelihood: -333883.76583
232. Current log-likelihood: -333883.56145
233. Current log-likelihood: -333883.35835
234. Current log-likelihood: -333883.15841
235. Current log-likelihood: -333882.95993
236. Current log-likelihood: -333882.06446
237. Current log-likelihood: -333881.86100
238. Current log-likelihood: -333881.66066
239. Current log-likelihood: -333881.45894
240. Current log-likelihood: -333881.26384
241. Current log-likelihood: -333881.06946
242. Current log-likelihood: -333880.87895
243. Current log-likelihood: -333880.69121
244. Current log-likelihood: -333873.58218
245. Current log-likelihood: -333873.31109
246. Current log-likelihood: -333873.05745
247. Current log-likelihood: -333872.81553
248. Current log-likelihood: -333872.58510
249. Current log-likelihood: -333872.36356
250. Current log-likelihood: -333872.14511
251. Current log-likelihood: -333871.94009
252. Current log-likelihood: -333871.74200
253. Current log-likelihood: -333871.55069
254. Current log-likelihood: -333871.36471
255. Current log-likelihood: -333871.18462
256. Current log-likelihood: -333871.00988
257. Current log-likelihood: -333870.83948
258. Current log-likelihood: -333870.67498
259. Current log-likelihood: -333870.51378
260. Current log-likelihood: -333870.35751
261. Current log-likelihood: -333870.20422
262. Current log-likelihood: -333870.05581
263. Current log-likelihood: -333869.90977
264. Current log-likelihood: -333869.76643
265. Current log-likelihood: -333869.62488
266. Current log-likelihood: -333869.48751
267. Current log-likelihood: -333869.00804
268. Current log-likelihood: -333868.85610
269. Current log-likelihood: -333868.70956
270. Current log-likelihood: -333868.56749
271. Current log-likelihood: -333868.42904
272. Current log-likelihood: -333868.29352
273. Current log-likelihood: -333868.16000
274. Current log-likelihood: -333868.03018
275. Current log-likelihood: -333867.90583
276. Current log-likelihood: -333867.78000
277. Current log-likelihood: -333867.65948
278. Current log-likelihood: -333867.54027
279. Current log-likelihood: -333867.42284
280. Current log-likelihood: -333867.30798
281. Current log-likelihood: -333867.19379
282. Current log-likelihood: -333867.08187
283. Current log-likelihood: -333866.96528
284. Current log-likelihood: -333866.85597
285. Current log-likelihood: -333866.74984
286. Current log-likelihood: -333866.64516
287. Current log-likelihood: -333866.54144
288. Current log-likelihood: -333866.43695
289. Current log-likelihood: -333866.33177
290. Current log-likelihood: -333866.23348
291. Current log-likelihood: -333866.13629
292. Current log-likelihood: -333866.04062
293. Current log-likelihood: -333865.94596
294. Current log-likelihood: -333865.85248
295. Current log-likelihood: -333865.76089
296. Current log-likelihood: -333865.67038
297. Current log-likelihood: -333865.58074
298. Current log-likelihood: -333865.49216
299. Current log-likelihood: -333865.40500
300. Current log-likelihood: -333865.31838
301. Current log-likelihood: -333865.23273
302. Current log-likelihood: -333865.12717
303. Current log-likelihood: -333865.02146
304. Current log-likelihood: -333864.91582
305. Current log-likelihood: -333864.81326
306. Current log-likelihood: -333864.71171
307. Current log-likelihood: -333864.61012
308. Current log-likelihood: -333864.51104
309. Current log-likelihood: -333864.41420
310. Current log-likelihood: -333864.31769
311. Current log-likelihood: -333864.22326
312. Current log-likelihood: -333864.12883
313. Current log-likelihood: -333864.03761
314. Current log-likelihood: -333863.94492
315. Current log-likelihood: -333863.85573
316. Current log-likelihood: -333863.76773
317. Current log-likelihood: -333863.68072
318. Current log-likelihood: -333863.59505
319. Current log-likelihood: -333863.50789
320. Current log-likelihood: -333863.42528
321. Current log-likelihood: -333863.34227
322. Current log-likelihood: -333863.26104
323. Current log-likelihood: -333863.17780
324. Current log-likelihood: -333863.09865
325. Current log-likelihood: -333863.02036
326. Current log-likelihood: -333862.94259
327. Current log-likelihood: -333862.86383
328. Current log-likelihood: -333862.78697
329. Current log-likelihood: -333862.71134
330. Current log-likelihood: -333862.63700
331. Current log-likelihood: -333862.56312
332. Current log-likelihood: -333862.49051
333. Current log-likelihood: -333862.41901
334. Current log-likelihood: -333862.34676
335. Current log-likelihood: -333862.27680
336. Current log-likelihood: -333862.20744
337. Current log-likelihood: -333862.13953
338. Current log-likelihood: -333862.07064
339. Current log-likelihood: -333862.00059
340. Current log-likelihood: -333861.93329
341. Current log-likelihood: -333861.86899
342. Current log-likelihood: -333861.80430
343. Current log-likelihood: -333861.74000
344. Current log-likelihood: -333861.67577
345. Current log-likelihood: -333861.61213
346. Current log-likelihood: -333861.54898
347. Current log-likelihood: -333861.48801
348. Current log-likelihood: -333861.41839
349. Current log-likelihood: -333861.35853
350. Current log-likelihood: -333861.29904
351. Current log-likelihood: -333861.24087
352. Current log-likelihood: -333861.18265
353. Current log-likelihood: -333861.12521
354. Current log-likelihood: -333861.06828
355. Current log-likelihood: -333861.01213
356. Current log-likelihood: -333860.95501
357. Current log-likelihood: -333860.89930
358. Current log-likelihood: -333860.84419
359. Current log-likelihood: -333860.79045
360. Current log-likelihood: -333860.73583
361. Current log-likelihood: -333860.68297
362. Current log-likelihood: -333860.63050
363. Current log-likelihood: -333860.57868
364. Current log-likelihood: -333860.52501
365. Current log-likelihood: -333860.47376
366. Current log-likelihood: -333860.42315
367. Current log-likelihood: -333860.37281
368. Current log-likelihood: -333860.32409
369. Current log-likelihood: -333860.27338
370. Current log-likelihood: -333860.22627
371. Current log-likelihood: -333860.17533
372. Current log-likelihood: -333860.12945
373. Current log-likelihood: -333860.08117
374. Current log-likelihood: -333860.03327
375. Current log-likelihood: -333859.98675
376. Current log-likelihood: -333859.94215
377. Current log-likelihood: -333859.89490
378. Current log-likelihood: -333859.84984
379. Current log-likelihood: -333859.80503
380. Current log-likelihood: -333859.76095
381. Current log-likelihood: -333859.71664
382. Current log-likelihood: -333859.67194
383. Current log-likelihood: -333859.62897
384. Current log-likelihood: -333859.58511
385. Current log-likelihood: -333859.54273
386. Current log-likelihood: -333859.50052
387. Current log-likelihood: -333859.45842
388. Current log-likelihood: -333859.41666
389. Current log-likelihood: -333859.37492
390. Current log-likelihood: -333859.33515
391. Current log-likelihood: -333859.29370
392. Current log-likelihood: -333859.25472
393. Current log-likelihood: -333859.21299
394. Current log-likelihood: -333859.17044
395. Current log-likelihood: -333859.13225
396. Current log-likelihood: -333859.09293
397. Current log-likelihood: -333859.05468
398. Current log-likelihood: -333859.01375
399. Current log-likelihood: -333858.97639
400. Current log-likelihood: -333858.93812
401. Current log-likelihood: -333858.90177
402. Current log-likelihood: -333858.85723
403. Current log-likelihood: -333858.80995
404. Current log-likelihood: -333858.76444
405. Current log-likelihood: -333858.72178
406. Current log-likelihood: -333858.67746
407. Current log-likelihood: -333858.63248
408. Current log-likelihood: -333858.58942
409. Current log-likelihood: -333858.54824
410. Current log-likelihood: -333858.50467
411. Current log-likelihood: -333858.46163
412. Current log-likelihood: -333858.41996
413. Current log-likelihood: -333858.37965
414. Current log-likelihood: -333858.33762
415. Current log-likelihood: -333858.29439
416. Current log-likelihood: -333858.25542
417. Current log-likelihood: -333858.21400
418. Current log-likelihood: -333858.17545
419. Current log-likelihood: -333858.13433
420. Current log-likelihood: -333858.09652
421. Current log-likelihood: -333858.05897
422. Current log-likelihood: -333858.02058
423. Current log-likelihood: -333857.98146
424. Current log-likelihood: -333857.94308
425. Current log-likelihood: -333857.90692
426. Current log-likelihood: -333857.86943
427. Current log-likelihood: -333857.83327
428. Current log-likelihood: -333857.79498
429. Current log-likelihood: -333857.75957
430. Current log-likelihood: -333857.72452
431. Current log-likelihood: -333857.68862
432. Current log-likelihood: -333857.65224
433. Current log-likelihood: -333857.61824
434. Current log-likelihood: -333857.58420
435. Current log-likelihood: -333857.54902
436. Current log-likelihood: -333857.51575
437. Current log-likelihood: -333857.47963
438. Current log-likelihood: -333857.44573
439. Current log-likelihood: -333857.41317
440. Current log-likelihood: -333857.37783
441. Current log-likelihood: -333857.34606
442. Current log-likelihood: -333857.31449
443. Current log-likelihood: -333857.28133
444. Current log-likelihood: -333857.24999
445. Current log-likelihood: -333857.21825
446. Current log-likelihood: -333857.18755
447. Current log-likelihood: -333857.15644
448. Current log-likelihood: -333857.12504
449. Current log-likelihood: -333857.09485
450. Current log-likelihood: -333857.06206
451. Current log-likelihood: -333857.03117
452. Current log-likelihood: -333857.00201
453. Current log-likelihood: -333856.97035
454. Current log-likelihood: -333856.94158
455. Current log-likelihood: -333856.91298
456. Current log-likelihood: -333856.88461
457. Current log-likelihood: -333856.85619
458. Current log-likelihood: -333856.82521
459. Current log-likelihood: -333856.79732
460. Current log-likelihood: -333856.76945
461. Current log-likelihood: -333856.74189
462. Current log-likelihood: -333856.71382
463. Current log-likelihood: -333856.68697
464. Current log-likelihood: -333856.65792
465. Current log-likelihood: -333856.63033
466. Current log-likelihood: -333856.60398
467. Current log-likelihood: -333856.57774
468. Current log-likelihood: -333856.55073
469. Current log-likelihood: -333856.52476
470. Current log-likelihood: -333856.49725
471. Current log-likelihood: -333856.47189
472. Current log-likelihood: -333856.44573
473. Current log-likelihood: -333856.42011
474. Current log-likelihood: -333856.39499
475. Current log-likelihood: -333856.36798
476. Current log-likelihood: -333856.34373
477. Current log-likelihood: -333856.31914
478. Current log-likelihood: -333856.29499
479. Current log-likelihood: -333856.27058
480. Current log-likelihood: -333856.24423
481. Current log-likelihood: -333856.21988
482. Current log-likelihood: -333856.19407
483. Current log-likelihood: -333856.16971
484. Current log-likelihood: -333856.14641
485. Current log-likelihood: -333856.12336
486. Current log-likelihood: -333856.10050
487. Current log-likelihood: -333856.07461
488. Current log-likelihood: -333856.05197
489. Current log-likelihood: -333856.02942
490. Current log-likelihood: -333856.00702
491. Current log-likelihood: -333855.98478
492. Current log-likelihood: -333855.96115
493. Current log-likelihood: -333855.93966
494. Current log-likelihood: -333855.91776
495. Current log-likelihood: -333855.89646
496. Current log-likelihood: -333855.87534
497. Current log-likelihood: -333855.85363
498. Current log-likelihood: -333855.83114
499. Current log-likelihood: -333855.81012
500. Current log-likelihood: -333855.78937
501. Current log-likelihood: -333855.76871
502. Current log-likelihood: -333855.74488
503. Current log-likelihood: -333855.72042
504. Current log-likelihood: -333855.69488
505. Current log-likelihood: -333855.67003
506. Current log-likelihood: -333855.64653
507. Current log-likelihood: -333855.62333
508. Current log-likelihood: -333855.59882
509. Current log-likelihood: -333855.57611
510. Current log-likelihood: -333855.55277
511. Current log-likelihood: -333855.53034
512. Current log-likelihood: -333855.50835
513. Current log-likelihood: -333855.48654
514. Current log-likelihood: -333855.46379
515. Current log-likelihood: -333855.44202
516. Current log-likelihood: -333855.42042
517. Current log-likelihood: -333855.39919
518. Current log-likelihood: -333855.37763
519. Current log-likelihood: -333855.35661
520. Current log-likelihood: -333855.33613
521. Current log-likelihood: -333855.31428
522. Current log-likelihood: -333855.29298
523. Current log-likelihood: -333855.27193
524. Current log-likelihood: -333855.25171
525. Current log-likelihood: -333855.23149
526. Current log-likelihood: -333855.20987
527. Current log-likelihood: -333855.18833
528. Current log-likelihood: -333855.16896
529. Current log-likelihood: -333855.14945
530. Current log-likelihood: -333855.13016
531. Current log-likelihood: -333855.11074
532. Current log-likelihood: -333855.09197
533. Current log-likelihood: -333855.07206
534. Current log-likelihood: -333855.05180
535. Current log-likelihood: -333855.03317
536. Current log-likelihood: -333855.01478
537. Current log-likelihood: -333854.99633
538. Current log-likelihood: -333854.97786
539. Current log-likelihood: -333854.95943
540. Current log-likelihood: -333854.94140
541. Current log-likelihood: -333854.92270
542. Current log-likelihood: -333854.90505
543. Current log-likelihood: -333854.88685
544. Current log-likelihood: -333854.86925
545. Current log-likelihood: -333854.85210
546. Current log-likelihood: -333854.83476
547. Current log-likelihood: -333854.81735
548. Current log-likelihood: -333854.80061
549. Current log-likelihood: -333854.78203
550. Current log-likelihood: -333854.76525
551. Current log-likelihood: -333854.74843
552. Current log-likelihood: -333854.73081
553. Current log-likelihood: -333854.71346
554. Current log-likelihood: -333854.69723
555. Current log-likelihood: -333854.67916
556. Current log-likelihood: -333854.66362
557. Current log-likelihood: -333854.64774
558. Current log-likelihood: -333854.63138
559. Current log-likelihood: -333854.61558
560. Current log-likelihood: -333854.59939
561. Current log-likelihood: -333854.58403
562. Current log-likelihood: -333854.56846
563. Current log-likelihood: -333854.55270
564. Current log-likelihood: -333854.53284
565. Current log-likelihood: -333854.51701
566. Current log-likelihood: -333854.50165
567. Current log-likelihood: -333854.48387
568. Current log-likelihood: -333854.46888
569. Current log-likelihood: -333854.45459
570. Current log-likelihood: -333854.43978
571. Current log-likelihood: -333854.42495
572. Current log-likelihood: -333854.40972
573. Current log-likelihood: -333854.39497
574. Current log-likelihood: -333854.38089
575. Current log-likelihood: -333854.36588
576. Current log-likelihood: -333854.35106
577. Current log-likelihood: -333854.33612
578. Current log-likelihood: -333854.32243
579. Current log-likelihood: -333854.30864
580. Current log-likelihood: -333854.29481
581. Current log-likelihood: -333854.28113
582. Current log-likelihood: -333854.26726
583. Current log-likelihood: -333854.25439
584. Current log-likelihood: -333854.24052
585. Current log-likelihood: -333854.22697
586. Current log-likelihood: -333854.21373
587. Current log-likelihood: -333854.20106
588. Current log-likelihood: -333854.18647
589. Current log-likelihood: -333854.17367
590. Current log-likelihood: -333854.16109
591. Current log-likelihood: -333854.14813
592. Current log-likelihood: -333854.13587
593. Current log-likelihood: -333854.12239
594. Current log-likelihood: -333854.10779
595. Current log-likelihood: -333854.09548
596. Current log-likelihood: -333854.08313
597. Current log-likelihood: -333854.07048
598. Current log-likelihood: -333854.05862
599. Current log-likelihood: -333854.04438
600. Current log-likelihood: -333854.03260
601. Current log-likelihood: -333854.02086
602. Current log-likelihood: -333854.00716
603. Current log-likelihood: -333853.99329
604. Current log-likelihood: -333853.97977
605. Current log-likelihood: -333853.96596
606. Current log-likelihood: -333853.95220
607. Current log-likelihood: -333853.93905
608. Current log-likelihood: -333853.92573
609. Current log-likelihood: -333853.91247
610. Current log-likelihood: -333853.89761
611. Current log-likelihood: -333853.88465
612. Current log-likelihood: -333853.87176
613. Current log-likelihood: -333853.85883
614. Current log-likelihood: -333853.84589
615. Current log-likelihood: -333853.83382
616. Current log-likelihood: -333853.82110
617. Current log-likelihood: -333853.80766
618. Current log-likelihood: -333853.79464
619. Current log-likelihood: -333853.78168
620. Current log-likelihood: -333853.76886
621. Current log-likelihood: -333853.75661
622. Current log-likelihood: -333853.74446
623. Current log-likelihood: -333853.73213
624. Current log-likelihood: -333853.72042
625. Current log-likelihood: -333853.70744
626. Current log-likelihood: -333853.69527
627. Current log-likelihood: -333853.68381
628. Current log-likelihood: -333853.67181
629. Current log-likelihood: -333853.65965
630. Current log-likelihood: -333853.64839
631. Current log-likelihood: -333853.63674
632. Current log-likelihood: -333853.62507
633. Current log-likelihood: -333853.61419
634. Current log-likelihood: -333853.60264
635. Current log-likelihood: -333853.59191
636. Current log-likelihood: -333853.58081
637. Current log-likelihood: -333853.57001
638. Current log-likelihood: -333853.55672
639. Current log-likelihood: -333853.54547
640. Current log-likelihood: -333853.53411
641. Current log-likelihood: -333853.52147
642. Current log-likelihood: -333853.51017
643. Current log-likelihood: -333853.49950
644. Current log-likelihood: -333853.48897
645. Current log-likelihood: -333853.47788
646. Current log-likelihood: -333853.46635
647. Current log-likelihood: -333853.45590
648. Current log-likelihood: -333853.44526
649. Current log-likelihood: -333853.43454
650. Current log-likelihood: -333853.42420
651. Current log-likelihood: -333853.41386
652. Current log-likelihood: -333853.40396
653. Current log-likelihood: -333853.39322
654. Current log-likelihood: -333853.38212
655. Current log-likelihood: -333853.37170
656. Current log-likelihood: -333853.36138
657. Current log-likelihood: -333853.35155
658. Current log-likelihood: -333853.34122
659. Current log-likelihood: -333853.32876
660. Current log-likelihood: -333853.31897
661. Current log-likelihood: -333853.30917
662. Current log-likelihood: -333853.29961
663. Current log-likelihood: -333853.28939
664. Current log-likelihood: -333853.27978
665. Current log-likelihood: -333853.27015
666. Current log-likelihood: -333853.26026
667. Current log-likelihood: -333853.25064
668. Current log-likelihood: -333853.24014
669. Current log-likelihood: -333853.23023
670. Current log-likelihood: -333853.22052
671. Current log-likelihood: -333853.21107
672. Current log-likelihood: -333853.20172
673. Current log-likelihood: -333853.19199
674. Current log-likelihood: -333853.18267
675. Current log-likelihood: -333853.17338
676. Current log-likelihood: -333853.16297
677. Current log-likelihood: -333853.15376
678. Current log-likelihood: -333853.14452
679. Current log-likelihood: -333853.13539
680. Current log-likelihood: -333853.12574
681. Current log-likelihood: -333853.11399
682. Current log-likelihood: -333853.10425
683. Current log-likelihood: -333853.09547
684. Current log-likelihood: -333853.08556
685. Current log-likelihood: -333853.07764
686. Current log-likelihood: -333853.06851
687. Current log-likelihood: -333853.05895
688. Current log-likelihood: -333853.05023
689. Current log-likelihood: -333853.04116
690. Current log-likelihood: -333853.03225
691. Current log-likelihood: -333853.02353
692. Current log-likelihood: -333853.01494
693. Current log-likelihood: -333853.00587
694. Current log-likelihood: -333852.99733
695. Current log-likelihood: -333852.98880
696. Current log-likelihood: -333852.98014
697. Current log-likelihood: -333852.97101
698. Current log-likelihood: -333852.96131
699. Current log-likelihood: -333852.95079
700. Current log-likelihood: -333852.94172
701. Current log-likelihood: -333852.93301
702. Current log-likelihood: -333852.92372
703. Current log-likelihood: -333852.91384
704. Current log-likelihood: -333852.90426
705. Current log-likelihood: -333852.89177
706. Current log-likelihood: -333852.88236
707. Current log-likelihood: -333852.87293
708. Current log-likelihood: -333852.86218
709. Current log-likelihood: -333852.85178
710. Current log-likelihood: -333852.84226
711. Current log-likelihood: -333852.83302
712. Current log-likelihood: -333852.82333
713. Current log-likelihood: -333852.81380
714. Current log-likelihood: -333852.80442
715. Current log-likelihood: -333852.79441
716. Current log-likelihood: -333852.78464
717. Current log-likelihood: -333852.77488
718. Current log-likelihood: -333852.76509
719. Current log-likelihood: -333852.75591
720. Current log-likelihood: -333852.74608
721. Current log-likelihood: -333852.73641
722. Current log-likelihood: -333852.72736
723. Current log-likelihood: -333852.71768
724. Current log-likelihood: -333852.70878
725. Current log-likelihood: -333852.69908
726. Current log-likelihood: -333852.68938
727. Current log-likelihood: -333852.68043
728. Current log-likelihood: -333852.66977
729. Current log-likelihood: -333852.65944
730. Current log-likelihood: -333852.64951
731. Current log-likelihood: -333852.64023
732. Current log-likelihood: -333852.63021
733. Current log-likelihood: -333852.62046
734. Current log-likelihood: -333852.61060
735. Current log-likelihood: -333852.60130
736. Current log-likelihood: -333852.59214
737. Current log-likelihood: -333852.58208
738. Current log-likelihood: -333852.57199
739. Current log-likelihood: -333852.56296
740. Current log-likelihood: -333852.55259
741. Current log-likelihood: -333852.54247
742. Current log-likelihood: -333852.53348
743. Current log-likelihood: -333852.52372
744. Current log-likelihood: -333852.51420
745. Current log-likelihood: -333852.50408
746. Current log-likelihood: -333852.49422
747. Current log-likelihood: -333852.48487
748. Current log-likelihood: -333852.47510
749. Current log-likelihood: -333852.46516
750. Current log-likelihood: -333852.45598
751. Current log-likelihood: -333852.44702
752. Current log-likelihood: -333852.43674
753. Current log-likelihood: -333852.42692
754. Current log-likelihood: -333852.41722
755. Current log-likelihood: -333852.40748
756. Current log-likelihood: -333852.39849
757. Current log-likelihood: -333852.38866
758. Current log-likelihood: -333852.37965
759. Current log-likelihood: -333852.37013
760. Current log-likelihood: -333852.35977
761. Current log-likelihood: -333852.34955
762. Current log-likelihood: -333852.34054
763. Current log-likelihood: -333852.33044
764. Current log-likelihood: -333852.32067
765. Current log-likelihood: -333852.30999
766. Current log-likelihood: -333852.30029
767. Current log-likelihood: -333852.29036
768. Current log-likelihood: -333852.28095
769. Current log-likelihood: -333852.27102
770. Current log-likelihood: -333852.25930
771. Current log-likelihood: -333852.24927
772. Current log-likelihood: -333852.24030
773. Current log-likelihood: -333852.23014
774. Current log-likelihood: -333852.21894
775. Current log-likelihood: -333852.20964
776. Current log-likelihood: -333852.19934
777. Current log-likelihood: -333852.18854
778. Current log-likelihood: -333852.17943
779. Current log-likelihood: -333852.16902
780. Current log-likelihood: -333852.15840
781. Current log-likelihood: -333852.14904
782. Current log-likelihood: -333852.13913
783. Current log-likelihood: -333852.12846
784. Current log-likelihood: -333852.11898
785. Current log-likelihood: -333852.10872
786. Current log-likelihood: -333852.09935
787. Current log-likelihood: -333852.08911
788. Current log-likelihood: -333852.07858
789. Current log-likelihood: -333852.06836
790. Current log-likelihood: -333852.05863
791. Current log-likelihood: -333852.04835
792. Current log-likelihood: -333852.03826
793. Current log-likelihood: -333852.02714
794. Current log-likelihood: -333852.01710
795. Current log-likelihood: -333852.00668
796. Current log-likelihood: -333851.99663
797. Current log-likelihood: -333851.98598
798. Current log-likelihood: -333851.97530
799. Current log-likelihood: -333851.96489
800. Current log-likelihood: -333851.95442
801. Current log-likelihood: -333851.94408
802. Current log-likelihood: -333851.93376
803. Current log-likelihood: -333851.92159
804. Current log-likelihood: -333851.91045
805. Current log-likelihood: -333851.89893
806. Current log-likelihood: -333851.88785
807. Current log-likelihood: -333851.87632
808. Current log-likelihood: -333851.86465
809. Current log-likelihood: -333851.85304
810. Current log-likelihood: -333851.84101
811. Current log-likelihood: -333851.82946
812. Current log-likelihood: -333851.81792
813. Current log-likelihood: -333851.80649
814. Current log-likelihood: -333851.79520
815. Current log-likelihood: -333851.78309
816. Current log-likelihood: -333851.77202
817. Current log-likelihood: -333851.76030
818. Current log-likelihood: -333851.74893
819. Current log-likelihood: -333851.73772
820. Current log-likelihood: -333851.72622
821. Current log-likelihood: -333851.71459
822. Current log-likelihood: -333851.70184
823. Current log-likelihood: -333851.68985
824. Current log-likelihood: -333851.67859
825. Current log-likelihood: -333851.66739
826. Current log-likelihood: -333851.65524
827. Current log-likelihood: -333851.64353
828. Current log-likelihood: -333851.63201
829. Current log-likelihood: -333851.62011
830. Current log-likelihood: -333851.60890
831. Current log-likelihood: -333851.59763
832. Current log-likelihood: -333851.58580
833. Current log-likelihood: -333851.57385
834. Current log-likelihood: -333851.56332
835. Current log-likelihood: -333851.55021
836. Current log-likelihood: -333851.53874
837. Current log-likelihood: -333851.52748
838. Current log-likelihood: -333851.51629
839. Current log-likelihood: -333851.50491
840. Current log-likelihood: -333851.49390
841. Current log-likelihood: -333851.48219
842. Current log-likelihood: -333851.47131
843. Current log-likelihood: -333851.46064
844. Current log-likelihood: -333851.45045
845. Current log-likelihood: -333851.43934
846. Current log-likelihood: -333851.43028
847. Current log-likelihood: -333851.42029
848. Current log-likelihood: -333851.41054
849. Current log-likelihood: -333851.40008
850. Current log-likelihood: -333851.39132
851. Current log-likelihood: -333851.38114
852. Current log-likelihood: -333851.37256
853. Current log-likelihood: -333851.36069
854. Current log-likelihood: -333851.35053
855. Current log-likelihood: -333851.34110
856. Current log-likelihood: -333851.33150
857. Current log-likelihood: -333851.32286
858. Current log-likelihood: -333851.31315
859. Current log-likelihood: -333851.30454
860. Current log-likelihood: -333851.29534
861. Current log-likelihood: -333851.28694
862. Current log-likelihood: -333851.27749
863. Current log-likelihood: -333851.26382
864. Current log-likelihood: -333851.25561
865. Current log-likelihood: -333851.24604
866. Current log-likelihood: -333851.23784
867. Current log-likelihood: -333851.22825
868. Current log-likelihood: -333851.21864
869. Current log-likelihood: -333851.21042
870. Current log-likelihood: -333851.20237
871. Current log-likelihood: -333851.19274
872. Current log-likelihood: -333851.18380
873. Current log-likelihood: -333851.17585
874. Current log-likelihood: -333851.16680
875. Current log-likelihood: -333851.15695
876. Current log-likelihood: -333851.14717
877. Current log-likelihood: -333851.13843
878. Current log-likelihood: -333851.13049
879. Current log-likelihood: -333851.12150
880. Current log-likelihood: -333851.11304
881. Current log-likelihood: -333851.10433
882. Current log-likelihood: -333851.09663
883. Current log-likelihood: -333851.08585
884. Current log-likelihood: -333851.07688
885. Current log-likelihood: -333851.06922
886. Current log-likelihood: -333851.06081
887. Current log-likelihood: -333851.05321
888. Current log-likelihood: -333851.04425
889. Current log-likelihood: -333851.03514
890. Current log-likelihood: -333851.02666
891. Current log-likelihood: -333851.01936
892. Current log-likelihood: -333851.01044
893. Current log-likelihood: -333851.00295
894. Current log-likelihood: -333850.99453
895. Current log-likelihood: -333850.98714
896. Current log-likelihood: -333850.97664
897. Current log-likelihood: -333850.96928
898. Current log-likelihood: -333850.96090
899. Current log-likelihood: -333850.95352
900. Current log-likelihood: -333850.94628
901. Current log-likelihood: -333850.93828
902. Current log-likelihood: -333850.92924
903. Current log-likelihood: -333850.92049
904. Current log-likelihood: -333850.91291
905. Current log-likelihood: -333850.90532
906. Current log-likelihood: -333850.89584
907. Current log-likelihood: -333850.88744
908. Current log-likelihood: -333850.87748
909. Current log-likelihood: -333850.86900
910. Current log-likelihood: -333850.85818
911. Current log-likelihood: -333850.85048
912. Current log-likelihood: -333850.84310
913. Current log-likelihood: -333850.83414
914. Current log-likelihood: -333850.82524
915. Current log-likelihood: -333850.81772
916. Current log-likelihood: -333850.81037
917. Current log-likelihood: -333850.80089
918. Current log-likelihood: -333850.79338
919. Current log-likelihood: -333850.78445
920. Current log-likelihood: -333850.77714
921. Current log-likelihood: -333850.76747
922. Current log-likelihood: -333850.75920
923. Current log-likelihood: -333850.75112
924. Current log-likelihood: -333850.74393
925. Current log-likelihood: -333850.73522
926. Current log-likelihood: -333850.72796
927. Current log-likelihood: -333850.71770
928. Current log-likelihood: -333850.71058
929. Current log-likelihood: -333850.70139
930. Current log-likelihood: -333850.69316
931. Current log-likelihood: -333850.68532
932. Current log-likelihood: -333850.67683
933. Current log-likelihood: -333850.66893
934. Current log-likelihood: -333850.66198
935. Current log-likelihood: -333850.65331
936. Current log-likelihood: -333850.64548
937. Current log-likelihood: -333850.63862
938. Current log-likelihood: -333850.62939
939. Current log-likelihood: -333850.62258
940. Current log-likelihood: -333850.61264
941. Current log-likelihood: -333850.60486
942. Current log-likelihood: -333850.59694
943. Current log-likelihood: -333850.59016
944. Current log-likelihood: -333850.58251
945. Current log-likelihood: -333850.57500
946. Current log-likelihood: -333850.56738
947. Current log-likelihood: -333850.55918
948. Current log-likelihood: -333850.55237
949. Current log-likelihood: -333850.54595
950. Current log-likelihood: -333850.53790
951. Current log-likelihood: -333850.53134
952. Current log-likelihood: -333850.52282
953. Current log-likelihood: -333850.51521
954. Current log-likelihood: -333850.50868
955. Current log-likelihood: -333850.49896
956. Current log-likelihood: -333850.49104
957. Current log-likelihood: -333850.48366
958. Current log-likelihood: -333850.47542
959. Current log-likelihood: -333850.46627
960. Current log-likelihood: -333850.45976
961. Current log-likelihood: -333850.45206
962. Current log-likelihood: -333850.44442
963. Current log-likelihood: -333850.43789
964. Current log-likelihood: -333850.43044
965. Current log-likelihood: -333850.42315
966. Current log-likelihood: -333850.41676
967. Current log-likelihood: -333850.41043
968. Current log-likelihood: -333850.40002
969. Current log-likelihood: -333850.39380
970. Current log-likelihood: -333850.38769
971. Current log-likelihood: -333850.37993
972. Current log-likelihood: -333850.37285
973. Current log-likelihood: -333850.36667
974. Current log-likelihood: -333850.35953
975. Current log-likelihood: -333850.35336
976. Current log-likelihood: -333850.34595
977. Current log-likelihood: -333850.33894
978. Current log-likelihood: -333850.33194
979. Current log-likelihood: -333850.32583
980. Current log-likelihood: -333850.31977
981. Current log-likelihood: -333850.31250
982. Current log-likelihood: -333850.30493
983. Current log-likelihood: -333850.29876
984. Current log-likelihood: -333850.28917
985. Current log-likelihood: -333850.28321
986. Current log-likelihood: -333850.27596
987. Current log-likelihood: -333850.27006
988. Current log-likelihood: -333850.26294
989. Current log-likelihood: -333850.25704
990. Current log-likelihood: -333850.25141
991. Current log-likelihood: -333850.24379
992. Current log-likelihood: -333850.23680
993. Current log-likelihood: -333850.23105
994. Current log-likelihood: -333850.22448
995. Current log-likelihood: -333850.21776
996. Current log-likelihood: -333850.21185
997. Current log-likelihood: -333850.20617
998. Current log-likelihood: -333850.19893
999. Current log-likelihood: -333850.19194
1000. Current log-likelihood: -333850.18640
1001. Current log-likelihood: -333850.17866
1002. Current log-likelihood: -333850.17274
1003. Current log-likelihood: -333850.16547
1004. Current log-likelihood: -333850.15968
1005. Current log-likelihood: -333850.15301
1006. Current log-likelihood: -333850.14626
1007. Current log-likelihood: -333850.13970
1008. Current log-likelihood: -333850.13052
1009. Current log-likelihood: -333850.12492
1010. Current log-likelihood: -333850.11742
1011. Current log-likelihood: -333850.11185
1012. Current log-likelihood: -333850.10441
1013. Current log-likelihood: -333850.09850
1014. Current log-likelihood: -333850.09293
1015. Current log-likelihood: -333850.08593
1016. Current log-likelihood: -333850.07956
1017. Current log-likelihood: -333850.07312
1018. Current log-likelihood: -333850.06754
1019. Current log-likelihood: -333850.06076
1020. Current log-likelihood: -333850.05512
1021. Current log-likelihood: -333850.04750
1022. Current log-likelihood: -333850.04118
1023. Current log-likelihood: -333850.03578
1024. Current log-likelihood: -333850.02914
1025. Current log-likelihood: -333850.02305
1026. Current log-likelihood: -333850.01775
1027. Current log-likelihood: -333850.01107
1028. Current log-likelihood: -333850.00573
1029. Current log-likelihood: -333849.99946
1030. Current log-likelihood: -333849.99344
1031. Current log-likelihood: -333849.98820
1032. Current log-likelihood: -333849.97902
1033. Current log-likelihood: -333849.97397
1034. Current log-likelihood: -333849.96800
1035. Current log-likelihood: -333849.96148
1036. Current log-likelihood: -333849.95508
1037. Current log-likelihood: -333849.94997
1038. Current log-likelihood: -333849.94345
1039. Current log-likelihood: -333849.93707
1040. Current log-likelihood: -333849.93202
1041. Current log-likelihood: -333849.92514
1042. Current log-likelihood: -333849.91924
1043. Current log-likelihood: -333849.91425
1044. Current log-likelihood: -333849.90831
1045. Current log-likelihood: -333849.90324
1046. Current log-likelihood: -333849.89695
1047. Current log-likelihood: -333849.89200
1048. Current log-likelihood: -333849.88613
1049. Current log-likelihood: -333849.87998
1050. Current log-likelihood: -333849.87515
1051. Current log-likelihood: -333849.87038
1052. Current log-likelihood: -333849.86473
1053. Current log-likelihood: -333849.85884
1054. Current log-likelihood: -333849.85397
1055. Current log-likelihood: -333849.84933
1056. Current log-likelihood: -333849.84369
1057. Current log-likelihood: -333849.83914
1058. Current log-likelihood: -333849.83044
1059. Current log-likelihood: -333849.82577
1060. Current log-likelihood: -333849.82042
1061. Current log-likelihood: -333849.81597
1062. Current log-likelihood: -333849.81039
1063. Current log-likelihood: -333849.80588
1064. Current log-likelihood: -333849.80043
1065. Current log-likelihood: -333849.79618
1066. Current log-likelihood: -333849.79171
1067. Current log-likelihood: -333849.78730
1068. Current log-likelihood: -333849.78139
1069. Current log-likelihood: -333849.77685
1070. Current log-likelihood: -333849.77240
1071. Current log-likelihood: -333849.76643
1072. Current log-likelihood: -333849.76010
1073. Current log-likelihood: -333849.75582
1074. Current log-likelihood: -333849.75158
1075. Current log-likelihood: -333849.74638
1076. Current log-likelihood: -333849.74208
1077. Current log-likelihood: -333849.73789
1078. Current log-likelihood: -333849.73259
1079. Current log-likelihood: -333849.72836
1080. Current log-likelihood: -333849.72315
1081. Current log-likelihood: -333849.71899
1082. Current log-likelihood: -333849.71411
1083. Current log-likelihood: -333849.70805
1084. Current log-likelihood: -333849.70410
1085. Current log-likelihood: -333849.69925
1086. Current log-likelihood: -333849.69552
1087. Current log-likelihood: -333849.68955
1088. Current log-likelihood: -333849.68375
1089. Current log-likelihood: -333849.67975
1090. Current log-likelihood: -333849.67573
1091. Current log-likelihood: -333849.67070
1092. Current log-likelihood: -333849.66676
1093. Current log-likelihood: -333849.66287
1094. Current log-likelihood: -333849.65814
1095. Current log-likelihood: -333849.65159
1096. Current log-likelihood: -333849.64766
1097. Current log-likelihood: -333849.64287
1098. Current log-likelihood: -333849.63889
1099. Current log-likelihood: -333849.63517
1100. Current log-likelihood: -333849.63134
1101. Current log-likelihood: -333849.62653
1102. Current log-likelihood: -333849.62256
1103. Current log-likelihood: -333849.61759
1104. Current log-likelihood: -333849.60971
1105. Current log-likelihood: -333849.60606
1106. Current log-likelihood: -333849.60089
1107. Current log-likelihood: -333849.59552
1108. Current log-likelihood: -333849.59153
1109. Current log-likelihood: -333849.58762
1110. Current log-likelihood: -333849.58377
1111. Current log-likelihood: -333849.57892
1112. Current log-likelihood: -333849.57495
1113. Current log-likelihood: -333849.56961
1114. Current log-likelihood: -333849.56583
1115. Current log-likelihood: -333849.56215
1116. Current log-likelihood: -333849.55691
1117. Current log-likelihood: -333849.55340
1118. Current log-likelihood: -333849.54869
1119. Current log-likelihood: -333849.54502
1120. Current log-likelihood: -333849.54023
1121. Current log-likelihood: -333849.53653
1122. Current log-likelihood: -333849.53197
1123. Current log-likelihood: -333849.52833
1124. Current log-likelihood: -333849.52472
1125. Current log-likelihood: -333849.52119
1126. Current log-likelihood: -333849.51669
1127. Current log-likelihood: -333849.51229
1128. Current log-likelihood: -333849.50894
1129. Current log-likelihood: -333849.50543
1130. Current log-likelihood: -333849.50091
1131. Current log-likelihood: -333849.49757
1132. Current log-likelihood: -333849.49303
1133. Current log-likelihood: -333849.48956
1134. Current log-likelihood: -333849.48623
1135. Current log-likelihood: -333849.48162
1136. Current log-likelihood: -333849.47842
1137. Current log-likelihood: -333849.47338
1138. Current log-likelihood: -333849.47014
1139. Current log-likelihood: -333849.46573
1140. Current log-likelihood: -333849.46246
1141. Current log-likelihood: -333849.45912
1142. Current log-likelihood: -333849.45490
1143. Current log-likelihood: -333849.45161
1144. Current log-likelihood: -333849.44842
1145. Current log-likelihood: -333849.44269
1146. Current log-likelihood: -333849.26532
1147. Current log-likelihood: -333849.25997
1148. Current log-likelihood: -333849.25510
1149. Current log-likelihood: -333849.25117
1150. Current log-likelihood: -333849.24636
1151. Current log-likelihood: -333849.24162
1152. Current log-likelihood: -333849.23797
1153. Current log-likelihood: -333849.23161
1154. Current log-likelihood: -333849.22790
1155. Current log-likelihood: -333849.22300
1156. Current log-likelihood: -333849.21844
1157. Current log-likelihood: -333849.21351
1158. Current log-likelihood: -333849.20982
1159. Current log-likelihood: -333849.20496
1160. Current log-likelihood: -333849.20044
1161. Current log-likelihood: -333849.19577
1162. Current log-likelihood: -333849.19094
1163. Current log-likelihood: -333849.18639
1164. Current log-likelihood: -333849.18190
1165. Current log-likelihood: -333849.17732
1166. Current log-likelihood: -333849.17389
1167. Current log-likelihood: -333849.16910
1168. Current log-likelihood: -333849.16568
1169. Current log-likelihood: -333849.16106
1170. Current log-likelihood: -333849.15750
1171. Current log-likelihood: -333849.15318
1172. Current log-likelihood: -333848.87014
1173. Current log-likelihood: -333848.85883
1174. Current log-likelihood: -333848.84917
1175. Current log-likelihood: -333848.84138
1176. Current log-likelihood: -333848.83397
1177. Current log-likelihood: -333848.82526
1178. Current log-likelihood: -333848.81675
1179. Current log-likelihood: -333848.81154
1180. Current log-likelihood: -333848.80331
1181. Current log-likelihood: -333848.79663
1182. Current log-likelihood: -333848.78939
1183. Current log-likelihood: -333848.78415
1184. Current log-likelihood: -333848.77769
1185. Current log-likelihood: -333848.77121
1186. Current log-likelihood: -333848.76627
1187. Current log-likelihood: -333848.75605
1188. Current log-likelihood: -333848.74992
1189. Current log-likelihood: -333848.74391
1190. Current log-likelihood: -333847.88184
1191. Current log-likelihood: -333808.29337
1192. Current log-likelihood: -333807.73811
1193. Current log-likelihood: -333807.56985
1194. Current log-likelihood: -333807.45238
1195. Current log-likelihood: -333807.37268
1196. Current log-likelihood: -333807.31022
1197. Current log-likelihood: -333807.25536
1198. Current log-likelihood: -333807.21034
1199. Current log-likelihood: -333807.17071
1200. Current log-likelihood: -333807.13667
1201. Current log-likelihood: -333807.10391
1202. Current log-likelihood: -333807.07253
1203. Current log-likelihood: -333807.04237
1204. Current log-likelihood: -333807.01422
1205. Current log-likelihood: -333806.98304
1206. Current log-likelihood: -333806.96111
1207. Current log-likelihood: -333806.93858
1208. Current log-likelihood: -333806.90910
1209. Current log-likelihood: -333806.88937
1210. Current log-likelihood: -333806.87189
1211. Current log-likelihood: -333806.85503
1212. Current log-likelihood: -333806.83867
1213. Current log-likelihood: -333806.82282
1214. Current log-likelihood: -333806.80823
1215. Current log-likelihood: -333806.79438
1216. Current log-likelihood: -333806.78084
1217. Current log-likelihood: -333806.76772
1218. Current log-likelihood: -333806.75475
1219. Current log-likelihood: -333806.74242
1220. Current log-likelihood: -333806.73029
1221. Current log-likelihood: -333806.71880
1222. Current log-likelihood: -333806.70668
1223. Current log-likelihood: -333806.69387
1224. Current log-likelihood: -333806.68172
1225. Current log-likelihood: -333806.67075
1226. Current log-likelihood: -333806.66004
1227. Current log-likelihood: -333806.64780
1228. Current log-likelihood: -333806.63712
1229. Current log-likelihood: -333806.62670
1230. Current log-likelihood: -333806.61623
1231. Current log-likelihood: -333806.60590
1232. Current log-likelihood: -333806.59559
1233. Current log-likelihood: -333806.58397
1234. Current log-likelihood: -333806.57424
1235. Current log-likelihood: -333806.56252
1236. Current log-likelihood: -333806.55277
1237. Current log-likelihood: -333806.54340
1238. Current log-likelihood: -333806.53378
1239. Current log-likelihood: -333806.52376
1240. Current log-likelihood: -333806.51281
1241. Current log-likelihood: -333806.50218
1242. Current log-likelihood: -333806.49303
1243. Current log-likelihood: -333806.48247
1244. Current log-likelihood: -333806.47348
1245. Current log-likelihood: -333806.46314
1246. Current log-likelihood: -333806.45359
1247. Current log-likelihood: -333806.44462
1248. Current log-likelihood: -333806.43627
1249. Current log-likelihood: -333806.42768
1250. Current log-likelihood: -333806.41746
1251. Current log-likelihood: -333806.40893
1252. Current log-likelihood: -333806.39939
1253. Current log-likelihood: -333806.39060
1254. Current log-likelihood: -333806.38211
1255. Current log-likelihood: -333806.37362
1256. Current log-likelihood: -333806.36526
1257. Current log-likelihood: -333806.35646
1258. Current log-likelihood: -333806.34668
1259. Current log-likelihood: -333806.33814
1260. Current log-likelihood: -333806.33057
1261. Current log-likelihood: -333806.32242
1262. Current log-likelihood: -333806.31428
1263. Current log-likelihood: -333806.30602
1264. Current log-likelihood: -333806.29782
1265. Current log-likelihood: -333806.28980
1266. Current log-likelihood: -333806.28251
1267. Current log-likelihood: -333806.27439
1268. Current log-likelihood: -333806.26614
1269. Current log-likelihood: -333806.25826
1270. Current log-likelihood: -333806.25058
1271. Current log-likelihood: -333806.24289
1272. Current log-likelihood: -333806.23463
1273. Current log-likelihood: -333806.22784
1274. Current log-likelihood: -333806.22019
1275. Current log-likelihood: -333806.21329
1276. Current log-likelihood: -333806.20356
1277. Current log-likelihood: -333806.19642
1278. Current log-likelihood: -333806.18877
1279. Current log-likelihood: -333806.18130
1280. Current log-likelihood: -333806.17371
1281. Current log-likelihood: -333806.16716
1282. Current log-likelihood: -333806.15975
1283. Current log-likelihood: -333806.15260
1284. Current log-likelihood: -333806.14483
1285. Current log-likelihood: -333806.13842
1286. Current log-likelihood: -333806.13136
1287. Current log-likelihood: -333806.12439
1288. Current log-likelihood: -333806.11789
1289. Current log-likelihood: -333806.10985
1290. Current log-likelihood: -333806.10326
1291. Current log-likelihood: -333806.09634
1292. Current log-likelihood: -333806.08985
1293. Current log-likelihood: -333806.08381
1294. Current log-likelihood: -333806.07707
1295. Current log-likelihood: -333806.07014
1296. Current log-likelihood: -333806.06324
1297. Current log-likelihood: -333806.05636
1298. Current log-likelihood: -333806.05040
1299. Current log-likelihood: -333806.04352
1300. Current log-likelihood: -333806.03648
1301. Current log-likelihood: -333806.02889
1302. Current log-likelihood: -333806.02218
1303. Current log-likelihood: -333806.01531
1304. Current log-likelihood: -333806.00905
1305. Current log-likelihood: -333806.00301
1306. Current log-likelihood: -333805.99621
1307. Current log-likelihood: -333805.98972
1308. Current log-likelihood: -333805.98305
1309. Current log-likelihood: -333805.97732
1310. Current log-likelihood: -333805.96959
1311. Current log-likelihood: -333805.96326
1312. Current log-likelihood: -333805.95710
1313. Current log-likelihood: -333805.95117
1314. Current log-likelihood: -333805.94532
1315. Current log-likelihood: -333805.93969
1316. Current log-likelihood: -333805.93369
1317. Current log-likelihood: -333805.92722
1318. Current log-likelihood: -333805.92166
1319. Current log-likelihood: -333805.91617
1320. Current log-likelihood: -333805.90843
1321. Current log-likelihood: -333805.90191
1322. Current log-likelihood: -333805.89665
1323. Current log-likelihood: -333805.88961
1324. Current log-likelihood: -333805.88311
1325. Current log-likelihood: -333805.87750
1326. Current log-likelihood: -333805.87117
1327. Current log-likelihood: -333805.86566
1328. Current log-likelihood: -333805.86034
1329. Current log-likelihood: -333805.85408
1330. Current log-likelihood: -333805.84776
1331. Current log-likelihood: -333805.84240
1332. Current log-likelihood: -333805.83722
1333. Current log-likelihood: -333805.83207
1334. Current log-likelihood: -333805.82660
1335. Current log-likelihood: -333805.82061
1336. Current log-likelihood: -333805.81294
1337. Current log-likelihood: -333805.80771
1338. Current log-likelihood: -333805.80280
1339. Current log-likelihood: -333805.79760
1340. Current log-likelihood: -333805.79171
1341. Current log-likelihood: -333805.78670
1342. Current log-likelihood: -333805.78169
1343. Current log-likelihood: -333805.77682
1344. Current log-likelihood: -333805.77174
1345. Current log-likelihood: -333805.76691
1346. Current log-likelihood: -333805.76210
1347. Current log-likelihood: -333805.75710
1348. Current log-likelihood: -333805.75116
1349. Current log-likelihood: -333805.74620
1350. Current log-likelihood: -333805.74004
1351. Current log-likelihood: -333805.73538
1352. Current log-likelihood: -333805.73059
1353. Current log-likelihood: -333805.72593
1354. Current log-likelihood: -333805.72056
1355. Current log-likelihood: -333805.71597
1356. Current log-likelihood: -333805.71010
1357. Current log-likelihood: -333805.70513
1358. Current log-likelihood: -333805.70064
1359. Current log-likelihood: -333805.69628
1360. Current log-likelihood: -333805.69117
1361. Current log-likelihood: -333805.68547
1362. Current log-likelihood: -333805.68093
1363. Current log-likelihood: -333805.67096
1364. Current log-likelihood: -333805.66637
1365. Current log-likelihood: -333805.66045
1366. Current log-likelihood: -333805.65612
1367. Current log-likelihood: -333805.65106
1368. Current log-likelihood: -333805.64652
1369. Current log-likelihood: -333805.64208
1370. Current log-likelihood: -333805.63732
1371. Current log-likelihood: -333805.63292
1372. Current log-likelihood: -333805.62878
1373. Current log-likelihood: -333805.62364
1374. Current log-likelihood: -333805.61826
1375. Current log-likelihood: -333805.61331
1376. Current log-likelihood: -333805.60862
1377. Current log-likelihood: -333805.60449
1378. Current log-likelihood: -333805.60014
1379. Current log-likelihood: -333805.59574
1380. Current log-likelihood: -333805.58933
1381. Current log-likelihood: -333805.58644
1382. Current log-likelihood: -333805.58170
1383. Current log-likelihood: -333805.57755
1384. Current log-likelihood: -333805.57341
1385. Current log-likelihood: -333805.56941
1386. Current log-likelihood: -333805.56469
1387. Current log-likelihood: -333805.56207
1388. Current log-likelihood: -333805.55780
1389. Current log-likelihood: -333805.55369
1390. Current log-likelihood: -333805.54957
1391. Current log-likelihood: -333805.54499
1392. Current log-likelihood: -333805.54097
1393. Current log-likelihood: -333805.53711
1394. Current log-likelihood: -333805.53200
1395. Current log-likelihood: -333805.52832
1396. Current log-likelihood: -333805.52469
1397. Current log-likelihood: -333805.52069
1398. Current log-likelihood: -333805.51832
1399. Current log-likelihood: -333805.51441
1400. Current log-likelihood: -333805.51061
1401. Current log-likelihood: -333805.50710
1402. Current log-likelihood: -333805.50469
1403. Current log-likelihood: -333805.50116
1404. Current log-likelihood: -333805.49761
1405. Current log-likelihood: -333805.49536
1406. Current log-likelihood: -333805.49316
1407. Current log-likelihood: -333805.49090
1408. Current log-likelihood: -333805.48611
1409. Current log-likelihood: -333805.48245
1410. Current log-likelihood: -333805.48013
1411. Current log-likelihood: -333805.47813
1412. Current log-likelihood: -333805.47595
1413. Current log-likelihood: -333805.47233
1414. Current log-likelihood: -333805.47007
1415. Current log-likelihood: -333805.46782
1416. Current log-likelihood: -333805.46575
1417. Current log-likelihood: -333805.46125
1418. Current log-likelihood: -333805.45924
1419. Current log-likelihood: -333805.45709
1420. Current log-likelihood: -333805.45338
1421. Current log-likelihood: -333805.45126
1422. Current log-likelihood: -333805.44731
1423. Current log-likelihood: -333805.44514
1424. Current log-likelihood: -333805.44294
1425. Current log-likelihood: -333805.44084
1426. Current log-likelihood: -333805.43884
1427. Current log-likelihood: -333805.43425
1428. Current log-likelihood: -333805.43224
1429. Current log-likelihood: -333805.43032
1430. Current log-likelihood: -333805.42844
1431. Current log-likelihood: -333805.42659
1432. Current log-likelihood: -333805.42469
1433. Current log-likelihood: -333805.42141
1434. Current log-likelihood: -333805.41935
1435. Current log-likelihood: -333805.41750
1436. Current log-likelihood: -333805.41560
1437. Current log-likelihood: -333805.41357
1438. Current log-likelihood: -333805.41160
1439. Current log-likelihood: -333805.40740
1440. Current log-likelihood: -333805.40425
1441. Current log-likelihood: -333805.40230
1442. Current log-likelihood: -333805.40022
1443. Current log-likelihood: -333805.39835
1444. Current log-likelihood: -333805.39650
1445. Current log-likelihood: -333805.39473
1446. Current log-likelihood: -333805.39298
1447. Current log-likelihood: -333805.38978
1448. Current log-likelihood: -333805.38799
1449. Current log-likelihood: -333805.38616
1450. Current log-likelihood: -333805.38431
1451. Current log-likelihood: -333805.38265
1452. Current log-likelihood: -333805.38075
1453. Current log-likelihood: -333805.37876
1454. Current log-likelihood: -333805.37715
1455. Current log-likelihood: -333805.37530
1456. Current log-likelihood: -333805.37365
1457. Current log-likelihood: -333805.37204
1458. Current log-likelihood: -333805.36802
1459. Current log-likelihood: -333805.36613
1460. Current log-likelihood: -333805.36311
1461. Current log-likelihood: -333805.36137
1462. Current log-likelihood: -333805.35938
1463. Current log-likelihood: -333805.35776
1464. Current log-likelihood: -333805.35618
1465. Current log-likelihood: -333805.35454
1466. Current log-likelihood: -333805.35272
1467. Current log-likelihood: -333805.35095
1468. Current log-likelihood: -333805.34901
1469. Current log-likelihood: -333805.34732
1470. Current log-likelihood: -333805.34571
1471. Current log-likelihood: -333805.34394
1472. Current log-likelihood: -333805.34216
1473. Current log-likelihood: -333805.33742
1474. Current log-likelihood: -333805.33571
1475. Current log-likelihood: -333805.33410
1476. Current log-likelihood: -333805.33259
1477. Current log-likelihood: -333805.33081
1478. Current log-likelihood: -333805.32919
1479. Current log-likelihood: -333805.32753
1480. Current log-likelihood: -333805.32590
1481. Current log-likelihood: -333805.32437
1482. Current log-likelihood: -333805.32288
1483. Current log-likelihood: -333805.32129
1484. Current log-likelihood: -333805.31979
1485. Current log-likelihood: -333805.31690
1486. Current log-likelihood: -333805.31528
1487. Current log-likelihood: -333805.31352
1488. Current log-likelihood: -333805.31175
1489. Current log-likelihood: -333805.31009
1490. Current log-likelihood: -333805.30856
1491. Current log-likelihood: -333805.30700
1492. Current log-likelihood: -333805.30566
1493. Current log-likelihood: -333805.30206
1494. Current log-likelihood: -333805.30034
1495. Current log-likelihood: -333805.29884
1496. Current log-likelihood: -333805.29745
1497. Current log-likelihood: -333805.29595
1498. Current log-likelihood: -333805.29432
1499. Current log-likelihood: -333805.29297
1500. Current log-likelihood: -333805.29149
1501. Current log-likelihood: -333805.29022
1502. Current log-likelihood: -333805.28886
1503. Current log-likelihood: -333805.28755
1504. Current log-likelihood: -333805.28611
1505. Current log-likelihood: -333805.28462
1506. Current log-likelihood: -333805.28311
1507. Current log-likelihood: -333805.28179
1508. Current log-likelihood: -333805.28022
1509. Current log-likelihood: -333805.27872
1510. Current log-likelihood: -333805.27572
1511. Current log-likelihood: -333805.27444
1512. Current log-likelihood: -333805.27308
1513. Current log-likelihood: -333805.27151
1514. Current log-likelihood: -333805.27023
1515. Current log-likelihood: -333805.26876
1516. Current log-likelihood: -333805.26747
1517. Current log-likelihood: -333805.26444
1518. Current log-likelihood: -333805.26288
1519. Current log-likelihood: -333805.26149
1520. Current log-likelihood: -333805.26022
1521. Current log-likelihood: -333805.25873
1522. Current log-likelihood: -333805.25737
1523. Current log-likelihood: -333805.25596
1524. Current log-likelihood: -333805.25450
1525. Current log-likelihood: -333805.25278
1526. Current log-likelihood: -333805.25151
1527. Current log-likelihood: -333805.25022
1528. Current log-likelihood: -333805.24901
1529. Current log-likelihood: -333805.24758
1530. Current log-likelihood: -333805.24612
1531. Current log-likelihood: -333805.24476
1532. Current log-likelihood: -333805.24327
1533. Current log-likelihood: -333805.24181
1534. Current log-likelihood: -333805.24026
1535. Current log-likelihood: -333805.23900
1536. Current log-likelihood: -333805.23753
1537. Current log-likelihood: -333805.23626
1538. Current log-likelihood: -333805.23486
1539. Current log-likelihood: -333805.23360
1540. Current log-likelihood: -333805.23255
1541. Current log-likelihood: -333805.23146
1542. Current log-likelihood: -333805.23013
1543. Current log-likelihood: -333805.22881
1544. Current log-likelihood: -333805.22770
1545. Current log-likelihood: -333805.22637
1546. Current log-likelihood: -333805.22478
1547. Current log-likelihood: -333805.22314
1548. Current log-likelihood: -333805.22188
1549. Current log-likelihood: -333805.22063
1550. Current log-likelihood: -333805.21943
1551. Current log-likelihood: -333805.21835
1552. Current log-likelihood: -333805.21711
1553. Current log-likelihood: -333805.21601
1554. Current log-likelihood: -333805.21481
1555. Current log-likelihood: -333805.21359
1556. Current log-likelihood: -333805.21246
1557. Current log-likelihood: -333805.21118
1558. Current log-likelihood: -333805.21005
1559. Current log-likelihood: -333805.20886
1560. Current log-likelihood: -333805.20732
1561. Current log-likelihood: -333805.20617
1562. Current log-likelihood: -333805.20482
1563. Current log-likelihood: -333805.20327
1564. Current log-likelihood: -333805.20221
1565. Current log-likelihood: -333805.20112
1566. Current log-likelihood: -333805.19993
1567. Current log-likelihood: -333805.19891
1568. Current log-likelihood: -333805.19788
1569. Current log-likelihood: -333805.19689
Final estimation on weights:
0.09179,0.25479,0.04522,0.02059,0.05152,0.48809,0.04799
Wrote distance file to... 
BEST SCORE FOUND : -333805.19689
Site log-likelihoods per category printed to output_mast_repeats/mast_model_7/mast_model_7.sitelh
Total tree lengths: 1.14228 10.01519 2.32126 0.67683 0.19460 0.08240 0.44639

Total number of iterations: 1567
CPU time used for tree search: 0.00001 sec (0h:0m:0s)
Wall-clock time used for tree search: 0.00001 sec (0h:0m:0s)
Total CPU time used: 7370.98488 sec (2h:2m:50s)
Total wall-clock time used: 1976.44393 sec (0h:32m:56s)

Analysis results written to: 
  IQ-TREE report:                output_mast_repeats/mast_model_7/mast_model_7.iqtree
  Maximum-likelihood tree:       output_mast_repeats/mast_model_7/mast_model_7.treefile
  Site log-likelihoods:          output_mast_repeats/mast_model_7/mast_model_7.sitelh
  Screen log file:               output_mast_repeats/mast_model_7/mast_model_7.log

Date and Time: Thu Oct 30 16:13:48 2025
