IQ-TREE multicore version 2.4.0 for Linux x86 64-bit built Feb  7 2025
Developed by Bui Quang Minh, Nguyen Lam Tung, Olga Chernomor, Heiko Schmidt,
Dominik Schrempf, Michael Woodhams, Ly Trong Nhan, Thomas Wong

Host:    ku-01 (AVX2, FMA3, 251 GB RAM)
Command: iqtree2 -s iqtree_output_africa/aln_segment_81377_to_91548.fasta -t iqtree_output_africa/aln_segment_81377_to_91548.treefile -m GTR+FO+R4 -nt 10 --scf 100 -pre iqtree_output_africa_scf/aln_segment_81377_to_91548_scf
Seed:    130975 (Using SPRNG - Scalable Parallel Random Number Generator)
Time:    Thu Oct 30 12:05:44 2025
Kernel:  AVX+FMA - 10 threads (64 CPU cores detected)

Reading alignment file iqtree_output_africa/aln_segment_81377_to_91548.fasta ... Fasta format detected
Reading fasta file: done in 0.00318915 secs using 96.51% CPU
Alignment most likely contains DNA/RNA sequences
Alignment has 29 sequences with 10172 columns, 277 distinct patterns
1988 parsimony-informative, 86 singleton sites, 8098 constant sites
                              Gap/Ambiguity  Composition  p-value
Analyzing sequences: done in 1.30543e-05 secs using 91.92% CPU
   1  HM585496_Human_herpesvirus_1    0.00%    passed     20.57%
   2  HM585497_Human_herpesvirus_1    0.01%    passed     32.90%
   3  HM585498_Human_herpesvirus_1    0.00%    passed     39.79%
   4  HM585499_Human_herpesvirus_1    0.00%    passed     17.61%
   5  HM585500_Human_herpesvirus_1    0.00%    passed     17.61%
   6  HM585501_Human_herpesvirus_1    0.01%    passed     36.31%
   7  HM585502_Human_herpesvirus_1    0.01%    passed     34.19%
   8  HM585503_Human_herpesvirus_1    0.00%    passed     18.31%
   9  HM585504_Human_herpesvirus_1    0.00%    passed     17.41%
  10  HM585505_Human_herpesvirus_1    0.00%    passed     18.31%
  11  HM585506_Human_herpesvirus_1    0.00%    passed     19.04%
  12  HM585507_Human_herpesvirus_1    0.00%    passed     18.31%
  13  HM585509_Human_herpesvirus_1    0.00%    passed     33.86%
  14  HM585510_Human_herpesvirus_1    0.00%    passed     31.97%
  15  HM585511_Human_herpesvirus_1    0.00%    passed     39.79%
  16  KR135299_Human_herpesvirus_2    2.28%    passed     18.68%
  17  KR135300_Human_herpesvirus_2    2.34%    passed     15.49%
  18  KR135301_Human_herpesvirus_2    2.28%    passed     18.68%
  19  KR135302_Human_herpesvirus_2    2.27%    passed     20.94%
  20  KR135303_Human_herpesvirus_2    2.28%    passed     21.97%
  21  KR135304_Human_herpesvirus_2    2.27%    passed     18.71%
  22  KR135305_Human_herpesvirus_2    2.34%    passed     18.93%
  23  KR135306_Human_herpesvirus_2    2.26%    passed     16.86%
  24  KR135307_Human_herpesvirus_2    2.30%    passed     19.38%
  25  KR135315_Human_herpesvirus_2    2.30%    passed     22.50%
  26  KR135316_Human_herpesvirus_2    2.27%    passed     20.18%
  27  KR135317_Human_herpesvirus_2    2.27%    passed     20.20%
  28  KR135318_Human_herpesvirus_2    2.28%    passed     16.10%
  29  KR135319_Human_herpesvirus_2    2.30%    passed     19.38%
****  TOTAL                           1.11%  0 sequences failed composition chi2 test (p-value<5%; df=3)
Reading tree iqtree_output_africa/aln_segment_81377_to_91548.treefile ...
un-rooted tree with 29 taxa and 55 branches
Computing site concordance factor...
0.003 sec
Tree with concordance factors written to iqtree_output_africa_scf/aln_segment_81377_to_91548_scf.cf.tree
Annotated tree (best viewed in FigTree) written to iqtree_output_africa_scf/aln_segment_81377_to_91548_scf.cf.tree.nex
Tree with branch IDs written to iqtree_output_africa_scf/aln_segment_81377_to_91548_scf.cf.branch
Concordance factors per branch printed to iqtree_output_africa_scf/aln_segment_81377_to_91548_scf.cf.stat
WARNING: You probably want the --scfl option. The site concordance factor
 implemented with the --scf option is based on parsimony (described here:
 https://doi.org/10.1093/molbev/msaa106). It has since been superseded by a more
 accurate likelihood-based approach which is implemented in the --scfl option, and
 is described in the paper "Updated site concordance factors minimize effects of
 homoplasy and taxon sampling" by Yu et al.. Please see the tutorial here for more
 information: http://www.iqtree.org/doc/Concordance-Factor
Date and Time: Thu Oct 30 12:05:44 2025
