IQ-TREE multicore version 2.4.0 for Linux x86 64-bit built Feb  7 2025
Developed by Bui Quang Minh, Nguyen Lam Tung, Olga Chernomor, Heiko Schmidt,
Dominik Schrempf, Michael Woodhams, Ly Trong Nhan, Thomas Wong

Host:    ku-01 (AVX2, FMA3, 251 GB RAM)
Command: iqtree2 -s iqtree_output_africa/aln_segment_122065_to_132236.fasta -t iqtree_output_africa/aln_segment_122065_to_132236.treefile -m GTR+FO+R4 -nt 10 --scf 100 -pre iqtree_output_africa_scf/aln_segment_122065_to_132236_scf
Seed:    966200 (Using SPRNG - Scalable Parallel Random Number Generator)
Time:    Thu Oct 30 12:05:43 2025
Kernel:  AVX+FMA - 10 threads (64 CPU cores detected)

Reading alignment file iqtree_output_africa/aln_segment_122065_to_132236.fasta ... Fasta format detected
Reading fasta file: done in 0.00277736 secs using 97.11% CPU
Alignment most likely contains DNA/RNA sequences
Alignment has 29 sequences with 10172 columns, 568 distinct patterns
2587 parsimony-informative, 132 singleton sites, 7453 constant sites
                              Gap/Ambiguity  Composition  p-value
Analyzing sequences: done in 2.24821e-05 secs
   1  HM585496_Human_herpesvirus_1    1.02%    passed     80.62%
   2  HM585497_Human_herpesvirus_1    0.99%    passed     91.73%
   3  HM585498_Human_herpesvirus_1    0.87%    passed     94.90%
   4  HM585499_Human_herpesvirus_1    1.07%    passed     81.80%
   5  HM585500_Human_herpesvirus_1    1.08%    passed     81.54%
   6  HM585501_Human_herpesvirus_1    0.98%    passed     97.38%
   7  HM585502_Human_herpesvirus_1    1.01%    passed     95.20%
   8  HM585503_Human_herpesvirus_1    1.12%    passed     86.90%
   9  HM585504_Human_herpesvirus_1    0.99%    passed     81.61%
  10  HM585505_Human_herpesvirus_1    1.11%    passed     87.13%
  11  HM585506_Human_herpesvirus_1    0.98%    passed     82.57%
  12  HM585507_Human_herpesvirus_1    1.11%    passed     87.59%
  13  HM585509_Human_herpesvirus_1    0.47%    passed     94.25%
  14  HM585510_Human_herpesvirus_1    0.48%    passed     90.71%
  15  HM585511_Human_herpesvirus_1    0.92%    passed     94.57%
  16  KR135299_Human_herpesvirus_2    5.31%    passed     90.80%
  17  KR135300_Human_herpesvirus_2    5.09%    passed     88.32%
  18  KR135301_Human_herpesvirus_2    4.64%    passed     83.28%
  19  KR135302_Human_herpesvirus_2    4.49%    passed     92.95%
  20  KR135303_Human_herpesvirus_2    4.78%    passed     85.89%
  21  KR135304_Human_herpesvirus_2    5.05%    passed     82.22%
  22  KR135305_Human_herpesvirus_2    5.20%    passed     87.26%
  23  KR135306_Human_herpesvirus_2    5.19%    passed     91.07%
  24  KR135307_Human_herpesvirus_2    5.21%    passed     86.94%
  25  KR135315_Human_herpesvirus_2    5.17%    passed     90.72%
  26  KR135316_Human_herpesvirus_2    4.38%    passed     85.22%
  27  KR135317_Human_herpesvirus_2    5.35%    passed     90.50%
  28  KR135318_Human_herpesvirus_2    5.08%    passed     85.64%
  29  KR135319_Human_herpesvirus_2    4.70%    passed     88.81%
****  TOTAL                           2.89%  0 sequences failed composition chi2 test (p-value<5%; df=3)
Reading tree iqtree_output_africa/aln_segment_122065_to_132236.treefile ...
un-rooted tree with 29 taxa and 55 branches
Computing site concordance factor...
0.005 sec
Tree with concordance factors written to iqtree_output_africa_scf/aln_segment_122065_to_132236_scf.cf.tree
Annotated tree (best viewed in FigTree) written to iqtree_output_africa_scf/aln_segment_122065_to_132236_scf.cf.tree.nex
Tree with branch IDs written to iqtree_output_africa_scf/aln_segment_122065_to_132236_scf.cf.branch
Concordance factors per branch printed to iqtree_output_africa_scf/aln_segment_122065_to_132236_scf.cf.stat
WARNING: You probably want the --scfl option. The site concordance factor
 implemented with the --scf option is based on parsimony (described here:
 https://doi.org/10.1093/molbev/msaa106). It has since been superseded by a more
 accurate likelihood-based approach which is implemented in the --scfl option, and
 is described in the paper "Updated site concordance factors minimize effects of
 homoplasy and taxon sampling" by Yu et al.. Please see the tutorial here for more
 information: http://www.iqtree.org/doc/Concordance-Factor
Date and Time: Thu Oct 30 12:05:43 2025
