IQ-TREE multicore version 2.4.0 for Linux x86 64-bit built Feb  7 2025
Developed by Bui Quang Minh, Nguyen Lam Tung, Olga Chernomor, Heiko Schmidt,
Dominik Schrempf, Michael Woodhams, Ly Trong Nhan, Thomas Wong

Host:    ku-01 (AVX2, FMA3, 251 GB RAM)
Command: iqtree2 -s iqtree_output_africa/aln_segment_71205_to_81376.fasta -t iqtree_output_africa/aln_segment_71205_to_81376.treefile -m GTR+FO+R4 -nt 10 --scf 100 -pre iqtree_output_africa_scf/aln_segment_71205_to_81376_scf
Seed:    113297 (Using SPRNG - Scalable Parallel Random Number Generator)
Time:    Thu Oct 30 12:05:44 2025
Kernel:  AVX+FMA - 10 threads (64 CPU cores detected)

Reading alignment file iqtree_output_africa/aln_segment_71205_to_81376.fasta ... Fasta format detected
Reading fasta file: done in 0.00253861 secs using 96.82% CPU
Alignment most likely contains DNA/RNA sequences
Alignment has 29 sequences with 10172 columns, 319 distinct patterns
1964 parsimony-informative, 107 singleton sites, 8101 constant sites
                              Gap/Ambiguity  Composition  p-value
Analyzing sequences: done in 1.28951e-05 secs using 93.06% CPU
   1  HM585496_Human_herpesvirus_1    0.20%    passed     19.28%
   2  HM585497_Human_herpesvirus_1    0.08%    passed     35.81%
   3  HM585498_Human_herpesvirus_1    0.08%    passed     47.65%
   4  HM585499_Human_herpesvirus_1    0.23%    passed     17.98%
   5  HM585500_Human_herpesvirus_1    0.23%    passed     17.98%
   6  HM585501_Human_herpesvirus_1    0.12%    passed     45.01%
   7  HM585502_Human_herpesvirus_1    0.13%    passed     37.15%
   8  HM585503_Human_herpesvirus_1    0.21%    passed     17.86%
   9  HM585504_Human_herpesvirus_1    0.03%    passed     32.93%
  10  HM585505_Human_herpesvirus_1    0.22%    passed     17.63%
  11  HM585506_Human_herpesvirus_1    0.20%    passed     16.70%
  12  HM585507_Human_herpesvirus_1    0.21%    passed     17.86%
  13  HM585509_Human_herpesvirus_1    0.13%    passed     18.71%
  14  HM585510_Human_herpesvirus_1    0.12%    passed     30.92%
  15  HM585511_Human_herpesvirus_1    0.09%    passed     47.32%
  16  KR135299_Human_herpesvirus_2    0.97%    passed     21.63%
  17  KR135300_Human_herpesvirus_2    1.00%    passed     22.11%
  18  KR135301_Human_herpesvirus_2    0.98%    passed     25.24%
  19  KR135302_Human_herpesvirus_2    0.90%    passed     16.17%
  20  KR135303_Human_herpesvirus_2    0.97%    passed     21.54%
  21  KR135304_Human_herpesvirus_2    0.94%    passed     20.92%
  22  KR135305_Human_herpesvirus_2    0.96%    passed     13.72%
  23  KR135306_Human_herpesvirus_2    0.97%    passed     25.67%
  24  KR135307_Human_herpesvirus_2    0.96%    passed     20.66%
  25  KR135315_Human_herpesvirus_2    1.03%    passed     23.30%
  26  KR135316_Human_herpesvirus_2    0.94%    passed     21.10%
  27  KR135317_Human_herpesvirus_2    0.95%    passed     22.37%
  28  KR135318_Human_herpesvirus_2    1.02%    passed     17.02%
  29  KR135319_Human_herpesvirus_2    0.97%    passed     20.88%
****  TOTAL                           0.55%  0 sequences failed composition chi2 test (p-value<5%; df=3)
Reading tree iqtree_output_africa/aln_segment_71205_to_81376.treefile ...
un-rooted tree with 29 taxa and 55 branches
Computing site concordance factor...
0.004 sec
Tree with concordance factors written to iqtree_output_africa_scf/aln_segment_71205_to_81376_scf.cf.tree
Annotated tree (best viewed in FigTree) written to iqtree_output_africa_scf/aln_segment_71205_to_81376_scf.cf.tree.nex
Tree with branch IDs written to iqtree_output_africa_scf/aln_segment_71205_to_81376_scf.cf.branch
Concordance factors per branch printed to iqtree_output_africa_scf/aln_segment_71205_to_81376_scf.cf.stat
WARNING: You probably want the --scfl option. The site concordance factor
 implemented with the --scf option is based on parsimony (described here:
 https://doi.org/10.1093/molbev/msaa106). It has since been superseded by a more
 accurate likelihood-based approach which is implemented in the --scfl option, and
 is described in the paper "Updated site concordance factors minimize effects of
 homoplasy and taxon sampling" by Yu et al.. Please see the tutorial here for more
 information: http://www.iqtree.org/doc/Concordance-Factor
Date and Time: Thu Oct 30 12:05:44 2025
