IQ-TREE multicore version 2.4.0 for Linux x86 64-bit built Feb  7 2025
Developed by Bui Quang Minh, Nguyen Lam Tung, Olga Chernomor, Heiko Schmidt,
Dominik Schrempf, Michael Woodhams, Ly Trong Nhan, Thomas Wong

Host:    ku-01 (AVX2, FMA3, 251 GB RAM)
Command: iqtree2 -s iqtree_output_africa/aln_segment_10173_to_20344.fasta -t iqtree_output_africa/aln_segment_10173_to_20344.treefile -m GTR+FO+R4 -nt 10 --scf 100 -pre iqtree_output_africa_scf/aln_segment_10173_to_20344_scf
Seed:    923526 (Using SPRNG - Scalable Parallel Random Number Generator)
Time:    Thu Oct 30 12:05:43 2025
Kernel:  AVX+FMA - 10 threads (64 CPU cores detected)

Reading alignment file iqtree_output_africa/aln_segment_10173_to_20344.fasta ... Fasta format detected
Reading fasta file: done in 0.00254206 secs using 85.52% CPU
Alignment most likely contains DNA/RNA sequences
Alignment has 29 sequences with 10172 columns, 282 distinct patterns
1610 parsimony-informative, 100 singleton sites, 8462 constant sites
                              Gap/Ambiguity  Composition  p-value
Analyzing sequences: done in 1.34353e-05 secs using 89.32% CPU
   1  HM585496_Human_herpesvirus_1    0.03%    passed      8.86%
   2  HM585497_Human_herpesvirus_1    0.11%    passed     12.25%
   3  HM585498_Human_herpesvirus_1    0.04%    passed      7.60%
   4  HM585499_Human_herpesvirus_1    0.04%    passed      9.46%
   5  HM585500_Human_herpesvirus_1    0.02%    passed      9.75%
   6  HM585501_Human_herpesvirus_1    0.05%    passed      6.50%
   7  HM585502_Human_herpesvirus_1    0.07%    passed      6.07%
   8  HM585503_Human_herpesvirus_1    0.05%    passed      9.43%
   9  HM585504_Human_herpesvirus_1    0.07%    passed      5.50%
  10  HM585505_Human_herpesvirus_1    0.04%    passed      9.58%
  11  HM585506_Human_herpesvirus_1    0.04%    passed      8.61%
  12  HM585507_Human_herpesvirus_1    0.05%    passed      9.43%
  13  HM585509_Human_herpesvirus_1    0.09%    passed      5.41%
  14  HM585510_Human_herpesvirus_1    0.12%    passed      8.29%
  15  HM585511_Human_herpesvirus_1    0.07%    passed      8.01%
  16  KR135299_Human_herpesvirus_2    2.53%    passed      6.07%
  17  KR135300_Human_herpesvirus_2    2.55%    failed      4.63%
  18  KR135301_Human_herpesvirus_2    2.53%    passed      5.54%
  19  KR135302_Human_herpesvirus_2    2.53%    passed      5.07%
  20  KR135303_Human_herpesvirus_2    2.59%    failed      4.97%
  21  KR135304_Human_herpesvirus_2    2.53%    passed      5.10%
  22  KR135305_Human_herpesvirus_2    2.55%    failed      3.88%
  23  KR135306_Human_herpesvirus_2    2.53%    failed      4.62%
  24  KR135307_Human_herpesvirus_2    2.53%    failed      4.36%
  25  KR135315_Human_herpesvirus_2    2.53%    failed      4.63%
  26  KR135316_Human_herpesvirus_2    2.55%    failed      4.34%
  27  KR135317_Human_herpesvirus_2    2.61%    failed      4.71%
  28  KR135318_Human_herpesvirus_2    2.55%    passed      5.33%
  29  KR135319_Human_herpesvirus_2    2.53%    failed      4.36%
****  TOTAL                           1.26%  9 sequences failed composition chi2 test (p-value<5%; df=3)
Reading tree iqtree_output_africa/aln_segment_10173_to_20344.treefile ...
un-rooted tree with 29 taxa and 55 branches
Computing site concordance factor...
0.003 sec
Tree with concordance factors written to iqtree_output_africa_scf/aln_segment_10173_to_20344_scf.cf.tree
Annotated tree (best viewed in FigTree) written to iqtree_output_africa_scf/aln_segment_10173_to_20344_scf.cf.tree.nex
Tree with branch IDs written to iqtree_output_africa_scf/aln_segment_10173_to_20344_scf.cf.branch
Concordance factors per branch printed to iqtree_output_africa_scf/aln_segment_10173_to_20344_scf.cf.stat
WARNING: You probably want the --scfl option. The site concordance factor
 implemented with the --scf option is based on parsimony (described here:
 https://doi.org/10.1093/molbev/msaa106). It has since been superseded by a more
 accurate likelihood-based approach which is implemented in the --scfl option, and
 is described in the paper "Updated site concordance factors minimize effects of
 homoplasy and taxon sampling" by Yu et al.. Please see the tutorial here for more
 information: http://www.iqtree.org/doc/Concordance-Factor
Date and Time: Thu Oct 30 12:05:43 2025
