IQ-TREE multicore version 2.4.0 for Linux x86 64-bit built Feb  7 2025
Developed by Bui Quang Minh, Nguyen Lam Tung, Olga Chernomor, Heiko Schmidt,
Dominik Schrempf, Michael Woodhams, Ly Trong Nhan, Thomas Wong

Host:    ku-01 (AVX2, FMA3, 251 GB RAM)
Command: iqtree2 -s iqtree_output_africa/aln_segment_50861_to_61032.fasta -t iqtree_output_africa/aln_segment_50861_to_61032.treefile -m GTR+FO+R4 -nt 10 --scf 100 -pre iqtree_output_africa_scf/aln_segment_50861_to_61032_scf
Seed:    80747 (Using SPRNG - Scalable Parallel Random Number Generator)
Time:    Thu Oct 30 12:05:44 2025
Kernel:  AVX+FMA - 10 threads (64 CPU cores detected)

Reading alignment file iqtree_output_africa/aln_segment_50861_to_61032.fasta ... Fasta format detected
Reading fasta file: done in 0.00253097 secs using 90.72% CPU
Alignment most likely contains DNA/RNA sequences
Alignment has 29 sequences with 10172 columns, 241 distinct patterns
1365 parsimony-informative, 95 singleton sites, 8712 constant sites
                              Gap/Ambiguity  Composition  p-value
Analyzing sequences: done in 1.52588e-05 secs using 98.3% CPU
   1  HM585496_Human_herpesvirus_1    0.07%    passed     43.03%
   2  HM585497_Human_herpesvirus_1    0.05%    passed     43.09%
   3  HM585498_Human_herpesvirus_1    0.00%    passed     51.40%
   4  HM585499_Human_herpesvirus_1    0.06%    passed     45.75%
   5  HM585500_Human_herpesvirus_1    0.06%    passed     45.75%
   6  HM585501_Human_herpesvirus_1    0.05%    passed     40.57%
   7  HM585502_Human_herpesvirus_1    0.00%    passed     42.59%
   8  HM585503_Human_herpesvirus_1    0.06%    passed     44.56%
   9  HM585504_Human_herpesvirus_1    0.07%    passed     57.78%
  10  HM585505_Human_herpesvirus_1    0.06%    passed     44.56%
  11  HM585506_Human_herpesvirus_1    0.06%    passed     44.56%
  12  HM585507_Human_herpesvirus_1    0.06%    passed     44.56%
  13  HM585509_Human_herpesvirus_1    1.49%    passed     86.58%
  14  HM585510_Human_herpesvirus_1    1.47%    passed     82.45%
  15  HM585511_Human_herpesvirus_1    1.45%    passed     86.30%
  16  KR135299_Human_herpesvirus_2    0.97%    passed     53.68%
  17  KR135300_Human_herpesvirus_2    0.98%    passed     47.05%
  18  KR135301_Human_herpesvirus_2    0.97%    passed     52.29%
  19  KR135302_Human_herpesvirus_2    0.98%    passed     44.75%
  20  KR135303_Human_herpesvirus_2    0.97%    passed     50.58%
  21  KR135304_Human_herpesvirus_2    0.98%    passed     48.08%
  22  KR135305_Human_herpesvirus_2    1.01%    passed     37.13%
  23  KR135306_Human_herpesvirus_2    0.97%    passed     49.41%
  24  KR135307_Human_herpesvirus_2    0.98%    passed     49.03%
  25  KR135315_Human_herpesvirus_2    0.97%    passed     43.04%
  26  KR135316_Human_herpesvirus_2    0.98%    passed     46.81%
  27  KR135317_Human_herpesvirus_2    1.07%    passed     51.24%
  28  KR135318_Human_herpesvirus_2    0.94%    passed     45.72%
  29  KR135319_Human_herpesvirus_2    0.98%    passed     49.03%
****  TOTAL                           0.65%  0 sequences failed composition chi2 test (p-value<5%; df=3)
Reading tree iqtree_output_africa/aln_segment_50861_to_61032.treefile ...
un-rooted tree with 29 taxa and 55 branches
Computing site concordance factor...
0.002 sec
Tree with concordance factors written to iqtree_output_africa_scf/aln_segment_50861_to_61032_scf.cf.tree
Annotated tree (best viewed in FigTree) written to iqtree_output_africa_scf/aln_segment_50861_to_61032_scf.cf.tree.nex
Tree with branch IDs written to iqtree_output_africa_scf/aln_segment_50861_to_61032_scf.cf.branch
Concordance factors per branch printed to iqtree_output_africa_scf/aln_segment_50861_to_61032_scf.cf.stat
WARNING: You probably want the --scfl option. The site concordance factor
 implemented with the --scf option is based on parsimony (described here:
 https://doi.org/10.1093/molbev/msaa106). It has since been superseded by a more
 accurate likelihood-based approach which is implemented in the --scfl option, and
 is described in the paper "Updated site concordance factors minimize effects of
 homoplasy and taxon sampling" by Yu et al.. Please see the tutorial here for more
 information: http://www.iqtree.org/doc/Concordance-Factor
Date and Time: Thu Oct 30 12:05:44 2025
