IQ-TREE multicore version 2.4.0 for Linux x86 64-bit built Feb  7 2025
Developed by Bui Quang Minh, Nguyen Lam Tung, Olga Chernomor, Heiko Schmidt,
Dominik Schrempf, Michael Woodhams, Ly Trong Nhan, Thomas Wong

Host:    ku-01 (AVX2, FMA3, 251 GB RAM)
Command: iqtree2 -s iqtree_output_africa/aln_segment_20345_to_30516.fasta -t iqtree_output_africa/aln_segment_20345_to_30516.treefile -m GTR+FO+R4 -nt 10 --scf 100 -pre iqtree_output_africa_scf/aln_segment_20345_to_30516_scf
Seed:    28240 (Using SPRNG - Scalable Parallel Random Number Generator)
Time:    Thu Oct 30 12:05:44 2025
Kernel:  AVX+FMA - 10 threads (64 CPU cores detected)

Reading alignment file iqtree_output_africa/aln_segment_20345_to_30516.fasta ... Fasta format detected
Reading fasta file: done in 0.00317143 secs using 88.1% CPU
Alignment most likely contains DNA/RNA sequences
Alignment has 29 sequences with 10172 columns, 258 distinct patterns
1708 parsimony-informative, 70 singleton sites, 8394 constant sites
                              Gap/Ambiguity  Composition  p-value
Analyzing sequences: done in 9.54792e-06 secs using 94.26% CPU
   1  HM585496_Human_herpesvirus_1    0.09%    passed      5.24%
   2  HM585497_Human_herpesvirus_1    0.04%    passed     10.57%
   3  HM585498_Human_herpesvirus_1    0.04%    passed      5.22%
   4  HM585499_Human_herpesvirus_1    0.07%    failed      4.88%
   5  HM585500_Human_herpesvirus_1    0.07%    passed      5.18%
   6  HM585501_Human_herpesvirus_1    0.04%    passed     10.64%
   7  HM585502_Human_herpesvirus_1    0.03%    passed      9.08%
   8  HM585503_Human_herpesvirus_1    0.06%    passed      5.26%
   9  HM585504_Human_herpesvirus_1    0.04%    passed     13.13%
  10  HM585505_Human_herpesvirus_1    0.06%    passed      5.26%
  11  HM585506_Human_herpesvirus_1    0.08%    failed      4.29%
  12  HM585507_Human_herpesvirus_1    0.06%    passed      5.26%
  13  HM585509_Human_herpesvirus_1    0.00%    passed     13.38%
  14  HM585510_Human_herpesvirus_1    0.04%    passed     11.59%
  15  HM585511_Human_herpesvirus_1    0.03%    passed      7.76%
  16  KR135299_Human_herpesvirus_2    1.54%    passed      5.77%
  17  KR135300_Human_herpesvirus_2    1.57%    failed      4.48%
  18  KR135301_Human_herpesvirus_2    1.53%    failed      4.96%
  19  KR135302_Human_herpesvirus_2    1.57%    failed      3.20%
  20  KR135303_Human_herpesvirus_2    1.59%    failed      3.87%
  21  KR135304_Human_herpesvirus_2    1.53%    failed      4.30%
  22  KR135305_Human_herpesvirus_2    1.55%    failed      3.79%
  23  KR135306_Human_herpesvirus_2    1.53%    failed      4.30%
  24  KR135307_Human_herpesvirus_2    1.55%    failed      4.53%
  25  KR135315_Human_herpesvirus_2    1.65%    failed      4.23%
  26  KR135316_Human_herpesvirus_2    1.56%    failed      4.40%
  27  KR135317_Human_herpesvirus_2    1.55%    failed      4.79%
  28  KR135318_Human_herpesvirus_2    1.54%    failed      4.95%
  29  KR135319_Human_herpesvirus_2    1.55%    failed      4.53%
****  TOTAL                           0.78%  15 sequences failed composition chi2 test (p-value<5%; df=3)
Reading tree iqtree_output_africa/aln_segment_20345_to_30516.treefile ...
un-rooted tree with 29 taxa and 55 branches
Computing site concordance factor...
0.003 sec
Tree with concordance factors written to iqtree_output_africa_scf/aln_segment_20345_to_30516_scf.cf.tree
Annotated tree (best viewed in FigTree) written to iqtree_output_africa_scf/aln_segment_20345_to_30516_scf.cf.tree.nex
Tree with branch IDs written to iqtree_output_africa_scf/aln_segment_20345_to_30516_scf.cf.branch
Concordance factors per branch printed to iqtree_output_africa_scf/aln_segment_20345_to_30516_scf.cf.stat
WARNING: You probably want the --scfl option. The site concordance factor
 implemented with the --scf option is based on parsimony (described here:
 https://doi.org/10.1093/molbev/msaa106). It has since been superseded by a more
 accurate likelihood-based approach which is implemented in the --scfl option, and
 is described in the paper "Updated site concordance factors minimize effects of
 homoplasy and taxon sampling" by Yu et al.. Please see the tutorial here for more
 information: http://www.iqtree.org/doc/Concordance-Factor
Date and Time: Thu Oct 30 12:05:44 2025
