IQ-TREE multicore version 2.4.0 for Linux x86 64-bit built Feb  7 2025
Developed by Bui Quang Minh, Nguyen Lam Tung, Olga Chernomor, Heiko Schmidt,
Dominik Schrempf, Michael Woodhams, Ly Trong Nhan, Thomas Wong

Host:    ku-01 (AVX2, FMA3, 251 GB RAM)
Command: iqtree2 -s iqtree_output_africa/aln_segment_40689_to_50860.fasta -t iqtree_output_africa/aln_segment_40689_to_50860.treefile -m GTR+FO+R4 -nt 10 --scf 100 -pre iqtree_output_africa_scf/aln_segment_40689_to_50860_scf
Seed:    63502 (Using SPRNG - Scalable Parallel Random Number Generator)
Time:    Thu Oct 30 12:05:44 2025
Kernel:  AVX+FMA - 10 threads (64 CPU cores detected)

Reading alignment file iqtree_output_africa/aln_segment_40689_to_50860.fasta ... Fasta format detected
Reading fasta file: done in 0.00253981 secs using 65.75% CPU
Alignment most likely contains DNA/RNA sequences
Alignment has 29 sequences with 10172 columns, 342 distinct patterns
1832 parsimony-informative, 99 singleton sites, 8241 constant sites
                              Gap/Ambiguity  Composition  p-value
Analyzing sequences: done in 1.12019e-05 secs using 89.27% CPU
   1  HM585496_Human_herpesvirus_1    0.32%    passed     52.22%
   2  HM585497_Human_herpesvirus_1    0.30%    passed     48.83%
   3  HM585498_Human_herpesvirus_1    0.27%    passed     30.72%
   4  HM585499_Human_herpesvirus_1    0.29%    passed     49.93%
   5  HM585500_Human_herpesvirus_1    0.29%    passed     49.93%
   6  HM585501_Human_herpesvirus_1    0.18%    passed     43.46%
   7  HM585502_Human_herpesvirus_1    0.21%    passed     48.68%
   8  HM585503_Human_herpesvirus_1    0.32%    passed     48.84%
   9  HM585504_Human_herpesvirus_1    0.15%    passed     36.96%
  10  HM585505_Human_herpesvirus_1    0.32%    passed     48.84%
  11  HM585506_Human_herpesvirus_1    0.32%    passed     51.74%
  12  HM585507_Human_herpesvirus_1    0.32%    passed     48.84%
  13  HM585509_Human_herpesvirus_1    0.16%    passed     32.85%
  14  HM585510_Human_herpesvirus_1    0.20%    passed     33.39%
  15  HM585511_Human_herpesvirus_1    0.28%    passed     30.78%
  16  KR135299_Human_herpesvirus_2    1.89%    passed     31.49%
  17  KR135300_Human_herpesvirus_2    1.79%    passed     47.45%
  18  KR135301_Human_herpesvirus_2    1.91%    passed     32.01%
  19  KR135302_Human_herpesvirus_2    1.71%    passed     38.20%
  20  KR135303_Human_herpesvirus_2    1.83%    passed     31.48%
  21  KR135304_Human_herpesvirus_2    1.74%    passed     32.22%
  22  KR135305_Human_herpesvirus_2    1.81%    passed     38.35%
  23  KR135306_Human_herpesvirus_2    1.73%    passed     36.49%
  24  KR135307_Human_herpesvirus_2    1.75%    passed     31.87%
  25  KR135315_Human_herpesvirus_2    1.78%    passed     36.72%
  26  KR135316_Human_herpesvirus_2    1.83%    passed     40.03%
  27  KR135317_Human_herpesvirus_2    1.76%    passed     47.86%
  28  KR135318_Human_herpesvirus_2    1.76%    passed     35.02%
  29  KR135319_Human_herpesvirus_2    1.76%    passed     32.01%
****  TOTAL                           1.00%  0 sequences failed composition chi2 test (p-value<5%; df=3)
Reading tree iqtree_output_africa/aln_segment_40689_to_50860.treefile ...
un-rooted tree with 29 taxa and 55 branches
Computing site concordance factor...
0.003 sec
Tree with concordance factors written to iqtree_output_africa_scf/aln_segment_40689_to_50860_scf.cf.tree
Annotated tree (best viewed in FigTree) written to iqtree_output_africa_scf/aln_segment_40689_to_50860_scf.cf.tree.nex
Tree with branch IDs written to iqtree_output_africa_scf/aln_segment_40689_to_50860_scf.cf.branch
Concordance factors per branch printed to iqtree_output_africa_scf/aln_segment_40689_to_50860_scf.cf.stat
WARNING: You probably want the --scfl option. The site concordance factor
 implemented with the --scf option is based on parsimony (described here:
 https://doi.org/10.1093/molbev/msaa106). It has since been superseded by a more
 accurate likelihood-based approach which is implemented in the --scfl option, and
 is described in the paper "Updated site concordance factors minimize effects of
 homoplasy and taxon sampling" by Yu et al.. Please see the tutorial here for more
 information: http://www.iqtree.org/doc/Concordance-Factor
Date and Time: Thu Oct 30 12:05:44 2025
