IQ-TREE multicore version 2.4.0 for Linux x86 64-bit built Feb  7 2025
Developed by Bui Quang Minh, Nguyen Lam Tung, Olga Chernomor, Heiko Schmidt,
Dominik Schrempf, Michael Woodhams, Ly Trong Nhan, Thomas Wong

Host:    ku-01 (AVX2, FMA3, 251 GB RAM)
Command: iqtree2 -s iqtree_output_africa/aln_segment_101721_to_111892.fasta -t iqtree_output_africa/aln_segment_101721_to_111892.treefile -m GTR+FO+R4 -nt 10 --scf 100 -pre iqtree_output_africa_scf/aln_segment_101721_to_111892_scf
Seed:    902323 (Using SPRNG - Scalable Parallel Random Number Generator)
Time:    Thu Oct 30 12:05:43 2025
Kernel:  AVX+FMA - 10 threads (64 CPU cores detected)

Reading alignment file iqtree_output_africa/aln_segment_101721_to_111892.fasta ... Fasta format detected
Reading fasta file: done in 0.00318252 secs using 65.8% CPU
Alignment most likely contains DNA/RNA sequences
Alignment has 29 sequences with 10172 columns, 376 distinct patterns
2247 parsimony-informative, 100 singleton sites, 7825 constant sites
                              Gap/Ambiguity  Composition  p-value
Analyzing sequences: done in 1.32248e-05 secs
   1  HM585496_Human_herpesvirus_1    0.35%    passed      9.43%
   2  HM585497_Human_herpesvirus_1    0.19%    passed     18.38%
   3  HM585498_Human_herpesvirus_1    0.19%    passed     20.69%
   4  HM585499_Human_herpesvirus_1    0.18%    passed     12.00%
   5  HM585500_Human_herpesvirus_1    0.20%    passed     11.50%
   6  HM585501_Human_herpesvirus_1    0.16%    passed     15.72%
   7  HM585502_Human_herpesvirus_1    0.14%    passed     15.67%
   8  HM585503_Human_herpesvirus_1    0.34%    passed      8.82%
   9  HM585504_Human_herpesvirus_1    0.19%    passed     10.41%
  10  HM585505_Human_herpesvirus_1    0.34%    passed      8.82%
  11  HM585506_Human_herpesvirus_1    0.36%    passed      9.03%
  12  HM585507_Human_herpesvirus_1   12.59%    passed     23.06%
  13  HM585509_Human_herpesvirus_1    0.26%    passed     22.00%
  14  HM585510_Human_herpesvirus_1    0.18%    passed     13.49%
  15  HM585511_Human_herpesvirus_1    0.18%    passed     20.45%
  16  KR135299_Human_herpesvirus_2    2.27%    passed      8.08%
  17  KR135300_Human_herpesvirus_2    2.26%    passed      9.78%
  18  KR135301_Human_herpesvirus_2    2.27%    passed      9.84%
  19  KR135302_Human_herpesvirus_2    2.26%    passed      9.78%
  20  KR135303_Human_herpesvirus_2    2.26%    passed     10.27%
  21  KR135304_Human_herpesvirus_2    2.28%    passed      9.83%
  22  KR135305_Human_herpesvirus_2    2.27%    passed     10.04%
  23  KR135306_Human_herpesvirus_2    2.31%    passed      9.00%
  24  KR135307_Human_herpesvirus_2    2.27%    passed     11.69%
  25  KR135315_Human_herpesvirus_2    2.27%    passed      9.81%
  26  KR135316_Human_herpesvirus_2    2.27%    passed      9.81%
  27  KR135317_Human_herpesvirus_2    2.27%    passed     12.32%
  28  KR135318_Human_herpesvirus_2    2.31%    passed      9.56%
  29  KR135319_Human_herpesvirus_2    2.27%    passed     11.89%
****  TOTAL                           1.64%  0 sequences failed composition chi2 test (p-value<5%; df=3)
Reading tree iqtree_output_africa/aln_segment_101721_to_111892.treefile ...
un-rooted tree with 29 taxa and 55 branches
Computing site concordance factor...
0.004 sec
Tree with concordance factors written to iqtree_output_africa_scf/aln_segment_101721_to_111892_scf.cf.tree
Annotated tree (best viewed in FigTree) written to iqtree_output_africa_scf/aln_segment_101721_to_111892_scf.cf.tree.nex
Tree with branch IDs written to iqtree_output_africa_scf/aln_segment_101721_to_111892_scf.cf.branch
Concordance factors per branch printed to iqtree_output_africa_scf/aln_segment_101721_to_111892_scf.cf.stat
WARNING: You probably want the --scfl option. The site concordance factor
 implemented with the --scf option is based on parsimony (described here:
 https://doi.org/10.1093/molbev/msaa106). It has since been superseded by a more
 accurate likelihood-based approach which is implemented in the --scfl option, and
 is described in the paper "Updated site concordance factors minimize effects of
 homoplasy and taxon sampling" by Yu et al.. Please see the tutorial here for more
 information: http://www.iqtree.org/doc/Concordance-Factor
Date and Time: Thu Oct 30 12:05:43 2025
