IQ-TREE multicore version 2.4.0 for Linux x86 64-bit built Feb  7 2025
Developed by Bui Quang Minh, Nguyen Lam Tung, Olga Chernomor, Heiko Schmidt,
Dominik Schrempf, Michael Woodhams, Ly Trong Nhan, Thomas Wong

Host:    ku-01 (AVX2, FMA3, 251 GB RAM)
Command: iqtree2 -s iqtree_output_50/aln_segment_2543_to_5084.fasta -m MFP -redo -nt AUTO -fast -pre iqtree_output_50/aln_segment_2543_to_5084
Seed:    922037 (Using SPRNG - Scalable Parallel Random Number Generator)
Time:    Wed Oct 29 18:30:51 2025
Kernel:  AVX+FMA - auto-detect threads (64 CPU cores detected)

Reading alignment file iqtree_output_50/aln_segment_2543_to_5084.fasta ... Fasta format detected
Reading fasta file: done in 0.00371794 secs using 89.75% CPU
Alignment most likely contains DNA/RNA sequences
Alignment has 104 sequences with 2542 columns, 478 distinct patterns
486 parsimony-informative, 354 singleton sites, 1702 constant sites
Analyzing sequences: done in 0.0079956 secs using 6303% CPU
WARNING: 1 sequences contain more than 50% gaps/ambiguity
NOTE: 13 identical sequences (see below) will be ignored for subsequent analysis
Alignment was printed to iqtree_output_50/aln_segment_2543_to_5084.uniqueseq.phy

For your convenience alignment with unique sequences printed to iqtree_output_50/aln_segment_2543_to_5084.uniqueseq.phy


Create initial parsimony tree by phylogenetic likelihood library (PLL)... 0.01 seconds
Measuring multi-threading efficiency up to 64 CPU cores
Increase to 10 rounds for branch lengths
1747 trees examined
Threads: 1 / Time: 64.02 sec / Speedup: 1.00 / Efficiency: 100% / LogL: -29633
Threads: 2 / Time: 68.85 sec / Speedup: 0.93 / Efficiency: 46% / LogL: -29633
BEST NUMBER OF THREADS: 1

Perform fast likelihood tree search using GTR+I+G model...
Estimate model parameters (epsilon = 5.00)
Perform nearest neighbor interchange...
Estimate model parameters (epsilon = 1.00)
1. Initial log-likelihood: -9091.27
Optimal log-likelihood: -9090.65
Rate parameters:  A-C: 0.50421  A-G: 2.72873  A-T: 0.05092  C-G: 0.75171  C-T: 2.80454  G-T: 1.00000
Base frequencies:  A: 0.180  C: 0.294  G: 0.335  T: 0.190
Proportion of invariable sites: 0.326
Gamma shape alpha: 0.578
Parameters optimization took 1 rounds (0.059 sec)
Time for fast ML tree search: 0.347 seconds

NOTE: ModelFinder requires 14 MB RAM!
ModelFinder will test up to 484 DNA models (sample size: 2542 epsilon: 0.100) ...
 No. Model         -LnL         df  AIC          AICc         BIC
  1  GTR+F         9286.560     187 18947.120    18976.990    20039.332
  2  GTR+F+I       9099.678     188 18575.357    18605.558    19673.410
  3  GTR+F+G4      9093.300     188 18562.601    18592.802    19660.654
  4  GTR+F+I+G4    9090.297     189 18558.594    18589.130    19662.488
  5  GTR+F+R2      9094.864     189 18567.728    18598.263    19671.621
  6  GTR+F+R3      9089.516     191 18561.031    18592.242    19676.606
 14  GTR+F+I+R2    9095.118     190 18570.236    18601.108    19679.970
 15  GTR+F+I+R3    9086.377     192 18556.754    18588.305    19678.170
 16  GTR+F+I+R4    9083.754     194 18555.508    18587.744    19688.605
 25  SYM+G4        9271.827     185 18913.653    18942.864    19994.184
 26  SYM+I+G4      9270.051     186 18912.103    18941.642    19998.474
 47  TVM+F+G4      9093.378     187 18560.756    18590.625    19652.968
 48  TVM+F+I+G4    9090.316     188 18556.631    18586.833    19654.684
 69  TVMe+G4       9271.839     184 18911.677    18940.561    19986.367
 70  TVMe+I+G4     9270.071     185 18910.143    18939.353    19990.673
 91  TIM3+F+G4     9114.710     186 18601.420    18630.959    19687.791
 92  TIM3+F+I+G4   9112.020     187 18598.041    18627.910    19690.253
113  TIM3e+G4      9328.051     183 19022.101    19050.661    20090.950
114  TIM3e+I+G4    9325.678     184 19019.355    19048.240    20094.045
135  TIM2+F+G4     9102.092     186 18576.183    18605.722    19662.555
136  TIM2+F+I+G4   9098.739     187 18571.479    18601.348    19663.691
157  TIM2e+G4      9286.646     183 18939.291    18967.851    20008.140
158  TIM2e+I+G4    9284.576     184 18937.151    18966.036    20011.841
179  TIM+F+G4      9111.779     186 18595.558    18625.097    19681.929
180  TIM+F+I+G4    9109.235     187 18592.470    18622.339    19684.682
201  TIMe+G4       9334.759     183 19035.518    19064.078    20104.368
202  TIMe+I+G4     9332.187     184 19032.374    19061.259    20107.064
223  TPM3u+F+G4    9114.691     185 18599.382    18628.593    19679.913
224  TPM3u+F+I+G4  9111.841     186 18595.682    18625.221    19682.053
245  TPM3+G4       9328.048     182 19020.096    19048.333    20083.105
246  TPM3+I+G4     9325.689     183 19017.377    19045.937    20086.226
267  TPM2u+F+G4    9102.142     185 18574.285    18603.495    19654.815
268  TPM2u+F+I+G4  9098.668     186 18569.337    18598.876    19655.708
289  TPM2+G4       9286.674     182 18937.348    18965.585    20000.356
290  TPM2+I+G4     9284.733     183 18935.466    18964.026    20004.315
311  K3Pu+F+G4     9111.797     185 18593.593    18622.804    19674.124
312  K3Pu+F+I+G4   9109.016     186 18590.032    18619.570    19676.403
333  K3P+G4        9334.760     182 19033.520    19061.758    20096.529
334  K3P+I+G4      9332.196     183 19030.391    19058.951    20099.241
355  TN+F+G4       9114.758     185 18599.517    18628.727    19680.047
356  TN+F+I+G4     9111.695     186 18595.391    18624.930    19681.762
377  TNe+G4        9335.216     182 19034.431    19062.669    20097.440
378  TNe+I+G4      9332.627     183 19031.254    19059.814    20100.104
399  HKY+F+G4      9114.759     184 18597.519    18626.403    19672.209
400  HKY+F+I+G4    9111.666     185 18593.331    18622.542    19673.862
421  K2P+G4        9335.221     181 19032.442    19060.359    20089.610
422  K2P+I+G4      9332.631     182 19029.262    19057.499    20092.270
443  F81+F+G4      9290.289     183 18946.579    18975.138    20015.428
444  F81+F+I+G4    9287.962     184 18943.924    18972.808    20018.614
465  JC+G4         9463.268     180 19286.537    19314.135    20337.864
466  JC+I+G4       9461.974     181 19285.949    19313.866    20343.117
Akaike Information Criterion:           GTR+F+I+R4
Corrected Akaike Information Criterion: TVM+F+I+G4
Bayesian Information Criterion:         TVM+F+G4
Best-fit model: TVM+F+G4 chosen according to BIC

All model information printed to iqtree_output_50/aln_segment_2543_to_5084.model.gz
CPU time for ModelFinder: 210.246 seconds (0h:3m:30s)
Wall-clock time for ModelFinder: 144.277 seconds (0h:2m:24s)

NOTE: 5 MB RAM (0 GB) is required!
Estimate model parameters (epsilon = 0.500)
1. Initial log-likelihood: -9293.098
2. Current log-likelihood: -9105.407
3. Current log-likelihood: -9096.766
4. Current log-likelihood: -9094.587
5. Current log-likelihood: -9093.907
Optimal log-likelihood: -9093.505
Rate parameters:  A-C: 0.51244  A-G: 2.79587  A-T: 0.04988  C-G: 0.73090  C-T: 2.79587  G-T: 1.00000
Base frequencies:  A: 0.180  C: 0.294  G: 0.335  T: 0.190
Gamma shape alpha: 0.256
Parameters optimization took 5 rounds (0.264 sec)
Wrote distance file to... 
Computing ML distances based on estimated model parameters...
Calculating distance matrix: done in 0.0287429 secs using 99.99% CPU
Computing ML distances took 0.028845 sec (of wall-clock time) 0.028845 sec (of CPU time)
Setting up auxiliary I and S matrices: done in 0.000393577 secs using 353.9% CPU
Computing RapidNJ tree took 0.000858 sec (of wall-clock time) 0.001857 sec (of CPU time)
Log-likelihood of RapidNJ tree: -9197.980
--------------------------------------------------------------------
|             INITIALIZING CANDIDATE TREE SET                      |
--------------------------------------------------------------------

Do NNI search on 2 best initial trees
Estimate model parameters (epsilon = 0.500)
BETTER TREE FOUND at iteration 1: -9093.348
Estimate model parameters (epsilon = 0.500)
BETTER TREE FOUND at iteration 2: -9063.892
Finish initializing candidate tree set (4)
Current best tree score: -9063.892 / CPU time: 0.279
Number of iterations: 2
TREE SEARCH COMPLETED AFTER 2 ITERATIONS / Time: 0h:2m:24s

--------------------------------------------------------------------
|                    FINALIZING TREE SEARCH                        |
--------------------------------------------------------------------
Performs final model parameters optimization
Estimate model parameters (epsilon = 0.050)
1. Initial log-likelihood: -9063.892
Optimal log-likelihood: -9063.888
Rate parameters:  A-C: 0.49808  A-G: 2.79861  A-T: 0.04576  C-G: 0.70511  C-T: 2.79861  G-T: 1.00000
Base frequencies:  A: 0.180  C: 0.294  G: 0.335  T: 0.190
Gamma shape alpha: 0.250
Parameters optimization took 1 rounds (0.019 sec)
BEST SCORE FOUND : -9063.888
Total tree length: 0.997

Total number of iterations: 2
CPU time used for tree search: 0.273 sec (0h:0m:0s)
Wall-clock time used for tree search: 0.279 sec (0h:0m:0s)
Total CPU time used: 210.871 sec (0h:3m:30s)
Total wall-clock time used: 144.903 sec (0h:2m:24s)

Analysis results written to: 
  IQ-TREE report:                iqtree_output_50/aln_segment_2543_to_5084.iqtree
  Maximum-likelihood tree:       iqtree_output_50/aln_segment_2543_to_5084.treefile
  Likelihood distances:          iqtree_output_50/aln_segment_2543_to_5084.mldist
  Screen log file:               iqtree_output_50/aln_segment_2543_to_5084.log

Date and Time: Wed Oct 29 18:33:16 2025
