IQ-TREE multicore version 2.4.0 for Linux x86 64-bit built Feb  7 2025
Developed by Bui Quang Minh, Nguyen Lam Tung, Olga Chernomor, Heiko Schmidt,
Dominik Schrempf, Michael Woodhams, Ly Trong Nhan, Thomas Wong

Host:    ku-01 (AVX2, FMA3, 251 GB RAM)
Command: iqtree2 -s iqtree_output_50/aln_segment_104223_to_106764.fasta -m MFP -redo -nt AUTO -fast -pre iqtree_output_50/aln_segment_104223_to_106764
Seed:    703971 (Using SPRNG - Scalable Parallel Random Number Generator)
Time:    Wed Oct 29 20:22:38 2025
Kernel:  AVX+FMA - auto-detect threads (64 CPU cores detected)

Reading alignment file iqtree_output_50/aln_segment_104223_to_106764.fasta ... Fasta format detected
Reading fasta file: done in 0.00371266 secs using 85.22% CPU
Alignment most likely contains DNA/RNA sequences
Alignment has 104 sequences with 2542 columns, 1065 distinct patterns
880 parsimony-informative, 595 singleton sites, 1067 constant sites
Analyzing sequences: done in 0.00698503 secs using 6313% CPU
WARNING: 2 sequences contain more than 50% gaps/ambiguity
NOTE: 3 identical sequences (see below) will be ignored for subsequent analysis
Alignment was printed to iqtree_output_50/aln_segment_104223_to_106764.uniqueseq.phy

For your convenience alignment with unique sequences printed to iqtree_output_50/aln_segment_104223_to_106764.uniqueseq.phy


Create initial parsimony tree by phylogenetic likelihood library (PLL)... 0.01 seconds
Measuring multi-threading efficiency up to 64 CPU cores
Increase to 10 rounds for branch lengths
715 trees examined
Threads: 1 / Time: 64.07 sec / Speedup: 1.00 / Efficiency: 100% / LogL: -56837
Threads: 2 / Time: 51.20 sec / Speedup: 1.25 / Efficiency: 63% / LogL: -56837
Threads: 3 / Time: 48.43 sec / Speedup: 1.32 / Efficiency: 44% / LogL: -56837
BEST NUMBER OF THREADS: 2

Perform fast likelihood tree search using GTR+I+G model...
Estimate model parameters (epsilon = 5.00)
Perform nearest neighbor interchange...
Estimate model parameters (epsilon = 1.00)
1. Initial log-likelihood: -12364.21
Optimal log-likelihood: -12363.48
Rate parameters:  A-C: 0.80486  A-G: 2.10752  A-T: 0.25952  C-G: 0.33775  C-T: 2.34132  G-T: 1.00000
Base frequencies:  A: 0.189  C: 0.360  G: 0.307  T: 0.144
Proportion of invariable sites: 0.191
Gamma shape alpha: 1.494
Parameters optimization took 1 rounds (0.071 sec)
Time for fast ML tree search: 0.571 seconds

NOTE: ModelFinder requires 35 MB RAM!
ModelFinder will test up to 484 DNA models (sample size: 2542 epsilon: 0.100) ...
 No. Model         -LnL         df  AIC          AICc         BIC
  1  GTR+F         12481.098    207 25376.196    25413.091    26585.223
  2  GTR+F+I       12403.286    208 25222.572    25259.839    26437.439
  3  GTR+F+G4      12358.198    208 25132.397    25169.664    26347.263
  4  GTR+F+I+G4    12359.992    209 25137.985    25175.626    26358.692
  5  GTR+F+R2      12303.152    209 25024.305    25061.946    26245.012
  6  GTR+F+R3      12265.452    211 24952.904    24991.300    26185.293
  7  GTR+F+R4      12265.388    213 24956.775    24995.935    26200.846
 14  GTR+F+I+R2    12337.693    210 25095.386    25133.404    26321.934
 15  GTR+F+I+R3    12258.944    212 24941.888    24980.665    26180.117
+I+R4 reinitialized from +I+R3 with factor 0.500
 16  GTR+F+I+R4    12258.526    214 24945.052    24984.596    26194.963
 28  SYM+R3        12587.529    208 25591.058    25628.325    26805.925
 37  SYM+I+R3      12582.203    209 25582.406    25620.048    26803.114
 50  TVM+F+R3      12266.654    210 24953.309    24991.327    26179.857
 59  TVM+F+I+R3    12258.068    211 24938.135    24976.532    26170.524
 72  TVMe+R3       12588.475    207 25590.951    25627.845    26799.977
 81  TVMe+I+R3     12582.969    208 25581.937    25619.205    26796.804
 94  TIM3+F+R3     12295.252    209 25008.505    25046.146    26229.213
103  TIM3+F+I+R3   12287.632    210 24995.265    25033.283    26221.813
116  TIM3e+R3      12607.547    206 25627.093    25663.617    26830.279
125  TIM3e+I+R3    12602.233    207 25618.465    25655.360    26827.491
138  TIM2+F+R3     12295.974    209 25009.949    25047.590    26230.656
147  TIM2+F+I+R3   12288.438    210 24996.877    25034.895    26223.425
160  TIM2e+R3      12618.154    206 25648.309    25684.833    26851.494
169  TIM2e+I+R3    12613.313    207 25640.626    25677.521    26849.652
182  TIM+F+R3      12267.907    209 24953.814    24991.456    26174.522
191  TIM+F+I+R3    12259.157    210 24938.315    24976.333    26164.863
204  TIMe+R3       12614.375    206 25640.750    25677.274    26843.936
213  TIMe+I+R3     12609.214    207 25632.429    25669.323    26841.455
226  TPM3u+F+R3    12296.446    208 25008.891    25046.158    26223.758
235  TPM3u+F+I+R3  12288.609    209 24995.219    25032.860    26215.926
248  TPM3+R3       12608.511    205 25627.023    25663.179    26824.368
257  TPM3+I+R3     12603.288    206 25618.577    25655.101    26821.762
270  TPM2u+F+R3    12297.013    208 25010.027    25047.294    26224.894
279  TPM2u+F+I+R3  12289.265    209 24996.531    25034.172    26217.239
292  TPM2+R3       12618.990    205 25647.979    25684.135    26845.324
301  TPM2+I+R3     12614.198    206 25640.395    25676.920    26843.581
314  K3Pu+F+R3     12268.961    208 24953.921    24991.188    26168.788
323  K3Pu+F+I+R3   12259.986    209 24937.972    24975.613    26158.679
336  K3P+R3        12615.228    205 25640.456    25676.612    26837.801
345  K3P+I+R3      12610.187    206 25632.374    25668.898    26835.559
358  TN+F+R3       12297.448    208 25010.896    25048.164    26225.763
367  TN+F+I+R3     12290.019    209 24998.037    25035.679    26218.745
380  TNe+R3        12620.619    205 25651.238    25687.393    26848.582
389  TNe+I+R3      12615.778    206 25643.556    25680.080    26846.741
402  HKY+F+R3      12298.518    207 25011.036    25047.931    26220.062
411  HKY+F+I+R3    12290.929    208 24997.859    25035.126    26212.726
424  K2P+R3        12621.668    204 25651.336    25687.126    26842.840
433  K2P+I+R3      12616.690    205 25643.381    25679.537    26840.726
446  F81+F+R3      12511.314    206 25434.628    25471.152    26637.814
455  F81+F+I+R3    12506.293    207 25426.586    25463.480    26635.612
468  JC+R3         12759.207    203 25924.413    25959.838    27110.077
477  JC+I+R3       12758.987    204 25925.975    25961.764    27117.479
Akaike Information Criterion:           K3Pu+F+I+R3
Corrected Akaike Information Criterion: K3Pu+F+I+R3
Bayesian Information Criterion:         K3Pu+F+I+R3
Best-fit model: K3Pu+F+I+R3 chosen according to BIC

All model information printed to iqtree_output_50/aln_segment_104223_to_106764.model.gz
CPU time for ModelFinder: 361.634 seconds (0h:6m:1s)
Wall-clock time for ModelFinder: 190.048 seconds (0h:3m:10s)

NOTE: 10 MB RAM (0 GB) is required!
Estimate model parameters (epsilon = 0.500)
1. Initial log-likelihood: -12510.396
2. Current log-likelihood: -12267.657
3. Current log-likelihood: -12261.749
4. Current log-likelihood: -12260.828
Optimal log-likelihood: -12260.358
Rate parameters:  A-C: 1.00000  A-G: 2.32282  A-T: 0.41044  C-G: 0.41044  C-T: 2.32282  G-T: 1.00000
Base frequencies:  A: 0.189  C: 0.360  G: 0.307  T: 0.144
Proportion of invariable sites: 0.006
Site proportion and rates:  (0.308,0.091) (0.673,0.966) (0.013,24.088)
Parameters optimization took 4 rounds (0.745 sec)
Wrote distance file to... 
Computing ML distances based on estimated model parameters...
Calculating distance matrix: done in 0.0174101 secs using 201.9% CPU
Computing ML distances took 0.017549 sec (of wall-clock time) 0.035300 sec (of CPU time)
Setting up auxiliary I and S matrices: done in 0.000353661 secs using 170.2% CPU
Computing RapidNJ tree took 0.011069 sec (of wall-clock time) 0.009497 sec (of CPU time)
Log-likelihood of RapidNJ tree: -12496.320
--------------------------------------------------------------------
|             INITIALIZING CANDIDATE TREE SET                      |
--------------------------------------------------------------------

Do NNI search on 2 best initial trees
Estimate model parameters (epsilon = 0.500)
BETTER TREE FOUND at iteration 1: -12255.200
Finish initializing candidate tree set (4)
Current best tree score: -12255.200 / CPU time: 0.577
Number of iterations: 2
TREE SEARCH COMPLETED AFTER 2 ITERATIONS / Time: 0h:3m:11s

--------------------------------------------------------------------
|                    FINALIZING TREE SEARCH                        |
--------------------------------------------------------------------
Performs final model parameters optimization
Estimate model parameters (epsilon = 0.050)
1. Initial log-likelihood: -12255.200
2. Current log-likelihood: -12255.134
3. Current log-likelihood: -12255.063
4. Current log-likelihood: -12255.008
Optimal log-likelihood: -12254.966
Rate parameters:  A-C: 1.00000  A-G: 2.34410  A-T: 0.40440  C-G: 0.40440  C-T: 2.34410  G-T: 1.00000
Base frequencies:  A: 0.189  C: 0.360  G: 0.307  T: 0.144
Proportion of invariable sites: 0.006
Site proportion and rates:  (0.317,0.092) (0.663,0.942) (0.014,24.659)
Parameters optimization took 4 rounds (0.365 sec)
BEST SCORE FOUND : -12254.966
Total tree length: 2.250

Total number of iterations: 2
CPU time used for tree search: 1.138 sec (0h:0m:1s)
Wall-clock time used for tree search: 0.577 sec (0h:0m:0s)
Total CPU time used: 365.257 sec (0h:6m:5s)
Total wall-clock time used: 191.878 sec (0h:3m:11s)

Analysis results written to: 
  IQ-TREE report:                iqtree_output_50/aln_segment_104223_to_106764.iqtree
  Maximum-likelihood tree:       iqtree_output_50/aln_segment_104223_to_106764.treefile
  Likelihood distances:          iqtree_output_50/aln_segment_104223_to_106764.mldist
  Screen log file:               iqtree_output_50/aln_segment_104223_to_106764.log

Date and Time: Wed Oct 29 20:25:50 2025
