IQ-TREE multicore version 2.4.0 for Linux x86 64-bit built Feb  7 2025
Developed by Bui Quang Minh, Nguyen Lam Tung, Olga Chernomor, Heiko Schmidt,
Dominik Schrempf, Michael Woodhams, Ly Trong Nhan, Thomas Wong

Host:    ku-01 (AVX2, FMA3, 251 GB RAM)
Command: iqtree2 -s iqtree_output_50/aln_segment_91513_to_94054.fasta -m MFP -redo -nt AUTO -fast -pre iqtree_output_50/aln_segment_91513_to_94054
Seed:    310521 (Using SPRNG - Scalable Parallel Random Number Generator)
Time:    Wed Oct 29 20:05:43 2025
Kernel:  AVX+FMA - auto-detect threads (64 CPU cores detected)

Reading alignment file iqtree_output_50/aln_segment_91513_to_94054.fasta ... Fasta format detected
Reading fasta file: done in 0.00371527 secs using 98.19% CPU
Alignment most likely contains DNA/RNA sequences
Alignment has 104 sequences with 2542 columns, 861 distinct patterns
602 parsimony-informative, 510 singleton sites, 1430 constant sites
Analyzing sequences: done in 0.00799415 secs using 6281% CPU
WARNING: 2 sequences contain more than 50% gaps/ambiguity
NOTE: 12 identical sequences (see below) will be ignored for subsequent analysis
Alignment was printed to iqtree_output_50/aln_segment_91513_to_94054.uniqueseq.phy

For your convenience alignment with unique sequences printed to iqtree_output_50/aln_segment_91513_to_94054.uniqueseq.phy


Create initial parsimony tree by phylogenetic likelihood library (PLL)... 0.01 seconds
Measuring multi-threading efficiency up to 64 CPU cores
Increase to 10 rounds for branch lengths
951 trees examined
Threads: 1 / Time: 64.05 sec / Speedup: 1.00 / Efficiency: 100% / LogL: -35359
Threads: 2 / Time: 57.48 sec / Speedup: 1.11 / Efficiency: 56% / LogL: -35359
Threads: 3 / Time: 55.93 sec / Speedup: 1.15 / Efficiency: 38% / LogL: -35359
BEST NUMBER OF THREADS: 2

Perform fast likelihood tree search using GTR+I+G model...
Estimate model parameters (epsilon = 5.00)
Perform nearest neighbor interchange...
Estimate model parameters (epsilon = 1.00)
1. Initial log-likelihood: -9800.11
Optimal log-likelihood: -9799.72
Rate parameters:  A-C: 0.53555  A-G: 2.18244  A-T: 0.09137  C-G: 0.44873  C-T: 1.60364  G-T: 1.00000
Base frequencies:  A: 0.172  C: 0.334  G: 0.345  T: 0.148
Proportion of invariable sites: 0.275
Gamma shape alpha: 1.060
Parameters optimization took 1 rounds (0.059 sec)
Time for fast ML tree search: 0.336 seconds

NOTE: ModelFinder requires 25 MB RAM!
ModelFinder will test up to 484 DNA models (sample size: 2542 epsilon: 0.100) ...
 No. Model         -LnL         df  AIC          AICc         BIC
  1  GTR+F         9928.516     189 20235.032    20265.568    21338.925
  2  GTR+F+I       9821.170     190 20022.340    20053.212    21132.074
  3  GTR+F+G4      9801.904     190 19983.808    20014.680    21093.542
  4  GTR+F+I+G4    9799.440     191 19980.881    20012.091    21096.456
  5  GTR+F+R2      9801.930     191 19985.860    20017.070    21101.435
  6  GTR+F+R3      9763.688     193 19913.376    19945.269    21040.632
  7  GTR+F+R4      9763.329     195 19916.657    19949.241    21055.595
 14  GTR+F+I+R2    9803.830     192 19991.659    20023.210    21113.075
 15  GTR+F+I+R3    9761.070     194 19910.141    19942.378    21043.238
+I+R4 reinitialized from +I+R3 with factor 0.500
 16  GTR+F+I+R4    9761.041     196 19914.082    19947.013    21058.860
 28  SYM+R3        10078.424    190 20536.847    20567.719    21646.581
 37  SYM+I+R3      10078.543    191 20539.085    20570.295    21654.660
 50  TVM+F+R3      9764.809     192 19913.618    19945.169    21035.034
 59  TVM+F+I+R3    9764.807     193 19915.615    19947.508    21042.871
 72  TVMe+R3       10085.795    189 20549.591    20580.126    21653.484
 81  TVMe+I+R3     10085.761    190 20551.522    20582.393    21661.256
 94  TIM3+F+R3     9779.475     191 19940.949    19972.160    21056.524
103  TIM3+F+I+R3   9779.606     192 19943.212    19974.763    21064.628
116  TIM3e+R3      10131.795    188 20639.590    20669.791    21737.643
125  TIM3e+I+R3    10131.670    189 20641.339    20671.875    21745.233
138  TIM2+F+R3     9776.969     191 19935.937    19967.147    21051.512
147  TIM2+F+I+R3   9777.236     192 19938.473    19970.023    21059.888
160  TIM2e+R3      10100.996    188 20577.992    20608.194    21676.045
169  TIM2e+I+R3    10101.090    189 20580.180    20610.716    21684.074
182  TIM+F+R3      9770.485     191 19922.970    19954.180    21038.545
191  TIM+F+I+R3    9771.467     192 19926.934    19958.485    21048.350
204  TIMe+R3       10142.898    188 20661.795    20691.997    21759.848
213  TIMe+I+R3     10142.811    189 20663.622    20694.158    21767.515
226  TPM3u+F+R3    9786.063     190 19952.126    19982.998    21061.861
235  TPM3u+F+I+R3  9785.853     191 19953.705    19984.915    21069.280
248  TPM3+R3       10140.013    187 20654.025    20683.895    21746.237
257  TPM3+I+R3     10139.889    188 20655.778    20685.979    21753.830
270  TPM2u+F+R3    9782.309     190 19944.619    19975.491    21054.353
279  TPM2u+F+I+R3  9782.353     191 19946.707    19977.917    21062.282
292  TPM2+R3       10107.604    187 20589.208    20619.077    21681.420
301  TPM2+I+R3     10107.634    188 20591.268    20621.469    21689.321
314  K3Pu+F+R3     9777.714     190 19935.427    19966.299    21045.161
323  K3Pu+F+I+R3   9778.642     191 19939.283    19970.493    21054.858
336  K3P+R3        10150.801    187 20675.603    20705.472    21767.815
345  K3P+I+R3      10150.722    188 20677.444    20707.646    21775.497
358  TN+F+R3       9781.411     190 19942.823    19973.695    21052.557
367  TN+F+I+R3     9781.989     191 19945.978    19977.188    21061.553
380  TNe+R3        10143.290    187 20660.579    20690.449    21752.792
389  TNe+I+R3      10143.391    188 20662.783    20692.984    21760.836
402  HKY+F+R3      9788.284     189 19954.567    19985.103    21058.461
411  HKY+F+I+R3    9788.126     190 19956.253    19987.125    21065.987
424  K2P+R3        10151.401    186 20674.802    20704.341    21761.174
433  K2P+I+R3      10151.429    187 20676.858    20706.727    21769.070
446  F81+F+R3      9922.901     188 20221.802    20252.004    21319.855
455  F81+F+I+R3    9923.084     189 20224.168    20254.704    21328.062
468  JC+R3         10231.697    185 20833.393    20862.604    21913.924
477  JC+I+R3       10231.646    186 20835.292    20864.831    21921.664
Akaike Information Criterion:           GTR+F+I+R3
Corrected Akaike Information Criterion: GTR+F+I+R3
Bayesian Information Criterion:         TVM+F+R3
Best-fit model: TVM+F+R3 chosen according to BIC

All model information printed to iqtree_output_50/aln_segment_91513_to_94054.model.gz
CPU time for ModelFinder: 432.867 seconds (0h:7m:12s)
Wall-clock time for ModelFinder: 222.292 seconds (0h:3m:42s)

NOTE: 7 MB RAM (0 GB) is required!
Estimate model parameters (epsilon = 0.500)
1. Initial log-likelihood: -9927.343
2. Current log-likelihood: -9773.642
3. Current log-likelihood: -9766.979
4. Current log-likelihood: -9765.699
Optimal log-likelihood: -9765.123
Rate parameters:  A-C: 0.57831  A-G: 1.90303  A-T: 0.11175  C-G: 0.50067  C-T: 1.90303  G-T: 1.00000
Base frequencies:  A: 0.172  C: 0.334  G: 0.345  T: 0.148
Site proportion and rates:  (0.495,0.080) (0.495,1.357) (0.010,27.728)
Parameters optimization took 4 rounds (1.149 sec)
Wrote distance file to... 
Computing ML distances based on estimated model parameters...
Calculating distance matrix: done in 0.00969067 secs using 201.7% CPU
Computing ML distances took 0.009811 sec (of wall-clock time) 0.019665 sec (of CPU time)
Setting up auxiliary I and S matrices: done in 0.000387887 secs using 141.3% CPU
Computing RapidNJ tree took 0.010097 sec (of wall-clock time) 0.005539 sec (of CPU time)
Log-likelihood of RapidNJ tree: -9906.658
--------------------------------------------------------------------
|             INITIALIZING CANDIDATE TREE SET                      |
--------------------------------------------------------------------

Do NNI search on 2 best initial trees
Estimate model parameters (epsilon = 0.500)
BETTER TREE FOUND at iteration 1: -9750.345
Finish initializing candidate tree set (4)
Current best tree score: -9750.345 / CPU time: 0.457
Number of iterations: 2
TREE SEARCH COMPLETED AFTER 2 ITERATIONS / Time: 0h:3m:43s

--------------------------------------------------------------------
|                    FINALIZING TREE SEARCH                        |
--------------------------------------------------------------------
Performs final model parameters optimization
Estimate model parameters (epsilon = 0.050)
1. Initial log-likelihood: -9750.345
Optimal log-likelihood: -9750.284
Rate parameters:  A-C: 0.57353  A-G: 1.91178  A-T: 0.10879  C-G: 0.48539  C-T: 1.91178  G-T: 1.00000
Base frequencies:  A: 0.172  C: 0.334  G: 0.345  T: 0.148
Site proportion and rates:  (0.503,0.081) (0.486,1.363) (0.011,28.023)
Parameters optimization took 1 rounds (0.068 sec)
BEST SCORE FOUND : -9750.284
Total tree length: 1.551

Total number of iterations: 2
CPU time used for tree search: 0.901 sec (0h:0m:0s)
Wall-clock time used for tree search: 0.457 sec (0h:0m:0s)
Total CPU time used: 436.314 sec (0h:7m:16s)
Total wall-clock time used: 224.035 sec (0h:3m:44s)

Analysis results written to: 
  IQ-TREE report:                iqtree_output_50/aln_segment_91513_to_94054.iqtree
  Maximum-likelihood tree:       iqtree_output_50/aln_segment_91513_to_94054.treefile
  Likelihood distances:          iqtree_output_50/aln_segment_91513_to_94054.mldist
  Screen log file:               iqtree_output_50/aln_segment_91513_to_94054.log

Date and Time: Wed Oct 29 20:09:27 2025
