IQ-TREE multicore version 2.4.0 for Linux x86 64-bit built Feb  7 2025
Developed by Bui Quang Minh, Nguyen Lam Tung, Olga Chernomor, Heiko Schmidt,
Dominik Schrempf, Michael Woodhams, Ly Trong Nhan, Thomas Wong

Host:    ku-01 (AVX2, FMA3, 251 GB RAM)
Command: iqtree2 -s iqtree_output_50/aln_segment_116933_to_119474.fasta -m MFP -redo -nt AUTO -fast -pre iqtree_output_50/aln_segment_116933_to_119474
Seed:    843001 (Using SPRNG - Scalable Parallel Random Number Generator)
Time:    Wed Oct 29 20:39:12 2025
Kernel:  AVX+FMA - auto-detect threads (64 CPU cores detected)

Reading alignment file iqtree_output_50/aln_segment_116933_to_119474.fasta ... Fasta format detected
Reading fasta file: done in 0.00371957 secs using 68.61% CPU
Alignment most likely contains DNA/RNA sequences
Alignment has 104 sequences with 2542 columns, 751 distinct patterns
735 parsimony-informative, 501 singleton sites, 1306 constant sites
Analyzing sequences: done in 0.00699356 secs using 6205% CPU
WARNING: 1 sequences contain more than 50% gaps/ambiguity
NOTE: 10 identical sequences (see below) will be ignored for subsequent analysis
Alignment was printed to iqtree_output_50/aln_segment_116933_to_119474.uniqueseq.phy

For your convenience alignment with unique sequences printed to iqtree_output_50/aln_segment_116933_to_119474.uniqueseq.phy


Create initial parsimony tree by phylogenetic likelihood library (PLL)... 0.01 seconds
Measuring multi-threading efficiency up to 64 CPU cores
Increase to 10 rounds for branch lengths
1067 trees examined
Threads: 1 / Time: 64.02 sec / Speedup: 1.00 / Efficiency: 100% / LogL: -42821
Threads: 2 / Time: 54.83 sec / Speedup: 1.17 / Efficiency: 58% / LogL: -42821
Threads: 3 / Time: 55.84 sec / Speedup: 1.15 / Efficiency: 38% / LogL: -42821
BEST NUMBER OF THREADS: 2

Perform fast likelihood tree search using GTR+I+G model...
Estimate model parameters (epsilon = 5.00)
Perform nearest neighbor interchange...
Estimate model parameters (epsilon = 1.00)
1. Initial log-likelihood: -10637.25
Optimal log-likelihood: -10637.09
Rate parameters:  A-C: 1.00591  A-G: 2.69495  A-T: 0.17602  C-G: 0.43246  C-T: 2.54296  G-T: 1.00000
Base frequencies:  A: 0.178  C: 0.353  G: 0.297  T: 0.172
Proportion of invariable sites: 0.247
Gamma shape alpha: 1.235
Parameters optimization took 1 rounds (0.053 sec)
Time for fast ML tree search: 0.444 seconds

NOTE: ModelFinder requires 23 MB RAM!
ModelFinder will test up to 484 DNA models (sample size: 2542 epsilon: 0.100) ...
 No. Model         -LnL         df  AIC          AICc         BIC
  1  GTR+F         10756.294    193 21898.589    21930.481    23025.845
  2  GTR+F+I       10662.630    194 21713.259    21745.496    22846.356
  3  GTR+F+G4      10636.212    194 21660.424    21692.661    22793.521
  4  GTR+F+I+G4    10636.859    195 21663.718    21696.301    22802.655
  5  GTR+F+R2      10637.047    195 21664.094    21696.677    22803.032
  6  GTR+F+R3      10601.454    197 21596.908    21630.190    22747.527
  7  GTR+F+R4      10601.448    199 21600.897    21634.885    22763.198
 14  GTR+F+I+R2    10635.238    196 21662.475    21695.407    22807.254
 15  GTR+F+I+R3    10601.412    198 21598.824    21632.458    22755.284
 16  GTR+F+I+R4    10601.459    200 21602.918    21637.262    22771.059
 28  SYM+R3        10893.591    194 22175.181    22207.418    23308.278
 37  SYM+I+R3      10893.435    195 22176.871    22209.454    23315.808
 50  TVM+F+R3      10601.583    196 21595.166    21628.097    22739.944
 59  TVM+F+I+R3    10601.531    197 21597.063    21630.344    22747.682
 72  TVMe+R3       10893.648    193 22173.297    22205.190    23300.553
 81  TVMe+I+R3     10893.476    194 22174.953    22207.190    23308.050
 94  TIM3+F+R3     10628.034    195 21646.068    21678.652    22785.006
103  TIM3+F+I+R3   10627.999    196 21647.999    21680.930    22792.777
116  TIM3e+R3      10915.195    192 22214.389    22245.940    23335.805
125  TIM3e+I+R3    10915.014    193 22216.027    22247.920    23343.284
138  TIM2+F+R3     10627.538    195 21645.076    21677.659    22784.014
147  TIM2+F+I+R3   10627.505    196 21647.010    21679.941    22791.788
160  TIM2e+R3      10927.593    192 22239.187    22270.737    23360.603
169  TIM2e+I+R3    10927.453    193 22240.906    22272.799    23368.163
182  TIM+F+R3      10605.673    195 21601.346    21633.929    22740.283
191  TIM+F+I+R3    10605.604    196 21603.209    21636.140    22747.987
204  TIMe+R3       10929.287    192 22242.574    22274.124    23363.990
213  TIMe+I+R3     10929.181    193 22244.363    22276.256    23371.619
226  TPM3u+F+R3    10628.201    194 21644.402    21676.639    22777.499
235  TPM3u+F+I+R3  10628.069    195 21646.139    21678.722    22785.076
248  TPM3+R3       10915.226    191 22212.452    22243.663    23328.027
257  TPM3+I+R3     10915.148    192 22214.296    22245.846    23335.711
270  TPM2u+F+R3    10627.634    194 21643.268    21675.505    22776.366
279  TPM2u+F+I+R3  10627.596    195 21645.193    21677.776    22784.130
292  TPM2+R3       10927.617    191 22237.235    22268.445    23352.810
301  TPM2+I+R3     10927.492    192 22238.984    22270.534    23360.400
314  K3Pu+F+R3     10605.659    194 21599.318    21631.555    22732.415
323  K3Pu+F+I+R3   10605.680    195 21601.359    21633.942    22740.297
336  K3P+R3        10929.342    191 22240.685    22271.895    23356.260
345  K3P+I+R3      10929.263    192 22242.527    22274.077    23363.942
358  TN+F+R3       10628.125    194 21644.249    21676.486    22777.346
367  TN+F+I+R3     10628.038    195 21646.076    21678.659    22785.013
380  TNe+R3        10933.220    191 22248.440    22279.650    23364.015
389  TNe+I+R3      10933.018    192 22250.036    22281.587    23371.452
402  HKY+F+R3      10628.194    193 21642.388    21674.281    22769.644
411  HKY+F+I+R3    10628.178    194 21644.356    21676.593    22777.453
424  K2P+R3        10933.156    190 22246.311    22277.183    23356.045
433  K2P+I+R3      10933.032    191 22248.064    22279.274    23363.639
446  F81+F+R3      10811.130    192 22006.260    22037.810    23127.676
455  F81+F+I+R3    10811.049    193 22008.098    22039.990    23135.354
468  JC+R3         11063.088    189 22504.175    22534.711    23608.069
477  JC+I+R3       11062.340    190 22504.679    22535.551    23614.413
Akaike Information Criterion:           TVM+F+R3
Corrected Akaike Information Criterion: TVM+F+R3
Bayesian Information Criterion:         K3Pu+F+R3
Best-fit model: K3Pu+F+R3 chosen according to BIC

All model information printed to iqtree_output_50/aln_segment_116933_to_119474.model.gz
CPU time for ModelFinder: 377.824 seconds (0h:6m:17s)
Wall-clock time for ModelFinder: 194.978 seconds (0h:3m:14s)

NOTE: 6 MB RAM (0 GB) is required!
Estimate model parameters (epsilon = 0.500)
1. Initial log-likelihood: -10815.701
2. Current log-likelihood: -10616.777
3. Current log-likelihood: -10609.404
4. Current log-likelihood: -10607.551
5. Current log-likelihood: -10606.646
Optimal log-likelihood: -10606.057
Rate parameters:  A-C: 1.00000  A-G: 2.49804  A-T: 0.38958  C-G: 0.38958  C-T: 2.49804  G-T: 1.00000
Base frequencies:  A: 0.178  C: 0.353  G: 0.297  T: 0.172
Site proportion and rates:  (0.472,0.104) (0.511,1.283) (0.017,17.114)
Parameters optimization took 5 rounds (0.434 sec)
Wrote distance file to... 
Computing ML distances based on estimated model parameters...
Calculating distance matrix: done in 0.0125976 secs using 201.4% CPU
Computing ML distances took 0.012714 sec (of wall-clock time) 0.025492 sec (of CPU time)
Setting up auxiliary I and S matrices: done in 0.000302234 secs using 167.4% CPU
Computing RapidNJ tree took 0.009928 sec (of wall-clock time) 0.008621 sec (of CPU time)
Log-likelihood of RapidNJ tree: -10750.358
--------------------------------------------------------------------
|             INITIALIZING CANDIDATE TREE SET                      |
--------------------------------------------------------------------

Do NNI search on 2 best initial trees
Estimate model parameters (epsilon = 0.500)
BETTER TREE FOUND at iteration 1: -10599.952
Finish initializing candidate tree set (4)
Current best tree score: -10599.952 / CPU time: 0.448
Number of iterations: 2
TREE SEARCH COMPLETED AFTER 2 ITERATIONS / Time: 0h:3m:15s

--------------------------------------------------------------------
|                    FINALIZING TREE SEARCH                        |
--------------------------------------------------------------------
Performs final model parameters optimization
Estimate model parameters (epsilon = 0.050)
1. Initial log-likelihood: -10599.952
Optimal log-likelihood: -10599.882
Rate parameters:  A-C: 1.00000  A-G: 2.53566  A-T: 0.38551  C-G: 0.38551  C-T: 2.53566  G-T: 1.00000
Base frequencies:  A: 0.178  C: 0.353  G: 0.297  T: 0.172
Site proportion and rates:  (0.466,0.094) (0.516,1.252) (0.018,17.463)
Parameters optimization took 1 rounds (0.046 sec)
BEST SCORE FOUND : -10599.882
Total tree length: 1.780

Total number of iterations: 2
CPU time used for tree search: 0.880 sec (0h:0m:0s)
Wall-clock time used for tree search: 0.448 sec (0h:0m:0s)
Total CPU time used: 379.762 sec (0h:6m:19s)
Total wall-clock time used: 195.965 sec (0h:3m:15s)

Analysis results written to: 
  IQ-TREE report:                iqtree_output_50/aln_segment_116933_to_119474.iqtree
  Maximum-likelihood tree:       iqtree_output_50/aln_segment_116933_to_119474.treefile
  Likelihood distances:          iqtree_output_50/aln_segment_116933_to_119474.mldist
  Screen log file:               iqtree_output_50/aln_segment_116933_to_119474.log

Date and Time: Wed Oct 29 20:42:28 2025
