IQ-TREE multicore version 2.4.0 for Linux x86 64-bit built Feb  7 2025
Developed by Bui Quang Minh, Nguyen Lam Tung, Olga Chernomor, Heiko Schmidt,
Dominik Schrempf, Michael Woodhams, Ly Trong Nhan, Thomas Wong

Host:    ku-01 (AVX2, FMA3, 251 GB RAM)
Command: iqtree2 -s trim_genome_africa.fasta -m GTR+FO+R2+T -te tree_subsets/modeltrees_final_6.newick --prefix output_mast_repeats/mast_model_6/mast_model_6 -nt 4 -wslmr -redo
Seed:    954319 (Using SPRNG - Scalable Parallel Random Number Generator)
Time:    Thu Oct 30 15:20:26 2025
Kernel:  AVX+FMA - 4 threads (64 CPU cores detected)

Reading alignment file trim_genome_africa.fasta ... Fasta format detected
Reading fasta file: done in 0.0360492 secs using 89.34% CPU
Alignment most likely contains DNA/RNA sequences
Alignment has 29 sequences with 142412 columns, 3564 distinct patterns
28695 parsimony-informative, 1511 singleton sites, 112206 constant sites
                              Gap/Ambiguity  Composition  p-value
Analyzing sequences: done in 9.92594e-05 secs using 98.73% CPU
   1  HM585496_Human_herpesvirus_1    0.67%    failed      0.00%
   2  HM585497_Human_herpesvirus_1    0.65%    failed      0.00%
   3  HM585498_Human_herpesvirus_1    0.68%    failed      0.00%
   4  HM585499_Human_herpesvirus_1    0.67%    failed      0.00%
   5  HM585500_Human_herpesvirus_1    0.67%    failed      0.00%
   6  HM585501_Human_herpesvirus_1    0.63%    failed      0.00%
   7  HM585502_Human_herpesvirus_1    0.66%    failed      0.00%
   8  HM585503_Human_herpesvirus_1    0.69%    failed      0.00%
   9  HM585504_Human_herpesvirus_1    0.59%    failed      0.00%
  10  HM585505_Human_herpesvirus_1    0.67%    failed      0.00%
  11  HM585506_Human_herpesvirus_1    0.67%    failed      0.00%
  12  HM585507_Human_herpesvirus_1    1.56%    failed      0.00%
  13  HM585509_Human_herpesvirus_1    0.42%    failed      0.00%
  14  HM585510_Human_herpesvirus_1    0.45%    failed      0.00%
  15  HM585511_Human_herpesvirus_1    0.50%    failed      0.00%
  16  KR135299_Human_herpesvirus_2    3.19%    failed      0.00%
  17  KR135300_Human_herpesvirus_2    3.19%    failed      0.00%
  18  KR135301_Human_herpesvirus_2    3.33%    failed      0.00%
  19  KR135302_Human_herpesvirus_2    3.10%    failed      0.00%
  20  KR135303_Human_herpesvirus_2    3.44%    failed      0.00%
  21  KR135304_Human_herpesvirus_2    3.30%    failed      0.00%
  22  KR135305_Human_herpesvirus_2    3.43%    failed      0.00%
  23  KR135306_Human_herpesvirus_2    3.39%    failed      0.00%
  24  KR135307_Human_herpesvirus_2    3.14%    failed      0.00%
  25  KR135315_Human_herpesvirus_2    3.20%    failed      0.00%
  26  KR135316_Human_herpesvirus_2    3.19%    failed      0.00%
  27  KR135317_Human_herpesvirus_2    3.37%    failed      0.00%
  28  KR135318_Human_herpesvirus_2    3.12%    failed      0.00%
  29  KR135319_Human_herpesvirus_2    3.10%    failed      0.00%
****  TOTAL                           1.92%  29 sequences failed composition chi2 test (p-value<5%; df=3)
Tree-mixture model
Number of input trees: 6
Minimum branch length is set to 0.0000010







Linked substitution model:
   GTR+FO

Linked RHS model:
   R2


NOTE: 40 MB RAM (0 GB) is required!
According to the parsimony scores along the sites, the tree weights are initialized to:
0.2384121,0.1719253,0.1225163,0.1520726,0.1850805,0.1299931
Estimate model parameters (epsilon = 0.00100)
1. Initial log-likelihood: -343503.60900
2. Current log-likelihood: -335790.99680
3. Current log-likelihood: -335270.09762
4. Current log-likelihood: -335044.66812
5. Current log-likelihood: -334830.53764
6. Current log-likelihood: -334575.11356
7. Current log-likelihood: -334490.95630
8. Current log-likelihood: -334486.65155
9. Current log-likelihood: -334482.96581
10. Current log-likelihood: -334479.10436
11. Current log-likelihood: -334475.45238
12. Current log-likelihood: -334445.34638
13. Current log-likelihood: -334410.74569
14. Current log-likelihood: -334398.89643
15. Current log-likelihood: -334380.00093
16. Current log-likelihood: -334368.90135
17. Current log-likelihood: -334366.31631
18. Current log-likelihood: -334364.01476
19. Current log-likelihood: -334361.85134
20. Current log-likelihood: -334359.83892
21. Current log-likelihood: -334357.94513
22. Current log-likelihood: -334356.09619
23. Current log-likelihood: -334354.40653
24. Current log-likelihood: -334352.79995
25. Current log-likelihood: -334351.29364
26. Current log-likelihood: -334349.82544
27. Current log-likelihood: -334348.43831
28. Current log-likelihood: -334347.12783
29. Current log-likelihood: -334345.87271
30. Current log-likelihood: -334344.61634
31. Current log-likelihood: -334343.44047
32. Current log-likelihood: -334342.29059
33. Current log-likelihood: -334341.19731
34. Current log-likelihood: -334340.14315
35. Current log-likelihood: -334339.09457
36. Current log-likelihood: -334338.06710
37. Current log-likelihood: -334337.09494
38. Current log-likelihood: -334336.15499
39. Current log-likelihood: -334335.24812
40. Current log-likelihood: -334334.36302
41. Current log-likelihood: -334333.38486
42. Current log-likelihood: -334332.53841
43. Current log-likelihood: -334331.70658
44. Current log-likelihood: -334330.90850
45. Current log-likelihood: -334330.13349
46. Current log-likelihood: -334329.37469
47. Current log-likelihood: -334328.62263
48. Current log-likelihood: -334327.90490
49. Current log-likelihood: -334327.20504
50. Current log-likelihood: -334326.52359
51. Current log-likelihood: -334325.84536
52. Current log-likelihood: -334323.11910
53. Current log-likelihood: -334322.45694
54. Current log-likelihood: -334321.81076
55. Current log-likelihood: -334321.18082
56. Current log-likelihood: -334320.56901
57. Current log-likelihood: -334319.97058
58. Current log-likelihood: -334319.37639
59. Current log-likelihood: -334318.80754
60. Current log-likelihood: -334318.25206
61. Current log-likelihood: -334317.71340
62. Current log-likelihood: -334317.18156
63. Current log-likelihood: -334316.66690
64. Current log-likelihood: -334316.16327
65. Current log-likelihood: -334315.66988
66. Current log-likelihood: -334315.19153
67. Current log-likelihood: -334314.72241
68. Current log-likelihood: -334314.25803
69. Current log-likelihood: -334313.81131
70. Current log-likelihood: -334313.36032
71. Current log-likelihood: -334312.93336
72. Current log-likelihood: -334312.51454
73. Current log-likelihood: -334312.10242
74. Current log-likelihood: -334311.70016
75. Current log-likelihood: -334311.30876
76. Current log-likelihood: -334310.92525
77. Current log-likelihood: -334310.54809
78. Current log-likelihood: -334310.17943
79. Current log-likelihood: -334309.82000
80. Current log-likelihood: -334309.46705
81. Current log-likelihood: -334309.12057
82. Current log-likelihood: -334308.78209
83. Current log-likelihood: -334308.44748
84. Current log-likelihood: -334308.12221
85. Current log-likelihood: -334307.80257
86. Current log-likelihood: -334307.48971
87. Current log-likelihood: -334307.18303
88. Current log-likelihood: -334306.88027
89. Current log-likelihood: -334306.58559
90. Current log-likelihood: -334306.29578
91. Current log-likelihood: -334306.01147
92. Current log-likelihood: -334305.73288
93. Current log-likelihood: -334305.45929
94. Current log-likelihood: -334305.19263
95. Current log-likelihood: -334304.92883
96. Current log-likelihood: -334304.66481
97. Current log-likelihood: -334304.41098
98. Current log-likelihood: -334304.16246
99. Current log-likelihood: -334303.91629
100. Current log-likelihood: -334303.67619
101. Current log-likelihood: -334303.44029
102. Current log-likelihood: -334302.99774
103. Current log-likelihood: -334302.55555
104. Current log-likelihood: -334302.12884
105. Current log-likelihood: -334301.71721
106. Current log-likelihood: -334301.31577
107. Current log-likelihood: -334300.92327
108. Current log-likelihood: -334300.54450
109. Current log-likelihood: -334300.17925
110. Current log-likelihood: -334299.82447
111. Current log-likelihood: -334299.48072
112. Current log-likelihood: -334299.14582
113. Current log-likelihood: -334298.81887
114. Current log-likelihood: -334298.50249
115. Current log-likelihood: -334298.19380
116. Current log-likelihood: -334297.89110
117. Current log-likelihood: -334297.59892
118. Current log-likelihood: -334297.31221
119. Current log-likelihood: -334297.03297
120. Current log-likelihood: -334296.76128
121. Current log-likelihood: -334296.49634
122. Current log-likelihood: -334296.23743
123. Current log-likelihood: -334295.98039
124. Current log-likelihood: -334295.73518
125. Current log-likelihood: -334295.49352
126. Current log-likelihood: -334295.25681
127. Current log-likelihood: -334295.02713
128. Current log-likelihood: -334294.79991
129. Current log-likelihood: -334294.58053
130. Current log-likelihood: -334294.36562
131. Current log-likelihood: -334294.15507
132. Current log-likelihood: -334293.94823
133. Current log-likelihood: -334293.74723
134. Current log-likelihood: -334293.55036
135. Current log-likelihood: -334293.35630
136. Current log-likelihood: -334293.16724
137. Current log-likelihood: -334292.98172
138. Current log-likelihood: -334292.80009
139. Current log-likelihood: -334289.57049
140. Current log-likelihood: -334289.35246
141. Current log-likelihood: -334289.14340
142. Current log-likelihood: -334288.93768
143. Current log-likelihood: -334288.73767
144. Current log-likelihood: -334288.54383
145. Current log-likelihood: -334288.35501
146. Current log-likelihood: -334288.17131
147. Current log-likelihood: -334287.98793
148. Current log-likelihood: -334287.81557
149. Current log-likelihood: -334287.64517
150. Current log-likelihood: -334287.47879
151. Current log-likelihood: -334287.31598
152. Current log-likelihood: -334287.15781
153. Current log-likelihood: -334287.00341
154. Current log-likelihood: -334286.85270
155. Current log-likelihood: -334286.70486
156. Current log-likelihood: -334286.56039
157. Current log-likelihood: -334286.41903
158. Current log-likelihood: -334286.28127
159. Current log-likelihood: -334286.14537
160. Current log-likelihood: -334286.01318
161. Current log-likelihood: -334285.87820
162. Current log-likelihood: -334285.75381
163. Current log-likelihood: -334285.61123
164. Current log-likelihood: -334285.49105
165. Current log-likelihood: -334285.37375
166. Current log-likelihood: -334285.25453
167. Current log-likelihood: -334285.14230
168. Current log-likelihood: -334284.52916
169. Current log-likelihood: -334284.40041
170. Current log-likelihood: -334284.27814
171. Current log-likelihood: -334284.15995
172. Current log-likelihood: -334284.04548
173. Current log-likelihood: -334283.93174
174. Current log-likelihood: -334283.82350
175. Current log-likelihood: -334283.71697
176. Current log-likelihood: -334283.61248
177. Current log-likelihood: -334283.50919
178. Current log-likelihood: -334283.40981
179. Current log-likelihood: -334283.31132
180. Current log-likelihood: -334283.21418
181. Current log-likelihood: -334283.12182
182. Current log-likelihood: -334283.02890
183. Current log-likelihood: -334282.93979
184. Current log-likelihood: -334282.85069
185. Current log-likelihood: -334282.76471
186. Current log-likelihood: -334282.67920
187. Current log-likelihood: -334282.59585
188. Current log-likelihood: -334282.51556
189. Current log-likelihood: -334282.43462
190. Current log-likelihood: -334282.34785
191. Current log-likelihood: -334282.27164
192. Current log-likelihood: -334282.19734
193. Current log-likelihood: -334282.12291
194. Current log-likelihood: -334282.05102
195. Current log-likelihood: -334281.98027
196. Current log-likelihood: -334281.91159
197. Current log-likelihood: -334281.84182
198. Current log-likelihood: -334281.77600
199. Current log-likelihood: -334281.71019
200. Current log-likelihood: -334281.64603
201. Current log-likelihood: -334281.58010
202. Current log-likelihood: -334281.49146
203. Current log-likelihood: -334281.40443
204. Current log-likelihood: -334281.31753
205. Current log-likelihood: -334281.23273
206. Current log-likelihood: -334281.15127
207. Current log-likelihood: -334281.07179
208. Current log-likelihood: -334280.99571
209. Current log-likelihood: -334280.91980
210. Current log-likelihood: -334280.84762
211. Current log-likelihood: -334280.77518
212. Current log-likelihood: -334280.70501
213. Current log-likelihood: -334280.63705
214. Current log-likelihood: -334280.57290
215. Current log-likelihood: -334280.50752
216. Current log-likelihood: -334280.44632
217. Current log-likelihood: -334280.38399
218. Current log-likelihood: -334280.32539
219. Current log-likelihood: -334280.26673
220. Current log-likelihood: -334280.20918
221. Current log-likelihood: -334280.15472
222. Current log-likelihood: -334280.10164
223. Current log-likelihood: -334280.04996
224. Current log-likelihood: -334279.99698
225. Current log-likelihood: -334279.94722
226. Current log-likelihood: -334279.89895
227. Current log-likelihood: -334279.84999
228. Current log-likelihood: -334279.80360
229. Current log-likelihood: -334279.75794
230. Current log-likelihood: -334279.71375
231. Current log-likelihood: -334279.66813
232. Current log-likelihood: -334279.62590
233. Current log-likelihood: -334279.58421
234. Current log-likelihood: -334279.54342
235. Current log-likelihood: -334279.50292
236. Current log-likelihood: -334279.46223
237. Current log-likelihood: -334279.42363
238. Current log-likelihood: -334279.38605
239. Current log-likelihood: -334279.34706
240. Current log-likelihood: -334279.31135
241. Current log-likelihood: -334279.27524
242. Current log-likelihood: -334279.23967
243. Current log-likelihood: -334279.20530
244. Current log-likelihood: -334279.17201
245. Current log-likelihood: -334279.13701
246. Current log-likelihood: -334279.10402
247. Current log-likelihood: -334279.07216
248. Current log-likelihood: -334279.04099
249. Current log-likelihood: -334279.01048
250. Current log-likelihood: -334278.97949
251. Current log-likelihood: -334278.94956
252. Current log-likelihood: -334278.92040
253. Current log-likelihood: -334278.88945
254. Current log-likelihood: -334278.86187
255. Current log-likelihood: -334278.83360
256. Current log-likelihood: -334278.80540
257. Current log-likelihood: -334278.77842
258. Current log-likelihood: -334278.75155
259. Current log-likelihood: -334278.72535
260. Current log-likelihood: -334278.69950
261. Current log-likelihood: -334278.67418
262. Current log-likelihood: -334278.64810
263. Current log-likelihood: -334278.62420
264. Current log-likelihood: -334278.59929
265. Current log-likelihood: -334278.57594
266. Current log-likelihood: -334278.55148
267. Current log-likelihood: -334278.52802
268. Current log-likelihood: -334278.50552
269. Current log-likelihood: -334278.48225
270. Current log-likelihood: -334278.45896
271. Current log-likelihood: -334278.43730
272. Current log-likelihood: -334278.41573
273. Current log-likelihood: -334278.39383
274. Current log-likelihood: -334278.37237
275. Current log-likelihood: -334278.34805
276. Current log-likelihood: -334278.32772
277. Current log-likelihood: -334278.30659
278. Current log-likelihood: -334278.28638
279. Current log-likelihood: -334278.26643
280. Current log-likelihood: -334278.24687
281. Current log-likelihood: -334278.22693
282. Current log-likelihood: -334278.20719
283. Current log-likelihood: -334278.18533
284. Current log-likelihood: -334278.16624
285. Current log-likelihood: -334278.14614
286. Current log-likelihood: -334278.12785
287. Current log-likelihood: -334278.10847
288. Current log-likelihood: -334278.09038
289. Current log-likelihood: -334278.07234
290. Current log-likelihood: -334278.05574
291. Current log-likelihood: -334278.03698
292. Current log-likelihood: -334278.01876
293. Current log-likelihood: -334278.00158
294. Current log-likelihood: -334277.98342
295. Current log-likelihood: -334277.96751
296. Current log-likelihood: -334277.94903
297. Current log-likelihood: -334277.93185
298. Current log-likelihood: -334277.91539
299. Current log-likelihood: -334277.89852
300. Current log-likelihood: -334277.88318
301. Current log-likelihood: -334277.86646
302. Current log-likelihood: -334277.84580
303. Current log-likelihood: -334277.82465
304. Current log-likelihood: -334277.80336
305. Current log-likelihood: -334277.78276
306. Current log-likelihood: -334277.76250
307. Current log-likelihood: -334277.74230
308. Current log-likelihood: -334277.72174
309. Current log-likelihood: -334277.70276
310. Current log-likelihood: -334277.68209
311. Current log-likelihood: -334277.66245
312. Current log-likelihood: -334277.64343
313. Current log-likelihood: -334277.62437
314. Current log-likelihood: -334277.60537
315. Current log-likelihood: -334277.58710
316. Current log-likelihood: -334277.56817
317. Current log-likelihood: -334277.54897
318. Current log-likelihood: -334277.53008
319. Current log-likelihood: -334277.51232
320. Current log-likelihood: -334277.49402
321. Current log-likelihood: -334277.47626
322. Current log-likelihood: -334277.45809
323. Current log-likelihood: -334277.44089
324. Current log-likelihood: -334277.42325
325. Current log-likelihood: -334277.40653
326. Current log-likelihood: -334277.38917
327. Current log-likelihood: -334277.37256
328. Current log-likelihood: -334277.35599
329. Current log-likelihood: -334277.33890
330. Current log-likelihood: -334277.32247
331. Current log-likelihood: -334277.30522
332. Current log-likelihood: -334277.28853
333. Current log-likelihood: -334277.27286
334. Current log-likelihood: -334277.25659
335. Current log-likelihood: -334277.24101
336. Current log-likelihood: -334277.22556
337. Current log-likelihood: -334277.20976
338. Current log-likelihood: -334277.19334
339. Current log-likelihood: -334277.17813
340. Current log-likelihood: -334277.16193
341. Current log-likelihood: -334277.14700
342. Current log-likelihood: -334277.13138
343. Current log-likelihood: -334277.11635
344. Current log-likelihood: -334277.10154
345. Current log-likelihood: -334277.08699
346. Current log-likelihood: -334277.07209
347. Current log-likelihood: -334277.05669
348. Current log-likelihood: -334277.04250
349. Current log-likelihood: -334277.02828
350. Current log-likelihood: -334277.01408
351. Current log-likelihood: -334276.99960
352. Current log-likelihood: -334276.98569
353. Current log-likelihood: -334276.97292
354. Current log-likelihood: -334276.95860
355. Current log-likelihood: -334276.94497
356. Current log-likelihood: -334276.93249
357. Current log-likelihood: -334276.91822
358. Current log-likelihood: -334276.90470
359. Current log-likelihood: -334276.89150
360. Current log-likelihood: -334276.87805
361. Current log-likelihood: -334276.86435
362. Current log-likelihood: -334276.85046
363. Current log-likelihood: -334276.83847
364. Current log-likelihood: -334276.82382
365. Current log-likelihood: -334276.81063
366. Current log-likelihood: -334276.79883
367. Current log-likelihood: -334276.78578
368. Current log-likelihood: -334276.77412
369. Current log-likelihood: -334276.76143
370. Current log-likelihood: -334276.75005
371. Current log-likelihood: -334276.73659
372. Current log-likelihood: -334276.72535
373. Current log-likelihood: -334276.71268
374. Current log-likelihood: -334276.70145
375. Current log-likelihood: -334276.68925
376. Current log-likelihood: -334276.67741
377. Current log-likelihood: -334276.66479
378. Current log-likelihood: -334276.65401
379. Current log-likelihood: -334276.64170
380. Current log-likelihood: -334276.63099
381. Current log-likelihood: -334276.37053
382. Current log-likelihood: -334276.35577
383. Current log-likelihood: -334276.34148
384. Current log-likelihood: -334276.32877
385. Current log-likelihood: -334276.31530
386. Current log-likelihood: -334276.30251
387. Current log-likelihood: -334276.29031
388. Current log-likelihood: -334276.27942
389. Current log-likelihood: -334276.26687
390. Current log-likelihood: -334276.25610
391. Current log-likelihood: -334276.24424
392. Current log-likelihood: -334276.23294
393. Current log-likelihood: -334276.22136
394. Current log-likelihood: -334276.21005
395. Current log-likelihood: -334276.19899
396. Current log-likelihood: -334276.18872
397. Current log-likelihood: -334276.17778
398. Current log-likelihood: -334276.16770
399. Current log-likelihood: -334276.15602
400. Current log-likelihood: -334276.14604
401. Current log-likelihood: -334276.13485
402. Current log-likelihood: -334276.12204
403. Current log-likelihood: -334276.10947
404. Current log-likelihood: -334276.09577
405. Current log-likelihood: -334276.08313
406. Current log-likelihood: -334276.07042
407. Current log-likelihood: -334276.05811
408. Current log-likelihood: -334276.04542
409. Current log-likelihood: -334276.03437
410. Current log-likelihood: -334276.02102
411. Current log-likelihood: -334276.00884
412. Current log-likelihood: -334275.99643
413. Current log-likelihood: -334275.98481
414. Current log-likelihood: -334275.97414
415. Current log-likelihood: -334275.96212
416. Current log-likelihood: -334275.95024
417. Current log-likelihood: -334275.93909
418. Current log-likelihood: -334275.92683
419. Current log-likelihood: -334275.91561
420. Current log-likelihood: -334275.90402
421. Current log-likelihood: -334275.89312
422. Current log-likelihood: -334275.88178
423. Current log-likelihood: -334275.87067
424. Current log-likelihood: -334275.85973
425. Current log-likelihood: -334275.85008
426. Current log-likelihood: -334275.83881
427. Current log-likelihood: -334275.82836
428. Current log-likelihood: -334275.81626
429. Current log-likelihood: -334275.80685
430. Current log-likelihood: -334275.79553
431. Current log-likelihood: -334275.78611
432. Current log-likelihood: -334275.77444
433. Current log-likelihood: -334275.76529
434. Current log-likelihood: -334275.75412
435. Current log-likelihood: -334275.74503
436. Current log-likelihood: -334275.73435
437. Current log-likelihood: -334275.72539
438. Current log-likelihood: -334275.71489
439. Current log-likelihood: -334275.70501
440. Current log-likelihood: -334275.69481
441. Current log-likelihood: -334275.68598
442. Current log-likelihood: -334275.67541
443. Current log-likelihood: -334275.66582
444. Current log-likelihood: -334275.65576
445. Current log-likelihood: -334275.64721
446. Current log-likelihood: -334275.63710
447. Current log-likelihood: -334275.62858
448. Current log-likelihood: -334275.61909
449. Current log-likelihood: -334275.61074
450. Current log-likelihood: -334275.60135
451. Current log-likelihood: -334275.59320
452. Current log-likelihood: -334275.58317
453. Current log-likelihood: -334275.57510
454. Current log-likelihood: -334275.56581
455. Current log-likelihood: -334275.55784
456. Current log-likelihood: -334275.54870
457. Current log-likelihood: -334275.54010
458. Current log-likelihood: -334275.53042
459. Current log-likelihood: -334275.52140
460. Current log-likelihood: -334275.51261
461. Current log-likelihood: -334275.50486
462. Current log-likelihood: -334275.49578
463. Current log-likelihood: -334275.48720
464. Current log-likelihood: -334275.47958
465. Current log-likelihood: -334275.47094
466. Current log-likelihood: -334275.46197
467. Current log-likelihood: -334275.45469
468. Current log-likelihood: -334275.44634
469. Current log-likelihood: -334275.43759
470. Current log-likelihood: -334275.43037
471. Current log-likelihood: -334275.42309
472. Current log-likelihood: -334275.41417
473. Current log-likelihood: -334275.40715
474. Current log-likelihood: -334275.39863
475. Current log-likelihood: -334275.39064
476. Current log-likelihood: -334275.38272
477. Current log-likelihood: -334275.37588
478. Current log-likelihood: -334275.36890
479. Current log-likelihood: -334275.36096
480. Current log-likelihood: -334275.35320
481. Current log-likelihood: -334275.34507
482. Current log-likelihood: -334275.33832
483. Current log-likelihood: -334275.33154
484. Current log-likelihood: -334275.32393
485. Current log-likelihood: -334275.31588
486. Current log-likelihood: -334275.30928
487. Current log-likelihood: -334275.30062
488. Current log-likelihood: -334275.29386
489. Current log-likelihood: -334275.28743
490. Current log-likelihood: -334275.27908
491. Current log-likelihood: -334275.27107
492. Current log-likelihood: -334275.26441
493. Current log-likelihood: -334275.25577
494. Current log-likelihood: -334275.24843
495. Current log-likelihood: -334275.24214
496. Current log-likelihood: -334275.23498
497. Current log-likelihood: -334275.22883
498. Current log-likelihood: -334275.22135
499. Current log-likelihood: -334275.21502
500. Current log-likelihood: -334275.20791
501. Current log-likelihood: -334275.20161
502. Current log-likelihood: -334275.19458
503. Current log-likelihood: -334275.18591
504. Current log-likelihood: -334275.17761
505. Current log-likelihood: -334275.17063
506. Current log-likelihood: -334275.16252
507. Current log-likelihood: -334275.15571
508. Current log-likelihood: -334275.14731
509. Current log-likelihood: -334275.13970
510. Current log-likelihood: -334275.13190
511. Current log-likelihood: -334275.12521
512. Current log-likelihood: -334275.11752
513. Current log-likelihood: -334275.11003
514. Current log-likelihood: -334269.96420
515. Current log-likelihood: -334269.83213
516. Current log-likelihood: -334269.72867
517. Current log-likelihood: -334269.64976
518. Current log-likelihood: -334269.58536
519. Current log-likelihood: -334269.53592
520. Current log-likelihood: -334269.49431
521. Current log-likelihood: -334269.45842
522. Current log-likelihood: -334269.43150
523. Current log-likelihood: -334269.40582
524. Current log-likelihood: -334269.38721
525. Current log-likelihood: -334269.36879
526. Current log-likelihood: -334269.35217
527. Current log-likelihood: -334269.33668
528. Current log-likelihood: -334269.32308
529. Current log-likelihood: -334269.30931
530. Current log-likelihood: -334269.29812
531. Current log-likelihood: -334269.02271
532. Current log-likelihood: -334268.91987
533. Current log-likelihood: -334268.90249
534. Current log-likelihood: -334268.88518
535. Current log-likelihood: -334268.86824
536. Current log-likelihood: -334268.85431
537. Current log-likelihood: -334268.84069
538. Current log-likelihood: -334268.82758
539. Current log-likelihood: -334268.81331
540. Current log-likelihood: -334268.80086
541. Current log-likelihood: -334268.78868
542. Current log-likelihood: -334268.77597
543. Current log-likelihood: -334268.76044
544. Current log-likelihood: -334268.74879
545. Current log-likelihood: -334268.73689
546. Current log-likelihood: -334268.72471
547. Current log-likelihood: -334268.71228
548. Current log-likelihood: -334268.70044
549. Current log-likelihood: -334268.68921
550. Current log-likelihood: -334268.67852
551. Current log-likelihood: -334268.66738
552. Current log-likelihood: -334268.65641
553. Current log-likelihood: -334268.64564
554. Current log-likelihood: -334268.63467
555. Current log-likelihood: -334268.62378
556. Current log-likelihood: -334268.61282
557. Current log-likelihood: -334268.60262
558. Current log-likelihood: -334268.59163
559. Current log-likelihood: -334268.58025
560. Current log-likelihood: -334268.56943
561. Current log-likelihood: -334268.55892
562. Current log-likelihood: -334268.54843
563. Current log-likelihood: -334268.53676
564. Current log-likelihood: -334268.52709
565. Current log-likelihood: -334268.51741
566. Current log-likelihood: -334268.50699
567. Current log-likelihood: -334268.49679
568. Current log-likelihood: -334268.48645
569. Current log-likelihood: -334268.47622
570. Current log-likelihood: -334268.46664
571. Current log-likelihood: -334268.45637
572. Current log-likelihood: -334268.44691
573. Current log-likelihood: -334268.43678
574. Current log-likelihood: -334268.42756
575. Current log-likelihood: -334268.41675
576. Current log-likelihood: -334268.40646
577. Current log-likelihood: -334268.39726
578. Current log-likelihood: -334268.38753
579. Current log-likelihood: -334268.37797
580. Current log-likelihood: -334268.36785
581. Current log-likelihood: -334268.35877
582. Current log-likelihood: -334268.34886
583. Current log-likelihood: -334268.33882
584. Current log-likelihood: -334268.32925
585. Current log-likelihood: -334268.32017
586. Current log-likelihood: -334268.31078
587. Current log-likelihood: -334268.29946
588. Current log-likelihood: -334268.29068
589. Current log-likelihood: -334268.28085
590. Current log-likelihood: -334268.27109
591. Current log-likelihood: -334268.26242
592. Current log-likelihood: -334268.25147
593. Current log-likelihood: -334268.24164
594. Current log-likelihood: -334268.23148
595. Current log-likelihood: -334268.22265
596. Current log-likelihood: -334268.21313
597. Current log-likelihood: -334268.20302
598. Current log-likelihood: -334268.19331
599. Current log-likelihood: -334268.18354
600. Current log-likelihood: -334268.17428
601. Current log-likelihood: -334268.16541
602. Current log-likelihood: -334268.15474
603. Current log-likelihood: -334268.14336
604. Current log-likelihood: -334268.13259
605. Current log-likelihood: -334268.12125
606. Current log-likelihood: -334268.11010
607. Current log-likelihood: -334268.09826
608. Current log-likelihood: -334268.08724
609. Current log-likelihood: -334268.07444
610. Current log-likelihood: -334268.06312
611. Current log-likelihood: -334268.05178
612. Current log-likelihood: -334268.04017
613. Current log-likelihood: -334268.02541
614. Current log-likelihood: -334268.01368
615. Current log-likelihood: -334267.99984
616. Current log-likelihood: -334267.98467
617. Current log-likelihood: -334267.96821
618. Current log-likelihood: -334267.94820
619. Current log-likelihood: -334267.86536
620. Current log-likelihood: -334267.57023
621. Current log-likelihood: -334267.40195
622. Current log-likelihood: -334267.35593
623. Current log-likelihood: -334267.31735
624. Current log-likelihood: -334267.28220
625. Current log-likelihood: -334267.24799
626. Current log-likelihood: -334267.21710
627. Current log-likelihood: -334267.18815
628. Current log-likelihood: -334267.15647
629. Current log-likelihood: -334267.13013
630. Current log-likelihood: -334267.10517
631. Current log-likelihood: -334267.08034
632. Current log-likelihood: -334267.05375
633. Current log-likelihood: -334267.03176
634. Current log-likelihood: -334267.00959
635. Current log-likelihood: -334266.98803
636. Current log-likelihood: -334266.96771
637. Current log-likelihood: -334266.94789
638. Current log-likelihood: -334266.92903
639. Current log-likelihood: -334266.90679
640. Current log-likelihood: -334266.88869
641. Current log-likelihood: -334266.87090
642. Current log-likelihood: -334266.85266
643. Current log-likelihood: -334266.83581
644. Current log-likelihood: -334266.81969
645. Current log-likelihood: -334266.80336
646. Current log-likelihood: -334266.78759
647. Current log-likelihood: -334266.77261
648. Current log-likelihood: -334266.75641
649. Current log-likelihood: -334266.74085
650. Current log-likelihood: -334266.72640
651. Current log-likelihood: -334266.71195
652. Current log-likelihood: -334266.69610
653. Current log-likelihood: -334266.68303
654. Current log-likelihood: -334266.66965
655. Current log-likelihood: -334266.65664
656. Current log-likelihood: -334266.64378
657. Current log-likelihood: -334266.63126
658. Current log-likelihood: -334266.61761
659. Current log-likelihood: -334266.60549
660. Current log-likelihood: -334266.59321
661. Current log-likelihood: -334266.58161
662. Current log-likelihood: -334266.56956
663. Current log-likelihood: -334266.55864
664. Current log-likelihood: -334266.54695
665. Current log-likelihood: -334266.53644
666. Current log-likelihood: -334266.52574
667. Current log-likelihood: -334266.51514
668. Current log-likelihood: -334266.50426
669. Current log-likelihood: -334266.49463
670. Current log-likelihood: -334266.48443
671. Current log-likelihood: -334266.47371
672. Current log-likelihood: -334266.46380
673. Current log-likelihood: -334266.45379
674. Current log-likelihood: -334266.44405
675. Current log-likelihood: -334266.43379
676. Current log-likelihood: -334266.42480
677. Current log-likelihood: -334266.41543
678. Current log-likelihood: -334266.40620
679. Current log-likelihood: -334266.39643
680. Current log-likelihood: -334266.38774
681. Current log-likelihood: -334266.37854
682. Current log-likelihood: -334266.36865
683. Current log-likelihood: -334266.36017
684. Current log-likelihood: -334266.34981
685. Current log-likelihood: -334266.34137
686. Current log-likelihood: -334266.33091
687. Current log-likelihood: -334266.32264
688. Current log-likelihood: -334266.31321
689. Current log-likelihood: -334266.30516
690. Current log-likelihood: -334266.29691
691. Current log-likelihood: -334266.28822
692. Current log-likelihood: -334266.28006
693. Current log-likelihood: -334266.27331
694. Current log-likelihood: -334266.26477
695. Current log-likelihood: -334266.25699
696. Current log-likelihood: -334266.24848
697. Current log-likelihood: -334266.24100
698. Current log-likelihood: -334266.23275
699. Current log-likelihood: -334266.22510
700. Current log-likelihood: -334266.21736
701. Current log-likelihood: -334266.20910
702. Current log-likelihood: -334266.20211
703. Current log-likelihood: -334266.19288
704. Current log-likelihood: -334266.18350
705. Current log-likelihood: -334266.17534
706. Current log-likelihood: -334266.16722
707. Current log-likelihood: -334266.15919
708. Current log-likelihood: -334266.15139
709. Current log-likelihood: -334266.13936
710. Current log-likelihood: -334266.13143
711. Current log-likelihood: -334266.12358
712. Current log-likelihood: -334266.11505
713. Current log-likelihood: -334266.10717
714. Current log-likelihood: -334266.09934
715. Current log-likelihood: -334266.09123
716. Current log-likelihood: -334266.08368
717. Current log-likelihood: -334266.07745
718. Current log-likelihood: -334266.06938
719. Current log-likelihood: -334266.06097
720. Current log-likelihood: -334266.05339
721. Current log-likelihood: -334266.04519
722. Current log-likelihood: -334266.03903
723. Current log-likelihood: -334266.03147
724. Current log-likelihood: -334266.02396
725. Current log-likelihood: -334266.01643
726. Current log-likelihood: -334266.00922
727. Current log-likelihood: -334266.00157
728. Current log-likelihood: -334265.99414
729. Current log-likelihood: -334265.98718
730. Current log-likelihood: -334265.98032
731. Current log-likelihood: -334265.97334
732. Current log-likelihood: -334265.96580
733. Current log-likelihood: -334265.95891
734. Current log-likelihood: -334265.95204
735. Current log-likelihood: -334265.94311
736. Current log-likelihood: -334265.93736
737. Current log-likelihood: -334265.93030
738. Current log-likelihood: -334265.92358
739. Current log-likelihood: -334265.91676
740. Current log-likelihood: -334265.90999
741. Current log-likelihood: -334265.90342
742. Current log-likelihood: -334265.89808
743. Current log-likelihood: -334265.89009
744. Current log-likelihood: -334265.88340
745. Current log-likelihood: -334265.87798
746. Current log-likelihood: -334265.86997
747. Current log-likelihood: -334265.86343
748. Current log-likelihood: -334265.85668
749. Current log-likelihood: -334265.85149
750. Current log-likelihood: -334265.84467
751. Current log-likelihood: -334265.83782
752. Current log-likelihood: -334265.83142
753. Current log-likelihood: -334265.82433
754. Current log-likelihood: -334265.81913
755. Current log-likelihood: -334265.81306
756. Current log-likelihood: -334265.80686
757. Current log-likelihood: -334265.79999
758. Current log-likelihood: -334265.79389
759. Current log-likelihood: -334265.78890
760. Current log-likelihood: -334265.78276
761. Current log-likelihood: -334265.77695
762. Current log-likelihood: -334265.77046
763. Current log-likelihood: -334265.76461
764. Current log-likelihood: -334265.75982
765. Current log-likelihood: -334265.75339
766. Current log-likelihood: -334265.74746
767. Current log-likelihood: -334265.74054
768. Current log-likelihood: -334265.73601
769. Current log-likelihood: -334265.72882
770. Current log-likelihood: -334265.72281
771. Current log-likelihood: -334265.71813
772. Current log-likelihood: -334265.71217
773. Current log-likelihood: -334265.70588
774. Current log-likelihood: -334265.70125
775. Current log-likelihood: -334265.69550
776. Current log-likelihood: -334265.69093
777. Current log-likelihood: -334265.68511
778. Current log-likelihood: -334265.68052
779. Current log-likelihood: -334265.67472
780. Current log-likelihood: -334265.67041
781. Current log-likelihood: -334265.66422
782. Current log-likelihood: -334265.65823
783. Current log-likelihood: -334265.65266
784. Current log-likelihood: -334265.64675
785. Current log-likelihood: -334265.64137
786. Current log-likelihood: -334265.63711
787. Current log-likelihood: -334265.63167
788. Current log-likelihood: -334265.62731
789. Current log-likelihood: -334265.62203
790. Current log-likelihood: -334265.61530
791. Current log-likelihood: -334265.61097
792. Current log-likelihood: -334265.60689
793. Current log-likelihood: -334265.60123
794. Current log-likelihood: -334265.59691
795. Current log-likelihood: -334265.59183
796. Current log-likelihood: -334265.58777
797. Current log-likelihood: -334265.58277
798. Current log-likelihood: -334265.57696
799. Current log-likelihood: -334265.57278
800. Current log-likelihood: -334265.56695
801. Current log-likelihood: -334265.56293
802. Current log-likelihood: -334265.55867
803. Current log-likelihood: -334265.55172
804. Current log-likelihood: -334265.54633
805. Current log-likelihood: -334265.54099
806. Current log-likelihood: -334265.53553
807. Current log-likelihood: -334265.53135
808. Current log-likelihood: -334265.52551
809. Current log-likelihood: -334265.52140
810. Current log-likelihood: -334265.51618
811. Current log-likelihood: -334265.51041
812. Current log-likelihood: -334265.50621
813. Current log-likelihood: -334265.50231
814. Current log-likelihood: -334265.49564
815. Current log-likelihood: -334265.49154
816. Current log-likelihood: -334265.48597
817. Current log-likelihood: -334265.47949
818. Current log-likelihood: -334265.47395
819. Current log-likelihood: -334265.47015
820. Current log-likelihood: -334265.46476
821. Current log-likelihood: -334265.46080
822. Current log-likelihood: -334265.45563
823. Current log-likelihood: -334265.45170
824. Current log-likelihood: -334265.44654
825. Current log-likelihood: -334265.44176
826. Current log-likelihood: -334265.43664
827. Current log-likelihood: -334265.43273
828. Current log-likelihood: -334265.42720
829. Current log-likelihood: -334265.42202
830. Current log-likelihood: -334265.41834
831. Current log-likelihood: -334265.41363
832. Current log-likelihood: -334265.40887
833. Current log-likelihood: -334265.40330
834. Current log-likelihood: -334265.39976
835. Current log-likelihood: -334265.39483
836. Current log-likelihood: -334265.39124
837. Current log-likelihood: -334265.38642
838. Current log-likelihood: -334265.38178
839. Current log-likelihood: -334265.37816
840. Current log-likelihood: -334265.37473
841. Current log-likelihood: -334265.36828
842. Current log-likelihood: -334265.36468
843. Current log-likelihood: -334265.36122
844. Current log-likelihood: -334265.35646
845. Current log-likelihood: -334265.35102
846. Current log-likelihood: -334265.34753
847. Current log-likelihood: -334265.34147
848. Current log-likelihood: -334265.33804
849. Current log-likelihood: -334265.33346
850. Current log-likelihood: -334265.32989
851. Current log-likelihood: -334265.32646
852. Current log-likelihood: -334265.32170
853. Current log-likelihood: -334265.31828
854. Current log-likelihood: -334265.31497
855. Current log-likelihood: -334265.30986
856. Current log-likelihood: -334265.30644
857. Current log-likelihood: -334265.30127
858. Current log-likelihood: -334265.29810
859. Current log-likelihood: -334265.29478
860. Current log-likelihood: -334265.29034
861. Current log-likelihood: -334265.28707
862. Current log-likelihood: -334265.28149
863. Current log-likelihood: -334265.27823
864. Current log-likelihood: -334265.27364
865. Current log-likelihood: -334265.27041
866. Current log-likelihood: -334265.26589
867. Current log-likelihood: -334265.26280
868. Current log-likelihood: -334265.25848
869. Current log-likelihood: -334265.25541
870. Current log-likelihood: -334265.25234
871. Current log-likelihood: -334265.24926
872. Current log-likelihood: -334265.24469
873. Current log-likelihood: -334265.24147
874. Current log-likelihood: -334265.23733
875. Current log-likelihood: -334265.23419
876. Current log-likelihood: -334265.23107
877. Current log-likelihood: -334265.22622
878. Current log-likelihood: -334265.22315
879. Current log-likelihood: -334265.22004
880. Current log-likelihood: -334265.21700
881. Current log-likelihood: -334265.21266
882. Current log-likelihood: -334265.20947
883. Current log-likelihood: -334265.20638
884. Current log-likelihood: -334265.20346
885. Current log-likelihood: -334265.19814
886. Current log-likelihood: -334265.19506
887. Current log-likelihood: -334265.18900
888. Current log-likelihood: -334265.18618
889. Current log-likelihood: -334265.18210
890. Current log-likelihood: -334265.17907
891. Current log-likelihood: -334265.17622
892. Current log-likelihood: -334265.17333
893. Current log-likelihood: -334265.16931
894. Current log-likelihood: -334265.16641
895. Current log-likelihood: -334265.16192
896. Current log-likelihood: -334265.15902
897. Current log-likelihood: -334265.15609
898. Current log-likelihood: -334265.15195
899. Current log-likelihood: -334265.14884
900. Current log-likelihood: -334265.14598
901. Current log-likelihood: -334265.14132
902. Current log-likelihood: -334265.13834
903. Current log-likelihood: -334265.13273
904. Current log-likelihood: -334265.12860
905. Current log-likelihood: -334265.12537
906. Current log-likelihood: -334265.12255
907. Current log-likelihood: -334265.11964
908. Current log-likelihood: -334265.11557
909. Current log-likelihood: -334265.11261
910. Current log-likelihood: -334265.10853
911. Current log-likelihood: -334265.10571
912. Current log-likelihood: -334265.10265
913. Current log-likelihood: -334265.09807
914. Current log-likelihood: -334265.09520
915. Current log-likelihood: -334265.09110
916. Current log-likelihood: -334265.08826
917. Current log-likelihood: -334265.08551
918. Current log-likelihood: -334265.08028
919. Current log-likelihood: -334265.07749
920. Current log-likelihood: -334265.07475
921. Current log-likelihood: -334265.07185
922. Current log-likelihood: -334265.06670
923. Current log-likelihood: -334265.06404
924. Current log-likelihood: -334265.05982
925. Current log-likelihood: -334265.05685
926. Current log-likelihood: -334265.05309
927. Current log-likelihood: -334265.05047
928. Current log-likelihood: -334265.04763
929. Current log-likelihood: -334265.04365
930. Current log-likelihood: -334265.04095
931. Current log-likelihood: -334265.03834
932. Current log-likelihood: -334265.03559
933. Current log-likelihood: -334265.03287
934. Current log-likelihood: -334265.03018
935. Current log-likelihood: -334265.02747
936. Current log-likelihood: -334265.02304
937. Current log-likelihood: -334265.01781
938. Current log-likelihood: -334265.01525
939. Current log-likelihood: -334265.01162
940. Current log-likelihood: -334265.00918
941. Current log-likelihood: -334265.00479
942. Current log-likelihood: -334265.00208
943. Current log-likelihood: -334264.99945
944. Current log-likelihood: -334264.99684
945. Current log-likelihood: -334264.99424
946. Current log-likelihood: -334264.99021
947. Current log-likelihood: -334264.98742
948. Current log-likelihood: -334264.98389
949. Current log-likelihood: -334264.98150
950. Current log-likelihood: -334264.97906
951. Current log-likelihood: -334264.97562
952. Current log-likelihood: -334264.97320
953. Current log-likelihood: -334264.97072
954. Current log-likelihood: -334264.96830
955. Current log-likelihood: -334264.96479
956. Current log-likelihood: -334264.96238
957. Current log-likelihood: -334264.95858
958. Current log-likelihood: -334264.95597
959. Current log-likelihood: -334264.95356
960. Current log-likelihood: -334264.95106
961. Current log-likelihood: -334264.94757
962. Current log-likelihood: -334264.94379
963. Current log-likelihood: -334264.94146
964. Current log-likelihood: -334264.93898
965. Current log-likelihood: -334264.93646
966. Current log-likelihood: -334264.93415
967. Current log-likelihood: -334264.93178
968. Current log-likelihood: -334264.92929
969. Current log-likelihood: -334264.92701
970. Current log-likelihood: -334264.92484
971. Current log-likelihood: -334264.92246
972. Current log-likelihood: -334264.91897
973. Current log-likelihood: -334264.91676
974. Current log-likelihood: -334264.91465
975. Current log-likelihood: -334264.91051
976. Current log-likelihood: -334264.90834
977. Current log-likelihood: -334264.90615
978. Current log-likelihood: -334264.90381
979. Current log-likelihood: -334264.89989
980. Current log-likelihood: -334264.89785
981. Current log-likelihood: -334264.89568
982. Current log-likelihood: -334264.89347
983. Current log-likelihood: -334264.89125
984. Current log-likelihood: -334264.88895
985. Current log-likelihood: -334264.88577
986. Current log-likelihood: -334264.88380
987. Current log-likelihood: -334264.88151
988. Current log-likelihood: -334264.87787
989. Current log-likelihood: -334264.87593
990. Current log-likelihood: -334264.87355
991. Current log-likelihood: -334264.87161
992. Current log-likelihood: -334264.86935
993. Current log-likelihood: -334264.86745
994. Current log-likelihood: -334264.86555
995. Current log-likelihood: -334264.86360
996. Current log-likelihood: -334264.86166
997. Current log-likelihood: -334264.85971
998. Current log-likelihood: -334264.85496
999. Current log-likelihood: -334264.85321
1000. Current log-likelihood: -334264.85143
1001. Current log-likelihood: -334264.84940
1002. Current log-likelihood: -334264.84735
1003. Current log-likelihood: -334264.84437
1004. Current log-likelihood: -334264.84249
1005. Current log-likelihood: -334264.84076
1006. Current log-likelihood: -334264.83595
1007. Current log-likelihood: -334264.83404
1008. Current log-likelihood: -334264.83228
1009. Current log-likelihood: -334264.83063
1010. Current log-likelihood: -334264.82610
1011. Current log-likelihood: -334264.82091
1012. Current log-likelihood: -334264.81901
1013. Current log-likelihood: -334264.81695
1014. Current log-likelihood: -334264.81526
1015. Current log-likelihood: -334264.81307
1016. Current log-likelihood: -334264.81119
1017. Current log-likelihood: -334264.80938
1018. Current log-likelihood: -334264.80756
1019. Current log-likelihood: -334264.80602
1020. Current log-likelihood: -334264.80437
1021. Current log-likelihood: -334264.80235
1022. Current log-likelihood: -334264.80061
1023. Current log-likelihood: -334264.79863
1024. Current log-likelihood: -334264.79708
1025. Current log-likelihood: -334264.79536
1026. Current log-likelihood: -334264.79373
1027. Current log-likelihood: -334264.79197
1028. Current log-likelihood: -334264.79038
1029. Current log-likelihood: -334264.78732
1030. Current log-likelihood: -334264.78532
1031. Current log-likelihood: -334264.78379
1032. Current log-likelihood: -334264.78171
1033. Current log-likelihood: -334264.78018
1034. Current log-likelihood: -334264.77860
1035. Current log-likelihood: -334264.77696
1036. Current log-likelihood: -334264.77524
1037. Current log-likelihood: -334264.77378
1038. Current log-likelihood: -334264.77190
1039. Current log-likelihood: -334264.77047
1040. Current log-likelihood: -334264.76902
1041. Current log-likelihood: -334264.76765
1042. Current log-likelihood: -334264.76623
1043. Current log-likelihood: -334264.76451
1044. Current log-likelihood: -334264.76291
1045. Current log-likelihood: -334264.76133
1046. Current log-likelihood: -334264.75956
1047. Current log-likelihood: -334264.75823
1048. Current log-likelihood: -334264.75674
1049. Current log-likelihood: -334264.75409
1050. Current log-likelihood: -334264.75272
1051. Current log-likelihood: -334264.75122
1052. Current log-likelihood: -334264.74984
1053. Current log-likelihood: -334264.74856
1054. Current log-likelihood: -334264.74720
1055. Current log-likelihood: -334264.74584
1056. Current log-likelihood: -334264.74474
1057. Current log-likelihood: -334264.74339
1058. Current log-likelihood: -334264.74189
1059. Current log-likelihood: -334264.74062
1060. Current log-likelihood: -334264.73916
1061. Current log-likelihood: -334264.73794
1062. Current log-likelihood: -334264.73620
1063. Current log-likelihood: -334264.73497
1064. Current log-likelihood: -334264.73359
1065. Current log-likelihood: -334264.73209
1066. Current log-likelihood: -334264.73066
1067. Current log-likelihood: -334264.72910
1068. Current log-likelihood: -334264.72759
1069. Current log-likelihood: -334264.72637
1070. Current log-likelihood: -334264.72510
1071. Current log-likelihood: -334264.72384
1072. Current log-likelihood: -334264.72259
1073. Current log-likelihood: -334264.72127
1074. Current log-likelihood: -334264.72009
1075. Current log-likelihood: -334264.71890
1076. Current log-likelihood: -334264.71772
1077. Current log-likelihood: -334264.71639
1078. Current log-likelihood: -334264.71539
1079. Current log-likelihood: -334264.71430
1080. Current log-likelihood: -334264.71312
1081. Current log-likelihood: -334264.71177
1082. Current log-likelihood: -334264.71060
1083. Current log-likelihood: -334264.70946
1084. Current log-likelihood: -334264.70671
1085. Current log-likelihood: -334264.70560
1086. Current log-likelihood: -334264.70453
1087. Current log-likelihood: -334264.70333
1088. Current log-likelihood: -334264.70205
1089. Current log-likelihood: -334264.70057
1090. Current log-likelihood: -334264.69734
1091. Current log-likelihood: -334264.69632
1092. Current log-likelihood: -334264.69512
1093. Current log-likelihood: -334264.69393
1094. Current log-likelihood: -334264.69284
1095. Current log-likelihood: -334264.69176
1096. Current log-likelihood: -334264.69071
1097. Current log-likelihood: -334264.68936
1098. Current log-likelihood: -334264.68825
1099. Current log-likelihood: -334264.68703
1100. Current log-likelihood: -334264.68602
1101. Current log-likelihood: -334264.68504
Final estimation on weights:
0.12741,0.24454,0.06180,0.03627,0.38096,0.14902
Wrote distance file to... 
BEST SCORE FOUND : -334264.68504
Site log-likelihoods per category printed to output_mast_repeats/mast_model_6/mast_model_6.sitelh
Total tree lengths: 2.03322 10.01422 10.08142 0.41903 0.08178 0.15709

Total number of iterations: 1099
CPU time used for tree search: 0.00001 sec (0h:0m:0s)
Wall-clock time used for tree search: 0.00001 sec (0h:0m:0s)
Total CPU time used: 4811.12024 sec (1h:20m:11s)
Total wall-clock time used: 1225.08590 sec (0h:20m:25s)

Analysis results written to: 
  IQ-TREE report:                output_mast_repeats/mast_model_6/mast_model_6.iqtree
  Maximum-likelihood tree:       output_mast_repeats/mast_model_6/mast_model_6.treefile
  Site log-likelihoods:          output_mast_repeats/mast_model_6/mast_model_6.sitelh
  Screen log file:               output_mast_repeats/mast_model_6/mast_model_6.log

Date and Time: Thu Oct 30 15:40:52 2025
