IQ-TREE multicore version 2.4.0 for Linux x86 64-bit built Feb  7 2025
Developed by Bui Quang Minh, Nguyen Lam Tung, Olga Chernomor, Heiko Schmidt,
Dominik Schrempf, Michael Woodhams, Ly Trong Nhan, Thomas Wong

Host:    ku-01 (AVX2, FMA3, 251 GB RAM)
Command: iqtree2 -s trim_genome_africa.fasta -m GTR+FO+R2+T -te tree_subsets/modeltrees_final_14.newick --prefix output_mast_repeats/mast_model_14/mast_model_14 -nt 4 -wslmr -redo
Seed:    180996 (Using SPRNG - Scalable Parallel Random Number Generator)
Time:    Thu Oct 30 16:56:40 2025
Kernel:  AVX+FMA - 4 threads (64 CPU cores detected)

Reading alignment file trim_genome_africa.fasta ... Fasta format detected
Reading fasta file: done in 0.0363176 secs using 90.84% CPU
Alignment most likely contains DNA/RNA sequences
Alignment has 29 sequences with 142412 columns, 3564 distinct patterns
28695 parsimony-informative, 1511 singleton sites, 112206 constant sites
                              Gap/Ambiguity  Composition  p-value
Analyzing sequences: done in 9.41688e-05 secs using 98.76% CPU
   1  HM585496_Human_herpesvirus_1    0.67%    failed      0.00%
   2  HM585497_Human_herpesvirus_1    0.65%    failed      0.00%
   3  HM585498_Human_herpesvirus_1    0.68%    failed      0.00%
   4  HM585499_Human_herpesvirus_1    0.67%    failed      0.00%
   5  HM585500_Human_herpesvirus_1    0.67%    failed      0.00%
   6  HM585501_Human_herpesvirus_1    0.63%    failed      0.00%
   7  HM585502_Human_herpesvirus_1    0.66%    failed      0.00%
   8  HM585503_Human_herpesvirus_1    0.69%    failed      0.00%
   9  HM585504_Human_herpesvirus_1    0.59%    failed      0.00%
  10  HM585505_Human_herpesvirus_1    0.67%    failed      0.00%
  11  HM585506_Human_herpesvirus_1    0.67%    failed      0.00%
  12  HM585507_Human_herpesvirus_1    1.56%    failed      0.00%
  13  HM585509_Human_herpesvirus_1    0.42%    failed      0.00%
  14  HM585510_Human_herpesvirus_1    0.45%    failed      0.00%
  15  HM585511_Human_herpesvirus_1    0.50%    failed      0.00%
  16  KR135299_Human_herpesvirus_2    3.19%    failed      0.00%
  17  KR135300_Human_herpesvirus_2    3.19%    failed      0.00%
  18  KR135301_Human_herpesvirus_2    3.33%    failed      0.00%
  19  KR135302_Human_herpesvirus_2    3.10%    failed      0.00%
  20  KR135303_Human_herpesvirus_2    3.44%    failed      0.00%
  21  KR135304_Human_herpesvirus_2    3.30%    failed      0.00%
  22  KR135305_Human_herpesvirus_2    3.43%    failed      0.00%
  23  KR135306_Human_herpesvirus_2    3.39%    failed      0.00%
  24  KR135307_Human_herpesvirus_2    3.14%    failed      0.00%
  25  KR135315_Human_herpesvirus_2    3.20%    failed      0.00%
  26  KR135316_Human_herpesvirus_2    3.19%    failed      0.00%
  27  KR135317_Human_herpesvirus_2    3.37%    failed      0.00%
  28  KR135318_Human_herpesvirus_2    3.12%    failed      0.00%
  29  KR135319_Human_herpesvirus_2    3.10%    failed      0.00%
****  TOTAL                           1.92%  29 sequences failed composition chi2 test (p-value<5%; df=3)
Tree-mixture model
Number of input trees: 14
Minimum branch length is set to 0.0000010















Linked substitution model:
   GTR+FO

Linked RHS model:
   R2


NOTE: 93 MB RAM (0 GB) is required!
According to the parsimony scores along the sites, the tree weights are initialized to:
0.0777621,0.0637233,0.0640538,0.0632142,0.0806350,0.0537536,0.1002629,0.0674587,0.0777556,0.0780750,0.0748053,0.0684541,0.0662519,0.0637945
Estimate model parameters (epsilon = 0.00100)
1. Initial log-likelihood: -339741.54360
2. Current log-likelihood: -333277.66641
3. Current log-likelihood: -333045.49631
4. Current log-likelihood: -332920.71114
5. Current log-likelihood: -332807.60228
6. Current log-likelihood: -332686.06078
7. Current log-likelihood: -332644.31753
8. Current log-likelihood: -332624.35115
9. Current log-likelihood: -332613.21646
10. Current log-likelihood: -332602.26411
11. Current log-likelihood: -332592.55726
12. Current log-likelihood: -332589.97847
13. Current log-likelihood: -332589.31146
14. Current log-likelihood: -332588.85661
15. Current log-likelihood: -332588.49420
16. Current log-likelihood: -332588.21902
17. Current log-likelihood: -332587.95229
18. Current log-likelihood: -332587.69317
19. Current log-likelihood: -332587.43928
20. Current log-likelihood: -332587.19056
21. Current log-likelihood: -332586.94687
22. Current log-likelihood: -332586.70670
23. Current log-likelihood: -332586.47151
24. Current log-likelihood: -332586.24151
25. Current log-likelihood: -332586.01521
26. Current log-likelihood: -332585.79332
27. Current log-likelihood: -332585.57516
28. Current log-likelihood: -332585.35993
29. Current log-likelihood: -332585.15053
30. Current log-likelihood: -332584.94475
31. Current log-likelihood: -332584.74289
32. Current log-likelihood: -332584.54351
33. Current log-likelihood: -332584.34964
34. Current log-likelihood: -332584.15818
35. Current log-likelihood: -332583.97099
36. Current log-likelihood: -332583.78774
37. Current log-likelihood: -332583.60821
38. Current log-likelihood: -332583.42650
39. Current log-likelihood: -332583.22831
40. Current log-likelihood: -332583.04119
41. Current log-likelihood: -332582.85766
42. Current log-likelihood: -332582.67821
43. Current log-likelihood: -332582.50611
44. Current log-likelihood: -332582.33609
45. Current log-likelihood: -332582.16745
46. Current log-likelihood: -332582.00447
47. Current log-likelihood: -332581.84232
48. Current log-likelihood: -332581.68213
49. Current log-likelihood: -332581.52669
50. Current log-likelihood: -332581.37330
51. Current log-likelihood: -332581.22230
52. Current log-likelihood: -332581.07387
53. Current log-likelihood: -332580.92773
54. Current log-likelihood: -332580.78388
55. Current log-likelihood: -332580.64241
56. Current log-likelihood: -332580.50326
57. Current log-likelihood: -332580.36620
58. Current log-likelihood: -332580.23143
59. Current log-likelihood: -332580.09829
60. Current log-likelihood: -332579.96724
61. Current log-likelihood: -332579.83836
62. Current log-likelihood: -332579.71302
63. Current log-likelihood: -332579.58886
64. Current log-likelihood: -332579.46745
65. Current log-likelihood: -332579.34737
66. Current log-likelihood: -332579.22995
67. Current log-likelihood: -332579.11485
68. Current log-likelihood: -332578.99809
69. Current log-likelihood: -332578.88644
70. Current log-likelihood: -332577.57864
71. Current log-likelihood: -332577.45579
72. Current log-likelihood: -332577.33556
73. Current log-likelihood: -332577.21892
74. Current log-likelihood: -332577.10351
75. Current log-likelihood: -332576.99047
76. Current log-likelihood: -332576.88014
77. Current log-likelihood: -332576.77217
78. Current log-likelihood: -332576.66474
79. Current log-likelihood: -332576.56058
80. Current log-likelihood: -332576.45711
81. Current log-likelihood: -332576.35558
82. Current log-likelihood: -332576.25679
83. Current log-likelihood: -332576.15975
84. Current log-likelihood: -332576.06324
85. Current log-likelihood: -332575.96961
86. Current log-likelihood: -332575.87739
87. Current log-likelihood: -332575.78685
88. Current log-likelihood: -332575.69815
89. Current log-likelihood: -332575.61051
90. Current log-likelihood: -332575.52438
91. Current log-likelihood: -332575.44019
92. Current log-likelihood: -332575.35738
93. Current log-likelihood: -332575.27576
94. Current log-likelihood: -332575.19348
95. Current log-likelihood: -332575.11486
96. Current log-likelihood: -332575.03712
97. Current log-likelihood: -332574.96100
98. Current log-likelihood: -332574.88347
99. Current log-likelihood: -332574.80749
100. Current log-likelihood: -332574.73547
101. Current log-likelihood: -332574.66474
102. Current log-likelihood: -332574.53461
103. Current log-likelihood: -332574.40435
104. Current log-likelihood: -332574.27873
105. Current log-likelihood: -332574.15711
106. Current log-likelihood: -332574.03950
107. Current log-likelihood: -332573.92555
108. Current log-likelihood: -332573.81552
109. Current log-likelihood: -332573.70827
110. Current log-likelihood: -332573.60522
111. Current log-likelihood: -332573.50521
112. Current log-likelihood: -332573.40876
113. Current log-likelihood: -332573.31485
114. Current log-likelihood: -332573.22431
115. Current log-likelihood: -332573.13585
116. Current log-likelihood: -332573.05168
117. Current log-likelihood: -332572.96867
118. Current log-likelihood: -332572.88850
119. Current log-likelihood: -332572.81064
120. Current log-likelihood: -332572.73589
121. Current log-likelihood: -332572.66312
122. Current log-likelihood: -332572.59069
123. Current log-likelihood: -332572.52171
124. Current log-likelihood: -332572.45389
125. Current log-likelihood: -332572.38892
126. Current log-likelihood: -332572.32339
127. Current log-likelihood: -332572.26191
128. Current log-likelihood: -332572.20165
129. Current log-likelihood: -332572.14311
130. Current log-likelihood: -332572.08598
131. Current log-likelihood: -332572.03004
132. Current log-likelihood: -332571.97542
133. Current log-likelihood: -332571.92241
134. Current log-likelihood: -332571.87021
135. Current log-likelihood: -332571.81923
136. Current log-likelihood: -332571.76946
137. Current log-likelihood: -332571.72052
138. Current log-likelihood: -332571.67279
139. Current log-likelihood: -332571.62565
140. Current log-likelihood: -332571.57964
141. Current log-likelihood: -332571.53473
142. Current log-likelihood: -332571.49055
143. Current log-likelihood: -332571.44719
144. Current log-likelihood: -332571.40467
145. Current log-likelihood: -332571.36281
146. Current log-likelihood: -332571.32156
147. Current log-likelihood: -332571.28090
148. Current log-likelihood: -332571.24112
149. Current log-likelihood: -332571.20189
150. Current log-likelihood: -332571.16307
151. Current log-likelihood: -332571.11802
152. Current log-likelihood: -332571.07944
153. Current log-likelihood: -332571.04235
154. Current log-likelihood: -332571.00570
155. Current log-likelihood: -332570.96963
156. Current log-likelihood: -332570.93389
157. Current log-likelihood: -332570.89870
158. Current log-likelihood: -332570.86373
159. Current log-likelihood: -332570.82757
160. Current log-likelihood: -332570.79351
161. Current log-likelihood: -332570.75517
162. Current log-likelihood: -332570.72189
163. Current log-likelihood: -332570.68891
164. Current log-likelihood: -332570.65602
165. Current log-likelihood: -332570.62361
166. Current log-likelihood: -332570.58645
167. Current log-likelihood: -332570.55450
168. Current log-likelihood: -332570.52146
169. Current log-likelihood: -332570.48995
170. Current log-likelihood: -332570.45898
171. Current log-likelihood: -332570.42824
172. Current log-likelihood: -332570.39761
173. Current log-likelihood: -332570.36717
174. Current log-likelihood: -332570.33728
175. Current log-likelihood: -332570.30701
176. Current log-likelihood: -332570.27709
177. Current log-likelihood: -332570.24697
178. Current log-likelihood: -332570.21748
179. Current log-likelihood: -332570.18832
180. Current log-likelihood: -332570.15955
181. Current log-likelihood: -332570.13053
182. Current log-likelihood: -332570.10189
183. Current log-likelihood: -332570.07305
184. Current log-likelihood: -332570.04483
185. Current log-likelihood: -332569.46322
186. Current log-likelihood: -332569.42731
187. Current log-likelihood: -332569.39140
188. Current log-likelihood: -332569.35671
189. Current log-likelihood: -332569.32231
190. Current log-likelihood: -332569.28866
191. Current log-likelihood: -332569.25469
192. Current log-likelihood: -332569.22144
193. Current log-likelihood: -332569.18846
194. Current log-likelihood: -332569.15608
195. Current log-likelihood: -332569.12365
196. Current log-likelihood: -332569.09117
197. Current log-likelihood: -332569.05885
198. Current log-likelihood: -332569.02726
199. Current log-likelihood: -332568.99567
200. Current log-likelihood: -332568.96429
201. Current log-likelihood: -332568.93299
202. Current log-likelihood: -332568.88871
203. Current log-likelihood: -332568.84365
204. Current log-likelihood: -332568.79872
205. Current log-likelihood: -332568.75450
206. Current log-likelihood: -332568.71064
207. Current log-likelihood: -332568.66686
208. Current log-likelihood: -332568.62364
209. Current log-likelihood: -332568.57822
210. Current log-likelihood: -332568.53487
211. Current log-likelihood: -332568.49210
212. Current log-likelihood: -332568.44723
213. Current log-likelihood: -332568.40480
214. Current log-likelihood: -332568.36167
215. Current log-likelihood: -332568.31963
216. Current log-likelihood: -332568.27569
217. Current log-likelihood: -332568.23424
218. Current log-likelihood: -332568.19251
219. Current log-likelihood: -332568.15147
220. Current log-likelihood: -332568.11073
221. Current log-likelihood: -332568.06999
222. Current log-likelihood: -332568.02957
223. Current log-likelihood: -332567.98907
224. Current log-likelihood: -332567.94889
225. Current log-likelihood: -332567.90843
226. Current log-likelihood: -332567.86801
227. Current log-likelihood: -332567.82853
228. Current log-likelihood: -332567.78886
229. Current log-likelihood: -332567.74763
230. Current log-likelihood: -332567.70839
231. Current log-likelihood: -332567.66908
232. Current log-likelihood: -332567.63021
233. Current log-likelihood: -332567.59119
234. Current log-likelihood: -332567.55233
235. Current log-likelihood: -332567.50998
236. Current log-likelihood: -332567.47135
237. Current log-likelihood: -332567.43264
238. Current log-likelihood: -332567.39399
239. Current log-likelihood: -332567.35349
240. Current log-likelihood: -332567.31486
241. Current log-likelihood: -332567.27403
242. Current log-likelihood: -332567.23147
243. Current log-likelihood: -332567.18966
244. Current log-likelihood: -332567.14457
245. Current log-likelihood: -332567.04810
246. Current log-likelihood: -332566.98012
247. Current log-likelihood: -332566.93602
248. Current log-likelihood: -332566.89324
249. Current log-likelihood: -332566.85190
250. Current log-likelihood: -332566.81068
251. Current log-likelihood: -332566.77088
252. Current log-likelihood: -332566.73124
253. Current log-likelihood: -332566.69186
254. Current log-likelihood: -332566.65265
255. Current log-likelihood: -332566.61381
256. Current log-likelihood: -332566.57489
257. Current log-likelihood: -332566.53635
258. Current log-likelihood: -332566.49805
259. Current log-likelihood: -332566.46013
260. Current log-likelihood: -332566.42257
261. Current log-likelihood: -332566.38590
262. Current log-likelihood: -332566.34796
263. Current log-likelihood: -332566.31161
264. Current log-likelihood: -332566.27394
265. Current log-likelihood: -332566.23810
266. Current log-likelihood: -332566.20202
267. Current log-likelihood: -332566.16617
268. Current log-likelihood: -332566.13039
269. Current log-likelihood: -332566.09470
270. Current log-likelihood: -332566.05937
271. Current log-likelihood: -332566.02410
272. Current log-likelihood: -332565.98653
273. Current log-likelihood: -332565.95157
274. Current log-likelihood: -332565.91666
275. Current log-likelihood: -332565.88217
276. Current log-likelihood: -332565.84764
277. Current log-likelihood: -332565.81294
278. Current log-likelihood: -332565.77878
279. Current log-likelihood: -332565.74351
280. Current log-likelihood: -332565.70956
281. Current log-likelihood: -332565.67459
282. Current log-likelihood: -332565.64035
283. Current log-likelihood: -332565.60668
284. Current log-likelihood: -332565.57306
285. Current log-likelihood: -332565.53987
286. Current log-likelihood: -332565.50642
287. Current log-likelihood: -332565.47326
288. Current log-likelihood: -332565.43991
289. Current log-likelihood: -332565.40709
290. Current log-likelihood: -332565.37416
291. Current log-likelihood: -332565.34151
292. Current log-likelihood: -332565.30887
293. Current log-likelihood: -332565.27642
294. Current log-likelihood: -332565.24402
295. Current log-likelihood: -332565.21120
296. Current log-likelihood: -332565.17857
297. Current log-likelihood: -332565.14586
298. Current log-likelihood: -332565.11349
299. Current log-likelihood: -332565.07891
300. Current log-likelihood: -332565.04721
301. Current log-likelihood: -332565.01333
302. Current log-likelihood: -332564.97222
303. Current log-likelihood: -332564.93073
304. Current log-likelihood: -332564.88638
305. Current log-likelihood: -332564.84535
306. Current log-likelihood: -332564.80428
307. Current log-likelihood: -332564.76355
308. Current log-likelihood: -332564.72305
309. Current log-likelihood: -332564.68193
310. Current log-likelihood: -332564.64148
311. Current log-likelihood: -332564.60024
312. Current log-likelihood: -332564.55908
313. Current log-likelihood: -332564.51939
314. Current log-likelihood: -332564.47960
315. Current log-likelihood: -332564.43972
316. Current log-likelihood: -332564.40034
317. Current log-likelihood: -332564.36088
318. Current log-likelihood: -332564.32162
319. Current log-likelihood: -332564.28108
320. Current log-likelihood: -332564.24218
321. Current log-likelihood: -332564.20284
322. Current log-likelihood: -332564.16107
323. Current log-likelihood: -332564.12260
324. Current log-likelihood: -332564.08418
325. Current log-likelihood: -332564.04386
326. Current log-likelihood: -332564.00569
327. Current log-likelihood: -332562.16651
328. Current log-likelihood: -332562.10903
329. Current log-likelihood: -332562.05307
330. Current log-likelihood: -332561.99748
331. Current log-likelihood: -332561.94261
332. Current log-likelihood: -332561.88675
333. Current log-likelihood: -332561.82967
334. Current log-likelihood: -332561.77597
335. Current log-likelihood: -332561.63044
336. Current log-likelihood: -332561.57323
337. Current log-likelihood: -332561.51675
338. Current log-likelihood: -332561.46149
339. Current log-likelihood: -332561.40597
340. Current log-likelihood: -332561.35017
341. Current log-likelihood: -332561.29543
342. Current log-likelihood: -332561.24094
343. Current log-likelihood: -332561.18651
344. Current log-likelihood: -332561.13152
345. Current log-likelihood: -332561.07627
346. Current log-likelihood: -332561.02226
347. Current log-likelihood: -332560.96861
348. Current log-likelihood: -332560.91481
349. Current log-likelihood: -332560.86087
350. Current log-likelihood: -332560.80601
351. Current log-likelihood: -332560.75244
352. Current log-likelihood: -332560.69913
353. Current log-likelihood: -332560.64556
354. Current log-likelihood: -332560.59235
355. Current log-likelihood: -332560.53735
356. Current log-likelihood: -332560.48416
357. Current log-likelihood: -332560.42877
358. Current log-likelihood: -332560.37528
359. Current log-likelihood: -332560.32226
360. Current log-likelihood: -332560.26894
361. Current log-likelihood: -332560.21557
362. Current log-likelihood: -332560.16245
363. Current log-likelihood: -332560.10924
364. Current log-likelihood: -332560.05506
365. Current log-likelihood: -332560.00185
366. Current log-likelihood: -332559.94877
367. Current log-likelihood: -332559.89508
368. Current log-likelihood: -332559.84186
369. Current log-likelihood: -332559.78841
370. Current log-likelihood: -332559.73535
371. Current log-likelihood: -332559.68238
372. Current log-likelihood: -332559.62859
373. Current log-likelihood: -332559.57529
374. Current log-likelihood: -332559.52162
375. Current log-likelihood: -332559.46896
376. Current log-likelihood: -332559.41578
377. Current log-likelihood: -332559.36292
378. Current log-likelihood: -332559.31005
379. Current log-likelihood: -332559.25708
380. Current log-likelihood: -332559.20015
381. Current log-likelihood: -332559.14670
382. Current log-likelihood: -332559.09346
383. Current log-likelihood: -332559.04038
384. Current log-likelihood: -332558.98744
385. Current log-likelihood: -332558.93434
386. Current log-likelihood: -332558.88157
387. Current log-likelihood: -332558.82836
388. Current log-likelihood: -332558.77414
389. Current log-likelihood: -332558.72098
390. Current log-likelihood: -332558.66792
391. Current log-likelihood: -332558.61511
392. Current log-likelihood: -332558.56200
393. Current log-likelihood: -332558.50891
394. Current log-likelihood: -332558.45449
395. Current log-likelihood: -332558.40089
396. Current log-likelihood: -332558.34710
397. Current log-likelihood: -332558.29310
398. Current log-likelihood: -332558.23961
399. Current log-likelihood: -332558.18578
400. Current log-likelihood: -332558.13080
401. Current log-likelihood: -332558.07732
402. Current log-likelihood: -332558.01235
403. Current log-likelihood: -332557.94640
404. Current log-likelihood: -332557.87955
405. Current log-likelihood: -332557.81349
406. Current log-likelihood: -332557.74634
407. Current log-likelihood: -332557.67942
408. Current log-likelihood: -332557.61327
409. Current log-likelihood: -332557.54558
410. Current log-likelihood: -332557.47947
411. Current log-likelihood: -332557.41310
412. Current log-likelihood: -332557.34552
413. Current log-likelihood: -332557.27788
414. Current log-likelihood: -332557.20872
415. Current log-likelihood: -332557.13657
416. Current log-likelihood: -332557.06899
417. Current log-likelihood: -332557.00181
418. Current log-likelihood: -332556.93531
419. Current log-likelihood: -332556.86833
420. Current log-likelihood: -332556.80133
421. Current log-likelihood: -332556.73399
422. Current log-likelihood: -332555.89103
423. Current log-likelihood: -332555.80745
424. Current log-likelihood: -332555.72247
425. Current log-likelihood: -332555.63933
426. Current log-likelihood: -332555.55597
427. Current log-likelihood: -332555.47321
428. Current log-likelihood: -332555.38820
429. Current log-likelihood: -332555.30364
430. Current log-likelihood: -332555.22041
431. Current log-likelihood: -332555.13557
432. Current log-likelihood: -332555.05058
433. Current log-likelihood: -332554.96627
434. Current log-likelihood: -332554.88295
435. Current log-likelihood: -332554.79909
436. Current log-likelihood: -332554.71409
437. Current log-likelihood: -332554.62928
438. Current log-likelihood: -332554.54309
439. Current log-likelihood: -332554.45830
440. Current log-likelihood: -332554.37277
441. Current log-likelihood: -332554.28751
442. Current log-likelihood: -332554.20132
443. Current log-likelihood: -332554.11600
444. Current log-likelihood: -332554.03031
445. Current log-likelihood: -332553.94454
446. Current log-likelihood: -332553.85895
447. Current log-likelihood: -332553.77271
448. Current log-likelihood: -332553.68539
449. Current log-likelihood: -332553.59776
450. Current log-likelihood: -332553.50942
451. Current log-likelihood: -332553.42235
452. Current log-likelihood: -332553.33472
453. Current log-likelihood: -332553.24696
454. Current log-likelihood: -332553.15884
455. Current log-likelihood: -332553.07078
456. Current log-likelihood: -332552.98387
457. Current log-likelihood: -332552.89561
458. Current log-likelihood: -332552.80581
459. Current log-likelihood: -332552.71829
460. Current log-likelihood: -332552.62968
461. Current log-likelihood: -332552.53981
462. Current log-likelihood: -332552.45199
463. Current log-likelihood: -332552.36216
464. Current log-likelihood: -332552.27350
465. Current log-likelihood: -332552.18510
466. Current log-likelihood: -332552.09577
467. Current log-likelihood: -332552.00696
468. Current log-likelihood: -332551.91501
469. Current log-likelihood: -332551.82493
470. Current log-likelihood: -332551.73498
471. Current log-likelihood: -332551.64510
472. Current log-likelihood: -332551.55551
473. Current log-likelihood: -332551.46358
474. Current log-likelihood: -332551.37383
475. Current log-likelihood: -332551.28320
476. Current log-likelihood: -332551.19312
477. Current log-likelihood: -332551.10092
478. Current log-likelihood: -332551.00950
479. Current log-likelihood: -332550.91650
480. Current log-likelihood: -332550.82566
481. Current log-likelihood: -332550.73398
482. Current log-likelihood: -332550.64228
483. Current log-likelihood: -332550.55097
484. Current log-likelihood: -332550.45879
485. Current log-likelihood: -332550.36650
486. Current log-likelihood: -332550.27430
487. Current log-likelihood: -332550.18080
488. Current log-likelihood: -332550.08603
489. Current log-likelihood: -332549.98535
490. Current log-likelihood: -332549.89156
491. Current log-likelihood: -332549.79763
492. Current log-likelihood: -332549.70404
493. Current log-likelihood: -332549.60940
494. Current log-likelihood: -332549.51496
495. Current log-likelihood: -332549.42022
496. Current log-likelihood: -332549.32434
497. Current log-likelihood: -332547.23260
498. Current log-likelihood: -332546.97454
499. Current log-likelihood: -332546.82944
500. Current log-likelihood: -332546.68703
501. Current log-likelihood: -332546.54766
502. Current log-likelihood: -332546.38849
503. Current log-likelihood: -332546.21786
504. Current log-likelihood: -332546.05500
505. Current log-likelihood: -332545.88680
506. Current log-likelihood: -332545.70774
507. Current log-likelihood: -332545.51857
508. Current log-likelihood: -332545.24118
509. Current log-likelihood: -332545.02734
510. Current log-likelihood: -332544.82049
511. Current log-likelihood: -332544.60915
512. Current log-likelihood: -332544.39578
513. Current log-likelihood: -332544.18514
514. Current log-likelihood: -332543.96881
515. Current log-likelihood: -332543.75653
516. Current log-likelihood: -332543.53996
517. Current log-likelihood: -332543.32097
518. Current log-likelihood: -332543.10166
519. Current log-likelihood: -332542.88215
520. Current log-likelihood: -332542.47025
521. Current log-likelihood: -332542.24886
522. Current log-likelihood: -332542.03171
523. Current log-likelihood: -332541.81807
524. Current log-likelihood: -332541.60889
525. Current log-likelihood: -332541.40192
526. Current log-likelihood: -332541.20257
527. Current log-likelihood: -332541.00514
528. Current log-likelihood: -332540.81783
529. Current log-likelihood: -332540.63406
530. Current log-likelihood: -332540.45730
531. Current log-likelihood: -332540.28883
532. Current log-likelihood: -332540.12348
533. Current log-likelihood: -332539.96851
534. Current log-likelihood: -332539.82043
535. Current log-likelihood: -332539.67809
536. Current log-likelihood: -332539.54215
537. Current log-likelihood: -332539.40811
538. Current log-likelihood: -332539.28337
539. Current log-likelihood: -332539.16451
540. Current log-likelihood: -332539.04852
541. Current log-likelihood: -332538.93806
542. Current log-likelihood: -332538.83253
543. Current log-likelihood: -332538.73081
544. Current log-likelihood: -332538.63082
545. Current log-likelihood: -332538.53763
546. Current log-likelihood: -332538.44702
547. Current log-likelihood: -332538.36006
548. Current log-likelihood: -332538.27447
549. Current log-likelihood: -332538.18973
550. Current log-likelihood: -332538.10995
551. Current log-likelihood: -332538.03026
552. Current log-likelihood: -332537.95510
553. Current log-likelihood: -332537.88251
554. Current log-likelihood: -332537.81133
555. Current log-likelihood: -332537.74160
556. Current log-likelihood: -332537.45171
557. Current log-likelihood: -332537.38394
558. Current log-likelihood: -332537.31754
559. Current log-likelihood: -332537.25169
560. Current log-likelihood: -332537.18713
561. Current log-likelihood: -332537.12511
562. Current log-likelihood: -332537.06416
563. Current log-likelihood: -332537.00440
564. Current log-likelihood: -332536.94592
565. Current log-likelihood: -332536.88850
566. Current log-likelihood: -332536.83222
567. Current log-likelihood: -332536.77768
568. Current log-likelihood: -332536.72304
569. Current log-likelihood: -332536.66771
570. Current log-likelihood: -332536.61506
571. Current log-likelihood: -332536.56442
572. Current log-likelihood: -332536.51377
573. Current log-likelihood: -332536.46399
574. Current log-likelihood: -332536.41578
575. Current log-likelihood: -332536.36695
576. Current log-likelihood: -332536.31688
577. Current log-likelihood: -332536.27138
578. Current log-likelihood: -332536.22516
579. Current log-likelihood: -332536.18067
580. Current log-likelihood: -332536.13731
581. Current log-likelihood: -332536.09459
582. Current log-likelihood: -332536.05178
583. Current log-likelihood: -332536.01063
584. Current log-likelihood: -332535.96925
585. Current log-likelihood: -332535.92874
586. Current log-likelihood: -332535.88957
587. Current log-likelihood: -332535.85047
588. Current log-likelihood: -332535.81260
589. Current log-likelihood: -332535.77533
590. Current log-likelihood: -332535.73865
591. Current log-likelihood: -332535.70221
592. Current log-likelihood: -332535.66430
593. Current log-likelihood: -332535.62969
594. Current log-likelihood: -332535.59504
595. Current log-likelihood: -332535.56129
596. Current log-likelihood: -332535.52580
597. Current log-likelihood: -332535.49308
598. Current log-likelihood: -332534.80692
599. Current log-likelihood: -332534.76466
600. Current log-likelihood: -332534.72449
601. Current log-likelihood: -332534.68467
602. Current log-likelihood: -332534.64072
603. Current log-likelihood: -332534.59644
604. Current log-likelihood: -332534.55318
605. Current log-likelihood: -332534.50954
606. Current log-likelihood: -332525.62064
607. Current log-likelihood: -332525.20927
608. Current log-likelihood: -332520.31940
609. Current log-likelihood: -332510.30042
610. Current log-likelihood: -332503.32993
611. Current log-likelihood: -332502.54241
612. Current log-likelihood: -332501.95518
613. Current log-likelihood: -332501.41472
614. Current log-likelihood: -332500.36770
615. Current log-likelihood: -332499.86430
616. Current log-likelihood: -332499.38339
617. Current log-likelihood: -332498.95727
618. Current log-likelihood: -332498.55928
619. Current log-likelihood: -332498.18728
620. Current log-likelihood: -332497.83766
621. Current log-likelihood: -332497.51016
622. Current log-likelihood: -332497.19699
623. Current log-likelihood: -332492.58223
624. Current log-likelihood: -332492.09043
625. Current log-likelihood: -332491.61595
626. Current log-likelihood: -332489.72948
627. Current log-likelihood: -332487.29776
628. Current log-likelihood: -332486.77780
629. Current log-likelihood: -332486.37791
630. Current log-likelihood: -332485.99416
631. Current log-likelihood: -332485.62323
632. Current log-likelihood: -332485.26215
633. Current log-likelihood: -332484.91742
634. Current log-likelihood: -332484.58213
635. Current log-likelihood: -332484.25674
636. Current log-likelihood: -332483.93279
637. Current log-likelihood: -332483.61297
638. Current log-likelihood: -332483.30279
639. Current log-likelihood: -332483.00353
640. Current log-likelihood: -332482.70848
641. Current log-likelihood: -332482.42368
642. Current log-likelihood: -332482.14743
643. Current log-likelihood: -332481.88149
644. Current log-likelihood: -332481.62505
645. Current log-likelihood: -332481.37058
646. Current log-likelihood: -332481.12874
647. Current log-likelihood: -332480.89458
648. Current log-likelihood: -332480.66700
649. Current log-likelihood: -332480.44789
650. Current log-likelihood: -332480.23550
651. Current log-likelihood: -332480.03007
652. Current log-likelihood: -332479.83209
653. Current log-likelihood: -332479.64113
654. Current log-likelihood: -332479.45957
655. Current log-likelihood: -332479.28532
656. Current log-likelihood: -332479.11811
657. Current log-likelihood: -332478.95792
658. Current log-likelihood: -332478.80482
659. Current log-likelihood: -332478.65787
660. Current log-likelihood: -332478.51621
661. Current log-likelihood: -332478.38327
662. Current log-likelihood: -332478.25537
663. Current log-likelihood: -332478.13432
664. Current log-likelihood: -332478.01894
665. Current log-likelihood: -332477.90683
666. Current log-likelihood: -332477.80066
667. Current log-likelihood: -332477.69968
668. Current log-likelihood: -332477.60226
669. Current log-likelihood: -332477.50943
670. Current log-likelihood: -332477.42191
671. Current log-likelihood: -332477.33524
672. Current log-likelihood: -332477.25347
673. Current log-likelihood: -332477.17639
674. Current log-likelihood: -332477.10086
675. Current log-likelihood: -332477.02930
676. Current log-likelihood: -332474.08248
677. Current log-likelihood: -332473.91162
678. Current log-likelihood: -332473.79408
679. Current log-likelihood: -332473.68423
680. Current log-likelihood: -332473.58029
681. Current log-likelihood: -332473.48147
682. Current log-likelihood: -332473.38783
683. Current log-likelihood: -332473.29745
684. Current log-likelihood: -332473.21075
685. Current log-likelihood: -332473.12658
686. Current log-likelihood: -332473.04254
687. Current log-likelihood: -332472.43149
688. Current log-likelihood: -332472.35499
689. Current log-likelihood: -332472.29116
690. Current log-likelihood: -332472.22725
691. Current log-likelihood: -332472.16788
692. Current log-likelihood: -332472.11117
693. Current log-likelihood: -332472.05610
694. Current log-likelihood: -332472.00283
695. Current log-likelihood: -332471.95156
696. Current log-likelihood: -332471.90166
697. Current log-likelihood: -332471.85338
698. Current log-likelihood: -332471.80626
699. Current log-likelihood: -332471.76066
700. Current log-likelihood: -332471.71711
701. Current log-likelihood: -332471.67398
702. Current log-likelihood: -332471.62911
703. Current log-likelihood: -332471.58372
704. Current log-likelihood: -332471.53988
705. Current log-likelihood: -332471.49805
706. Current log-likelihood: -332471.45532
707. Current log-likelihood: -332471.41592
708. Current log-likelihood: -332471.37704
709. Current log-likelihood: -332471.33960
710. Current log-likelihood: -332471.30347
711. Current log-likelihood: -332471.26790
712. Current log-likelihood: -332471.23134
713. Current log-likelihood: -332471.19826
714. Current log-likelihood: -332471.16549
715. Current log-likelihood: -332471.13404
716. Current log-likelihood: -332471.10398
717. Current log-likelihood: -332471.07401
718. Current log-likelihood: -332471.04512
719. Current log-likelihood: -332471.01727
720. Current log-likelihood: -332470.98802
721. Current log-likelihood: -332470.96148
722. Current log-likelihood: -332470.93565
723. Current log-likelihood: -332470.91044
724. Current log-likelihood: -332470.88574
725. Current log-likelihood: -332470.86191
726. Current log-likelihood: -332470.83850
727. Current log-likelihood: -332470.81560
728. Current log-likelihood: -332470.79315
729. Current log-likelihood: -332470.77094
730. Current log-likelihood: -332470.74977
731. Current log-likelihood: -332470.72890
732. Current log-likelihood: -332470.70869
733. Current log-likelihood: -332470.68849
734. Current log-likelihood: -332470.66899
735. Current log-likelihood: -332470.64979
736. Current log-likelihood: -332470.63127
737. Current log-likelihood: -332470.61163
738. Current log-likelihood: -332470.59362
739. Current log-likelihood: -332470.57589
740. Current log-likelihood: -332470.55820
741. Current log-likelihood: -332470.54117
742. Current log-likelihood: -332470.52341
743. Current log-likelihood: -332470.50686
744. Current log-likelihood: -332470.49062
745. Current log-likelihood: -332470.47485
746. Current log-likelihood: -332470.45952
747. Current log-likelihood: -332470.44394
748. Current log-likelihood: -332470.42899
749. Current log-likelihood: -332470.41395
750. Current log-likelihood: -332470.39948
751. Current log-likelihood: -332470.38292
752. Current log-likelihood: -332470.36946
753. Current log-likelihood: -332470.35572
754. Current log-likelihood: -332470.34244
755. Current log-likelihood: -332470.32919
756. Current log-likelihood: -332470.31593
757. Current log-likelihood: -332470.30260
758. Current log-likelihood: -332470.28997
759. Current log-likelihood: -332470.27735
760. Current log-likelihood: -332470.26521
761. Current log-likelihood: -332470.25341
762. Current log-likelihood: -332470.24151
763. Current log-likelihood: -332470.22964
764. Current log-likelihood: -332470.21802
765. Current log-likelihood: -332470.20648
766. Current log-likelihood: -332470.19530
767. Current log-likelihood: -332470.18438
768. Current log-likelihood: -332470.17340
769. Current log-likelihood: -332470.16313
770. Current log-likelihood: -332470.15234
771. Current log-likelihood: -332470.14193
772. Current log-likelihood: -332470.13119
773. Current log-likelihood: -332470.12250
774. Current log-likelihood: -332470.11167
775. Current log-likelihood: -332470.10315
776. Current log-likelihood: -332470.09296
777. Current log-likelihood: -332470.08309
778. Current log-likelihood: -332470.07369
779. Current log-likelihood: -332470.06450
780. Current log-likelihood: -332470.05666
781. Current log-likelihood: -332470.04711
782. Current log-likelihood: -332470.03821
783. Current log-likelihood: -332470.03062
784. Current log-likelihood: -332470.02150
785. Current log-likelihood: -332470.01259
786. Current log-likelihood: -332470.00524
787. Current log-likelihood: -332469.99640
788. Current log-likelihood: -332469.98943
789. Current log-likelihood: -332469.98096
790. Current log-likelihood: -332469.97260
791. Current log-likelihood: -332469.96492
792. Current log-likelihood: -332469.95807
793. Current log-likelihood: -332469.94997
794. Current log-likelihood: -332469.94218
795. Current log-likelihood: -332469.93211
796. Current log-likelihood: -332469.92540
797. Current log-likelihood: -332469.91756
798. Current log-likelihood: -332469.91049
799. Current log-likelihood: -332469.90403
800. Current log-likelihood: -332469.89692
801. Current log-likelihood: -332469.88997
802. Current log-likelihood: -332469.88335
803. Current log-likelihood: -332469.87496
804. Current log-likelihood: -332469.86767
805. Current log-likelihood: -332469.86121
806. Current log-likelihood: -332469.85299
807. Current log-likelihood: -332469.84582
808. Current log-likelihood: -332469.83973
809. Current log-likelihood: -332469.83206
810. Current log-likelihood: -332469.82618
811. Current log-likelihood: -332469.81674
812. Current log-likelihood: -332469.80848
813. Current log-likelihood: -332469.80262
814. Current log-likelihood: -332469.79538
815. Current log-likelihood: -332469.78960
816. Current log-likelihood: -332469.78257
817. Current log-likelihood: -332469.77697
818. Current log-likelihood: -332469.77008
819. Current log-likelihood: -332469.76473
820. Current log-likelihood: -332469.75808
821. Current log-likelihood: -332469.75172
822. Current log-likelihood: -332469.74633
823. Current log-likelihood: -332469.74119
824. Current log-likelihood: -332469.73482
825. Current log-likelihood: -332469.72692
826. Current log-likelihood: -332469.72188
827. Current log-likelihood: -332469.71690
828. Current log-likelihood: -332469.71121
829. Current log-likelihood: -332469.70507
830. Current log-likelihood: -332469.70028
831. Current log-likelihood: -332469.68434
832. Current log-likelihood: -332469.67959
833. Current log-likelihood: -332469.67436
834. Current log-likelihood: -332469.66876
835. Current log-likelihood: -332469.66420
836. Current log-likelihood: -332469.65988
837. Current log-likelihood: -332469.65469
838. Current log-likelihood: -332469.65018
839. Current log-likelihood: -332469.64593
840. Current log-likelihood: -332469.64169
841. Current log-likelihood: -332469.63616
842. Current log-likelihood: -332469.63194
843. Current log-likelihood: -332469.62676
844. Current log-likelihood: -332469.62271
845. Current log-likelihood: -332469.61850
846. Current log-likelihood: -332469.61439
847. Current log-likelihood: -332469.61045
848. Current log-likelihood: -332469.60651
849. Current log-likelihood: -332469.60179
850. Current log-likelihood: -332469.59480
851. Current log-likelihood: -332469.59111
852. Current log-likelihood: -332469.58742
853. Current log-likelihood: -332469.58226
854. Current log-likelihood: -332469.57717
855. Current log-likelihood: -332469.57346
856. Current log-likelihood: -332469.56980
857. Current log-likelihood: -332469.56629
858. Current log-likelihood: -332469.56277
859. Current log-likelihood: -332469.55820
860. Current log-likelihood: -332469.55477
861. Current log-likelihood: -332469.55133
862. Current log-likelihood: -332469.54793
863. Current log-likelihood: -332469.54307
864. Current log-likelihood: -332469.53987
865. Current log-likelihood: -332469.53669
866. Current log-likelihood: -332469.53338
867. Current log-likelihood: -332469.53018
868. Current log-likelihood: -332469.52699
869. Current log-likelihood: -332469.52381
870. Current log-likelihood: -332469.52048
871. Current log-likelihood: -332469.51747
872. Current log-likelihood: -332469.51444
873. Current log-likelihood: -332469.51129
874. Current log-likelihood: -332469.50683
875. Current log-likelihood: -332469.50396
876. Current log-likelihood: -332469.50102
877. Current log-likelihood: -332469.49678
878. Current log-likelihood: -332469.49398
879. Current log-likelihood: -332469.49119
880. Current log-likelihood: -332469.48830
881. Current log-likelihood: -332469.48539
882. Current log-likelihood: -332469.48242
883. Current log-likelihood: -332469.47954
884. Current log-likelihood: -332469.47657
885. Current log-likelihood: -332469.47375
886. Current log-likelihood: -332469.46964
887. Current log-likelihood: -332469.46709
888. Current log-likelihood: -332469.46437
889. Current log-likelihood: -332469.46171
890. Current log-likelihood: -332469.45894
891. Current log-likelihood: -332469.45643
892. Current log-likelihood: -332469.45387
893. Current log-likelihood: -332469.45130
894. Current log-likelihood: -332469.44857
895. Current log-likelihood: -332469.44600
896. Current log-likelihood: -332469.44346
897. Current log-likelihood: -332469.44081
898. Current log-likelihood: -332469.43811
899. Current log-likelihood: -332469.43563
900. Current log-likelihood: -332469.43324
901. Current log-likelihood: -332469.43069
902. Current log-likelihood: -332469.42801
903. Current log-likelihood: -332469.42534
904. Current log-likelihood: -332469.42284
905. Current log-likelihood: -332469.41911
906. Current log-likelihood: -332469.41664
907. Current log-likelihood: -332469.41410
908. Current log-likelihood: -332469.41142
909. Current log-likelihood: -332469.40920
910. Current log-likelihood: -332469.40683
911. Current log-likelihood: -332469.40450
912. Current log-likelihood: -332469.40220
913. Current log-likelihood: -332469.39993
914. Current log-likelihood: -332469.39767
915. Current log-likelihood: -332469.39519
916. Current log-likelihood: -332469.39298
917. Current log-likelihood: -332469.39064
918. Current log-likelihood: -332469.38806
919. Current log-likelihood: -332469.38578
920. Current log-likelihood: -332469.38340
921. Current log-likelihood: -332469.38132
922. Current log-likelihood: -332469.37915
923. Current log-likelihood: -332469.37699
924. Current log-likelihood: -332469.37456
925. Current log-likelihood: -332469.37229
926. Current log-likelihood: -332469.37013
927. Current log-likelihood: -332469.36813
928. Current log-likelihood: -332469.36599
929. Current log-likelihood: -332469.36315
930. Current log-likelihood: -332469.36123
931. Current log-likelihood: -332469.35907
932. Current log-likelihood: -332469.35707
933. Current log-likelihood: -332469.35480
934. Current log-likelihood: -332469.35277
935. Current log-likelihood: -332469.35077
936. Current log-likelihood: -332469.34888
937. Current log-likelihood: -332469.34704
938. Current log-likelihood: -332469.34507
939. Current log-likelihood: -332469.34336
940. Current log-likelihood: -332469.34148
941. Current log-likelihood: -332469.33945
942. Current log-likelihood: -332469.33748
943. Current log-likelihood: -332469.33573
944. Current log-likelihood: -332469.33382
945. Current log-likelihood: -332469.33204
946. Current log-likelihood: -332469.33015
947. Current log-likelihood: -332469.32828
948. Current log-likelihood: -332469.32657
949. Current log-likelihood: -332469.32490
950. Current log-likelihood: -332469.32315
951. Current log-likelihood: -332469.32144
952. Current log-likelihood: -332469.31972
953. Current log-likelihood: -332469.31816
954. Current log-likelihood: -332469.31652
955. Current log-likelihood: -332469.31393
956. Current log-likelihood: -332469.31230
957. Current log-likelihood: -332469.31074
958. Current log-likelihood: -332469.30905
959. Current log-likelihood: -332469.30748
960. Current log-likelihood: -332469.30596
961. Current log-likelihood: -332469.30464
962. Current log-likelihood: -332469.30329
963. Current log-likelihood: -332469.30131
964. Current log-likelihood: -332469.30011
965. Current log-likelihood: -332469.29888
966. Current log-likelihood: -332469.29761
967. Current log-likelihood: -332469.29644
968. Current log-likelihood: -332469.29531
969. Current log-likelihood: -332469.29416
970. Current log-likelihood: -332469.29290
971. Current log-likelihood: -332469.29188
972. Current log-likelihood: -332469.29073
973. Current log-likelihood: -332469.28959
974. Current log-likelihood: -332469.28851
975. Current log-likelihood: -332469.28758
Final estimation on weights:
0.07246,0.10138,0.05376,0.01000,0.22149,0.00508,0.18901,0.03955,0.01071,0.08077,0.07978,0.02300,0.06435,0.04866
Wrote distance file to... 
BEST SCORE FOUND : -332469.28758
Site log-likelihoods per category printed to output_mast_repeats/mast_model_14/mast_model_14.sitelh
Total tree lengths: 0.83053 0.06346 1.99885 4.60130 0.09277 0.28963 9.97113 0.21317 0.25762 1.79125 0.18463 0.31667 1.68950 0.19991

Total number of iterations: 973
CPU time used for tree search: 0.00002 sec (0h:0m:0s)
Wall-clock time used for tree search: 0.00002 sec (0h:0m:0s)
Total CPU time used: 7221.11191 sec (2h:0m:21s)
Total wall-clock time used: 2623.01291 sec (0h:43m:43s)

Analysis results written to: 
  IQ-TREE report:                output_mast_repeats/mast_model_14/mast_model_14.iqtree
  Maximum-likelihood tree:       output_mast_repeats/mast_model_14/mast_model_14.treefile
  Site log-likelihoods:          output_mast_repeats/mast_model_14/mast_model_14.sitelh
  Screen log file:               output_mast_repeats/mast_model_14/mast_model_14.log

Date and Time: Thu Oct 30 17:40:23 2025
