IQ-TREE multicore version 2.4.0 for Linux x86 64-bit built Feb  7 2025
Developed by Bui Quang Minh, Nguyen Lam Tung, Olga Chernomor, Heiko Schmidt,
Dominik Schrempf, Michael Woodhams, Ly Trong Nhan, Thomas Wong

Host:    ku-01 (AVX2, FMA3, 251 GB RAM)
Command: iqtree2 -s trim_genome_africa.fasta -m GTR+FO+R2+T -te tree_subsets/modeltrees_final_13.newick --prefix output_mast_repeats/mast_model_13/mast_model_13 -nt 4 -wslmr -redo
Seed:    732011 (Using SPRNG - Scalable Parallel Random Number Generator)
Time:    Thu Oct 30 16:11:38 2025
Kernel:  AVX+FMA - 4 threads (64 CPU cores detected)

Reading alignment file trim_genome_africa.fasta ... Fasta format detected
Reading fasta file: done in 0.0424145 secs using 92.21% CPU
Alignment most likely contains DNA/RNA sequences
Alignment has 29 sequences with 142412 columns, 3564 distinct patterns
28695 parsimony-informative, 1511 singleton sites, 112206 constant sites
                              Gap/Ambiguity  Composition  p-value
Analyzing sequences: done in 0.000122013 secs using 99.17% CPU
   1  HM585496_Human_herpesvirus_1    0.67%    failed      0.00%
   2  HM585497_Human_herpesvirus_1    0.65%    failed      0.00%
   3  HM585498_Human_herpesvirus_1    0.68%    failed      0.00%
   4  HM585499_Human_herpesvirus_1    0.67%    failed      0.00%
   5  HM585500_Human_herpesvirus_1    0.67%    failed      0.00%
   6  HM585501_Human_herpesvirus_1    0.63%    failed      0.00%
   7  HM585502_Human_herpesvirus_1    0.66%    failed      0.00%
   8  HM585503_Human_herpesvirus_1    0.69%    failed      0.00%
   9  HM585504_Human_herpesvirus_1    0.59%    failed      0.00%
  10  HM585505_Human_herpesvirus_1    0.67%    failed      0.00%
  11  HM585506_Human_herpesvirus_1    0.67%    failed      0.00%
  12  HM585507_Human_herpesvirus_1    1.56%    failed      0.00%
  13  HM585509_Human_herpesvirus_1    0.42%    failed      0.00%
  14  HM585510_Human_herpesvirus_1    0.45%    failed      0.00%
  15  HM585511_Human_herpesvirus_1    0.50%    failed      0.00%
  16  KR135299_Human_herpesvirus_2    3.19%    failed      0.00%
  17  KR135300_Human_herpesvirus_2    3.19%    failed      0.00%
  18  KR135301_Human_herpesvirus_2    3.33%    failed      0.00%
  19  KR135302_Human_herpesvirus_2    3.10%    failed      0.00%
  20  KR135303_Human_herpesvirus_2    3.44%    failed      0.00%
  21  KR135304_Human_herpesvirus_2    3.30%    failed      0.00%
  22  KR135305_Human_herpesvirus_2    3.43%    failed      0.00%
  23  KR135306_Human_herpesvirus_2    3.39%    failed      0.00%
  24  KR135307_Human_herpesvirus_2    3.14%    failed      0.00%
  25  KR135315_Human_herpesvirus_2    3.20%    failed      0.00%
  26  KR135316_Human_herpesvirus_2    3.19%    failed      0.00%
  27  KR135317_Human_herpesvirus_2    3.37%    failed      0.00%
  28  KR135318_Human_herpesvirus_2    3.12%    failed      0.00%
  29  KR135319_Human_herpesvirus_2    3.10%    failed      0.00%
****  TOTAL                           1.92%  29 sequences failed composition chi2 test (p-value<5%; df=3)
Tree-mixture model
Number of input trees: 13
Minimum branch length is set to 0.0000010














Linked substitution model:
   GTR+FO

Linked RHS model:
   R2


NOTE: 87 MB RAM (0 GB) is required!
According to the parsimony scores along the sites, the tree weights are initialized to:
0.0854614,0.0648934,0.0714020,0.0647793,0.0841525,0.0551277,0.1031874,0.0694602,0.0822761,0.0822936,0.0826445,0.0768673,0.0774545
Estimate model parameters (epsilon = 0.00100)
1. Initial log-likelihood: -340002.00106
2. Current log-likelihood: -333526.38127
3. Current log-likelihood: -333334.71743
4. Current log-likelihood: -333233.68200
5. Current log-likelihood: -333126.17248
6. Current log-likelihood: -332991.65511
7. Current log-likelihood: -332920.46323
8. Current log-likelihood: -332837.71744
9. Current log-likelihood: -332822.02715
10. Current log-likelihood: -332811.70931
11. Current log-likelihood: -332804.55884
12. Current log-likelihood: -332802.99689
13. Current log-likelihood: -332801.97836
14. Current log-likelihood: -332801.17219
15. Current log-likelihood: -332800.48929
16. Current log-likelihood: -332799.88737
17. Current log-likelihood: -332799.37416
18. Current log-likelihood: -332798.92123
19. Current log-likelihood: -332798.48943
20. Current log-likelihood: -332798.07034
21. Current log-likelihood: -332797.66361
22. Current log-likelihood: -332797.26234
23. Current log-likelihood: -332796.86190
24. Current log-likelihood: -332796.46581
25. Current log-likelihood: -332796.07149
26. Current log-likelihood: -332795.68016
27. Current log-likelihood: -332795.29207
28. Current log-likelihood: -332794.90713
29. Current log-likelihood: -332794.52494
30. Current log-likelihood: -332794.14663
31. Current log-likelihood: -332793.77026
32. Current log-likelihood: -332793.39954
33. Current log-likelihood: -332793.02915
34. Current log-likelihood: -332792.66268
35. Current log-likelihood: -332792.29825
36. Current log-likelihood: -332791.93926
37. Current log-likelihood: -332791.58164
38. Current log-likelihood: -332791.22726
39. Current log-likelihood: -332790.87524
40. Current log-likelihood: -332790.52763
41. Current log-likelihood: -332790.18122
42. Current log-likelihood: -332789.83767
43. Current log-likelihood: -332789.49721
44. Current log-likelihood: -332789.16185
45. Current log-likelihood: -332788.82685
46. Current log-likelihood: -332788.49427
47. Current log-likelihood: -332784.90987
48. Current log-likelihood: -332784.58426
49. Current log-likelihood: -332784.25984
50. Current log-likelihood: -332783.93982
51. Current log-likelihood: -332783.62335
52. Current log-likelihood: -332781.15129
53. Current log-likelihood: -332780.70478
54. Current log-likelihood: -332780.37496
55. Current log-likelihood: -332780.04472
56. Current log-likelihood: -332779.72100
57. Current log-likelihood: -332779.40207
58. Current log-likelihood: -332779.08635
59. Current log-likelihood: -332778.77254
60. Current log-likelihood: -332778.46029
61. Current log-likelihood: -332778.15242
62. Current log-likelihood: -332777.84861
63. Current log-likelihood: -332777.54845
64. Current log-likelihood: -332777.25108
65. Current log-likelihood: -332776.95694
66. Current log-likelihood: -332776.66578
67. Current log-likelihood: -332776.37658
68. Current log-likelihood: -332776.09008
69. Current log-likelihood: -332775.80653
70. Current log-likelihood: -332775.52626
71. Current log-likelihood: -332775.24732
72. Current log-likelihood: -332774.97236
73. Current log-likelihood: -332774.69963
74. Current log-likelihood: -332774.43053
75. Current log-likelihood: -332774.16363
76. Current log-likelihood: -332773.89955
77. Current log-likelihood: -332773.63853
78. Current log-likelihood: -332773.37812
79. Current log-likelihood: -332773.12220
80. Current log-likelihood: -332772.86789
81. Current log-likelihood: -332772.35793
82. Current log-likelihood: -332772.10180
83. Current log-likelihood: -332771.84933
84. Current log-likelihood: -332771.59994
85. Current log-likelihood: -332771.35271
86. Current log-likelihood: -332771.10764
87. Current log-likelihood: -332770.86374
88. Current log-likelihood: -332770.62390
89. Current log-likelihood: -332770.38640
90. Current log-likelihood: -332770.14918
91. Current log-likelihood: -332769.91603
92. Current log-likelihood: -332769.68395
93. Current log-likelihood: -332769.45536
94. Current log-likelihood: -332769.22801
95. Current log-likelihood: -332768.99902
96. Current log-likelihood: -332768.77321
97. Current log-likelihood: -332768.54134
98. Current log-likelihood: -332768.31869
99. Current log-likelihood: -332768.09100
100. Current log-likelihood: -332767.87390
101. Current log-likelihood: -332767.65375
102. Current log-likelihood: -332767.24073
103. Current log-likelihood: -332766.82688
104. Current log-likelihood: -332766.41621
105. Current log-likelihood: -332766.01310
106. Current log-likelihood: -332765.62797
107. Current log-likelihood: -332765.24214
108. Current log-likelihood: -332764.86405
109. Current log-likelihood: -332764.50016
110. Current log-likelihood: -332763.85683
111. Current log-likelihood: -332763.49007
112. Current log-likelihood: -332763.13460
113. Current log-likelihood: -332762.78144
114. Current log-likelihood: -332762.43646
115. Current log-likelihood: -332762.09745
116. Current log-likelihood: -332761.76808
117. Current log-likelihood: -332761.44374
118. Current log-likelihood: -332761.12208
119. Current log-likelihood: -332760.81416
120. Current log-likelihood: -332760.50598
121. Current log-likelihood: -332760.20909
122. Current log-likelihood: -332759.91631
123. Current log-likelihood: -332759.63044
124. Current log-likelihood: -332759.34831
125. Current log-likelihood: -332759.07338
126. Current log-likelihood: -332758.80378
127. Current log-likelihood: -332758.53948
128. Current log-likelihood: -332758.27923
129. Current log-likelihood: -332758.02703
130. Current log-likelihood: -332757.77696
131. Current log-likelihood: -332757.53212
132. Current log-likelihood: -332757.29310
133. Current log-likelihood: -332757.05616
134. Current log-likelihood: -332756.82758
135. Current log-likelihood: -332756.59122
136. Current log-likelihood: -332756.37155
137. Current log-likelihood: -332756.15430
138. Current log-likelihood: -332755.94110
139. Current log-likelihood: -332755.73365
140. Current log-likelihood: -332755.52742
141. Current log-likelihood: -332755.32780
142. Current log-likelihood: -332755.13074
143. Current log-likelihood: -332754.93575
144. Current log-likelihood: -332754.74652
145. Current log-likelihood: -332754.56014
146. Current log-likelihood: -332754.37843
147. Current log-likelihood: -332754.20024
148. Current log-likelihood: -332754.02438
149. Current log-likelihood: -332753.85231
150. Current log-likelihood: -332753.68256
151. Current log-likelihood: -332753.51690
152. Current log-likelihood: -332753.35354
153. Current log-likelihood: -332753.19167
154. Current log-likelihood: -332752.22980
155. Current log-likelihood: -332752.06224
156. Current log-likelihood: -332751.89863
157. Current log-likelihood: -332751.74079
158. Current log-likelihood: -332751.58502
159. Current log-likelihood: -332751.43305
160. Current log-likelihood: -332751.28376
161. Current log-likelihood: -332751.13697
162. Current log-likelihood: -332750.99238
163. Current log-likelihood: -332750.84971
164. Current log-likelihood: -332750.71030
165. Current log-likelihood: -332750.57330
166. Current log-likelihood: -332750.43791
167. Current log-likelihood: -332750.30369
168. Current log-likelihood: -332750.17295
169. Current log-likelihood: -332750.04324
170. Current log-likelihood: -332749.91488
171. Current log-likelihood: -332749.78939
172. Current log-likelihood: -332749.66644
173. Current log-likelihood: -332749.54579
174. Current log-likelihood: -332749.42061
175. Current log-likelihood: -332749.29950
176. Current log-likelihood: -332749.18379
177. Current log-likelihood: -332749.06962
178. Current log-likelihood: -332748.95575
179. Current log-likelihood: -332748.84329
180. Current log-likelihood: -332748.73404
181. Current log-likelihood: -332748.62593
182. Current log-likelihood: -332748.51686
183. Current log-likelihood: -332748.40923
184. Current log-likelihood: -332748.30491
185. Current log-likelihood: -332748.20135
186. Current log-likelihood: -332748.09988
187. Current log-likelihood: -332747.99960
188. Current log-likelihood: -332747.90030
189. Current log-likelihood: -332747.80237
190. Current log-likelihood: -332747.70514
191. Current log-likelihood: -332747.60925
192. Current log-likelihood: -332747.51193
193. Current log-likelihood: -332747.41802
194. Current log-likelihood: -332747.32469
195. Current log-likelihood: -332747.23274
196. Current log-likelihood: -332747.14093
197. Current log-likelihood: -332747.05059
198. Current log-likelihood: -332746.96115
199. Current log-likelihood: -332746.87243
200. Current log-likelihood: -332746.78428
201. Current log-likelihood: -332746.69585
202. Current log-likelihood: -332746.56976
203. Current log-likelihood: -332746.44324
204. Current log-likelihood: -332746.31834
205. Current log-likelihood: -332746.19479
206. Current log-likelihood: -332746.07195
207. Current log-likelihood: -332745.95095
208. Current log-likelihood: -332745.82782
209. Current log-likelihood: -332745.70555
210. Current log-likelihood: -332745.58806
211. Current log-likelihood: -332745.47103
212. Current log-likelihood: -332745.35561
213. Current log-likelihood: -332745.24010
214. Current log-likelihood: -332745.12654
215. Current log-likelihood: -332745.01293
216. Current log-likelihood: -332744.89887
217. Current log-likelihood: -332744.78748
218. Current log-likelihood: -332744.67672
219. Current log-likelihood: -332744.56704
220. Current log-likelihood: -332744.45399
221. Current log-likelihood: -332744.34537
222. Current log-likelihood: -332744.23768
223. Current log-likelihood: -332744.13046
224. Current log-likelihood: -332744.02403
225. Current log-likelihood: -332743.91809
226. Current log-likelihood: -332743.81257
227. Current log-likelihood: -332743.70770
228. Current log-likelihood: -332743.60183
229. Current log-likelihood: -332743.49737
230. Current log-likelihood: -332743.39292
231. Current log-likelihood: -332743.29015
232. Current log-likelihood: -332743.18527
233. Current log-likelihood: -332743.08273
234. Current log-likelihood: -332742.97812
235. Current log-likelihood: -332742.87638
236. Current log-likelihood: -332742.77540
237. Current log-likelihood: -332742.66873
238. Current log-likelihood: -332742.56753
239. Current log-likelihood: -332742.46532
240. Current log-likelihood: -332742.36560
241. Current log-likelihood: -332742.26412
242. Current log-likelihood: -332742.16525
243. Current log-likelihood: -332742.06653
244. Current log-likelihood: -332741.96823
245. Current log-likelihood: -332741.87021
246. Current log-likelihood: -332741.77265
247. Current log-likelihood: -332741.67518
248. Current log-likelihood: -332741.57799
249. Current log-likelihood: -332741.47970
250. Current log-likelihood: -332741.38309
251. Current log-likelihood: -332741.28586
252. Current log-likelihood: -332741.18901
253. Current log-likelihood: -332741.09062
254. Current log-likelihood: -332740.99541
255. Current log-likelihood: -332740.89919
256. Current log-likelihood: -332740.80442
257. Current log-likelihood: -332740.70990
258. Current log-likelihood: -332740.61524
259. Current log-likelihood: -332740.51959
260. Current log-likelihood: -332740.42545
261. Current log-likelihood: -332740.33166
262. Current log-likelihood: -332740.23809
263. Current log-likelihood: -332740.14466
264. Current log-likelihood: -332740.05176
265. Current log-likelihood: -332739.95883
266. Current log-likelihood: -332739.86403
267. Current log-likelihood: -332739.77174
268. Current log-likelihood: -332739.67742
269. Current log-likelihood: -332739.58566
270. Current log-likelihood: -332739.49400
271. Current log-likelihood: -332733.65806
272. Current log-likelihood: -332733.46439
273. Current log-likelihood: -332733.30753
274. Current log-likelihood: -332733.15353
275. Current log-likelihood: -332733.00145
276. Current log-likelihood: -332732.85398
277. Current log-likelihood: -332732.70899
278. Current log-likelihood: -332732.56659
279. Current log-likelihood: -332732.42534
280. Current log-likelihood: -332732.28690
281. Current log-likelihood: -332732.14962
282. Current log-likelihood: -332732.01450
283. Current log-likelihood: -332731.88217
284. Current log-likelihood: -332731.74786
285. Current log-likelihood: -332731.61863
286. Current log-likelihood: -332731.48934
287. Current log-likelihood: -332731.36048
288. Current log-likelihood: -332731.23527
289. Current log-likelihood: -332731.10878
290. Current log-likelihood: -332730.98409
291. Current log-likelihood: -332730.85998
292. Current log-likelihood: -332730.73857
293. Current log-likelihood: -332730.61645
294. Current log-likelihood: -332730.49787
295. Current log-likelihood: -332730.37783
296. Current log-likelihood: -332730.26008
297. Current log-likelihood: -332730.14378
298. Current log-likelihood: -332730.02752
299. Current log-likelihood: -332729.91298
300. Current log-likelihood: -332729.79905
301. Current log-likelihood: -332729.68300
302. Current log-likelihood: -332727.80646
303. Current log-likelihood: -332727.63756
304. Current log-likelihood: -332727.46690
305. Current log-likelihood: -332727.30084
306. Current log-likelihood: -332727.13564
307. Current log-likelihood: -332726.97249
308. Current log-likelihood: -332726.81114
309. Current log-likelihood: -332726.64857
310. Current log-likelihood: -332726.48904
311. Current log-likelihood: -332726.32861
312. Current log-likelihood: -332726.16869
313. Current log-likelihood: -332726.01376
314. Current log-likelihood: -332725.85823
315. Current log-likelihood: -332723.70479
316. Current log-likelihood: -332723.50892
317. Current log-likelihood: -332723.31443
318. Current log-likelihood: -332723.12362
319. Current log-likelihood: -332722.93371
320. Current log-likelihood: -332722.74559
321. Current log-likelihood: -332722.55825
322. Current log-likelihood: -332722.37194
323. Current log-likelihood: -332722.18508
324. Current log-likelihood: -332722.00185
325. Current log-likelihood: -332721.81841
326. Current log-likelihood: -332721.63784
327. Current log-likelihood: -332710.56772
328. Current log-likelihood: -332706.11162
329. Current log-likelihood: -332701.52416
330. Current log-likelihood: -332700.65974
331. Current log-likelihood: -332699.92569
332. Current log-likelihood: -332699.22504
333. Current log-likelihood: -332698.55532
334. Current log-likelihood: -332697.92078
335. Current log-likelihood: -332697.31835
336. Current log-likelihood: -332696.74675
337. Current log-likelihood: -332696.20599
338. Current log-likelihood: -332695.69312
339. Current log-likelihood: -332695.21017
340. Current log-likelihood: -332694.75284
341. Current log-likelihood: -332694.32103
342. Current log-likelihood: -332693.91580
343. Current log-likelihood: -332693.52393
344. Current log-likelihood: -332693.15773
345. Current log-likelihood: -332692.81645
346. Current log-likelihood: -332692.49447
347. Current log-likelihood: -332692.19545
348. Current log-likelihood: -332691.91286
349. Current log-likelihood: -332691.64872
350. Current log-likelihood: -332691.40035
351. Current log-likelihood: -332690.33871
352. Current log-likelihood: -332689.87772
353. Current log-likelihood: -332689.42932
354. Current log-likelihood: -332688.99118
355. Current log-likelihood: -332688.56373
356. Current log-likelihood: -332688.11835
357. Current log-likelihood: -332687.69691
358. Current log-likelihood: -332687.29148
359. Current log-likelihood: -332686.89669
360. Current log-likelihood: -332686.51341
361. Current log-likelihood: -332686.14144
362. Current log-likelihood: -332685.78008
363. Current log-likelihood: -332685.43294
364. Current log-likelihood: -332685.09679
365. Current log-likelihood: -332684.76936
366. Current log-likelihood: -332684.45198
367. Current log-likelihood: -332684.14963
368. Current log-likelihood: -332683.85728
369. Current log-likelihood: -332683.57620
370. Current log-likelihood: -332683.30090
371. Current log-likelihood: -332683.03857
372. Current log-likelihood: -332682.78215
373. Current log-likelihood: -332679.41369
374. Current log-likelihood: -332679.25168
375. Current log-likelihood: -332678.53869
376. Current log-likelihood: -332678.36991
377. Current log-likelihood: -332678.20180
378. Current log-likelihood: -332678.05115
379. Current log-likelihood: -332677.90881
380. Current log-likelihood: -332677.77440
381. Current log-likelihood: -332677.64855
382. Current log-likelihood: -332677.52556
383. Current log-likelihood: -332677.41184
384. Current log-likelihood: -332677.30057
385. Current log-likelihood: -332677.19677
386. Current log-likelihood: -332677.09741
387. Current log-likelihood: -332677.00142
388. Current log-likelihood: -332676.90945
389. Current log-likelihood: -332676.81957
390. Current log-likelihood: -332676.73541
391. Current log-likelihood: -332676.65473
392. Current log-likelihood: -332676.57777
393. Current log-likelihood: -332676.50043
394. Current log-likelihood: -332676.42936
395. Current log-likelihood: -332676.35824
396. Current log-likelihood: -332676.29077
397. Current log-likelihood: -332676.22570
398. Current log-likelihood: -332676.16240
399. Current log-likelihood: -332676.10096
400. Current log-likelihood: -332676.04101
401. Current log-likelihood: -332675.98071
402. Current log-likelihood: -332675.90773
403. Current log-likelihood: -332675.83615
404. Current log-likelihood: -332675.76932
405. Current log-likelihood: -332675.70458
406. Current log-likelihood: -332675.64161
407. Current log-likelihood: -332675.58025
408. Current log-likelihood: -332675.52015
409. Current log-likelihood: -332675.46094
410. Current log-likelihood: -332675.40337
411. Current log-likelihood: -332675.34643
412. Current log-likelihood: -332675.29063
413. Current log-likelihood: -332675.23401
414. Current log-likelihood: -332675.18008
415. Current log-likelihood: -332675.12733
416. Current log-likelihood: -332675.07464
417. Current log-likelihood: -332675.02326
418. Current log-likelihood: -332674.96590
419. Current log-likelihood: -332674.91585
420. Current log-likelihood: -332674.86588
421. Current log-likelihood: -332674.81709
422. Current log-likelihood: -332674.76880
423. Current log-likelihood: -332674.71883
424. Current log-likelihood: -332674.67057
425. Current log-likelihood: -332674.62386
426. Current log-likelihood: -332674.57782
427. Current log-likelihood: -332674.53248
428. Current log-likelihood: -332674.48737
429. Current log-likelihood: -332674.44169
430. Current log-likelihood: -332674.39724
431. Current log-likelihood: -332674.35318
432. Current log-likelihood: -332674.31018
433. Current log-likelihood: -332674.26756
434. Current log-likelihood: -332674.22490
435. Current log-likelihood: -332674.18331
436. Current log-likelihood: -332674.14210
437. Current log-likelihood: -332674.10098
438. Current log-likelihood: -332674.05892
439. Current log-likelihood: -332674.01914
440. Current log-likelihood: -332673.97931
441. Current log-likelihood: -332673.93970
442. Current log-likelihood: -332673.90076
443. Current log-likelihood: -332673.86211
444. Current log-likelihood: -332673.82370
445. Current log-likelihood: -332673.78574
446. Current log-likelihood: -332673.74813
447. Current log-likelihood: -332673.71103
448. Current log-likelihood: -332673.67468
449. Current log-likelihood: -332673.63789
450. Current log-likelihood: -332673.60181
451. Current log-likelihood: -332673.56584
452. Current log-likelihood: -332673.53027
453. Current log-likelihood: -332673.49514
454. Current log-likelihood: -332673.45865
455. Current log-likelihood: -332673.42412
456. Current log-likelihood: -332673.39022
457. Current log-likelihood: -332673.35472
458. Current log-likelihood: -332673.32137
459. Current log-likelihood: -332672.95527
460. Current log-likelihood: -332672.91765
461. Current log-likelihood: -332672.88121
462. Current log-likelihood: -332672.84504
463. Current log-likelihood: -332672.81028
464. Current log-likelihood: -332672.77629
465. Current log-likelihood: -332672.74291
466. Current log-likelihood: -332672.70942
467. Current log-likelihood: -332672.67703
468. Current log-likelihood: -332672.64482
469. Current log-likelihood: -332672.61257
470. Current log-likelihood: -332672.58009
471. Current log-likelihood: -332672.54883
472. Current log-likelihood: -332672.51664
473. Current log-likelihood: -332672.48558
474. Current log-likelihood: -332672.45080
475. Current log-likelihood: -332672.42106
476. Current log-likelihood: -332672.39088
477. Current log-likelihood: -332672.36134
478. Current log-likelihood: -332672.33196
479. Current log-likelihood: -332672.30299
480. Current log-likelihood: -332672.27323
481. Current log-likelihood: -332672.24443
482. Current log-likelihood: -332672.21620
483. Current log-likelihood: -332672.18742
484. Current log-likelihood: -332672.15984
485. Current log-likelihood: -332672.13200
486. Current log-likelihood: -332672.10494
487. Current log-likelihood: -332672.07753
488. Current log-likelihood: -332672.05118
489. Current log-likelihood: -332672.02389
490. Current log-likelihood: -332671.99732
491. Current log-likelihood: -332671.97119
492. Current log-likelihood: -332671.94549
493. Current log-likelihood: -332671.91970
494. Current log-likelihood: -332671.89420
495. Current log-likelihood: -332671.86864
496. Current log-likelihood: -332671.84357
497. Current log-likelihood: -332671.81793
498. Current log-likelihood: -332671.79330
499. Current log-likelihood: -332671.76821
500. Current log-likelihood: -332671.74356
501. Current log-likelihood: -332671.71900
502. Current log-likelihood: -332671.69118
503. Current log-likelihood: -332671.66315
504. Current log-likelihood: -332671.63453
505. Current log-likelihood: -332671.60589
506. Current log-likelihood: -332671.57830
507. Current log-likelihood: -332671.55006
508. Current log-likelihood: -332671.52264
509. Current log-likelihood: -332671.49234
510. Current log-likelihood: -332671.46514
511. Current log-likelihood: -332671.43790
512. Current log-likelihood: -332671.41062
513. Current log-likelihood: -332671.38375
514. Current log-likelihood: -332671.35687
515. Current log-likelihood: -332671.33061
516. Current log-likelihood: -332671.30173
517. Current log-likelihood: -332671.27541
518. Current log-likelihood: -332671.24898
519. Current log-likelihood: -332671.22299
520. Current log-likelihood: -332671.19701
521. Current log-likelihood: -332671.16983
522. Current log-likelihood: -332671.14257
523. Current log-likelihood: -332671.11530
524. Current log-likelihood: -332671.08953
525. Current log-likelihood: -332671.06182
526. Current log-likelihood: -332671.03500
527. Current log-likelihood: -332671.00955
528. Current log-likelihood: -332670.98302
529. Current log-likelihood: -332670.95447
530. Current log-likelihood: -332670.92797
531. Current log-likelihood: -332670.90128
532. Current log-likelihood: -332670.87580
533. Current log-likelihood: -332670.84805
534. Current log-likelihood: -332670.82197
535. Current log-likelihood: -332670.79531
536. Current log-likelihood: -332670.76762
537. Current log-likelihood: -332670.73992
538. Current log-likelihood: -332670.71259
539. Current log-likelihood: -332670.68505
540. Current log-likelihood: -332670.65990
541. Current log-likelihood: -332670.63180
542. Current log-likelihood: -332670.60402
543. Current log-likelihood: -332670.57842
544. Current log-likelihood: -332670.55162
545. Current log-likelihood: -332670.52540
546. Current log-likelihood: -332670.49885
547. Current log-likelihood: -332670.47342
548. Current log-likelihood: -332670.44800
549. Current log-likelihood: -332670.42142
550. Current log-likelihood: -332670.39617
551. Current log-likelihood: -332670.36931
552. Current log-likelihood: -332670.34391
553. Current log-likelihood: -332670.31832
554. Current log-likelihood: -332670.29273
555. Current log-likelihood: -332670.26756
556. Current log-likelihood: -332670.24050
557. Current log-likelihood: -332670.21529
558. Current log-likelihood: -332670.18991
559. Current log-likelihood: -332670.16461
560. Current log-likelihood: -332670.13942
561. Current log-likelihood: -332670.11264
562. Current log-likelihood: -332670.08769
563. Current log-likelihood: -332670.06224
564. Current log-likelihood: -332670.03704
565. Current log-likelihood: -332670.01183
566. Current log-likelihood: -332669.98683
567. Current log-likelihood: -332669.96074
568. Current log-likelihood: -332669.93566
569. Current log-likelihood: -332669.91078
570. Current log-likelihood: -332669.88587
571. Current log-likelihood: -332669.85884
572. Current log-likelihood: -332669.83396
573. Current log-likelihood: -332669.80915
574. Current log-likelihood: -332669.78443
575. Current log-likelihood: -332669.76006
576. Current log-likelihood: -332669.73509
577. Current log-likelihood: -332669.71024
578. Current log-likelihood: -332669.68623
579. Current log-likelihood: -332669.66184
580. Current log-likelihood: -332669.63753
581. Current log-likelihood: -332669.61131
582. Current log-likelihood: -332669.58702
583. Current log-likelihood: -332669.56291
584. Current log-likelihood: -332669.53832
585. Current log-likelihood: -332669.51399
586. Current log-likelihood: -332669.48984
587. Current log-likelihood: -332669.46605
588. Current log-likelihood: -332669.44194
589. Current log-likelihood: -332669.41812
590. Current log-likelihood: -332669.39412
591. Current log-likelihood: -332669.37041
592. Current log-likelihood: -332669.34675
593. Current log-likelihood: -332669.32300
594. Current log-likelihood: -332669.29928
595. Current log-likelihood: -332669.27596
596. Current log-likelihood: -332669.25263
597. Current log-likelihood: -332669.22920
598. Current log-likelihood: -332669.20590
599. Current log-likelihood: -332669.18284
600. Current log-likelihood: -332669.15947
601. Current log-likelihood: -332669.13659
602. Current log-likelihood: -332669.11026
603. Current log-likelihood: -332669.08416
604. Current log-likelihood: -332669.05814
605. Current log-likelihood: -332669.03185
606. Current log-likelihood: -332669.00563
607. Current log-likelihood: -332668.97982
608. Current log-likelihood: -332668.95432
609. Current log-likelihood: -332668.92844
610. Current log-likelihood: -332668.90270
611. Current log-likelihood: -332668.87617
612. Current log-likelihood: -332668.85105
613. Current log-likelihood: -332668.82614
614. Current log-likelihood: -332668.80112
615. Current log-likelihood: -332668.77613
616. Current log-likelihood: -332668.75133
617. Current log-likelihood: -332668.72665
618. Current log-likelihood: -332668.70093
619. Current log-likelihood: -332668.67634
620. Current log-likelihood: -332668.65231
621. Current log-likelihood: -332668.62745
622. Current log-likelihood: -332668.60329
623. Current log-likelihood: -332668.57923
624. Current log-likelihood: -332668.55556
625. Current log-likelihood: -332668.53190
626. Current log-likelihood: -332668.50797
627. Current log-likelihood: -332668.48387
628. Current log-likelihood: -332668.46003
629. Current log-likelihood: -332668.43693
630. Current log-likelihood: -332668.41320
631. Current log-likelihood: -332668.38993
632. Current log-likelihood: -332668.36695
633. Current log-likelihood: -332668.34421
634. Current log-likelihood: -332668.32191
635. Current log-likelihood: -332668.29895
636. Current log-likelihood: -332668.27621
637. Current log-likelihood: -332668.25338
638. Current log-likelihood: -332668.23111
639. Current log-likelihood: -332668.20908
640. Current log-likelihood: -332668.18701
641. Current log-likelihood: -332668.16432
642. Current log-likelihood: -332668.14275
643. Current log-likelihood: -332668.12114
644. Current log-likelihood: -332668.09964
645. Current log-likelihood: -332668.07832
646. Current log-likelihood: -332668.05661
647. Current log-likelihood: -332668.03478
648. Current log-likelihood: -332668.01362
649. Current log-likelihood: -332667.99294
650. Current log-likelihood: -332667.97193
651. Current log-likelihood: -332667.95161
652. Current log-likelihood: -332667.93114
653. Current log-likelihood: -332667.91109
654. Current log-likelihood: -332667.89070
655. Current log-likelihood: -332667.87019
656. Current log-likelihood: -332667.85026
657. Current log-likelihood: -332667.82994
658. Current log-likelihood: -332667.81027
659. Current log-likelihood: -332667.79044
660. Current log-likelihood: -332667.77062
661. Current log-likelihood: -332667.75038
662. Current log-likelihood: -332667.73137
663. Current log-likelihood: -332667.71236
664. Current log-likelihood: -332667.69295
665. Current log-likelihood: -332667.67394
666. Current log-likelihood: -332667.65530
667. Current log-likelihood: -332667.63689
668. Current log-likelihood: -332667.61773
669. Current log-likelihood: -332667.59952
670. Current log-likelihood: -332667.58081
671. Current log-likelihood: -332667.56289
672. Current log-likelihood: -332667.54484
673. Current log-likelihood: -332667.52658
674. Current log-likelihood: -332667.50890
675. Current log-likelihood: -332667.49096
676. Current log-likelihood: -332667.47312
677. Current log-likelihood: -332667.45581
678. Current log-likelihood: -332667.43868
679. Current log-likelihood: -332667.42160
680. Current log-likelihood: -332667.40404
681. Current log-likelihood: -332667.38692
682. Current log-likelihood: -332667.36984
683. Current log-likelihood: -332667.35349
684. Current log-likelihood: -332667.33678
685. Current log-likelihood: -332667.32027
686. Current log-likelihood: -332667.30378
687. Current log-likelihood: -332667.28688
688. Current log-likelihood: -332667.27080
689. Current log-likelihood: -332667.25431
690. Current log-likelihood: -332667.23805
691. Current log-likelihood: -332667.22218
692. Current log-likelihood: -332667.20632
693. Current log-likelihood: -332667.19045
694. Current log-likelihood: -332667.17504
695. Current log-likelihood: -332667.15985
696. Current log-likelihood: -332667.14430
697. Current log-likelihood: -332667.12929
698. Current log-likelihood: -332667.11410
699. Current log-likelihood: -332667.09894
700. Current log-likelihood: -332667.08387
701. Current log-likelihood: -332667.06860
702. Current log-likelihood: -332667.05260
703. Current log-likelihood: -332667.03612
704. Current log-likelihood: -332667.01979
705. Current log-likelihood: -332667.00334
706. Current log-likelihood: -332666.98704
707. Current log-likelihood: -332666.97141
708. Current log-likelihood: -332666.95538
709. Current log-likelihood: -332666.93993
710. Current log-likelihood: -332666.92408
711. Current log-likelihood: -332666.90833
712. Current log-likelihood: -332666.89332
713. Current log-likelihood: -332666.87819
714. Current log-likelihood: -332666.86325
715. Current log-likelihood: -332666.84860
716. Current log-likelihood: -332666.83387
717. Current log-likelihood: -332666.81891
718. Current log-likelihood: -332666.80389
719. Current log-likelihood: -332666.78955
720. Current log-likelihood: -332666.77487
721. Current log-likelihood: -332666.76068
722. Current log-likelihood: -332666.74661
723. Current log-likelihood: -332666.73242
724. Current log-likelihood: -332666.71846
725. Current log-likelihood: -332666.70471
726. Current log-likelihood: -332666.69051
727. Current log-likelihood: -332666.67627
728. Current log-likelihood: -332666.66291
729. Current log-likelihood: -332666.64877
730. Current log-likelihood: -332666.63552
731. Current log-likelihood: -332666.62202
732. Current log-likelihood: -332666.60910
733. Current log-likelihood: -332666.59617
734. Current log-likelihood: -332666.58357
735. Current log-likelihood: -332666.57069
736. Current log-likelihood: -332666.55753
737. Current log-likelihood: -332666.54520
738. Current log-likelihood: -332666.53280
739. Current log-likelihood: -332666.52051
740. Current log-likelihood: -332666.50800
741. Current log-likelihood: -332666.49591
742. Current log-likelihood: -332666.48406
743. Current log-likelihood: -332666.47203
744. Current log-likelihood: -332666.46000
745. Current log-likelihood: -332666.44835
746. Current log-likelihood: -332666.43663
747. Current log-likelihood: -332666.42497
748. Current log-likelihood: -332666.41340
749. Current log-likelihood: -332666.40143
750. Current log-likelihood: -332666.38999
751. Current log-likelihood: -332666.37881
752. Current log-likelihood: -332666.36766
753. Current log-likelihood: -332666.35659
754. Current log-likelihood: -332666.34548
755. Current log-likelihood: -332666.33393
756. Current log-likelihood: -332666.32310
757. Current log-likelihood: -332666.31221
758. Current log-likelihood: -332666.30172
759. Current log-likelihood: -332666.29127
760. Current log-likelihood: -332666.28078
761. Current log-likelihood: -332666.27055
762. Current log-likelihood: -332666.25977
763. Current log-likelihood: -332666.24933
764. Current log-likelihood: -332666.23867
765. Current log-likelihood: -332666.22833
766. Current log-likelihood: -332666.21873
767. Current log-likelihood: -332666.20870
768. Current log-likelihood: -332666.19886
769. Current log-likelihood: -332666.18919
770. Current log-likelihood: -332666.17944
771. Current log-likelihood: -332666.17020
772. Current log-likelihood: -332666.16057
773. Current log-likelihood: -332666.15088
774. Current log-likelihood: -332666.14102
775. Current log-likelihood: -332666.13202
776. Current log-likelihood: -332666.12316
777. Current log-likelihood: -332666.11351
778. Current log-likelihood: -332666.10484
779. Current log-likelihood: -332666.09518
780. Current log-likelihood: -332666.08597
781. Current log-likelihood: -332666.07662
782. Current log-likelihood: -332666.06766
783. Current log-likelihood: -332666.05839
784. Current log-likelihood: -332666.04979
785. Current log-likelihood: -332666.04131
786. Current log-likelihood: -332666.03302
787. Current log-likelihood: -332666.02435
788. Current log-likelihood: -332666.01628
789. Current log-likelihood: -332666.00785
790. Current log-likelihood: -332665.99927
791. Current log-likelihood: -332665.99144
792. Current log-likelihood: -332665.98300
793. Current log-likelihood: -332665.97473
794. Current log-likelihood: -332665.96610
795. Current log-likelihood: -332665.95802
796. Current log-likelihood: -332665.95156
797. Current log-likelihood: -332665.94338
798. Current log-likelihood: -332665.93463
799. Current log-likelihood: -332665.92661
800. Current log-likelihood: -332665.91907
801. Current log-likelihood: -332665.91163
802. Current log-likelihood: -332665.90241
803. Current log-likelihood: -332665.89396
804. Current log-likelihood: -332665.88502
805. Current log-likelihood: -332665.87716
806. Current log-likelihood: -332665.86875
807. Current log-likelihood: -332665.86111
808. Current log-likelihood: -332665.85274
809. Current log-likelihood: -332665.84506
810. Current log-likelihood: -332665.83708
811. Current log-likelihood: -332665.82926
812. Current log-likelihood: -332665.82177
813. Current log-likelihood: -332665.81449
814. Current log-likelihood: -332665.80651
815. Current log-likelihood: -332665.79916
816. Current log-likelihood: -332665.79166
817. Current log-likelihood: -332665.78375
818. Current log-likelihood: -332665.77612
819. Current log-likelihood: -332665.76857
820. Current log-likelihood: -332665.76107
821. Current log-likelihood: -332665.75367
822. Current log-likelihood: -332665.74677
823. Current log-likelihood: -332665.73929
824. Current log-likelihood: -332665.73249
825. Current log-likelihood: -332665.72481
826. Current log-likelihood: -332665.71173
827. Current log-likelihood: -332665.70438
828. Current log-likelihood: -332665.69766
829. Current log-likelihood: -332665.69106
830. Current log-likelihood: -332665.68467
831. Current log-likelihood: -332665.67819
832. Current log-likelihood: -332665.67166
833. Current log-likelihood: -332665.66480
834. Current log-likelihood: -332665.65880
835. Current log-likelihood: -332665.65250
836. Current log-likelihood: -332665.64640
837. Current log-likelihood: -332665.63710
838. Current log-likelihood: -332665.63101
839. Current log-likelihood: -332665.62507
840. Current log-likelihood: -332665.61811
841. Current log-likelihood: -332665.61327
842. Current log-likelihood: -332665.60710
843. Current log-likelihood: -332665.60105
844. Current log-likelihood: -332665.59444
845. Current log-likelihood: -332665.58830
846. Current log-likelihood: -332665.58266
847. Current log-likelihood: -332665.57640
848. Current log-likelihood: -332665.57078
849. Current log-likelihood: -332665.56462
850. Current log-likelihood: -332665.55872
851. Current log-likelihood: -332665.55427
852. Current log-likelihood: -332665.54846
853. Current log-likelihood: -332665.54263
854. Current log-likelihood: -332665.53832
855. Current log-likelihood: -332665.53272
856. Current log-likelihood: -332665.52723
857. Current log-likelihood: -332665.52292
858. Current log-likelihood: -332665.51734
859. Current log-likelihood: -332665.51321
860. Current log-likelihood: -332665.50713
861. Current log-likelihood: -332665.50155
862. Current log-likelihood: -332665.49634
863. Current log-likelihood: -332665.49237
864. Current log-likelihood: -332665.48653
865. Current log-likelihood: -332665.48090
866. Current log-likelihood: -332665.47353
867. Current log-likelihood: -332665.46954
868. Current log-likelihood: -332665.46427
869. Current log-likelihood: -332665.46042
870. Current log-likelihood: -332665.45335
871. Current log-likelihood: -332665.44960
872. Current log-likelihood: -332665.44453
873. Current log-likelihood: -332665.43939
874. Current log-likelihood: -332665.43565
875. Current log-likelihood: -332665.43059
876. Current log-likelihood: -332665.42582
877. Current log-likelihood: -332665.42209
878. Current log-likelihood: -332665.41709
879. Current log-likelihood: -332665.41203
880. Current log-likelihood: -332665.40851
881. Current log-likelihood: -332665.40382
882. Current log-likelihood: -332665.40014
883. Current log-likelihood: -332665.39669
884. Current log-likelihood: -332665.39122
885. Current log-likelihood: -332665.38769
886. Current log-likelihood: -332665.38433
887. Current log-likelihood: -332665.37698
888. Current log-likelihood: -332665.37235
889. Current log-likelihood: -332665.36890
890. Current log-likelihood: -332665.36425
891. Current log-likelihood: -332665.36088
892. Current log-likelihood: -332665.35762
893. Current log-likelihood: -332665.35442
894. Current log-likelihood: -332665.34980
895. Current log-likelihood: -332665.34444
896. Current log-likelihood: -332665.34116
897. Current log-likelihood: -332665.33681
898. Current log-likelihood: -332665.33349
899. Current log-likelihood: -332665.33036
900. Current log-likelihood: -332665.32719
901. Current log-likelihood: -332665.32296
902. Current log-likelihood: -332665.31882
903. Current log-likelihood: -332665.31368
904. Current log-likelihood: -332665.31041
905. Current log-likelihood: -332665.30720
906. Current log-likelihood: -332665.30288
907. Current log-likelihood: -332665.29879
908. Current log-likelihood: -332665.29442
909. Current log-likelihood: -332665.28866
910. Current log-likelihood: -332665.28554
911. Current log-likelihood: -332665.28133
912. Current log-likelihood: -332665.27678
913. Current log-likelihood: -332665.27388
914. Current log-likelihood: -332665.27089
915. Current log-likelihood: -332665.26662
916. Current log-likelihood: -332665.26363
917. Current log-likelihood: -332665.25898
918. Current log-likelihood: -332665.25430
919. Current log-likelihood: -332665.25040
920. Current log-likelihood: -332665.24760
921. Current log-likelihood: -332665.24364
922. Current log-likelihood: -332665.23986
923. Current log-likelihood: -332665.23707
924. Current log-likelihood: -332665.23315
925. Current log-likelihood: -332665.23042
926. Current log-likelihood: -332665.22757
927. Current log-likelihood: -332665.22496
928. Current log-likelihood: -332665.22019
929. Current log-likelihood: -332665.21747
930. Current log-likelihood: -332665.21351
931. Current log-likelihood: -332665.21066
932. Current log-likelihood: -332665.20810
933. Current log-likelihood: -332660.66323
934. Current log-likelihood: -332660.63325
935. Current log-likelihood: -332660.60652
936. Current log-likelihood: -332660.58243
937. Current log-likelihood: -332660.55953
938. Current log-likelihood: -332660.53908
939. Current log-likelihood: -332660.51974
940. Current log-likelihood: -332660.50151
941. Current log-likelihood: -332660.48394
942. Current log-likelihood: -332660.46765
943. Current log-likelihood: -332660.45175
944. Current log-likelihood: -332660.43502
945. Current log-likelihood: -332660.41997
946. Current log-likelihood: -332660.40586
947. Current log-likelihood: -332660.39040
948. Current log-likelihood: -332660.37670
949. Current log-likelihood: -332660.36387
950. Current log-likelihood: -332660.35134
951. Current log-likelihood: -332660.33922
952. Current log-likelihood: -332660.32687
953. Current log-likelihood: -332660.31492
954. Current log-likelihood: -332660.30353
955. Current log-likelihood: -332660.29256
956. Current log-likelihood: -332660.28166
957. Current log-likelihood: -332660.27077
958. Current log-likelihood: -332660.25996
959. Current log-likelihood: -332660.24888
960. Current log-likelihood: -332660.23875
961. Current log-likelihood: -332660.22887
962. Current log-likelihood: -332660.21898
963. Current log-likelihood: -332660.20955
964. Current log-likelihood: -332660.19887
965. Current log-likelihood: -332660.18945
966. Current log-likelihood: -332660.18106
967. Current log-likelihood: -332660.17209
968. Current log-likelihood: -332660.16348
969. Current log-likelihood: -332660.15496
970. Current log-likelihood: -332660.14659
971. Current log-likelihood: -332660.13819
972. Current log-likelihood: -332660.12999
973. Current log-likelihood: -332660.12176
974. Current log-likelihood: -332660.11339
975. Current log-likelihood: -332660.10528
976. Current log-likelihood: -332660.09705
977. Current log-likelihood: -332660.08967
978. Current log-likelihood: -332660.08212
979. Current log-likelihood: -332660.07357
980. Current log-likelihood: -332660.06639
981. Current log-likelihood: -332660.05942
982. Current log-likelihood: -332660.05182
983. Current log-likelihood: -332660.04350
984. Current log-likelihood: -332660.03638
985. Current log-likelihood: -332660.02803
986. Current log-likelihood: -332660.02166
987. Current log-likelihood: -332660.01495
988. Current log-likelihood: -332660.00818
989. Current log-likelihood: -332660.00150
990. Current log-likelihood: -332659.99505
991. Current log-likelihood: -332659.98883
992. Current log-likelihood: -332659.98223
993. Current log-likelihood: -332659.97568
994. Current log-likelihood: -332659.96983
995. Current log-likelihood: -332659.96366
996. Current log-likelihood: -332659.95727
997. Current log-likelihood: -332659.95173
998. Current log-likelihood: -332659.94464
999. Current log-likelihood: -332659.93813
1000. Current log-likelihood: -332659.93227
1001. Current log-likelihood: -332659.92604
1002. Current log-likelihood: -332659.92008
1003. Current log-likelihood: -332659.91388
1004. Current log-likelihood: -332659.90756
1005. Current log-likelihood: -332659.90183
1006. Current log-likelihood: -332659.89473
1007. Current log-likelihood: -332659.88891
1008. Current log-likelihood: -332659.88220
1009. Current log-likelihood: -332659.87672
1010. Current log-likelihood: -332659.87087
1011. Current log-likelihood: -332659.86487
1012. Current log-likelihood: -332659.85891
1013. Current log-likelihood: -332659.85310
1014. Current log-likelihood: -332659.84766
1015. Current log-likelihood: -332659.84255
1016. Current log-likelihood: -332659.83736
1017. Current log-likelihood: -332659.83193
1018. Current log-likelihood: -332659.82615
1019. Current log-likelihood: -332659.82117
1020. Current log-likelihood: -332659.81612
1021. Current log-likelihood: -332659.81111
1022. Current log-likelihood: -332659.80625
1023. Current log-likelihood: -332659.80040
1024. Current log-likelihood: -332659.79500
1025. Current log-likelihood: -332659.78947
1026. Current log-likelihood: -332659.78459
1027. Current log-likelihood: -332659.77926
1028. Current log-likelihood: -332659.77543
1029. Current log-likelihood: -332659.77017
1030. Current log-likelihood: -332659.76370
1031. Current log-likelihood: -332659.75903
1032. Current log-likelihood: -332659.75415
1033. Current log-likelihood: -332659.75051
1034. Current log-likelihood: -332659.74559
1035. Current log-likelihood: -332659.74098
1036. Current log-likelihood: -332659.73204
1037. Current log-likelihood: -332659.72742
1038. Current log-likelihood: -332659.72296
1039. Current log-likelihood: -332659.71860
1040. Current log-likelihood: -332659.71421
1041. Current log-likelihood: -332659.71082
1042. Current log-likelihood: -332659.70623
1043. Current log-likelihood: -332659.70106
1044. Current log-likelihood: -332659.69764
1045. Current log-likelihood: -332659.69323
1046. Current log-likelihood: -332659.68910
1047. Current log-likelihood: -332659.68494
1048. Current log-likelihood: -332659.68178
1049. Current log-likelihood: -332659.67730
1050. Current log-likelihood: -332659.67259
1051. Current log-likelihood: -332659.66859
1052. Current log-likelihood: -332659.66236
1053. Current log-likelihood: -332659.65928
1054. Current log-likelihood: -332659.65536
1055. Current log-likelihood: -332659.65147
1056. Current log-likelihood: -332659.64706
1057. Current log-likelihood: -332659.64102
1058. Current log-likelihood: -332659.63802
1059. Current log-likelihood: -332659.63414
1060. Current log-likelihood: -332659.63027
1061. Current log-likelihood: -332659.62631
1062. Current log-likelihood: -332659.62324
1063. Current log-likelihood: -332659.62029
1064. Current log-likelihood: -332659.61617
1065. Current log-likelihood: -332659.61230
1066. Current log-likelihood: -332659.60855
1067. Current log-likelihood: -332659.60567
1068. Current log-likelihood: -332659.60178
1069. Current log-likelihood: -332659.59896
1070. Current log-likelihood: -332659.59439
1071. Current log-likelihood: -332659.59147
1072. Current log-likelihood: -332659.58767
1073. Current log-likelihood: -332659.58486
1074. Current log-likelihood: -332659.58125
1075. Current log-likelihood: -332659.57851
1076. Current log-likelihood: -332659.57592
1077. Current log-likelihood: -332659.57188
1078. Current log-likelihood: -332659.56930
1079. Current log-likelihood: -332659.56576
1080. Current log-likelihood: -332659.56219
1081. Current log-likelihood: -332659.55853
1082. Current log-likelihood: -332659.55599
1083. Current log-likelihood: -332659.55260
1084. Current log-likelihood: -332659.54997
1085. Current log-likelihood: -332659.54760
1086. Current log-likelihood: -332659.54406
1087. Current log-likelihood: -332659.54148
1088. Current log-likelihood: -332659.53795
1089. Current log-likelihood: -332659.53547
1090. Current log-likelihood: -332659.53321
1091. Current log-likelihood: -332659.52904
1092. Current log-likelihood: -332659.52663
1093. Current log-likelihood: -332659.52184
1094. Current log-likelihood: -332659.51939
1095. Current log-likelihood: -332659.51709
1096. Current log-likelihood: -332659.51376
1097. Current log-likelihood: -332659.51120
1098. Current log-likelihood: -332659.50891
1099. Current log-likelihood: -332659.50673
1100. Current log-likelihood: -332659.50471
1101. Current log-likelihood: -332659.50149
1102. Current log-likelihood: -332659.49939
1103. Current log-likelihood: -332659.49724
1104. Current log-likelihood: -332659.49521
1105. Current log-likelihood: -332659.49194
1106. Current log-likelihood: -332659.48969
1107. Current log-likelihood: -332659.48642
1108. Current log-likelihood: -332659.48436
1109. Current log-likelihood: -332659.48231
1110. Current log-likelihood: -332659.48034
1111. Current log-likelihood: -332659.47842
1112. Current log-likelihood: -332659.47663
1113. Current log-likelihood: -332659.47344
1114. Current log-likelihood: -332659.47133
1115. Current log-likelihood: -332659.46948
1116. Current log-likelihood: -332659.46757
1117. Current log-likelihood: -332659.46572
1118. Current log-likelihood: -332659.46376
1119. Current log-likelihood: -332659.46203
1120. Current log-likelihood: -332659.46014
1121. Current log-likelihood: -332659.45837
1122. Current log-likelihood: -332659.45641
1123. Current log-likelihood: -332659.45482
1124. Current log-likelihood: -332659.45322
1125. Current log-likelihood: -332659.45141
1126. Current log-likelihood: -332659.44971
1127. Current log-likelihood: -332659.44789
1128. Current log-likelihood: -332659.44628
1129. Current log-likelihood: -332659.44480
1130. Current log-likelihood: -332659.44315
1131. Current log-likelihood: -332659.44161
1132. Current log-likelihood: -332659.43981
1133. Current log-likelihood: -332659.43826
1134. Current log-likelihood: -332659.43669
1135. Current log-likelihood: -332659.43522
1136. Current log-likelihood: -332659.43370
1137. Current log-likelihood: -332659.43231
1138. Current log-likelihood: -332659.43061
1139. Current log-likelihood: -332659.42893
1140. Current log-likelihood: -332659.42745
1141. Current log-likelihood: -332659.42576
1142. Current log-likelihood: -332659.42439
1143. Current log-likelihood: -332659.42295
1144. Current log-likelihood: -332659.42169
1145. Current log-likelihood: -332659.42023
1146. Current log-likelihood: -332659.41872
1147. Current log-likelihood: -332659.41534
1148. Current log-likelihood: -332659.41391
1149. Current log-likelihood: -332659.41259
1150. Current log-likelihood: -332659.41138
1151. Current log-likelihood: -332659.40776
1152. Current log-likelihood: -332659.40627
1153. Current log-likelihood: -332659.40471
1154. Current log-likelihood: -332659.40327
1155. Current log-likelihood: -332659.40181
1156. Current log-likelihood: -332659.40039
1157. Current log-likelihood: -332659.39910
1158. Current log-likelihood: -332659.39789
1159. Current log-likelihood: -332659.39654
1160. Current log-likelihood: -332659.39526
1161. Current log-likelihood: -332659.39387
1162. Current log-likelihood: -332659.39252
1163. Current log-likelihood: -332659.39127
1164. Current log-likelihood: -332659.39010
1165. Current log-likelihood: -332659.38882
1166. Current log-likelihood: -332659.38745
1167. Current log-likelihood: -332659.38615
1168. Current log-likelihood: -332659.38489
1169. Current log-likelihood: -332659.38372
1170. Current log-likelihood: -332659.38245
1171. Current log-likelihood: -332659.38131
1172. Current log-likelihood: -332659.37843
1173. Current log-likelihood: -332659.37729
1174. Current log-likelihood: -332659.37624
1175. Current log-likelihood: -332659.37509
1176. Current log-likelihood: -332659.37351
1177. Current log-likelihood: -332659.37223
1178. Current log-likelihood: -332659.37099
1179. Current log-likelihood: -332659.36970
1180. Current log-likelihood: -332659.36857
1181. Current log-likelihood: -332659.36714
1182. Current log-likelihood: -332659.36601
1183. Current log-likelihood: -332659.36467
1184. Current log-likelihood: -332659.36350
1185. Current log-likelihood: -332659.36240
1186. Current log-likelihood: -332659.36143
Final estimation on weights:
0.04761,0.31734,0.03326,0.01813,0.08496,0.02050,0.14497,0.03142,0.00859,0.19112,0.06299,0.01726,0.02184
Wrote distance file to... 
BEST SCORE FOUND : -332659.36143
Site log-likelihoods per category printed to output_mast_repeats/mast_model_13/mast_model_13.sitelh
Total tree lengths: 1.27603 0.08294 2.70020 6.33048 0.15570 0.23557 10.02306 0.24825 0.37163 1.32411 0.18202 0.38064 3.79696

Total number of iterations: 1184
CPU time used for tree search: 0.00002 sec (0h:0m:0s)
Wall-clock time used for tree search: 0.00002 sec (0h:0m:0s)
Total CPU time used: 7516.12552 sec (2h:5m:16s)
Total wall-clock time used: 2701.29672 sec (0h:45m:1s)

Analysis results written to: 
  IQ-TREE report:                output_mast_repeats/mast_model_13/mast_model_13.iqtree
  Maximum-likelihood tree:       output_mast_repeats/mast_model_13/mast_model_13.treefile
  Site log-likelihoods:          output_mast_repeats/mast_model_13/mast_model_13.sitelh
  Screen log file:               output_mast_repeats/mast_model_13/mast_model_13.log

Date and Time: Thu Oct 30 16:56:40 2025
