IQ-TREE multicore version 2.4.0 for Linux x86 64-bit built Feb  7 2025
Developed by Bui Quang Minh, Nguyen Lam Tung, Olga Chernomor, Heiko Schmidt,
Dominik Schrempf, Michael Woodhams, Ly Trong Nhan, Thomas Wong

Host:    ku-01 (AVX2, FMA3, 251 GB RAM)
Command: iqtree2 -s trim_genome_africa.fasta -m GTR+FO+R2+T -te tree_subsets/modeltrees_final_15.newick --prefix output_mast_repeats/mast_model_15/mast_model_15 -nt 4 -wslmr -redo
Seed:    341717 (Using SPRNG - Scalable Parallel Random Number Generator)
Time:    Thu Oct 30 17:40:23 2025
Kernel:  AVX+FMA - 4 threads (64 CPU cores detected)

Reading alignment file trim_genome_africa.fasta ... Fasta format detected
Reading fasta file: done in 0.034072 secs using 88.18% CPU
Alignment most likely contains DNA/RNA sequences
Alignment has 29 sequences with 142412 columns, 3564 distinct patterns
28695 parsimony-informative, 1511 singleton sites, 112206 constant sites
                              Gap/Ambiguity  Composition  p-value
Analyzing sequences: done in 0.000164111 secs using 99.32% CPU
   1  HM585496_Human_herpesvirus_1    0.67%    failed      0.00%
   2  HM585497_Human_herpesvirus_1    0.65%    failed      0.00%
   3  HM585498_Human_herpesvirus_1    0.68%    failed      0.00%
   4  HM585499_Human_herpesvirus_1    0.67%    failed      0.00%
   5  HM585500_Human_herpesvirus_1    0.67%    failed      0.00%
   6  HM585501_Human_herpesvirus_1    0.63%    failed      0.00%
   7  HM585502_Human_herpesvirus_1    0.66%    failed      0.00%
   8  HM585503_Human_herpesvirus_1    0.69%    failed      0.00%
   9  HM585504_Human_herpesvirus_1    0.59%    failed      0.00%
  10  HM585505_Human_herpesvirus_1    0.67%    failed      0.00%
  11  HM585506_Human_herpesvirus_1    0.67%    failed      0.00%
  12  HM585507_Human_herpesvirus_1    1.56%    failed      0.00%
  13  HM585509_Human_herpesvirus_1    0.42%    failed      0.00%
  14  HM585510_Human_herpesvirus_1    0.45%    failed      0.00%
  15  HM585511_Human_herpesvirus_1    0.50%    failed      0.00%
  16  KR135299_Human_herpesvirus_2    3.19%    failed      0.00%
  17  KR135300_Human_herpesvirus_2    3.19%    failed      0.00%
  18  KR135301_Human_herpesvirus_2    3.33%    failed      0.00%
  19  KR135302_Human_herpesvirus_2    3.10%    failed      0.00%
  20  KR135303_Human_herpesvirus_2    3.44%    failed      0.00%
  21  KR135304_Human_herpesvirus_2    3.30%    failed      0.00%
  22  KR135305_Human_herpesvirus_2    3.43%    failed      0.00%
  23  KR135306_Human_herpesvirus_2    3.39%    failed      0.00%
  24  KR135307_Human_herpesvirus_2    3.14%    failed      0.00%
  25  KR135315_Human_herpesvirus_2    3.20%    failed      0.00%
  26  KR135316_Human_herpesvirus_2    3.19%    failed      0.00%
  27  KR135317_Human_herpesvirus_2    3.37%    failed      0.00%
  28  KR135318_Human_herpesvirus_2    3.12%    failed      0.00%
  29  KR135319_Human_herpesvirus_2    3.10%    failed      0.00%
****  TOTAL                           1.92%  29 sequences failed composition chi2 test (p-value<5%; df=3)
Tree-mixture model
Number of input trees: 15
Minimum branch length is set to 0.0000010
















Linked substitution model:
   GTR+FO

Linked RHS model:
   R2


NOTE: 100 MB RAM (0 GB) is required!
According to the parsimony scores along the sites, the tree weights are initialized to:
0.0720385,0.0706853,0.0707177,0.0706362,0.0723154,0.0697243,0.0742073,0.0710453,0.0720379,0.0720686,0.0717535,0.0711413,0.0709290,0.0706921,0.0000075
Estimate model parameters (epsilon = 0.00100)
1. Initial log-likelihood: -339734.48285
2. Current log-likelihood: -333268.68308
3. Current log-likelihood: -333031.21497
4. Current log-likelihood: -332900.44076
5. Current log-likelihood: -332765.65532
6. Current log-likelihood: -332643.55232
7. Current log-likelihood: -332597.21298
8. Current log-likelihood: -332570.56644
9. Current log-likelihood: -332563.38780
10. Current log-likelihood: -332559.51814
11. Current log-likelihood: -332558.58963
12. Current log-likelihood: -332558.13378
13. Current log-likelihood: -332557.78436
14. Current log-likelihood: -332557.46909
15. Current log-likelihood: -332555.83207
16. Current log-likelihood: -332555.49594
17. Current log-likelihood: -332555.17586
18. Current log-likelihood: -332554.86060
19. Current log-likelihood: -332554.55144
20. Current log-likelihood: -332554.24766
21. Current log-likelihood: -332553.95048
22. Current log-likelihood: -332553.65626
23. Current log-likelihood: -332553.36703
24. Current log-likelihood: -332553.08286
25. Current log-likelihood: -332552.80303
26. Current log-likelihood: -332552.52741
27. Current log-likelihood: -332552.25557
28. Current log-likelihood: -332551.98792
29. Current log-likelihood: -332551.72520
30. Current log-likelihood: -332551.46499
31. Current log-likelihood: -332551.20982
32. Current log-likelihood: -332550.95774
33. Current log-likelihood: -332550.71263
34. Current log-likelihood: -332550.46723
35. Current log-likelihood: -332550.23011
36. Current log-likelihood: -332549.99653
37. Current log-likelihood: -332549.76303
38. Current log-likelihood: -332549.53698
39. Current log-likelihood: -332549.31321
40. Current log-likelihood: -332548.72816
41. Current log-likelihood: -332548.50980
42. Current log-likelihood: -332548.29488
43. Current log-likelihood: -332548.08332
44. Current log-likelihood: -332547.87734
45. Current log-likelihood: -332547.67270
46. Current log-likelihood: -332546.36050
47. Current log-likelihood: -332546.15231
48. Current log-likelihood: -332545.95012
49. Current log-likelihood: -332545.75162
50. Current log-likelihood: -332545.55524
51. Current log-likelihood: -332545.36404
52. Current log-likelihood: -332545.17715
53. Current log-likelihood: -332544.99288
54. Current log-likelihood: -332544.81008
55. Current log-likelihood: -332544.63354
56. Current log-likelihood: -332544.45905
57. Current log-likelihood: -332544.28837
58. Current log-likelihood: -332544.12063
59. Current log-likelihood: -332543.95630
60. Current log-likelihood: -332543.79411
61. Current log-likelihood: -332543.63470
62. Current log-likelihood: -332543.47487
63. Current log-likelihood: -332543.32184
64. Current log-likelihood: -332543.17148
65. Current log-likelihood: -332543.02417
66. Current log-likelihood: -332542.87614
67. Current log-likelihood: -332542.72975
68. Current log-likelihood: -332542.48022
69. Current log-likelihood: -332542.10684
70. Current log-likelihood: -332541.94939
71. Current log-likelihood: -332541.51056
72. Current log-likelihood: -332541.35563
73. Current log-likelihood: -332541.20594
74. Current log-likelihood: -332541.05933
75. Current log-likelihood: -332540.91614
76. Current log-likelihood: -332540.77433
77. Current log-likelihood: -332540.63585
78. Current log-likelihood: -332540.49957
79. Current log-likelihood: -332540.36569
80. Current log-likelihood: -332540.23399
81. Current log-likelihood: -332540.10488
82. Current log-likelihood: -332539.97775
83. Current log-likelihood: -332539.85270
84. Current log-likelihood: -332539.73019
85. Current log-likelihood: -332539.60962
86. Current log-likelihood: -332539.48753
87. Current log-likelihood: -332539.37186
88. Current log-likelihood: -332539.25622
89. Current log-likelihood: -332539.14484
90. Current log-likelihood: -332539.03322
91. Current log-likelihood: -332538.92479
92. Current log-likelihood: -332538.81878
93. Current log-likelihood: -332538.71434
94. Current log-likelihood: -332538.61218
95. Current log-likelihood: -332538.51222
96. Current log-likelihood: -332538.41316
97. Current log-likelihood: -332538.31545
98. Current log-likelihood: -332538.21740
99. Current log-likelihood: -332538.12321
100. Current log-likelihood: -332538.03178
101. Current log-likelihood: -332537.94096
102. Current log-likelihood: -332537.77184
103. Current log-likelihood: -332537.60616
104. Current log-likelihood: -332537.44648
105. Current log-likelihood: -332537.28933
106. Current log-likelihood: -332537.14003
107. Current log-likelihood: -332536.99280
108. Current log-likelihood: -332536.85408
109. Current log-likelihood: -332536.71532
110. Current log-likelihood: -332536.58423
111. Current log-likelihood: -332536.45595
112. Current log-likelihood: -332536.33323
113. Current log-likelihood: -332536.21286
114. Current log-likelihood: -332536.09870
115. Current log-likelihood: -332535.98768
116. Current log-likelihood: -332535.87665
117. Current log-likelihood: -332535.77178
118. Current log-likelihood: -332535.66963
119. Current log-likelihood: -332535.56935
120. Current log-likelihood: -332535.47485
121. Current log-likelihood: -332535.38012
122. Current log-likelihood: -332535.28878
123. Current log-likelihood: -332535.20204
124. Current log-likelihood: -332535.11600
125. Current log-likelihood: -332535.03362
126. Current log-likelihood: -332534.95156
127. Current log-likelihood: -332534.87096
128. Current log-likelihood: -332534.79542
129. Current log-likelihood: -332534.72010
130. Current log-likelihood: -332534.64544
131. Current log-likelihood: -332534.57269
132. Current log-likelihood: -332534.50080
133. Current log-likelihood: -332534.42705
134. Current log-likelihood: -332534.34778
135. Current log-likelihood: -332534.27443
136. Current log-likelihood: -332532.70341
137. Current log-likelihood: -332531.69470
138. Current log-likelihood: -332522.75976
139. Current log-likelihood: -332522.35012
140. Current log-likelihood: -332522.22523
141. Current log-likelihood: -332522.13831
142. Current log-likelihood: -332522.05545
143. Current log-likelihood: -332521.97507
144. Current log-likelihood: -332521.89682
145. Current log-likelihood: -332521.82022
146. Current log-likelihood: -332521.74655
147. Current log-likelihood: -332521.67429
148. Current log-likelihood: -332521.60356
149. Current log-likelihood: -332521.53284
150. Current log-likelihood: -332521.46390
151. Current log-likelihood: -332521.06197
152. Current log-likelihood: -332520.99166
153. Current log-likelihood: -332520.92138
154. Current log-likelihood: -332520.85358
155. Current log-likelihood: -332520.78660
156. Current log-likelihood: -332520.71922
157. Current log-likelihood: -332520.65424
158. Current log-likelihood: -332520.58786
159. Current log-likelihood: -332520.52168
160. Current log-likelihood: -332520.44679
161. Current log-likelihood: -332520.38402
162. Current log-likelihood: -332520.32276
163. Current log-likelihood: -332520.26066
164. Current log-likelihood: -332520.20110
165. Current log-likelihood: -332520.14246
166. Current log-likelihood: -332520.08330
167. Current log-likelihood: -332520.02530
168. Current log-likelihood: -332519.96713
169. Current log-likelihood: -332519.91162
170. Current log-likelihood: -332519.85668
171. Current log-likelihood: -332519.80219
172. Current log-likelihood: -332519.74827
173. Current log-likelihood: -332519.69364
174. Current log-likelihood: -332519.64080
175. Current log-likelihood: -332519.58622
176. Current log-likelihood: -332519.53455
177. Current log-likelihood: -332519.48312
178. Current log-likelihood: -332519.43132
179. Current log-likelihood: -332519.38048
180. Current log-likelihood: -332519.32908
181. Current log-likelihood: -332519.27866
182. Current log-likelihood: -332519.22917
183. Current log-likelihood: -332519.17969
184. Current log-likelihood: -332519.13072
185. Current log-likelihood: -332519.08171
186. Current log-likelihood: -332519.03334
187. Current log-likelihood: -332518.98414
188. Current log-likelihood: -332518.93532
189. Current log-likelihood: -332518.88731
190. Current log-likelihood: -332518.83925
191. Current log-likelihood: -332518.79171
192. Current log-likelihood: -332518.74331
193. Current log-likelihood: -332518.69672
194. Current log-likelihood: -332518.64998
195. Current log-likelihood: -332518.60354
196. Current log-likelihood: -332518.55624
197. Current log-likelihood: -332518.51054
198. Current log-likelihood: -332518.46447
199. Current log-likelihood: -332518.41840
200. Current log-likelihood: -332518.37341
201. Current log-likelihood: -332518.32836
202. Current log-likelihood: -332518.26379
203. Current log-likelihood: -332518.19469
204. Current log-likelihood: -332518.12967
205. Current log-likelihood: -332518.06466
206. Current log-likelihood: -332517.99948
207. Current log-likelihood: -332517.93443
208. Current log-likelihood: -332517.86886
209. Current log-likelihood: -332517.80548
210. Current log-likelihood: -332517.74258
211. Current log-likelihood: -332517.67900
212. Current log-likelihood: -332517.61575
213. Current log-likelihood: -332517.55235
214. Current log-likelihood: -332517.48953
215. Current log-likelihood: -332517.42802
216. Current log-likelihood: -332517.36655
217. Current log-likelihood: -332517.30524
218. Current log-likelihood: -332517.24309
219. Current log-likelihood: -332517.18124
220. Current log-likelihood: -332517.11989
221. Current log-likelihood: -332517.05857
222. Current log-likelihood: -332516.99844
223. Current log-likelihood: -332516.93807
224. Current log-likelihood: -332516.87518
225. Current log-likelihood: -332516.81419
226. Current log-likelihood: -332516.75181
227. Current log-likelihood: -332516.69041
228. Current log-likelihood: -332516.62971
229. Current log-likelihood: -332516.56562
230. Current log-likelihood: -332516.50333
231. Current log-likelihood: -332516.35125
232. Current log-likelihood: -332516.23541
233. Current log-likelihood: -332514.18317
234. Current log-likelihood: -332513.79168
235. Current log-likelihood: -332513.66813
236. Current log-likelihood: -332513.54853
237. Current log-likelihood: -332513.42982
238. Current log-likelihood: -332513.31173
239. Current log-likelihood: -332513.19290
240. Current log-likelihood: -332513.07611
241. Current log-likelihood: -332512.95965
242. Current log-likelihood: -332512.84072
243. Current log-likelihood: -332512.72413
244. Current log-likelihood: -332512.60790
245. Current log-likelihood: -332506.52789
246. Current log-likelihood: -332504.49632
247. Current log-likelihood: -332504.02135
248. Current log-likelihood: -332503.57920
249. Current log-likelihood: -332503.14439
250. Current log-likelihood: -332502.71385
251. Current log-likelihood: -332502.28847
252. Current log-likelihood: -332501.86889
253. Current log-likelihood: -332501.45793
254. Current log-likelihood: -332501.04508
255. Current log-likelihood: -332500.63736
256. Current log-likelihood: -332500.23200
257. Current log-likelihood: -332499.82859
258. Current log-likelihood: -332499.42992
259. Current log-likelihood: -332499.03047
260. Current log-likelihood: -332498.63789
261. Current log-likelihood: -332498.24510
262. Current log-likelihood: -332497.85635
263. Current log-likelihood: -332497.46359
264. Current log-likelihood: -332494.13267
265. Current log-likelihood: -332493.43496
266. Current log-likelihood: -332492.85752
267. Current log-likelihood: -332492.27543
268. Current log-likelihood: -332491.69678
269. Current log-likelihood: -332491.13122
270. Current log-likelihood: -332490.57741
271. Current log-likelihood: -332490.03333
272. Current log-likelihood: -332489.50438
273. Current log-likelihood: -332488.98353
274. Current log-likelihood: -332488.48322
275. Current log-likelihood: -332487.99625
276. Current log-likelihood: -332487.51949
277. Current log-likelihood: -332487.05823
278. Current log-likelihood: -332486.60868
279. Current log-likelihood: -332486.17163
280. Current log-likelihood: -332485.75270
281. Current log-likelihood: -332485.34629
282. Current log-likelihood: -332484.95316
283. Current log-likelihood: -332484.57306
284. Current log-likelihood: -332484.20732
285. Current log-likelihood: -332483.85060
286. Current log-likelihood: -332483.51009
287. Current log-likelihood: -332483.18080
288. Current log-likelihood: -332482.86264
289. Current log-likelihood: -332482.55734
290. Current log-likelihood: -332482.26348
291. Current log-likelihood: -332481.98036
292. Current log-likelihood: -332481.70827
293. Current log-likelihood: -332481.44758
294. Current log-likelihood: -332480.84419
295. Current log-likelihood: -332480.54380
296. Current log-likelihood: -332480.25346
297. Current log-likelihood: -332479.97108
298. Current log-likelihood: -332479.69740
299. Current log-likelihood: -332479.43208
300. Current log-likelihood: -332479.17509
301. Current log-likelihood: -332478.92583
302. Current log-likelihood: -332478.47985
303. Current log-likelihood: -332478.17150
304. Current log-likelihood: -332477.87764
305. Current log-likelihood: -332477.59516
306. Current log-likelihood: -332477.32074
307. Current log-likelihood: -332477.06276
308. Current log-likelihood: -332476.81396
309. Current log-likelihood: -332476.56944
310. Current log-likelihood: -332476.34157
311. Current log-likelihood: -332476.12195
312. Current log-likelihood: -332475.90983
313. Current log-likelihood: -332475.70614
314. Current log-likelihood: -332475.51006
315. Current log-likelihood: -332475.32060
316. Current log-likelihood: -332475.13682
317. Current log-likelihood: -332474.95975
318. Current log-likelihood: -332474.78881
319. Current log-likelihood: -332474.62248
320. Current log-likelihood: -332474.46234
321. Current log-likelihood: -332474.30708
322. Current log-likelihood: -332474.15605
323. Current log-likelihood: -332474.00954
324. Current log-likelihood: -332473.86654
325. Current log-likelihood: -332473.72774
326. Current log-likelihood: -332473.59122
327. Current log-likelihood: -332473.45747
328. Current log-likelihood: -332473.32489
329. Current log-likelihood: -332473.19946
330. Current log-likelihood: -332473.07014
331. Current log-likelihood: -332472.94519
332. Current log-likelihood: -332472.82950
333. Current log-likelihood: -332472.71307
334. Current log-likelihood: -332472.60080
335. Current log-likelihood: -332472.49161
336. Current log-likelihood: -332472.38167
337. Current log-likelihood: -332472.27636
338. Current log-likelihood: -332472.16801
339. Current log-likelihood: -332472.06322
340. Current log-likelihood: -332471.96219
341. Current log-likelihood: -332471.86011
342. Current log-likelihood: -332471.76007
343. Current log-likelihood: -332471.65997
344. Current log-likelihood: -332471.56085
345. Current log-likelihood: -332471.46423
346. Current log-likelihood: -332471.36640
347. Current log-likelihood: -332471.27103
348. Current log-likelihood: -332471.17374
349. Current log-likelihood: -332471.07434
350. Current log-likelihood: -332470.83447
351. Current log-likelihood: -332470.73716
352. Current log-likelihood: -332470.63772
353. Current log-likelihood: -332470.53930
354. Current log-likelihood: -332470.44018
355. Current log-likelihood: -332470.34179
356. Current log-likelihood: -332470.24568
357. Current log-likelihood: -332470.14982
358. Current log-likelihood: -332470.05671
359. Current log-likelihood: -332469.96600
360. Current log-likelihood: -332469.87389
361. Current log-likelihood: -332469.78393
362. Current log-likelihood: -332469.69656
363. Current log-likelihood: -332469.61033
364. Current log-likelihood: -332469.52479
365. Current log-likelihood: -332469.43783
366. Current log-likelihood: -332469.35398
367. Current log-likelihood: -332469.26801
368. Current log-likelihood: -332469.18349
369. Current log-likelihood: -332469.09880
370. Current log-likelihood: -332469.01353
371. Current log-likelihood: -332468.92802
372. Current log-likelihood: -332468.84225
373. Current log-likelihood: -332468.75816
374. Current log-likelihood: -332468.67785
375. Current log-likelihood: -332468.60361
376. Current log-likelihood: -332468.53161
377. Current log-likelihood: -332468.46218
378. Current log-likelihood: -332468.39484
379. Current log-likelihood: -332468.32891
380. Current log-likelihood: -332468.26426
381. Current log-likelihood: -332468.19981
382. Current log-likelihood: -332468.13865
383. Current log-likelihood: -332468.07888
384. Current log-likelihood: -332468.02043
385. Current log-likelihood: -332467.96311
386. Current log-likelihood: -332467.90689
387. Current log-likelihood: -332467.85170
388. Current log-likelihood: -332467.79702
389. Current log-likelihood: -332467.74395
390. Current log-likelihood: -332467.69167
391. Current log-likelihood: -332467.64017
392. Current log-likelihood: -332467.58933
393. Current log-likelihood: -332467.53894
394. Current log-likelihood: -332467.48939
395. Current log-likelihood: -332467.44102
396. Current log-likelihood: -332467.39292
397. Current log-likelihood: -332467.34492
398. Current log-likelihood: -332467.29822
399. Current log-likelihood: -332467.25184
400. Current log-likelihood: -332467.20615
401. Current log-likelihood: -332467.16117
402. Current log-likelihood: -332467.10639
403. Current log-likelihood: -332467.05156
404. Current log-likelihood: -332466.99755
405. Current log-likelihood: -332466.94461
406. Current log-likelihood: -332466.89156
407. Current log-likelihood: -332466.83888
408. Current log-likelihood: -332466.78729
409. Current log-likelihood: -332466.73616
410. Current log-likelihood: -332466.68528
411. Current log-likelihood: -332465.86737
412. Current log-likelihood: -332465.81274
413. Current log-likelihood: -332465.75915
414. Current log-likelihood: -332465.70605
415. Current log-likelihood: -332465.65400
416. Current log-likelihood: -332465.60185
417. Current log-likelihood: -332465.55162
418. Current log-likelihood: -332465.50162
419. Current log-likelihood: -332465.45137
420. Current log-likelihood: -332465.40132
421. Current log-likelihood: -332465.35261
422. Current log-likelihood: -332465.30404
423. Current log-likelihood: -332465.25580
424. Current log-likelihood: -332465.20783
425. Current log-likelihood: -332465.15831
426. Current log-likelihood: -332465.11158
427. Current log-likelihood: -332465.06463
428. Current log-likelihood: -332465.01827
429. Current log-likelihood: -332464.97209
430. Current log-likelihood: -332464.92624
431. Current log-likelihood: -332464.88025
432. Current log-likelihood: -332464.83543
433. Current log-likelihood: -332464.79031
434. Current log-likelihood: -332464.74550
435. Current log-likelihood: -332464.70125
436. Current log-likelihood: -332464.65714
437. Current log-likelihood: -332464.61349
438. Current log-likelihood: -332464.56945
439. Current log-likelihood: -332464.52594
440. Current log-likelihood: -332464.48331
441. Current log-likelihood: -332464.44043
442. Current log-likelihood: -332464.39699
443. Current log-likelihood: -332464.35473
444. Current log-likelihood: -332464.31279
445. Current log-likelihood: -332464.27081
446. Current log-likelihood: -332464.22927
447. Current log-likelihood: -332464.18797
448. Current log-likelihood: -332464.14697
449. Current log-likelihood: -332464.10564
450. Current log-likelihood: -332464.06492
451. Current log-likelihood: -332464.02416
452. Current log-likelihood: -332463.98419
453. Current log-likelihood: -332463.94390
454. Current log-likelihood: -332463.90381
455. Current log-likelihood: -332463.86417
456. Current log-likelihood: -332463.82502
457. Current log-likelihood: -332463.78544
458. Current log-likelihood: -332463.74621
459. Current log-likelihood: -332463.70708
460. Current log-likelihood: -332463.66836
461. Current log-likelihood: -332463.62989
462. Current log-likelihood: -332463.59155
463. Current log-likelihood: -332463.55307
464. Current log-likelihood: -332463.51488
465. Current log-likelihood: -332463.47653
466. Current log-likelihood: -332463.43906
467. Current log-likelihood: -332463.40145
468. Current log-likelihood: -332463.36390
469. Current log-likelihood: -332463.32651
470. Current log-likelihood: -332463.28930
471. Current log-likelihood: -332463.25205
472. Current log-likelihood: -332463.21499
473. Current log-likelihood: -332463.17778
474. Current log-likelihood: -332463.14132
475. Current log-likelihood: -332463.10450
476. Current log-likelihood: -332463.06828
477. Current log-likelihood: -332463.02935
478. Current log-likelihood: -332462.99329
479. Current log-likelihood: -332462.95688
480. Current log-likelihood: -332462.92095
481. Current log-likelihood: -332462.88497
482. Current log-likelihood: -332462.84937
483. Current log-likelihood: -332462.81355
484. Current log-likelihood: -332462.77781
485. Current log-likelihood: -332462.74095
486. Current log-likelihood: -332462.70545
487. Current log-likelihood: -332462.67035
488. Current log-likelihood: -332462.63505
489. Current log-likelihood: -332462.59996
490. Current log-likelihood: -332462.56510
491. Current log-likelihood: -332462.53034
492. Current log-likelihood: -332462.49510
493. Current log-likelihood: -332462.46036
494. Current log-likelihood: -332462.42572
495. Current log-likelihood: -332462.39100
496. Current log-likelihood: -332462.35650
497. Current log-likelihood: -332462.32147
498. Current log-likelihood: -332462.28722
499. Current log-likelihood: -332462.25321
500. Current log-likelihood: -332462.21755
501. Current log-likelihood: -332462.18281
502. Current log-likelihood: -332462.14227
503. Current log-likelihood: -332462.10230
504. Current log-likelihood: -332462.06128
505. Current log-likelihood: -332462.01949
506. Current log-likelihood: -332461.97901
507. Current log-likelihood: -332461.93556
508. Current log-likelihood: -332461.89441
509. Current log-likelihood: -332461.85421
510. Current log-likelihood: -332461.81175
511. Current log-likelihood: -332461.77053
512. Current log-likelihood: -332461.72792
513. Current log-likelihood: -332461.68462
514. Current log-likelihood: -332461.64311
515. Current log-likelihood: -332461.59959
516. Current log-likelihood: -332461.55707
517. Current log-likelihood: -332461.51454
518. Current log-likelihood: -332461.47073
519. Current log-likelihood: -332461.42830
520. Current log-likelihood: -332461.38441
521. Current log-likelihood: -332461.34145
522. Current log-likelihood: -332461.29560
523. Current log-likelihood: -332461.23762
524. Current log-likelihood: -332461.17750
525. Current log-likelihood: -332461.11765
526. Current log-likelihood: -332461.05475
527. Current log-likelihood: -332460.99756
528. Current log-likelihood: -332460.92551
529. Current log-likelihood: -332460.86649
530. Current log-likelihood: -332460.81055
531. Current log-likelihood: -332460.75401
532. Current log-likelihood: -332460.69489
533. Current log-likelihood: -332460.63325
534. Current log-likelihood: -332460.57344
535. Current log-likelihood: -332460.51100
536. Current log-likelihood: -332460.43010
537. Current log-likelihood: -332460.34973
538. Current log-likelihood: -332460.27748
539. Current log-likelihood: -332460.20563
540. Current log-likelihood: -332460.13183
541. Current log-likelihood: -332460.05728
542. Current log-likelihood: -332459.98019
543. Current log-likelihood: -332459.86854
544. Current log-likelihood: -332459.78249
545. Current log-likelihood: -332459.69636
546. Current log-likelihood: -332459.60894
547. Current log-likelihood: -332459.51921
548. Current log-likelihood: -332459.42773
549. Current log-likelihood: -332459.33072
550. Current log-likelihood: -332459.23329
551. Current log-likelihood: -332459.09111
552. Current log-likelihood: -332458.96787
553. Current log-likelihood: -332458.83468
554. Current log-likelihood: -332457.44143
555. Current log-likelihood: -332457.29237
556. Current log-likelihood: -332457.17106
557. Current log-likelihood: -332457.05847
558. Current log-likelihood: -332456.96055
559. Current log-likelihood: -332456.86759
560. Current log-likelihood: -332456.77529
561. Current log-likelihood: -332456.69111
562. Current log-likelihood: -332456.60148
563. Current log-likelihood: -332456.52174
564. Current log-likelihood: -332456.44110
565. Current log-likelihood: -332456.36247
566. Current log-likelihood: -332456.28598
567. Current log-likelihood: -332456.21332
568. Current log-likelihood: -332456.14083
569. Current log-likelihood: -332456.07158
570. Current log-likelihood: -332455.99893
571. Current log-likelihood: -332455.92877
572. Current log-likelihood: -332455.86049
573. Current log-likelihood: -332455.79517
574. Current log-likelihood: -332455.73056
575. Current log-likelihood: -332455.66790
576. Current log-likelihood: -332455.60466
577. Current log-likelihood: -332455.54321
578. Current log-likelihood: -332455.48362
579. Current log-likelihood: -332455.42381
580. Current log-likelihood: -332455.36669
581. Current log-likelihood: -332455.30753
582. Current log-likelihood: -332455.25148
583. Current log-likelihood: -332455.19672
584. Current log-likelihood: -332455.14045
585. Current log-likelihood: -332455.08648
586. Current log-likelihood: -332455.02980
587. Current log-likelihood: -332454.97864
588. Current log-likelihood: -332454.92736
589. Current log-likelihood: -332454.87748
590. Current log-likelihood: -332454.82569
591. Current log-likelihood: -332454.77708
592. Current log-likelihood: -332454.72829
593. Current log-likelihood: -332454.68248
594. Current log-likelihood: -332454.63441
595. Current log-likelihood: -332454.58713
596. Current log-likelihood: -332454.54127
597. Current log-likelihood: -332454.49570
598. Current log-likelihood: -332454.45124
599. Current log-likelihood: -332454.40654
600. Current log-likelihood: -332454.36430
601. Current log-likelihood: -332454.32148
602. Current log-likelihood: -332454.27436
603. Current log-likelihood: -332454.22708
604. Current log-likelihood: -332454.18170
605. Current log-likelihood: -332454.13541
606. Current log-likelihood: -332454.09059
607. Current log-likelihood: -332454.04374
608. Current log-likelihood: -332454.00038
609. Current log-likelihood: -332453.95615
610. Current log-likelihood: -332453.91392
611. Current log-likelihood: -332453.86825
612. Current log-likelihood: -332453.82775
613. Current log-likelihood: -332453.78537
614. Current log-likelihood: -332453.74473
615. Current log-likelihood: -332453.70504
616. Current log-likelihood: -332453.66451
617. Current log-likelihood: -332453.62404
618. Current log-likelihood: -332453.58453
619. Current log-likelihood: -332453.54337
620. Current log-likelihood: -332453.50602
621. Current log-likelihood: -332453.46780
622. Current log-likelihood: -332453.43116
623. Current log-likelihood: -332453.39412
624. Current log-likelihood: -332453.35819
625. Current log-likelihood: -332453.32292
626. Current log-likelihood: -332453.28785
627. Current log-likelihood: -332453.25339
628. Current log-likelihood: -332453.21827
629. Current log-likelihood: -332453.18399
630. Current log-likelihood: -332453.14730
631. Current log-likelihood: -332453.11405
632. Current log-likelihood: -332453.08015
633. Current log-likelihood: -332453.04793
634. Current log-likelihood: -332453.01494
635. Current log-likelihood: -332452.98308
636. Current log-likelihood: -332452.95084
637. Current log-likelihood: -332452.91962
638. Current log-likelihood: -332452.88891
639. Current log-likelihood: -332452.85747
640. Current log-likelihood: -332452.82661
641. Current log-likelihood: -332452.79599
642. Current log-likelihood: -332452.76325
643. Current log-likelihood: -332452.73361
644. Current log-likelihood: -332452.70491
645. Current log-likelihood: -332452.67423
646. Current log-likelihood: -332452.64570
647. Current log-likelihood: -332452.61744
648. Current log-likelihood: -332452.58794
649. Current log-likelihood: -332452.55982
650. Current log-likelihood: -332452.52784
651. Current log-likelihood: -332452.50040
652. Current log-likelihood: -332452.47331
653. Current log-likelihood: -332452.44409
654. Current log-likelihood: -332452.41556
655. Current log-likelihood: -332452.38862
656. Current log-likelihood: -332452.36214
657. Current log-likelihood: -332452.33593
658. Current log-likelihood: -332452.30993
659. Current log-likelihood: -332452.27947
660. Current log-likelihood: -332452.25396
661. Current log-likelihood: -332452.22827
662. Current log-likelihood: -332452.20275
663. Current log-likelihood: -332452.17791
664. Current log-likelihood: -332452.15297
665. Current log-likelihood: -332452.12819
666. Current log-likelihood: -332452.10343
667. Current log-likelihood: -332452.07925
668. Current log-likelihood: -332452.05442
669. Current log-likelihood: -332452.03007
670. Current log-likelihood: -332452.00602
671. Current log-likelihood: -332451.98234
672. Current log-likelihood: -332451.95863
673. Current log-likelihood: -332451.93527
674. Current log-likelihood: -332451.91215
675. Current log-likelihood: -332451.88893
676. Current log-likelihood: -332451.86479
677. Current log-likelihood: -332451.84215
678. Current log-likelihood: -332451.81644
679. Current log-likelihood: -332451.79416
680. Current log-likelihood: -332451.77176
681. Current log-likelihood: -332451.74958
682. Current log-likelihood: -332451.72768
683. Current log-likelihood: -332451.70579
684. Current log-likelihood: -332451.68315
685. Current log-likelihood: -332451.66142
686. Current log-likelihood: -332451.63984
687. Current log-likelihood: -332451.61882
688. Current log-likelihood: -332451.59729
689. Current log-likelihood: -332451.57656
690. Current log-likelihood: -332451.55512
691. Current log-likelihood: -332451.53423
692. Current log-likelihood: -332451.51291
693. Current log-likelihood: -332451.49146
694. Current log-likelihood: -332451.46713
695. Current log-likelihood: -332451.44664
696. Current log-likelihood: -332451.42494
697. Current log-likelihood: -332451.40457
698. Current log-likelihood: -332451.38386
699. Current log-likelihood: -332451.36391
700. Current log-likelihood: -332451.34358
701. Current log-likelihood: -332451.32368
702. Current log-likelihood: -332451.30025
703. Current log-likelihood: -332451.27761
704. Current log-likelihood: -332451.25564
705. Current log-likelihood: -332451.23386
706. Current log-likelihood: -332451.21163
707. Current log-likelihood: -332451.19010
708. Current log-likelihood: -332451.16840
709. Current log-likelihood: -332451.14703
710. Current log-likelihood: -332451.12565
711. Current log-likelihood: -332451.10438
712. Current log-likelihood: -332451.08361
713. Current log-likelihood: -332451.06262
714. Current log-likelihood: -332451.04155
715. Current log-likelihood: -332451.02057
716. Current log-likelihood: -332451.00020
717. Current log-likelihood: -332450.97831
718. Current log-likelihood: -332450.95570
719. Current log-likelihood: -332450.93513
720. Current log-likelihood: -332450.91501
721. Current log-likelihood: -332450.89419
722. Current log-likelihood: -332450.87428
723. Current log-likelihood: -332450.85462
724. Current log-likelihood: -332450.83473
725. Current log-likelihood: -332450.81522
726. Current log-likelihood: -332450.79559
727. Current log-likelihood: -332450.77590
728. Current log-likelihood: -332450.75669
729. Current log-likelihood: -332450.73713
730. Current log-likelihood: -332450.71789
731. Current log-likelihood: -332450.69816
732. Current log-likelihood: -332450.67676
733. Current log-likelihood: -332450.65651
734. Current log-likelihood: -332450.63782
735. Current log-likelihood: -332450.61874
736. Current log-likelihood: -332450.60029
737. Current log-likelihood: -332450.58158
738. Current log-likelihood: -332450.56256
739. Current log-likelihood: -332450.54388
740. Current log-likelihood: -332450.52555
741. Current log-likelihood: -332450.50704
742. Current log-likelihood: -332450.48751
743. Current log-likelihood: -332450.46958
744. Current log-likelihood: -332450.45161
745. Current log-likelihood: -332450.43384
746. Current log-likelihood: -332450.41596
747. Current log-likelihood: -332450.39797
748. Current log-likelihood: -332450.38007
749. Current log-likelihood: -332450.36270
750. Current log-likelihood: -332450.34537
751. Current log-likelihood: -332450.32734
752. Current log-likelihood: -332450.30978
753. Current log-likelihood: -332450.29247
754. Current log-likelihood: -332450.27521
755. Current log-likelihood: -332450.25745
756. Current log-likelihood: -332450.24043
757. Current log-likelihood: -332450.22348
758. Current log-likelihood: -332450.20663
759. Current log-likelihood: -332450.18910
760. Current log-likelihood: -332450.17204
761. Current log-likelihood: -332450.15461
762. Current log-likelihood: -332450.13779
763. Current log-likelihood: -332450.12111
764. Current log-likelihood: -332450.10432
765. Current log-likelihood: -332450.08542
766. Current log-likelihood: -332450.06930
767. Current log-likelihood: -332450.05279
768. Current log-likelihood: -332450.03643
769. Current log-likelihood: -332450.02042
770. Current log-likelihood: -332450.00396
771. Current log-likelihood: -332449.98626
772. Current log-likelihood: -332449.97043
773. Current log-likelihood: -332449.95442
774. Current log-likelihood: -332449.93846
775. Current log-likelihood: -332449.92258
776. Current log-likelihood: -332449.90693
777. Current log-likelihood: -332449.89103
778. Current log-likelihood: -332449.87540
779. Current log-likelihood: -332449.85972
780. Current log-likelihood: -332449.84414
781. Current log-likelihood: -332449.82572
782. Current log-likelihood: -332449.55167
783. Current log-likelihood: -332449.53402
784. Current log-likelihood: -332449.51769
785. Current log-likelihood: -332449.50141
786. Current log-likelihood: -332449.48579
787. Current log-likelihood: -332449.46993
788. Current log-likelihood: -332449.45420
789. Current log-likelihood: -332449.43881
790. Current log-likelihood: -332449.42342
791. Current log-likelihood: -332449.40803
792. Current log-likelihood: -332449.39315
793. Current log-likelihood: -332449.37798
794. Current log-likelihood: -332449.36306
795. Current log-likelihood: -332449.34724
796. Current log-likelihood: -332449.33236
797. Current log-likelihood: -332449.31740
798. Current log-likelihood: -332449.30281
799. Current log-likelihood: -332449.28773
800. Current log-likelihood: -332449.27282
801. Current log-likelihood: -332449.25855
802. Current log-likelihood: -332449.24261
803. Current log-likelihood: -332449.22671
804. Current log-likelihood: -332449.20839
805. Current log-likelihood: -332449.19231
806. Current log-likelihood: -332449.17643
807. Current log-likelihood: -332449.16028
808. Current log-likelihood: -332449.14448
809. Current log-likelihood: -332449.12887
810. Current log-likelihood: -332449.11320
811. Current log-likelihood: -332449.09774
812. Current log-likelihood: -332449.08213
813. Current log-likelihood: -332449.06684
814. Current log-likelihood: -332449.05177
815. Current log-likelihood: -332449.03526
816. Current log-likelihood: -332449.02043
817. Current log-likelihood: -332449.00542
818. Current log-likelihood: -332448.98916
819. Current log-likelihood: -332448.97467
820. Current log-likelihood: -332448.95981
821. Current log-likelihood: -332448.94526
822. Current log-likelihood: -332448.93076
823. Current log-likelihood: -332448.91638
824. Current log-likelihood: -332448.90205
825. Current log-likelihood: -332448.88722
826. Current log-likelihood: -332448.87348
827. Current log-likelihood: -332448.85943
828. Current log-likelihood: -332448.84539
829. Current log-likelihood: -332448.83087
830. Current log-likelihood: -332448.81727
831. Current log-likelihood: -332448.80282
832. Current log-likelihood: -332448.78911
833. Current log-likelihood: -332448.77506
834. Current log-likelihood: -332448.76207
835. Current log-likelihood: -332448.74798
836. Current log-likelihood: -332448.73507
837. Current log-likelihood: -332448.72119
838. Current log-likelihood: -332448.70813
839. Current log-likelihood: -332448.69446
840. Current log-likelihood: -332448.68172
841. Current log-likelihood: -332448.66835
842. Current log-likelihood: -332448.65553
843. Current log-likelihood: -332448.64236
844. Current log-likelihood: -332448.63007
845. Current log-likelihood: -332448.61701
846. Current log-likelihood: -332448.60470
847. Current log-likelihood: -332448.59187
848. Current log-likelihood: -332448.57915
849. Current log-likelihood: -332448.56688
850. Current log-likelihood: -332448.55489
851. Current log-likelihood: -332448.54242
852. Current log-likelihood: -332448.53041
853. Current log-likelihood: -332448.51880
854. Current log-likelihood: -332448.50640
855. Current log-likelihood: -332448.49449
856. Current log-likelihood: -332448.48216
857. Current log-likelihood: -332448.46864
858. Current log-likelihood: -332448.45712
859. Current log-likelihood: -332448.44548
860. Current log-likelihood: -332448.43355
861. Current log-likelihood: -332448.42154
862. Current log-likelihood: -332448.41030
863. Current log-likelihood: -332448.39870
864. Current log-likelihood: -332448.38776
865. Current log-likelihood: -332448.37638
866. Current log-likelihood: -332448.36534
867. Current log-likelihood: -332448.35417
868. Current log-likelihood: -332448.34334
869. Current log-likelihood: -332448.33224
870. Current log-likelihood: -332448.32154
871. Current log-likelihood: -332448.31062
872. Current log-likelihood: -332448.30013
873. Current log-likelihood: -332448.28911
874. Current log-likelihood: -332448.27894
875. Current log-likelihood: -332448.26833
876. Current log-likelihood: -332448.25367
877. Current log-likelihood: -332448.24342
878. Current log-likelihood: -332448.23304
879. Current log-likelihood: -332448.22259
880. Current log-likelihood: -332448.21227
881. Current log-likelihood: -332448.20197
882. Current log-likelihood: -332448.19195
883. Current log-likelihood: -332448.18209
884. Current log-likelihood: -332448.17200
885. Current log-likelihood: -332448.16200
886. Current log-likelihood: -332448.15302
887. Current log-likelihood: -332448.14307
888. Current log-likelihood: -332448.13367
889. Current log-likelihood: -332448.12352
890. Current log-likelihood: -332448.11352
891. Current log-likelihood: -332448.10379
892. Current log-likelihood: -332448.09468
893. Current log-likelihood: -332448.08420
894. Current log-likelihood: -332448.07417
895. Current log-likelihood: -332448.06502
896. Current log-likelihood: -332448.05658
897. Current log-likelihood: -332448.04735
898. Current log-likelihood: -332448.03845
899. Current log-likelihood: -332448.02946
900. Current log-likelihood: -332448.01979
901. Current log-likelihood: -332448.01074
902. Current log-likelihood: -332448.00149
903. Current log-likelihood: -332447.99194
904. Current log-likelihood: -332447.98271
905. Current log-likelihood: -332447.97323
906. Current log-likelihood: -332447.96360
907. Current log-likelihood: -332447.95435
908. Current log-likelihood: -332447.94557
909. Current log-likelihood: -332447.93662
910. Current log-likelihood: -332447.92793
911. Current log-likelihood: -332447.91894
912. Current log-likelihood: -332447.90953
913. Current log-likelihood: -332447.90058
914. Current log-likelihood: -332447.89047
915. Current log-likelihood: -332447.88174
916. Current log-likelihood: -332447.87336
917. Current log-likelihood: -332447.86454
918. Current log-likelihood: -332447.85614
919. Current log-likelihood: -332447.84762
920. Current log-likelihood: -332447.83958
921. Current log-likelihood: -332447.83095
922. Current log-likelihood: -332447.82337
923. Current log-likelihood: -332447.81525
924. Current log-likelihood: -332447.80738
925. Current log-likelihood: -332447.79977
926. Current log-likelihood: -332447.79200
927. Current log-likelihood: -332447.78473
928. Current log-likelihood: -332447.77765
929. Current log-likelihood: -332447.76909
930. Current log-likelihood: -332447.76189
931. Current log-likelihood: -332447.75446
932. Current log-likelihood: -332447.74766
933. Current log-likelihood: -332447.74028
934. Current log-likelihood: -332447.73344
935. Current log-likelihood: -332447.72678
936. Current log-likelihood: -332447.71946
937. Current log-likelihood: -332447.71385
938. Current log-likelihood: -332447.70651
939. Current log-likelihood: -332447.70019
940. Current log-likelihood: -332447.69340
941. Current log-likelihood: -332447.68651
942. Current log-likelihood: -332447.67965
943. Current log-likelihood: -332447.67336
944. Current log-likelihood: -332447.66652
945. Current log-likelihood: -332447.66026
946. Current log-likelihood: -332447.65502
947. Current log-likelihood: -332447.64832
948. Current log-likelihood: -332447.64316
949. Current log-likelihood: -332447.63569
950. Current log-likelihood: -332447.62979
951. Current log-likelihood: -332447.35238
952. Current log-likelihood: -332447.34617
953. Current log-likelihood: -332447.34101
954. Current log-likelihood: -332447.33407
955. Current log-likelihood: -332447.32376
956. Current log-likelihood: -332447.31860
957. Current log-likelihood: -332447.31177
958. Current log-likelihood: -332447.30665
959. Current log-likelihood: -332447.30086
960. Current log-likelihood: -332447.29466
961. Current log-likelihood: -332447.28905
962. Current log-likelihood: -332447.28290
963. Current log-likelihood: -332447.27798
964. Current log-likelihood: -332447.27223
965. Current log-likelihood: -332447.26763
966. Current log-likelihood: -332447.26147
967. Current log-likelihood: -332447.25694
968. Current log-likelihood: -332447.25104
969. Current log-likelihood: -332447.24520
970. Current log-likelihood: -332447.23905
971. Current log-likelihood: -332447.23462
972. Current log-likelihood: -332447.22874
973. Current log-likelihood: -332447.22428
974. Current log-likelihood: -332447.21651
975. Current log-likelihood: -332447.21212
976. Current log-likelihood: -332447.20600
977. Current log-likelihood: -332447.20171
978. Current log-likelihood: -332447.19646
979. Current log-likelihood: -332447.19218
980. Current log-likelihood: -332447.18655
981. Current log-likelihood: -332447.18164
982. Current log-likelihood: -332447.17651
983. Current log-likelihood: -332447.17251
984. Current log-likelihood: -332447.16721
985. Current log-likelihood: -332447.16304
986. Current log-likelihood: -332447.15831
987. Current log-likelihood: -332447.15440
988. Current log-likelihood: -332447.14910
989. Current log-likelihood: -332447.14529
990. Current log-likelihood: -332447.14037
991. Current log-likelihood: -332447.13566
992. Current log-likelihood: -332447.13169
993. Current log-likelihood: -332447.12688
994. Current log-likelihood: -332447.12298
995. Current log-likelihood: -332447.11919
996. Current log-likelihood: -332447.11410
997. Current log-likelihood: -332447.10947
998. Current log-likelihood: -332447.10571
999. Current log-likelihood: -332447.09882
1000. Current log-likelihood: -332447.09507
1001. Current log-likelihood: -332447.09058
1002. Current log-likelihood: -332447.08676
1003. Current log-likelihood: -332447.08207
1004. Current log-likelihood: -332447.07758
1005. Current log-likelihood: -332447.07388
1006. Current log-likelihood: -332447.06880
1007. Current log-likelihood: -332447.06406
1008. Current log-likelihood: -332447.05962
1009. Current log-likelihood: -332447.05589
1010. Current log-likelihood: -332447.05226
1011. Current log-likelihood: -332447.04783
1012. Current log-likelihood: -332447.04333
1013. Current log-likelihood: -332447.03988
1014. Current log-likelihood: -332447.03531
1015. Current log-likelihood: -332447.03102
1016. Current log-likelihood: -332447.02681
1017. Current log-likelihood: -332447.02121
1018. Current log-likelihood: -332447.01625
1019. Current log-likelihood: -332447.01279
1020. Current log-likelihood: -332447.00935
1021. Current log-likelihood: -332447.00522
1022. Current log-likelihood: -332447.00188
1023. Current log-likelihood: -332446.99765
1024. Current log-likelihood: -332446.99423
1025. Current log-likelihood: -332446.99025
1026. Current log-likelihood: -332446.98392
1027. Current log-likelihood: -332446.97763
1028. Current log-likelihood: -332446.97423
1029. Current log-likelihood: -332446.97086
1030. Current log-likelihood: -332446.96679
1031. Current log-likelihood: -332446.96368
1032. Current log-likelihood: -332446.95918
1033. Current log-likelihood: -332446.95610
1034. Current log-likelihood: -332446.95290
1035. Current log-likelihood: -332446.94983
1036. Current log-likelihood: -332446.94585
1037. Current log-likelihood: -332446.94289
1038. Current log-likelihood: -332446.93872
1039. Current log-likelihood: -332446.93580
1040. Current log-likelihood: -332446.93185
1041. Current log-likelihood: -332446.92674
1042. Current log-likelihood: -332446.92166
1043. Current log-likelihood: -332446.91501
1044. Current log-likelihood: -332446.62934
1045. Current log-likelihood: -332446.61248
1046. Current log-likelihood: -332446.59834
1047. Current log-likelihood: -332446.58368
1048. Current log-likelihood: -332446.57278
1049. Current log-likelihood: -332446.56225
1050. Current log-likelihood: -332446.55118
1051. Current log-likelihood: -332446.54202
1052. Current log-likelihood: -332446.53332
1053. Current log-likelihood: -332446.52440
1054. Current log-likelihood: -332446.51617
1055. Current log-likelihood: -332446.50836
1056. Current log-likelihood: -332446.49965
1057. Current log-likelihood: -332446.49200
1058. Current log-likelihood: -332446.48426
1059. Current log-likelihood: -332446.47702
1060. Current log-likelihood: -332446.47020
1061. Current log-likelihood: -332446.46336
1062. Current log-likelihood: -332446.45680
1063. Current log-likelihood: -332446.45023
1064. Current log-likelihood: -332446.44427
1065. Current log-likelihood: -332446.43760
1066. Current log-likelihood: -332446.43178
1067. Current log-likelihood: -332446.42553
1068. Current log-likelihood: -332446.42000
1069. Current log-likelihood: -332446.41406
1070. Current log-likelihood: -332446.40966
1071. Current log-likelihood: -332446.40359
1072. Current log-likelihood: -332446.39943
1073. Current log-likelihood: -332446.39333
1074. Current log-likelihood: -332446.38819
1075. Current log-likelihood: -332446.38279
1076. Current log-likelihood: -332446.37880
1077. Current log-likelihood: -332446.37313
1078. Current log-likelihood: -332446.36923
1079. Current log-likelihood: -332446.36402
1080. Current log-likelihood: -332446.36017
1081. Current log-likelihood: -332446.35472
1082. Current log-likelihood: -332446.34982
1083. Current log-likelihood: -332446.34607
1084. Current log-likelihood: -332446.34041
1085. Current log-likelihood: -332446.33598
1086. Current log-likelihood: -332446.33252
1087. Current log-likelihood: -332446.32759
1088. Current log-likelihood: -332446.32426
1089. Current log-likelihood: -332446.31966
1090. Current log-likelihood: -332446.31640
1091. Current log-likelihood: -332446.31095
1092. Current log-likelihood: -332446.30772
1093. Current log-likelihood: -332446.30351
1094. Current log-likelihood: -332446.29951
1095. Current log-likelihood: -332446.29637
1096. Current log-likelihood: -332446.29213
1097. Current log-likelihood: -332446.28898
1098. Current log-likelihood: -332446.28488
1099. Current log-likelihood: -332446.28188
1100. Current log-likelihood: -332446.27737
1101. Current log-likelihood: -332446.27430
1102. Current log-likelihood: -332446.27114
1103. Current log-likelihood: -332446.26696
1104. Current log-likelihood: -332446.26223
1105. Current log-likelihood: -332446.25921
1106. Current log-likelihood: -332446.25497
1107. Current log-likelihood: -332446.25204
1108. Current log-likelihood: -332446.24913
1109. Current log-likelihood: -332446.24468
1110. Current log-likelihood: -332446.24173
1111. Current log-likelihood: -332446.23876
1112. Current log-likelihood: -332446.23599
1113. Current log-likelihood: -332446.23212
1114. Current log-likelihood: -332446.22922
1115. Current log-likelihood: -332446.22652
1116. Current log-likelihood: -332446.22375
1117. Current log-likelihood: -332446.22011
1118. Current log-likelihood: -332446.21746
1119. Current log-likelihood: -332446.21472
1120. Current log-likelihood: -332446.21098
1121. Current log-likelihood: -332446.20841
1122. Current log-likelihood: -332446.20574
1123. Current log-likelihood: -332446.20234
1124. Current log-likelihood: -332446.19968
1125. Current log-likelihood: -332446.19714
1126. Current log-likelihood: -332446.19359
1127. Current log-likelihood: -332446.19125
1128. Current log-likelihood: -332446.18743
1129. Current log-likelihood: -332446.18511
1130. Current log-likelihood: -332446.18181
1131. Current log-likelihood: -332446.17928
1132. Current log-likelihood: -332446.17676
1133. Current log-likelihood: -332446.17026
1134. Current log-likelihood: -332446.16709
1135. Current log-likelihood: -332446.16477
1136. Current log-likelihood: -332446.16222
1137. Current log-likelihood: -332446.15981
1138. Current log-likelihood: -332446.15757
1139. Current log-likelihood: -332446.15557
1140. Current log-likelihood: -332446.15334
1141. Current log-likelihood: -332446.15128
1142. Current log-likelihood: -332446.14912
1143. Current log-likelihood: -332446.14707
1144. Current log-likelihood: -332446.14336
1145. Current log-likelihood: -332446.14120
1146. Current log-likelihood: -332446.13921
1147. Current log-likelihood: -332446.13705
1148. Current log-likelihood: -332446.13492
1149. Current log-likelihood: -332446.13189
1150. Current log-likelihood: -332446.12970
1151. Current log-likelihood: -332446.12781
1152. Current log-likelihood: -332446.12468
1153. Current log-likelihood: -332446.12122
1154. Current log-likelihood: -332446.11929
1155. Current log-likelihood: -332446.11731
1156. Current log-likelihood: -332446.11544
1157. Current log-likelihood: -332446.11246
1158. Current log-likelihood: -332446.11035
1159. Current log-likelihood: -332446.10837
1160. Current log-likelihood: -332446.10649
1161. Current log-likelihood: -332446.10439
1162. Current log-likelihood: -332446.10122
1163. Current log-likelihood: -332446.09943
1164. Current log-likelihood: -332446.09789
1165. Current log-likelihood: -332446.09616
1166. Current log-likelihood: -332446.09449
1167. Current log-likelihood: -332446.09279
1168. Current log-likelihood: -332446.09123
1169. Current log-likelihood: -332446.08960
1170. Current log-likelihood: -332446.08787
1171. Current log-likelihood: -332446.08462
1172. Current log-likelihood: -332446.08300
1173. Current log-likelihood: -332446.08134
1174. Current log-likelihood: -332446.07974
1175. Current log-likelihood: -332446.07794
1176. Current log-likelihood: -332446.07614
1177. Current log-likelihood: -332446.07457
1178. Current log-likelihood: -332446.07311
1179. Current log-likelihood: -332446.06585
1180. Current log-likelihood: -332445.12536
1181. Current log-likelihood: -332445.10611
1182. Current log-likelihood: -332445.08650
1183. Current log-likelihood: -332445.07424
1184. Current log-likelihood: -332445.06317
1185. Current log-likelihood: -332445.04985
1186. Current log-likelihood: -332445.03272
1187. Current log-likelihood: -332445.02360
1188. Current log-likelihood: -332445.01470
1189. Current log-likelihood: -332445.00608
1190. Current log-likelihood: -332444.99741
1191. Current log-likelihood: -332444.99003
1192. Current log-likelihood: -332444.98201
1193. Current log-likelihood: -332444.97482
1194. Current log-likelihood: -332444.96743
1195. Current log-likelihood: -332444.96048
1196. Current log-likelihood: -332444.95374
1197. Current log-likelihood: -332444.94689
1198. Current log-likelihood: -332444.94003
1199. Current log-likelihood: -332444.93366
1200. Current log-likelihood: -332444.92700
1201. Current log-likelihood: -332444.92074
1202. Current log-likelihood: -332444.91434
1203. Current log-likelihood: -332444.90554
1204. Current log-likelihood: -332444.89888
1205. Current log-likelihood: -332444.89247
1206. Current log-likelihood: -332444.88594
1207. Current log-likelihood: -332444.87984
1208. Current log-likelihood: -332444.87343
1209. Current log-likelihood: -332444.86722
1210. Current log-likelihood: -332444.86111
1211. Current log-likelihood: -332444.85428
1212. Current log-likelihood: -332444.84823
1213. Current log-likelihood: -332444.84230
1214. Current log-likelihood: -332444.83602
1215. Current log-likelihood: -332444.83020
1216. Current log-likelihood: -332444.82430
1217. Current log-likelihood: -332444.81856
1218. Current log-likelihood: -332444.81239
1219. Current log-likelihood: -332444.80654
1220. Current log-likelihood: -332444.80088
1221. Current log-likelihood: -332444.79525
1222. Current log-likelihood: -332444.78950
1223. Current log-likelihood: -332444.78390
1224. Current log-likelihood: -332444.77828
1225. Current log-likelihood: -332444.77268
1226. Current log-likelihood: -332444.76723
1227. Current log-likelihood: -332444.76186
1228. Current log-likelihood: -332444.75578
1229. Current log-likelihood: -332444.75025
1230. Current log-likelihood: -332444.74512
1231. Current log-likelihood: -332444.73979
1232. Current log-likelihood: -332444.73464
1233. Current log-likelihood: -332444.72966
1234. Current log-likelihood: -332444.72412
1235. Current log-likelihood: -332444.71872
1236. Current log-likelihood: -332444.71411
1237. Current log-likelihood: -332444.70877
1238. Current log-likelihood: -332444.70295
1239. Current log-likelihood: -332444.69742
1240. Current log-likelihood: -332444.69286
1241. Current log-likelihood: -332444.68750
1242. Current log-likelihood: -332444.68173
1243. Current log-likelihood: -332444.67514
1244. Current log-likelihood: -332444.66840
1245. Current log-likelihood: -332444.61535
1246. Current log-likelihood: -332444.60468
1247. Current log-likelihood: -332444.59759
1248. Current log-likelihood: -332444.59098
1249. Current log-likelihood: -332444.58448
1250. Current log-likelihood: -332444.57811
1251. Current log-likelihood: -332444.57187
1252. Current log-likelihood: -332444.56589
1253. Current log-likelihood: -332444.55980
1254. Current log-likelihood: -332444.55404
1255. Current log-likelihood: -332444.54810
1256. Current log-likelihood: -332444.54305
1257. Current log-likelihood: -332444.53718
1258. Current log-likelihood: -332444.53172
1259. Current log-likelihood: -332444.52610
1260. Current log-likelihood: -332444.52079
1261. Current log-likelihood: -332444.51543
1262. Current log-likelihood: -332444.51018
1263. Current log-likelihood: -332444.50483
1264. Current log-likelihood: -332444.49965
1265. Current log-likelihood: -332444.49502
1266. Current log-likelihood: -332444.48976
1267. Current log-likelihood: -332444.48427
1268. Current log-likelihood: -332444.47948
1269. Current log-likelihood: -332444.47411
1270. Current log-likelihood: -332444.46955
1271. Current log-likelihood: -332444.46481
1272. Current log-likelihood: -332444.45984
1273. Current log-likelihood: -332444.45499
1274. Current log-likelihood: -332444.45014
1275. Current log-likelihood: -332444.44544
1276. Current log-likelihood: -332444.44054
1277. Current log-likelihood: -332444.43564
1278. Current log-likelihood: -332444.43134
1279. Current log-likelihood: -332444.42610
1280. Current log-likelihood: -332444.42196
1281. Current log-likelihood: -332444.41679
1282. Current log-likelihood: -332444.40930
1283. Current log-likelihood: -332444.40447
1284. Current log-likelihood: -332444.40031
1285. Current log-likelihood: -332444.39559
1286. Current log-likelihood: -332444.39130
1287. Current log-likelihood: -332444.38612
1288. Current log-likelihood: -332444.38203
1289. Current log-likelihood: -332444.37704
1290. Current log-likelihood: -332444.37233
1291. Current log-likelihood: -332444.36809
1292. Current log-likelihood: -332444.36377
1293. Current log-likelihood: -332444.35922
1294. Current log-likelihood: -332444.35513
1295. Current log-likelihood: -332444.35089
1296. Current log-likelihood: -332444.34688
1297. Current log-likelihood: -332444.34283
1298. Current log-likelihood: -332444.33556
1299. Current log-likelihood: -332444.33117
1300. Current log-likelihood: -332444.32728
1301. Current log-likelihood: -332444.32285
1302. Current log-likelihood: -332444.31853
1303. Current log-likelihood: -332444.31379
1304. Current log-likelihood: -332444.30979
1305. Current log-likelihood: -332444.30580
1306. Current log-likelihood: -332444.29999
1307. Current log-likelihood: -332444.29499
1308. Current log-likelihood: -332444.29098
1309. Current log-likelihood: -332444.28683
1310. Current log-likelihood: -332444.28242
1311. Current log-likelihood: -332444.27848
1312. Current log-likelihood: -332444.27366
1313. Current log-likelihood: -332444.26988
1314. Current log-likelihood: -332444.26534
1315. Current log-likelihood: -332444.26070
1316. Current log-likelihood: -332444.25617
1317. Current log-likelihood: -332444.25220
1318. Current log-likelihood: -332444.24778
1319. Current log-likelihood: -332444.24345
1320. Current log-likelihood: -332444.23950
1321. Current log-likelihood: -332444.23582
1322. Current log-likelihood: -332444.23106
1323. Current log-likelihood: -332444.22681
1324. Current log-likelihood: -332444.22205
1325. Current log-likelihood: -332444.21910
1326. Current log-likelihood: -332444.21475
1327. Current log-likelihood: -332444.21040
1328. Current log-likelihood: -332444.20673
1329. Current log-likelihood: -332444.20195
1330. Current log-likelihood: -332444.19814
1331. Current log-likelihood: -332444.19441
1332. Current log-likelihood: -332444.19062
1333. Current log-likelihood: -332444.18686
1334. Current log-likelihood: -332444.18217
1335. Current log-likelihood: -332444.17801
1336. Current log-likelihood: -332444.17439
1337. Current log-likelihood: -332444.16850
1338. Current log-likelihood: -332444.16426
1339. Current log-likelihood: -332444.16009
1340. Current log-likelihood: -332444.15746
1341. Current log-likelihood: -332444.15383
1342. Current log-likelihood: -332444.15024
1343. Current log-likelihood: -332444.14531
1344. Current log-likelihood: -332444.14285
1345. Current log-likelihood: -332444.13939
1346. Current log-likelihood: -332444.13530
1347. Current log-likelihood: -332444.13105
1348. Current log-likelihood: -332444.12762
1349. Current log-likelihood: -332444.12244
1350. Current log-likelihood: -332444.11882
1351. Current log-likelihood: -332444.11531
1352. Current log-likelihood: -332444.11121
1353. Current log-likelihood: -332444.10881
1354. Current log-likelihood: -332444.10468
1355. Current log-likelihood: -332444.10224
1356. Current log-likelihood: -332444.09882
1357. Current log-likelihood: -332444.09653
1358. Current log-likelihood: -332444.09428
1359. Current log-likelihood: -332444.08880
1360. Current log-likelihood: -332444.08643
1361. Current log-likelihood: -332444.08318
1362. Current log-likelihood: -332444.08090
1363. Current log-likelihood: -332444.07871
1364. Current log-likelihood: -332444.07462
1365. Current log-likelihood: -332444.07141
1366. Current log-likelihood: -332444.06745
1367. Current log-likelihood: -332444.06385
1368. Current log-likelihood: -332444.06167
1369. Current log-likelihood: -332444.05735
1370. Current log-likelihood: -332444.05419
1371. Current log-likelihood: -332444.05205
1372. Current log-likelihood: -332444.04901
1373. Current log-likelihood: -332444.04575
1374. Current log-likelihood: -332444.04245
1375. Current log-likelihood: -332444.03856
1376. Current log-likelihood: -332444.03636
1377. Current log-likelihood: -332444.03410
1378. Current log-likelihood: -332444.02942
1379. Current log-likelihood: -332444.02725
1380. Current log-likelihood: -332444.02520
1381. Current log-likelihood: -332444.02211
1382. Current log-likelihood: -332444.02001
1383. Current log-likelihood: -332444.01797
1384. Current log-likelihood: -332444.01303
1385. Current log-likelihood: -332444.01092
1386. Current log-likelihood: -332444.00889
1387. Current log-likelihood: -332444.00567
1388. Current log-likelihood: -332444.00183
1389. Current log-likelihood: -332443.99875
1390. Current log-likelihood: -332443.99673
1391. Current log-likelihood: -332443.99328
1392. Current log-likelihood: -332443.99114
1393. Current log-likelihood: -332443.98904
1394. Current log-likelihood: -332443.98584
1395. Current log-likelihood: -332443.98178
1396. Current log-likelihood: -332443.97969
1397. Current log-likelihood: -332443.97596
1398. Current log-likelihood: -332443.97292
1399. Current log-likelihood: -332443.96925
1400. Current log-likelihood: -332443.96600
1401. Current log-likelihood: -332443.96386
1402. Current log-likelihood: -332443.96178
1403. Current log-likelihood: -332443.95987
1404. Current log-likelihood: -332443.95799
1405. Current log-likelihood: -332443.95464
1406. Current log-likelihood: -332443.95265
1407. Current log-likelihood: -332443.94865
1408. Current log-likelihood: -332443.94556
1409. Current log-likelihood: -332443.94143
1410. Current log-likelihood: -332443.93709
1411. Current log-likelihood: -332443.93377
1412. Current log-likelihood: -332443.93061
1413. Current log-likelihood: -332443.92678
1414. Current log-likelihood: -332443.92346
1415. Current log-likelihood: -332443.91942
1416. Current log-likelihood: -332443.91595
1417. Current log-likelihood: -332443.91271
1418. Current log-likelihood: -332443.90874
1419. Current log-likelihood: -332443.90443
1420. Current log-likelihood: -332443.90042
1421. Current log-likelihood: -332443.89642
1422. Current log-likelihood: -332443.89224
1423. Current log-likelihood: -332443.88636
1424. Current log-likelihood: -332443.88189
1425. Current log-likelihood: -332443.87752
1426. Current log-likelihood: -332443.87303
1427. Current log-likelihood: -332443.86864
1428. Current log-likelihood: -332443.86397
1429. Current log-likelihood: -332443.85927
1430. Current log-likelihood: -332443.85233
1431. Current log-likelihood: -332443.84732
1432. Current log-likelihood: -332443.84237
1433. Current log-likelihood: -332443.82909
1434. Current log-likelihood: -332443.82130
1435. Current log-likelihood: -332443.56986
1436. Current log-likelihood: -332427.78825
1437. Current log-likelihood: -332425.88032
1438. Current log-likelihood: -332425.40725
1439. Current log-likelihood: -332424.29937
1440. Current log-likelihood: -332423.72079
1441. Current log-likelihood: -332423.28630
1442. Current log-likelihood: -332422.91117
1443. Current log-likelihood: -332422.66524
1444. Current log-likelihood: -332422.44220
1445. Current log-likelihood: -332422.24601
1446. Current log-likelihood: -332422.07025
1447. Current log-likelihood: -332421.91278
1448. Current log-likelihood: -332421.77563
1449. Current log-likelihood: -332421.64733
1450. Current log-likelihood: -332421.53568
1451. Current log-likelihood: -332421.44085
1452. Current log-likelihood: -332421.35006
1453. Current log-likelihood: -332421.27539
1454. Current log-likelihood: -332421.20723
1455. Current log-likelihood: -332421.14742
1456. Current log-likelihood: -332421.09466
1457. Current log-likelihood: -332421.04840
1458. Current log-likelihood: -332421.00452
1459. Current log-likelihood: -332420.96899
1460. Current log-likelihood: -332420.93295
1461. Current log-likelihood: -332420.90375
1462. Current log-likelihood: -332420.87726
1463. Current log-likelihood: -332420.85381
1464. Current log-likelihood: -332420.82861
1465. Current log-likelihood: -332420.80972
1466. Current log-likelihood: -332420.79016
1467. Current log-likelihood: -332420.77312
1468. Current log-likelihood: -332420.75821
1469. Current log-likelihood: -332420.74236
1470. Current log-likelihood: -332420.72874
1471. Current log-likelihood: -332420.71542
1472. Current log-likelihood: -332420.70284
1473. Current log-likelihood: -332420.69154
1474. Current log-likelihood: -332420.68046
1475. Current log-likelihood: -332420.67041
1476. Current log-likelihood: -332420.66082
1477. Current log-likelihood: -332420.64997
1478. Current log-likelihood: -332420.64119
1479. Current log-likelihood: -332420.62855
1480. Current log-likelihood: -332420.62016
1481. Current log-likelihood: -332420.61173
1482. Current log-likelihood: -332420.60324
1483. Current log-likelihood: -332420.59550
1484. Current log-likelihood: -332420.58795
1485. Current log-likelihood: -332420.57901
1486. Current log-likelihood: -332420.57189
1487. Current log-likelihood: -332420.56458
1488. Current log-likelihood: -332420.55711
1489. Current log-likelihood: -332420.55044
1490. Current log-likelihood: -332420.54343
1491. Current log-likelihood: -332420.53650
1492. Current log-likelihood: -332420.52879
1493. Current log-likelihood: -332420.52230
1494. Current log-likelihood: -332420.51610
1495. Current log-likelihood: -332420.50973
1496. Current log-likelihood: -332420.50319
1497. Current log-likelihood: -332420.49695
1498. Current log-likelihood: -332420.49083
1499. Current log-likelihood: -332420.48394
1500. Current log-likelihood: -332420.47800
1501. Current log-likelihood: -332420.47187
1502. Current log-likelihood: -332420.46613
1503. Current log-likelihood: -332420.46002
1504. Current log-likelihood: -332420.45286
1505. Current log-likelihood: -332420.44701
1506. Current log-likelihood: -332420.44126
1507. Current log-likelihood: -332420.43567
1508. Current log-likelihood: -332420.43030
1509. Current log-likelihood: -332420.42483
1510. Current log-likelihood: -332420.41941
1511. Current log-likelihood: -332420.41406
1512. Current log-likelihood: -332420.40829
1513. Current log-likelihood: -332420.40314
1514. Current log-likelihood: -332420.39774
1515. Current log-likelihood: -332420.39255
1516. Current log-likelihood: -332420.38728
1517. Current log-likelihood: -332420.37958
1518. Current log-likelihood: -332420.37419
1519. Current log-likelihood: -332420.36902
1520. Current log-likelihood: -332420.36384
1521. Current log-likelihood: -332420.35855
1522. Current log-likelihood: -332420.35222
1523. Current log-likelihood: -332420.34706
1524. Current log-likelihood: -332420.34168
1525. Current log-likelihood: -332420.33643
1526. Current log-likelihood: -332420.33107
1527. Current log-likelihood: -332420.32540
1528. Current log-likelihood: -332420.31992
1529. Current log-likelihood: -332420.31359
1530. Current log-likelihood: -332420.30579
1531. Current log-likelihood: -332420.30023
1532. Current log-likelihood: -332420.28671
1533. Current log-likelihood: -332420.27949
1534. Current log-likelihood: -332420.27239
1535. Current log-likelihood: -332420.26078
1536. Current log-likelihood: -332420.23166
1537. Current log-likelihood: -332419.79706
1538. Current log-likelihood: -332413.99024
1539. Current log-likelihood: -332413.81960
1540. Current log-likelihood: -332413.68917
1541. Current log-likelihood: -332413.58197
1542. Current log-likelihood: -332413.51095
1543. Current log-likelihood: -332413.45951
1544. Current log-likelihood: -332413.41477
1545. Current log-likelihood: -332413.35956
1546. Current log-likelihood: -332413.32140
1547. Current log-likelihood: -332413.28831
1548. Current log-likelihood: -332413.25964
1549. Current log-likelihood: -332413.23336
1550. Current log-likelihood: -332413.21044
1551. Current log-likelihood: -332413.18932
1552. Current log-likelihood: -332413.16962
1553. Current log-likelihood: -332413.15154
1554. Current log-likelihood: -332413.12939
1555. Current log-likelihood: -332413.11201
1556. Current log-likelihood: -332413.09682
1557. Current log-likelihood: -332413.08051
1558. Current log-likelihood: -332413.05756
1559. Current log-likelihood: -332413.04414
1560. Current log-likelihood: -332413.03134
1561. Current log-likelihood: -332413.01878
1562. Current log-likelihood: -332413.00513
1563. Current log-likelihood: -332412.99346
1564. Current log-likelihood: -332412.98136
1565. Current log-likelihood: -332412.97029
1566. Current log-likelihood: -332412.95712
1567. Current log-likelihood: -332412.94608
1568. Current log-likelihood: -332412.93548
1569. Current log-likelihood: -332412.92107
1570. Current log-likelihood: -332412.90427
1571. Current log-likelihood: -332412.89406
1572. Current log-likelihood: -332412.88385
1573. Current log-likelihood: -332412.87070
1574. Current log-likelihood: -332412.86068
1575. Current log-likelihood: -332412.85051
1576. Current log-likelihood: -332412.83998
1577. Current log-likelihood: -332412.82977
1578. Current log-likelihood: -332412.82012
1579. Current log-likelihood: -332412.80828
1580. Current log-likelihood: -332412.79415
1581. Current log-likelihood: -332412.78397
1582. Current log-likelihood: -332412.77216
1583. Current log-likelihood: -332412.75930
1584. Current log-likelihood: -332412.74391
1585. Current log-likelihood: -332412.72832
1586. Current log-likelihood: -332412.60117
1587. Current log-likelihood: -332406.99815
1588. Current log-likelihood: -332406.90214
1589. Current log-likelihood: -332406.83413
1590. Current log-likelihood: -332406.77627
1591. Current log-likelihood: -332406.72826
1592. Current log-likelihood: -332406.68379
1593. Current log-likelihood: -332406.60012
1594. Current log-likelihood: -332406.56100
1595. Current log-likelihood: -332406.52569
1596. Current log-likelihood: -332406.49714
1597. Current log-likelihood: -332406.47089
1598. Current log-likelihood: -332406.43599
1599. Current log-likelihood: -332406.41079
1600. Current log-likelihood: -332406.39044
1601. Current log-likelihood: -332406.37053
1602. Current log-likelihood: -332406.34980
1603. Current log-likelihood: -332406.33308
1604. Current log-likelihood: -332406.31814
1605. Current log-likelihood: -332406.30139
1606. Current log-likelihood: -332406.28647
1607. Current log-likelihood: -332406.26272
1608. Current log-likelihood: -332406.24911
1609. Current log-likelihood: -332406.23515
1610. Current log-likelihood: -332406.22329
1611. Current log-likelihood: -332406.21092
1612. Current log-likelihood: -332406.20080
1613. Current log-likelihood: -332406.19015
1614. Current log-likelihood: -332406.18054
1615. Current log-likelihood: -332406.17170
1616. Current log-likelihood: -332406.16311
1617. Current log-likelihood: -332406.15376
1618. Current log-likelihood: -332406.14561
1619. Current log-likelihood: -332406.13759
1620. Current log-likelihood: -332406.13009
1621. Current log-likelihood: -332406.12087
1622. Current log-likelihood: -332406.10795
1623. Current log-likelihood: -332406.09899
1624. Current log-likelihood: -332406.09177
1625. Current log-likelihood: -332406.08404
1626. Current log-likelihood: -332406.07688
1627. Current log-likelihood: -332406.06975
1628. Current log-likelihood: -332406.06330
1629. Current log-likelihood: -332406.05478
1630. Current log-likelihood: -332406.04812
1631. Current log-likelihood: -332406.03753
1632. Current log-likelihood: -332406.03094
1633. Current log-likelihood: -332406.02495
1634. Current log-likelihood: -332406.01902
1635. Current log-likelihood: -332406.01345
1636. Current log-likelihood: -332406.00692
1637. Current log-likelihood: -332405.99972
1638. Current log-likelihood: -332405.99462
1639. Current log-likelihood: -332405.98964
1640. Current log-likelihood: -332405.98470
1641. Current log-likelihood: -332405.97965
1642. Current log-likelihood: -332405.97496
1643. Current log-likelihood: -332405.97050
1644. Current log-likelihood: -332405.96604
1645. Current log-likelihood: -332405.96178
1646. Current log-likelihood: -332405.95736
1647. Current log-likelihood: -332405.95265
1648. Current log-likelihood: -332405.94780
1649. Current log-likelihood: -332405.94361
1650. Current log-likelihood: -332405.93946
1651. Current log-likelihood: -332405.93540
1652. Current log-likelihood: -332405.93144
1653. Current log-likelihood: -332405.92753
1654. Current log-likelihood: -332405.92373
1655. Current log-likelihood: -332405.91959
1656. Current log-likelihood: -332405.91559
1657. Current log-likelihood: -332405.91028
1658. Current log-likelihood: -332405.90631
1659. Current log-likelihood: -332405.90079
1660. Current log-likelihood: -332405.89661
1661. Current log-likelihood: -332405.89274
1662. Current log-likelihood: -332405.88871
1663. Current log-likelihood: -332405.88500
1664. Current log-likelihood: -332405.88123
1665. Current log-likelihood: -332405.87759
1666. Current log-likelihood: -332405.87393
1667. Current log-likelihood: -332405.87031
1668. Current log-likelihood: -332405.86662
1669. Current log-likelihood: -332405.86285
1670. Current log-likelihood: -332405.85920
1671. Current log-likelihood: -332405.85549
1672. Current log-likelihood: -332405.85172
1673. Current log-likelihood: -332405.84890
1674. Current log-likelihood: -332405.84626
1675. Current log-likelihood: -332405.84252
1676. Current log-likelihood: -332405.83893
1677. Current log-likelihood: -332405.83623
1678. Current log-likelihood: -332405.83287
1679. Current log-likelihood: -332405.82832
1680. Current log-likelihood: -332405.82479
1681. Current log-likelihood: -332405.82129
1682. Current log-likelihood: -332405.81768
1683. Current log-likelihood: -332405.81383
1684. Current log-likelihood: -332405.81022
1685. Current log-likelihood: -332405.80657
1686. Current log-likelihood: -332405.80277
1687. Current log-likelihood: -332405.79912
1688. Current log-likelihood: -332405.79329
1689. Current log-likelihood: -332405.78762
1690. Current log-likelihood: -332405.78399
1691. Current log-likelihood: -332405.77898
1692. Current log-likelihood: -332405.77514
1693. Current log-likelihood: -332405.77134
1694. Current log-likelihood: -332405.76770
1695. Current log-likelihood: -332405.76389
1696. Current log-likelihood: -332405.76012
1697. Current log-likelihood: -332405.75599
1698. Current log-likelihood: -332405.75226
1699. Current log-likelihood: -332405.74826
1700. Current log-likelihood: -332405.74430
1701. Current log-likelihood: -332405.74025
1702. Current log-likelihood: -332405.73636
1703. Current log-likelihood: -332405.73210
1704. Current log-likelihood: -332405.72789
1705. Current log-likelihood: -332405.72265
1706. Current log-likelihood: -332405.71837
1707. Current log-likelihood: -332405.71198
1708. Current log-likelihood: -332405.70651
1709. Current log-likelihood: -332405.70106
1710. Current log-likelihood: -332405.69566
1711. Current log-likelihood: -332405.68998
1712. Current log-likelihood: -332405.68111
1713. Current log-likelihood: -332405.67306
1714. Current log-likelihood: -332405.66369
1715. Current log-likelihood: -332405.64719
1716. Current log-likelihood: -332405.61709
1717. Current log-likelihood: -332405.46673
1718. Current log-likelihood: -332397.24296
1719. Current log-likelihood: -332394.55755
1720. Current log-likelihood: -332394.33160
1721. Current log-likelihood: -332394.14259
1722. Current log-likelihood: -332393.98532
1723. Current log-likelihood: -332393.82454
1724. Current log-likelihood: -332393.70500
1725. Current log-likelihood: -332393.59877
1726. Current log-likelihood: -332393.51264
1727. Current log-likelihood: -332393.41832
1728. Current log-likelihood: -332393.35029
1729. Current log-likelihood: -332393.28486
1730. Current log-likelihood: -332393.23352
1731. Current log-likelihood: -332393.17204
1732. Current log-likelihood: -332393.13116
1733. Current log-likelihood: -332393.09586
1734. Current log-likelihood: -332393.06592
1735. Current log-likelihood: -332393.02369
1736. Current log-likelihood: -332392.99621
1737. Current log-likelihood: -332392.97263
1738. Current log-likelihood: -332392.95248
1739. Current log-likelihood: -332392.93545
1740. Current log-likelihood: -332392.91999
1741. Current log-likelihood: -332392.90678
1742. Current log-likelihood: -332392.89240
1743. Current log-likelihood: -332392.88078
1744. Current log-likelihood: -332392.87003
1745. Current log-likelihood: -332392.86085
1746. Current log-likelihood: -332392.82443
1747. Current log-likelihood: -332392.81486
1748. Current log-likelihood: -332392.80596
1749. Current log-likelihood: -332392.79761
1750. Current log-likelihood: -332392.78982
1751. Current log-likelihood: -332392.78319
1752. Current log-likelihood: -332392.77617
1753. Current log-likelihood: -332392.76992
1754. Current log-likelihood: -332392.76420
1755. Current log-likelihood: -332392.75933
1756. Current log-likelihood: -332392.75248
1757. Current log-likelihood: -332392.74826
1758. Current log-likelihood: -332392.74395
1759. Current log-likelihood: -332392.74108
1760. Current log-likelihood: -332392.73144
1761. Current log-likelihood: -332392.72782
1762. Current log-likelihood: -332392.72514
1763. Current log-likelihood: -332392.72202
1764. Current log-likelihood: -332392.71988
1765. Current log-likelihood: -332392.71800
1766. Current log-likelihood: -332392.71617
1767. Current log-likelihood: -332392.71452
1768. Current log-likelihood: -332392.71040
1769. Current log-likelihood: -332392.70860
1770. Current log-likelihood: -332392.70725
1771. Current log-likelihood: -332392.70583
1772. Current log-likelihood: -332392.70433
1773. Current log-likelihood: -332392.70308
1774. Current log-likelihood: -332392.70178
1775. Current log-likelihood: -332392.70014
1776. Current log-likelihood: -332392.69840
1777. Current log-likelihood: -332392.69720
1778. Current log-likelihood: -332392.69626
Final estimation on weights:
0.02427,0.02777,0.02517,0.24600,0.09413,0.39689,0.02148,0.02684,0.00482,0.05079,0.03232,0.01095,0.01999,0.01840,0.00018
Wrote distance file to... 
BEST SCORE FOUND : -332392.69626
Site log-likelihoods per category printed to output_mast_repeats/mast_model_15/mast_model_15.sitelh
Total tree lengths: 1.28659 0.17905 0.38404 10.00860 0.14512 0.14717 0.31242 0.30185 0.53459 0.30664 0.30215 0.68428 0.37786 0.36433 25.32440

Total number of iterations: 1776
CPU time used for tree search: 0.00002 sec (0h:0m:0s)
Wall-clock time used for tree search: 0.00002 sec (0h:0m:0s)
Total CPU time used: 16191.51588 sec (4h:29m:51s)
Total wall-clock time used: 5854.65515 sec (1h:37m:34s)

Analysis results written to: 
  IQ-TREE report:                output_mast_repeats/mast_model_15/mast_model_15.iqtree
  Maximum-likelihood tree:       output_mast_repeats/mast_model_15/mast_model_15.treefile
  Site log-likelihoods:          output_mast_repeats/mast_model_15/mast_model_15.sitelh
  Screen log file:               output_mast_repeats/mast_model_15/mast_model_15.log

Date and Time: Thu Oct 30 19:17:58 2025
