IQ-TREE multicore version 2.4.0 for Linux x86 64-bit built Feb  7 2025
Developed by Bui Quang Minh, Nguyen Lam Tung, Olga Chernomor, Heiko Schmidt,
Dominik Schrempf, Michael Woodhams, Ly Trong Nhan, Thomas Wong

Host:    ku-01 (AVX2, FMA3, 251 GB RAM)
Command: iqtree2 -s trim_genome_africa.fasta -m GTR+FO+R2+T -te tree_subsets/modeltrees_final_8.newick --prefix output_mast_repeats/mast_model_8/mast_model_8 -nt 4 -wslmr -redo
Seed:    765776 (Using SPRNG - Scalable Parallel Random Number Generator)
Time:    Thu Oct 30 16:13:48 2025
Kernel:  AVX+FMA - 4 threads (64 CPU cores detected)

Reading alignment file trim_genome_africa.fasta ... Fasta format detected
Reading fasta file: done in 0.0428471 secs using 92.78% CPU
Alignment most likely contains DNA/RNA sequences
Alignment has 29 sequences with 142412 columns, 3564 distinct patterns
28695 parsimony-informative, 1511 singleton sites, 112206 constant sites
                              Gap/Ambiguity  Composition  p-value
Analyzing sequences: done in 0.00010638 secs using 98.7% CPU
   1  HM585496_Human_herpesvirus_1    0.67%    failed      0.00%
   2  HM585497_Human_herpesvirus_1    0.65%    failed      0.00%
   3  HM585498_Human_herpesvirus_1    0.68%    failed      0.00%
   4  HM585499_Human_herpesvirus_1    0.67%    failed      0.00%
   5  HM585500_Human_herpesvirus_1    0.67%    failed      0.00%
   6  HM585501_Human_herpesvirus_1    0.63%    failed      0.00%
   7  HM585502_Human_herpesvirus_1    0.66%    failed      0.00%
   8  HM585503_Human_herpesvirus_1    0.69%    failed      0.00%
   9  HM585504_Human_herpesvirus_1    0.59%    failed      0.00%
  10  HM585505_Human_herpesvirus_1    0.67%    failed      0.00%
  11  HM585506_Human_herpesvirus_1    0.67%    failed      0.00%
  12  HM585507_Human_herpesvirus_1    1.56%    failed      0.00%
  13  HM585509_Human_herpesvirus_1    0.42%    failed      0.00%
  14  HM585510_Human_herpesvirus_1    0.45%    failed      0.00%
  15  HM585511_Human_herpesvirus_1    0.50%    failed      0.00%
  16  KR135299_Human_herpesvirus_2    3.19%    failed      0.00%
  17  KR135300_Human_herpesvirus_2    3.19%    failed      0.00%
  18  KR135301_Human_herpesvirus_2    3.33%    failed      0.00%
  19  KR135302_Human_herpesvirus_2    3.10%    failed      0.00%
  20  KR135303_Human_herpesvirus_2    3.44%    failed      0.00%
  21  KR135304_Human_herpesvirus_2    3.30%    failed      0.00%
  22  KR135305_Human_herpesvirus_2    3.43%    failed      0.00%
  23  KR135306_Human_herpesvirus_2    3.39%    failed      0.00%
  24  KR135307_Human_herpesvirus_2    3.14%    failed      0.00%
  25  KR135315_Human_herpesvirus_2    3.20%    failed      0.00%
  26  KR135316_Human_herpesvirus_2    3.19%    failed      0.00%
  27  KR135317_Human_herpesvirus_2    3.37%    failed      0.00%
  28  KR135318_Human_herpesvirus_2    3.12%    failed      0.00%
  29  KR135319_Human_herpesvirus_2    3.10%    failed      0.00%
****  TOTAL                           1.92%  29 sequences failed composition chi2 test (p-value<5%; df=3)
Tree-mixture model
Number of input trees: 8
Minimum branch length is set to 0.0000010









Linked substitution model:
   GTR+FO

Linked RHS model:
   R2


NOTE: 53 MB RAM (0 GB) is required!
According to the parsimony scores along the sites, the tree weights are initialized to:
0.1601835,0.1081239,0.0985186,0.0935430,0.1293313,0.0922631,0.2091387,0.1088979
Estimate model parameters (epsilon = 0.00100)
1. Initial log-likelihood: -341765.84662
2. Current log-likelihood: -334719.32599
3. Current log-likelihood: -334316.67212
4. Current log-likelihood: -334117.07794
5. Current log-likelihood: -333979.27855
6. Current log-likelihood: -333825.57108
7. Current log-likelihood: -333737.77530
8. Current log-likelihood: -333729.53405
9. Current log-likelihood: -333725.54188
10. Current log-likelihood: -333721.51952
11. Current log-likelihood: -333720.05793
12. Current log-likelihood: -333718.96980
13. Current log-likelihood: -333718.05257
14. Current log-likelihood: -333717.23008
15. Current log-likelihood: -333716.45323
16. Current log-likelihood: -333715.71387
17. Current log-likelihood: -333714.99650
18. Current log-likelihood: -333714.30072
19. Current log-likelihood: -333713.62746
20. Current log-likelihood: -333712.96713
21. Current log-likelihood: -333712.32935
22. Current log-likelihood: -333711.70395
23. Current log-likelihood: -333711.08793
24. Current log-likelihood: -333710.47965
25. Current log-likelihood: -333709.89232
26. Current log-likelihood: -333709.30519
27. Current log-likelihood: -333708.73983
28. Current log-likelihood: -333708.18534
29. Current log-likelihood: -333707.64509
30. Current log-likelihood: -333707.11305
31. Current log-likelihood: -333706.59206
32. Current log-likelihood: -333706.08586
33. Current log-likelihood: -333705.59125
34. Current log-likelihood: -333705.11121
35. Current log-likelihood: -333704.64352
36. Current log-likelihood: -333704.18262
37. Current log-likelihood: -333703.73422
38. Current log-likelihood: -333703.29528
39. Current log-likelihood: -333702.86608
40. Current log-likelihood: -333702.44588
41. Current log-likelihood: -333702.03541
42. Current log-likelihood: -333701.63330
43. Current log-likelihood: -333701.23749
44. Current log-likelihood: -333700.26798
45. Current log-likelihood: -333699.83915
46. Current log-likelihood: -333699.41899
47. Current log-likelihood: -333699.00822
48. Current log-likelihood: -333698.60459
49. Current log-likelihood: -333698.21035
50. Current log-likelihood: -333697.82580
51. Current log-likelihood: -333697.44584
52. Current log-likelihood: -333697.07349
53. Current log-likelihood: -333696.70816
54. Current log-likelihood: -333696.35054
55. Current log-likelihood: -333695.99695
56. Current log-likelihood: -333695.65307
57. Current log-likelihood: -333695.31639
58. Current log-likelihood: -333694.98284
59. Current log-likelihood: -333694.65569
60. Current log-likelihood: -333694.33611
61. Current log-likelihood: -333694.02191
62. Current log-likelihood: -333693.71363
63. Current log-likelihood: -333693.41074
64. Current log-likelihood: -333693.11288
65. Current log-likelihood: -333692.82155
66. Current log-likelihood: -333692.52901
67. Current log-likelihood: -333692.24664
68. Current log-likelihood: -333691.97057
69. Current log-likelihood: -333691.69708
70. Current log-likelihood: -333691.43191
71. Current log-likelihood: -333691.16780
72. Current log-likelihood: -333690.91097
73. Current log-likelihood: -333690.51177
74. Current log-likelihood: -333690.25737
75. Current log-likelihood: -333690.00868
76. Current log-likelihood: -333689.76238
77. Current log-likelihood: -333689.52237
78. Current log-likelihood: -333689.28509
79. Current log-likelihood: -333689.05250
80. Current log-likelihood: -333688.82127
81. Current log-likelihood: -333688.07604
82. Current log-likelihood: -333687.84256
83. Current log-likelihood: -333687.61070
84. Current log-likelihood: -333687.38261
85. Current log-likelihood: -333687.16061
86. Current log-likelihood: -333686.94134
87. Current log-likelihood: -333686.72624
88. Current log-likelihood: -333686.51189
89. Current log-likelihood: -333686.30120
90. Current log-likelihood: -333686.09577
91. Current log-likelihood: -333685.89277
92. Current log-likelihood: -333685.69082
93. Current log-likelihood: -333685.49411
94. Current log-likelihood: -333685.29902
95. Current log-likelihood: -333685.10623
96. Current log-likelihood: -333684.91744
97. Current log-likelihood: -333684.72896
98. Current log-likelihood: -333684.54575
99. Current log-likelihood: -333684.36283
100. Current log-likelihood: -333684.18371
101. Current log-likelihood: -333684.00418
102. Current log-likelihood: -333683.66896
103. Current log-likelihood: -333683.33096
104. Current log-likelihood: -333683.00397
105. Current log-likelihood: -333682.68175
106. Current log-likelihood: -333682.36778
107. Current log-likelihood: -333682.06028
108. Current log-likelihood: -333681.75955
109. Current log-likelihood: -333681.46195
110. Current log-likelihood: -333681.17536
111. Current log-likelihood: -333680.89242
112. Current log-likelihood: -333680.61399
113. Current log-likelihood: -333678.28062
114. Current log-likelihood: -333678.00756
115. Current log-likelihood: -333677.73696
116. Current log-likelihood: -333677.47062
117. Current log-likelihood: -333677.20476
118. Current log-likelihood: -333676.94769
119. Current log-likelihood: -333676.69552
120. Current log-likelihood: -333676.44038
121. Current log-likelihood: -333676.19434
122. Current log-likelihood: -333675.95235
123. Current log-likelihood: -333675.71255
124. Current log-likelihood: -333675.47321
125. Current log-likelihood: -333675.23842
126. Current log-likelihood: -333675.00640
127. Current log-likelihood: -333674.77740
128. Current log-likelihood: -333674.55025
129. Current log-likelihood: -333674.32622
130. Current log-likelihood: -333674.10353
131. Current log-likelihood: -333673.88254
132. Current log-likelihood: -333673.66396
133. Current log-likelihood: -333673.44700
134. Current log-likelihood: -333673.23240
135. Current log-likelihood: -333673.01907
136. Current log-likelihood: -333672.80562
137. Current log-likelihood: -333672.59683
138. Current log-likelihood: -333672.38789
139. Current log-likelihood: -333672.18086
140. Current log-likelihood: -333671.96870
141. Current log-likelihood: -333671.54317
142. Current log-likelihood: -333671.33205
143. Current log-likelihood: -333671.12223
144. Current log-likelihood: -333670.91532
145. Current log-likelihood: -333670.70989
146. Current log-likelihood: -333670.50560
147. Current log-likelihood: -333670.30331
148. Current log-likelihood: -333670.06216
149. Current log-likelihood: -333669.85903
150. Current log-likelihood: -333669.65729
151. Current log-likelihood: -333669.45666
152. Current log-likelihood: -333669.25825
153. Current log-likelihood: -333669.06172
154. Current log-likelihood: -333668.86681
155. Current log-likelihood: -333668.67307
156. Current log-likelihood: -333668.48086
157. Current log-likelihood: -333668.28778
158. Current log-likelihood: -333668.09754
159. Current log-likelihood: -333667.90134
160. Current log-likelihood: -333667.71045
161. Current log-likelihood: -333667.52288
162. Current log-likelihood: -333667.33617
163. Current log-likelihood: -333667.15151
164. Current log-likelihood: -333666.96637
165. Current log-likelihood: -333666.78320
166. Current log-likelihood: -333666.60178
167. Current log-likelihood: -333666.41852
168. Current log-likelihood: -333666.23869
169. Current log-likelihood: -333666.06015
170. Current log-likelihood: -333665.88246
171. Current log-likelihood: -333665.69918
172. Current log-likelihood: -333665.51452
173. Current log-likelihood: -333665.33886
174. Current log-likelihood: -333665.16498
175. Current log-likelihood: -333664.99148
176. Current log-likelihood: -333664.81975
177. Current log-likelihood: -333664.64890
178. Current log-likelihood: -333664.47907
179. Current log-likelihood: -333664.30807
180. Current log-likelihood: -333664.14082
181. Current log-likelihood: -333663.97255
182. Current log-likelihood: -333663.80653
183. Current log-likelihood: -333663.63885
184. Current log-likelihood: -333663.47543
185. Current log-likelihood: -333663.31142
186. Current log-likelihood: -333663.14774
187. Current log-likelihood: -333661.80470
188. Current log-likelihood: -333661.62545
189. Current log-likelihood: -333661.45572
190. Current log-likelihood: -333661.28239
191. Current log-likelihood: -333661.11608
192. Current log-likelihood: -333660.94722
193. Current log-likelihood: -333660.77995
194. Current log-likelihood: -333660.60739
195. Current log-likelihood: -333660.44187
196. Current log-likelihood: -333660.27614
197. Current log-likelihood: -333660.11515
198. Current log-likelihood: -333659.95447
199. Current log-likelihood: -333659.79736
200. Current log-likelihood: -333659.64384
201. Current log-likelihood: -333659.48952
202. Current log-likelihood: -333659.27053
203. Current log-likelihood: -333659.04924
204. Current log-likelihood: -333658.83143
205. Current log-likelihood: -333658.61697
206. Current log-likelihood: -333658.40686
207. Current log-likelihood: -333658.19662
208. Current log-likelihood: -333657.98938
209. Current log-likelihood: -333657.78275
210. Current log-likelihood: -333657.58074
211. Current log-likelihood: -333657.38178
212. Current log-likelihood: -333657.18328
213. Current log-likelihood: -333656.98367
214. Current log-likelihood: -333656.78931
215. Current log-likelihood: -333656.59641
216. Current log-likelihood: -333656.40482
217. Current log-likelihood: -333656.21909
218. Current log-likelihood: -333656.03390
219. Current log-likelihood: -333655.84950
220. Current log-likelihood: -333655.67110
221. Current log-likelihood: -333655.49009
222. Current log-likelihood: -333655.31457
223. Current log-likelihood: -333655.13809
224. Current log-likelihood: -333654.95967
225. Current log-likelihood: -333654.78980
226. Current log-likelihood: -333654.62248
227. Current log-likelihood: -333654.45372
228. Current log-likelihood: -333654.29132
229. Current log-likelihood: -333654.12508
230. Current log-likelihood: -333653.96602
231. Current log-likelihood: -333653.80643
232. Current log-likelihood: -333653.64978
233. Current log-likelihood: -333653.49575
234. Current log-likelihood: -333653.34226
235. Current log-likelihood: -333653.18903
236. Current log-likelihood: -333653.03945
237. Current log-likelihood: -333652.88824
238. Current log-likelihood: -333652.74407
239. Current log-likelihood: -333652.60082
240. Current log-likelihood: -333652.45943
241. Current log-likelihood: -333652.31739
242. Current log-likelihood: -333652.17632
243. Current log-likelihood: -333652.03814
244. Current log-likelihood: -333651.89515
245. Current log-likelihood: -333651.76150
246. Current log-likelihood: -333651.62890
247. Current log-likelihood: -333651.49886
248. Current log-likelihood: -333651.37075
249. Current log-likelihood: -333651.24051
250. Current log-likelihood: -333651.11597
251. Current log-likelihood: -333650.98937
252. Current log-likelihood: -333650.86763
253. Current log-likelihood: -333650.73626
254. Current log-likelihood: -333650.61580
255. Current log-likelihood: -333650.49633
256. Current log-likelihood: -333650.37940
257. Current log-likelihood: -333650.26280
258. Current log-likelihood: -333650.14349
259. Current log-likelihood: -333650.02818
260. Current log-likelihood: -333649.91426
261. Current log-likelihood: -333649.80190
262. Current log-likelihood: -333649.68587
263. Current log-likelihood: -333649.57645
264. Current log-likelihood: -333649.46571
265. Current log-likelihood: -333649.35775
266. Current log-likelihood: -333649.25161
267. Current log-likelihood: -333649.14531
268. Current log-likelihood: -333649.04222
269. Current log-likelihood: -333648.94003
270. Current log-likelihood: -333648.83712
271. Current log-likelihood: -333648.73616
272. Current log-likelihood: -333648.63852
273. Current log-likelihood: -333648.54112
274. Current log-likelihood: -333648.44160
275. Current log-likelihood: -333648.34616
276. Current log-likelihood: -333648.25223
277. Current log-likelihood: -333648.16005
278. Current log-likelihood: -333648.06867
279. Current log-likelihood: -333647.97910
280. Current log-likelihood: -333647.89167
281. Current log-likelihood: -333647.80427
282. Current log-likelihood: -333647.71830
283. Current log-likelihood: -333647.63318
284. Current log-likelihood: -333647.54679
285. Current log-likelihood: -333647.46196
286. Current log-likelihood: -333647.38090
287. Current log-likelihood: -333647.29874
288. Current log-likelihood: -333647.21499
289. Current log-likelihood: -333647.13581
290. Current log-likelihood: -333647.05669
291. Current log-likelihood: -333646.97808
292. Current log-likelihood: -333646.89974
293. Current log-likelihood: -333646.82224
294. Current log-likelihood: -333646.74663
295. Current log-likelihood: -333646.66824
296. Current log-likelihood: -333646.59308
297. Current log-likelihood: -333646.51973
298. Current log-likelihood: -333646.44470
299. Current log-likelihood: -333646.37094
300. Current log-likelihood: -333646.29666
301. Current log-likelihood: -333646.22485
302. Current log-likelihood: -333646.13176
303. Current log-likelihood: -333646.04068
304. Current log-likelihood: -333645.94910
305. Current log-likelihood: -333645.85835
306. Current log-likelihood: -333645.76990
307. Current log-likelihood: -333645.68250
308. Current log-likelihood: -333645.59539
309. Current log-likelihood: -333645.50987
310. Current log-likelihood: -333645.42177
311. Current log-likelihood: -333645.33739
312. Current log-likelihood: -333645.25530
313. Current log-likelihood: -333645.17306
314. Current log-likelihood: -333645.08967
315. Current log-likelihood: -333645.00721
316. Current log-likelihood: -333644.92597
317. Current log-likelihood: -333644.83961
318. Current log-likelihood: -333644.75521
319. Current log-likelihood: -333644.67707
320. Current log-likelihood: -333644.59535
321. Current log-likelihood: -333644.50957
322. Current log-likelihood: -333644.43158
323. Current log-likelihood: -333644.35023
324. Current log-likelihood: -333644.26965
325. Current log-likelihood: -333644.19302
326. Current log-likelihood: -333644.11189
327. Current log-likelihood: -333644.03784
328. Current log-likelihood: -333643.95996
329. Current log-likelihood: -333643.88142
330. Current log-likelihood: -333643.80534
331. Current log-likelihood: -333643.72534
332. Current log-likelihood: -333643.63865
333. Current log-likelihood: -333643.55984
334. Current log-likelihood: -333643.48329
335. Current log-likelihood: -333643.41050
336. Current log-likelihood: -333643.33168
337. Current log-likelihood: -333643.24897
338. Current log-likelihood: -333643.17300
339. Current log-likelihood: -333643.09598
340. Current log-likelihood: -333643.01862
341. Current log-likelihood: -333642.94328
342. Current log-likelihood: -333642.86685
343. Current log-likelihood: -333642.78901
344. Current log-likelihood: -333642.71347
345. Current log-likelihood: -333642.63340
346. Current log-likelihood: -333642.55525
347. Current log-likelihood: -333642.47994
348. Current log-likelihood: -333642.40414
349. Current log-likelihood: -333642.32774
350. Current log-likelihood: -333642.24905
351. Current log-likelihood: -333642.17642
352. Current log-likelihood: -333642.09812
353. Current log-likelihood: -333642.02274
354. Current log-likelihood: -333641.94979
355. Current log-likelihood: -333641.86855
356. Current log-likelihood: -333641.79325
357. Current log-likelihood: -333641.71699
358. Current log-likelihood: -333641.64118
359. Current log-likelihood: -333641.56457
360. Current log-likelihood: -333641.49100
361. Current log-likelihood: -333641.41045
362. Current log-likelihood: -333641.33098
363. Current log-likelihood: -333641.24359
364. Current log-likelihood: -333641.15339
365. Current log-likelihood: -333641.07537
366. Current log-likelihood: -333640.99572
367. Current log-likelihood: -333640.91979
368. Current log-likelihood: -333640.84293
369. Current log-likelihood: -333640.76320
370. Current log-likelihood: -333640.68662
371. Current log-likelihood: -333640.61006
372. Current log-likelihood: -333640.53603
373. Current log-likelihood: -333640.45924
374. Current log-likelihood: -333640.38292
375. Current log-likelihood: -333640.30528
376. Current log-likelihood: -333640.23142
377. Current log-likelihood: -333640.15584
378. Current log-likelihood: -333640.08199
379. Current log-likelihood: -333640.00359
380. Current log-likelihood: -333639.92900
381. Current log-likelihood: -333639.85577
382. Current log-likelihood: -333639.78097
383. Current log-likelihood: -333639.70667
384. Current log-likelihood: -333639.63550
385. Current log-likelihood: -333639.56147
386. Current log-likelihood: -333639.48869
387. Current log-likelihood: -333639.41541
388. Current log-likelihood: -333639.34436
389. Current log-likelihood: -333639.26741
390. Current log-likelihood: -333639.19435
391. Current log-likelihood: -333639.12311
392. Current log-likelihood: -333639.05299
393. Current log-likelihood: -333638.98204
394. Current log-likelihood: -333638.90987
395. Current log-likelihood: -333638.84133
396. Current log-likelihood: -333638.77327
397. Current log-likelihood: -333638.70467
398. Current log-likelihood: -333638.63669
399. Current log-likelihood: -333638.56860
400. Current log-likelihood: -333638.50088
401. Current log-likelihood: -333638.43387
402. Current log-likelihood: -333638.35954
403. Current log-likelihood: -333638.28128
404. Current log-likelihood: -333638.19879
405. Current log-likelihood: -333638.12354
406. Current log-likelihood: -333638.04893
407. Current log-likelihood: -333637.97290
408. Current log-likelihood: -333637.89917
409. Current log-likelihood: -333637.82653
410. Current log-likelihood: -333637.75377
411. Current log-likelihood: -333637.68252
412. Current log-likelihood: -333637.60924
413. Current log-likelihood: -333637.53865
414. Current log-likelihood: -333637.47016
415. Current log-likelihood: -333637.39647
416. Current log-likelihood: -333637.33066
417. Current log-likelihood: -333637.26405
418. Current log-likelihood: -333637.19839
419. Current log-likelihood: -333637.13282
420. Current log-likelihood: -333637.06782
421. Current log-likelihood: -333637.00411
422. Current log-likelihood: -333636.93907
423. Current log-likelihood: -333636.87643
424. Current log-likelihood: -333636.81470
425. Current log-likelihood: -333636.75342
426. Current log-likelihood: -333636.69433
427. Current log-likelihood: -333636.63472
428. Current log-likelihood: -333636.57511
429. Current log-likelihood: -333636.51615
430. Current log-likelihood: -333636.46006
431. Current log-likelihood: -333636.40351
432. Current log-likelihood: -333636.34581
433. Current log-likelihood: -333636.29106
434. Current log-likelihood: -333636.23490
435. Current log-likelihood: -333636.18105
436. Current log-likelihood: -333636.12762
437. Current log-likelihood: -333636.07421
438. Current log-likelihood: -333636.02288
439. Current log-likelihood: -333635.96946
440. Current log-likelihood: -333635.91928
441. Current log-likelihood: -333635.86849
442. Current log-likelihood: -333635.81964
443. Current log-likelihood: -333635.77141
444. Current log-likelihood: -333635.72257
445. Current log-likelihood: -333635.67464
446. Current log-likelihood: -333635.62883
447. Current log-likelihood: -333635.58394
448. Current log-likelihood: -333635.53780
449. Current log-likelihood: -333635.49404
450. Current log-likelihood: -333635.45074
451. Current log-likelihood: -333635.40807
452. Current log-likelihood: -333635.36451
453. Current log-likelihood: -333635.32144
454. Current log-likelihood: -333635.27768
455. Current log-likelihood: -333635.23643
456. Current log-likelihood: -333635.19685
457. Current log-likelihood: -333635.15633
458. Current log-likelihood: -333635.11615
459. Current log-likelihood: -333635.07722
460. Current log-likelihood: -333635.03599
461. Current log-likelihood: -333634.99835
462. Current log-likelihood: -333634.96087
463. Current log-likelihood: -333634.92206
464. Current log-likelihood: -333634.88661
465. Current log-likelihood: -333634.85021
466. Current log-likelihood: -333634.81556
467. Current log-likelihood: -333634.78017
468. Current log-likelihood: -333634.74236
469. Current log-likelihood: -333634.70894
470. Current log-likelihood: -333634.67363
471. Current log-likelihood: -333634.64019
472. Current log-likelihood: -333634.60800
473. Current log-likelihood: -333634.57649
474. Current log-likelihood: -333634.54298
475. Current log-likelihood: -333634.51034
476. Current log-likelihood: -333634.47893
477. Current log-likelihood: -333634.44881
478. Current log-likelihood: -333634.41654
479. Current log-likelihood: -333634.38595
480. Current log-likelihood: -333634.35661
481. Current log-likelihood: -333634.32797
482. Current log-likelihood: -333634.29776
483. Current log-likelihood: -333634.27067
484. Current log-likelihood: -333634.24231
485. Current log-likelihood: -333634.21436
486. Current log-likelihood: -333634.18692
487. Current log-likelihood: -333634.15919
488. Current log-likelihood: -333634.13327
489. Current log-likelihood: -333634.10381
490. Current log-likelihood: -333634.07701
491. Current log-likelihood: -333634.05178
492. Current log-likelihood: -333634.02670
493. Current log-likelihood: -333634.00229
494. Current log-likelihood: -333633.97612
495. Current log-likelihood: -333633.94923
496. Current log-likelihood: -333633.92458
497. Current log-likelihood: -333633.90084
498. Current log-likelihood: -333633.87618
499. Current log-likelihood: -333633.85233
500. Current log-likelihood: -333633.82946
501. Current log-likelihood: -333633.80672
502. Current log-likelihood: -333633.77931
503. Current log-likelihood: -333633.75197
504. Current log-likelihood: -333633.72567
505. Current log-likelihood: -333633.69921
506. Current log-likelihood: -333633.67472
507. Current log-likelihood: -333633.64863
508. Current log-likelihood: -333633.62371
509. Current log-likelihood: -333633.60000
510. Current log-likelihood: -333633.57599
511. Current log-likelihood: -333633.55013
512. Current log-likelihood: -333633.52734
513. Current log-likelihood: -333633.50499
514. Current log-likelihood: -333633.48259
515. Current log-likelihood: -333633.45803
516. Current log-likelihood: -333633.43509
517. Current log-likelihood: -333633.41347
518. Current log-likelihood: -333633.39182
519. Current log-likelihood: -333633.36967
520. Current log-likelihood: -333633.34807
521. Current log-likelihood: -333633.32767
522. Current log-likelihood: -333633.30728
523. Current log-likelihood: -333633.28689
524. Current log-likelihood: -333633.26467
525. Current log-likelihood: -333633.24399
526. Current log-likelihood: -333633.22138
527. Current log-likelihood: -333633.20209
528. Current log-likelihood: -333633.18275
529. Current log-likelihood: -333633.16263
530. Current log-likelihood: -333633.14333
531. Current log-likelihood: -333633.12481
532. Current log-likelihood: -333633.10604
533. Current log-likelihood: -333633.08028
534. Current log-likelihood: -333633.06173
535. Current log-likelihood: -333633.04381
536. Current log-likelihood: -333633.02640
537. Current log-likelihood: -333633.00591
538. Current log-likelihood: -333632.98866
539. Current log-likelihood: -333632.97084
540. Current log-likelihood: -333632.95388
541. Current log-likelihood: -333632.93736
542. Current log-likelihood: -333632.91990
543. Current log-likelihood: -333632.90341
544. Current log-likelihood: -333632.88548
545. Current log-likelihood: -333632.86953
546. Current log-likelihood: -333632.85320
547. Current log-likelihood: -333632.83338
548. Current log-likelihood: -333632.81793
549. Current log-likelihood: -333632.80174
550. Current log-likelihood: -333632.78558
551. Current log-likelihood: -333632.76954
552. Current log-likelihood: -333632.75423
553. Current log-likelihood: -333632.73922
554. Current log-likelihood: -333632.72363
555. Current log-likelihood: -333632.70832
556. Current log-likelihood: -333632.69366
557. Current log-likelihood: -333632.67913
558. Current log-likelihood: -333632.66418
559. Current log-likelihood: -333632.64634
560. Current log-likelihood: -333632.63190
561. Current log-likelihood: -333632.61718
562. Current log-likelihood: -333632.60245
563. Current log-likelihood: -333632.58888
564. Current log-likelihood: -333632.57417
565. Current log-likelihood: -333632.56026
566. Current log-likelihood: -333632.54620
567. Current log-likelihood: -333632.53182
568. Current log-likelihood: -333632.51697
569. Current log-likelihood: -333632.50350
570. Current log-likelihood: -333632.48940
571. Current log-likelihood: -333632.47544
572. Current log-likelihood: -333632.46141
573. Current log-likelihood: -333632.44703
574. Current log-likelihood: -333632.43290
575. Current log-likelihood: -333632.41963
576. Current log-likelihood: -333632.40553
577. Current log-likelihood: -333632.38926
578. Current log-likelihood: -333632.37613
579. Current log-likelihood: -333632.36209
580. Current log-likelihood: -333632.34863
581. Current log-likelihood: -333632.33374
582. Current log-likelihood: -333632.32048
583. Current log-likelihood: -333632.30724
584. Current log-likelihood: -333632.29171
585. Current log-likelihood: -333632.27898
586. Current log-likelihood: -333632.26586
587. Current log-likelihood: -333632.25294
588. Current log-likelihood: -333632.23820
589. Current log-likelihood: -333632.22492
590. Current log-likelihood: -333632.21160
591. Current log-likelihood: -333632.19596
592. Current log-likelihood: -333632.17997
593. Current log-likelihood: -333632.16639
594. Current log-likelihood: -333632.15292
595. Current log-likelihood: -333632.13876
596. Current log-likelihood: -333632.12484
597. Current log-likelihood: -333632.11151
598. Current log-likelihood: -333632.09741
599. Current log-likelihood: -333632.08422
600. Current log-likelihood: -333632.07073
601. Current log-likelihood: -333632.05737
602. Current log-likelihood: -333632.04028
603. Current log-likelihood: -333632.02422
604. Current log-likelihood: -333632.00947
605. Current log-likelihood: -333631.99248
606. Current log-likelihood: -333631.97760
607. Current log-likelihood: -333631.96013
608. Current log-likelihood: -333631.94458
609. Current log-likelihood: -333631.92824
610. Current log-likelihood: -333631.91068
611. Current log-likelihood: -333631.89581
612. Current log-likelihood: -333631.87807
613. Current log-likelihood: -333631.86297
614. Current log-likelihood: -333631.84524
615. Current log-likelihood: -333631.82820
616. Current log-likelihood: -333631.81288
617. Current log-likelihood: -333631.79375
618. Current log-likelihood: -333631.77604
619. Current log-likelihood: -333631.76034
620. Current log-likelihood: -333631.73966
621. Current log-likelihood: -333631.72077
622. Current log-likelihood: -333631.70263
623. Current log-likelihood: -333631.68494
624. Current log-likelihood: -333631.66888
625. Current log-likelihood: -333631.64916
626. Current log-likelihood: -333631.62987
627. Current log-likelihood: -333631.61296
628. Current log-likelihood: -333631.58994
629. Current log-likelihood: -333631.57004
630. Current log-likelihood: -333631.55073
631. Current log-likelihood: -333631.52994
632. Current log-likelihood: -333631.51058
633. Current log-likelihood: -333631.49001
634. Current log-likelihood: -333631.47125
635. Current log-likelihood: -333631.44977
636. Current log-likelihood: -333631.42875
637. Current log-likelihood: -333631.40793
638. Current log-likelihood: -333631.38686
639. Current log-likelihood: -333631.36269
640. Current log-likelihood: -333631.34137
641. Current log-likelihood: -333631.31645
642. Current log-likelihood: -333631.29122
643. Current log-likelihood: -333631.26682
644. Current log-likelihood: -333631.24068
645. Current log-likelihood: -333631.21505
646. Current log-likelihood: -333631.18397
647. Current log-likelihood: -333631.15663
648. Current log-likelihood: -333631.12818
649. Current log-likelihood: -333631.09912
650. Current log-likelihood: -333631.06784
651. Current log-likelihood: -333631.03749
652. Current log-likelihood: -333630.99945
653. Current log-likelihood: -333630.96070
654. Current log-likelihood: -333630.92123
655. Current log-likelihood: -333630.88405
656. Current log-likelihood: -333630.84421
657. Current log-likelihood: -333630.79986
658. Current log-likelihood: -333630.75128
659. Current log-likelihood: -333630.69909
660. Current log-likelihood: -333630.64403
661. Current log-likelihood: -333630.58344
662. Current log-likelihood: -333630.52036
663. Current log-likelihood: -333630.45085
664. Current log-likelihood: -333630.37193
665. Current log-likelihood: -333630.28605
666. Current log-likelihood: -333630.19151
667. Current log-likelihood: -333630.08927
668. Current log-likelihood: -333629.96365
669. Current log-likelihood: -333629.82523
670. Current log-likelihood: -333629.65927
671. Current log-likelihood: -333629.44498
672. Current log-likelihood: -333629.18373
673. Current log-likelihood: -333628.83539
674. Current log-likelihood: -333628.39042
675. Current log-likelihood: -333627.68299
676. Current log-likelihood: -333625.17591
677. Current log-likelihood: -333624.34598
678. Current log-likelihood: -333623.48845
679. Current log-likelihood: -333622.65660
680. Current log-likelihood: -333621.33265
681. Current log-likelihood: -333620.00430
682. Current log-likelihood: -333617.60316
683. Current log-likelihood: -333613.55894
684. Current log-likelihood: -333608.74483
685. Current log-likelihood: -333607.00385
686. Current log-likelihood: -333605.92634
687. Current log-likelihood: -333604.98968
688. Current log-likelihood: -333604.16505
689. Current log-likelihood: -333603.43625
690. Current log-likelihood: -333602.78991
691. Current log-likelihood: -333602.21062
692. Current log-likelihood: -333601.69130
693. Current log-likelihood: -333601.19962
694. Current log-likelihood: -333600.76337
695. Current log-likelihood: -333600.37002
696. Current log-likelihood: -333600.00242
697. Current log-likelihood: -333599.66808
698. Current log-likelihood: -333599.36079
699. Current log-likelihood: -333599.06817
700. Current log-likelihood: -333598.80290
701. Current log-likelihood: -333598.55627
702. Current log-likelihood: -333598.30143
703. Current log-likelihood: -333598.06091
704. Current log-likelihood: -333597.82994
705. Current log-likelihood: -333597.61894
706. Current log-likelihood: -333597.40158
707. Current log-likelihood: -333597.20309
708. Current log-likelihood: -333597.01437
709. Current log-likelihood: -333596.83201
710. Current log-likelihood: -333596.65687
711. Current log-likelihood: -333596.48788
712. Current log-likelihood: -333596.32235
713. Current log-likelihood: -333596.16478
714. Current log-likelihood: -333596.00815
715. Current log-likelihood: -333595.86154
716. Current log-likelihood: -333595.71728
717. Current log-likelihood: -333595.57546
718. Current log-likelihood: -333595.43622
719. Current log-likelihood: -333595.29914
720. Current log-likelihood: -333595.16882
721. Current log-likelihood: -333595.04258
722. Current log-likelihood: -333594.90920
723. Current log-likelihood: -333594.78742
724. Current log-likelihood: -333594.66715
725. Current log-likelihood: -333594.54905
726. Current log-likelihood: -333594.43314
727. Current log-likelihood: -333594.31380
728. Current log-likelihood: -333594.20304
729. Current log-likelihood: -333594.09495
730. Current log-likelihood: -333590.95694
731. Current log-likelihood: -333590.74931
732. Current log-likelihood: -333590.55174
733. Current log-likelihood: -333590.35833
734. Current log-likelihood: -333590.16503
735. Current log-likelihood: -333589.97548
736. Current log-likelihood: -333589.78622
737. Current log-likelihood: -333589.59498
738. Current log-likelihood: -333589.40973
739. Current log-likelihood: -333589.22416
740. Current log-likelihood: -333589.03860
741. Current log-likelihood: -333588.85921
742. Current log-likelihood: -333588.67665
743. Current log-likelihood: -333588.49308
744. Current log-likelihood: -333588.31074
745. Current log-likelihood: -333588.13564
746. Current log-likelihood: -333587.96060
747. Current log-likelihood: -333587.78720
748. Current log-likelihood: -333587.61338
749. Current log-likelihood: -333587.44222
750. Current log-likelihood: -333587.27072
751. Current log-likelihood: -333587.10110
752. Current log-likelihood: -333586.92544
753. Current log-likelihood: -333586.75793
754. Current log-likelihood: -333586.59310
755. Current log-likelihood: -333586.43182
756. Current log-likelihood: -333586.26899
757. Current log-likelihood: -333586.10989
758. Current log-likelihood: -333585.95034
759. Current log-likelihood: -333585.79359
760. Current log-likelihood: -333585.62804
761. Current log-likelihood: -333585.47247
762. Current log-likelihood: -333585.32036
763. Current log-likelihood: -333585.16853
764. Current log-likelihood: -333585.01742
765. Current log-likelihood: -333584.86946
766. Current log-likelihood: -333584.72327
767. Current log-likelihood: -333584.57786
768. Current log-likelihood: -333584.43238
769. Current log-likelihood: -333584.28779
770. Current log-likelihood: -333584.08405
771. Current log-likelihood: -333583.92823
772. Current log-likelihood: -333583.78146
773. Current log-likelihood: -333583.63772
774. Current log-likelihood: -333583.49221
775. Current log-likelihood: -333583.35086
776. Current log-likelihood: -333583.21142
777. Current log-likelihood: -333583.07606
778. Current log-likelihood: -333582.93926
779. Current log-likelihood: -333582.80601
780. Current log-likelihood: -333582.66768
781. Current log-likelihood: -333582.54186
782. Current log-likelihood: -333582.41330
783. Current log-likelihood: -333582.28952
784. Current log-likelihood: -333582.16746
785. Current log-likelihood: -333582.04406
786. Current log-likelihood: -333581.92640
787. Current log-likelihood: -333581.80745
788. Current log-likelihood: -333581.69416
789. Current log-likelihood: -333581.57813
790. Current log-likelihood: -333581.46641
791. Current log-likelihood: -333581.35661
792. Current log-likelihood: -333581.24761
793. Current log-likelihood: -333581.14320
794. Current log-likelihood: -333581.03996
795. Current log-likelihood: -333580.94060
796. Current log-likelihood: -333580.81649
797. Current log-likelihood: -333580.71503
798. Current log-likelihood: -333580.62116
799. Current log-likelihood: -333580.52633
800. Current log-likelihood: -333580.43376
801. Current log-likelihood: -333580.34059
802. Current log-likelihood: -333577.89320
803. Current log-likelihood: -333577.80575
804. Current log-likelihood: -333577.72584
805. Current log-likelihood: -333577.64570
806. Current log-likelihood: -333577.57016
807. Current log-likelihood: -333577.49595
808. Current log-likelihood: -333577.41830
809. Current log-likelihood: -333577.34611
810. Current log-likelihood: -333577.27382
811. Current log-likelihood: -333577.20266
812. Current log-likelihood: -333577.13141
813. Current log-likelihood: -333577.05187
814. Current log-likelihood: -333576.98255
815. Current log-likelihood: -333576.91087
816. Current log-likelihood: -333576.84308
817. Current log-likelihood: -333576.77389
818. Current log-likelihood: -333576.70624
819. Current log-likelihood: -333576.63842
820. Current log-likelihood: -333576.56876
821. Current log-likelihood: -333576.50233
822. Current log-likelihood: -333576.43696
823. Current log-likelihood: -333576.37040
824. Current log-likelihood: -333576.30538
825. Current log-likelihood: -333576.23772
826. Current log-likelihood: -333576.17317
827. Current log-likelihood: -333576.10863
828. Current log-likelihood: -333576.04384
829. Current log-likelihood: -333568.99929
830. Current log-likelihood: -333568.64342
831. Current log-likelihood: -333568.43420
832. Current log-likelihood: -333568.24978
833. Current log-likelihood: -333568.07762
834. Current log-likelihood: -333567.91437
835. Current log-likelihood: -333567.75856
836. Current log-likelihood: -333567.61141
837. Current log-likelihood: -333567.46817
838. Current log-likelihood: -333567.33102
839. Current log-likelihood: -333567.20224
840. Current log-likelihood: -333564.21070
841. Current log-likelihood: -333563.77280
842. Current log-likelihood: -333563.62668
843. Current log-likelihood: -333563.48708
844. Current log-likelihood: -333563.35392
845. Current log-likelihood: -333563.22872
846. Current log-likelihood: -333562.61255
847. Current log-likelihood: -333562.47787
848. Current log-likelihood: -333562.35348
849. Current log-likelihood: -333562.23833
850. Current log-likelihood: -333562.12540
851. Current log-likelihood: -333562.01640
852. Current log-likelihood: -333561.91498
853. Current log-likelihood: -333561.81962
854. Current log-likelihood: -333561.72829
855. Current log-likelihood: -333561.63763
856. Current log-likelihood: -333561.55305
857. Current log-likelihood: -333561.47029
858. Current log-likelihood: -333561.39436
859. Current log-likelihood: -333561.31857
860. Current log-likelihood: -333561.24518
861. Current log-likelihood: -333561.17541
862. Current log-likelihood: -333561.10826
863. Current log-likelihood: -333561.04402
864. Current log-likelihood: -333560.98340
865. Current log-likelihood: -333560.92150
866. Current log-likelihood: -333560.86419
867. Current log-likelihood: -333560.80602
868. Current log-likelihood: -333560.75315
869. Current log-likelihood: -333560.70046
870. Current log-likelihood: -333560.64742
871. Current log-likelihood: -333560.59783
872. Current log-likelihood: -333560.55176
873. Current log-likelihood: -333560.50485
874. Current log-likelihood: -333560.46075
875. Current log-likelihood: -333560.41268
876. Current log-likelihood: -333560.37082
877. Current log-likelihood: -333560.32638
878. Current log-likelihood: -333560.28448
879. Current log-likelihood: -333560.24323
880. Current log-likelihood: -333560.20136
881. Current log-likelihood: -333560.16617
882. Current log-likelihood: -333560.12691
883. Current log-likelihood: -333560.09051
884. Current log-likelihood: -333560.05205
885. Current log-likelihood: -333560.01630
886. Current log-likelihood: -333559.98124
887. Current log-likelihood: -333559.94679
888. Current log-likelihood: -333559.91263
889. Current log-likelihood: -333559.87908
890. Current log-likelihood: -333559.84562
891. Current log-likelihood: -333559.81140
892. Current log-likelihood: -333559.77864
893. Current log-likelihood: -333559.74796
894. Current log-likelihood: -333559.71655
895. Current log-likelihood: -333559.68401
896. Current log-likelihood: -333559.65334
897. Current log-likelihood: -333559.62388
898. Current log-likelihood: -333559.59304
899. Current log-likelihood: -333559.56327
900. Current log-likelihood: -333559.53418
901. Current log-likelihood: -333559.50587
902. Current log-likelihood: -333559.47143
903. Current log-likelihood: -333559.44077
904. Current log-likelihood: -333559.40944
905. Current log-likelihood: -333559.38077
906. Current log-likelihood: -333559.34695
907. Current log-likelihood: -333559.31586
908. Current log-likelihood: -333559.28745
909. Current log-likelihood: -333559.25900
910. Current log-likelihood: -333559.22858
911. Current log-likelihood: -333559.20104
912. Current log-likelihood: -333559.17312
913. Current log-likelihood: -333559.14569
914. Current log-likelihood: -333559.11489
915. Current log-likelihood: -333559.08779
916. Current log-likelihood: -333559.05770
917. Current log-likelihood: -333559.03099
918. Current log-likelihood: -333559.00341
919. Current log-likelihood: -333558.97741
920. Current log-likelihood: -333558.95130
921. Current log-likelihood: -333558.92252
922. Current log-likelihood: -333558.89568
923. Current log-likelihood: -333558.87162
924. Current log-likelihood: -333558.84548
925. Current log-likelihood: -333558.82061
926. Current log-likelihood: -333558.79560
927. Current log-likelihood: -333558.77138
928. Current log-likelihood: -333558.74666
929. Current log-likelihood: -333558.72074
930. Current log-likelihood: -333558.69816
931. Current log-likelihood: -333558.67372
932. Current log-likelihood: -333558.64833
933. Current log-likelihood: -333558.62423
934. Current log-likelihood: -333558.60093
935. Current log-likelihood: -333558.57761
936. Current log-likelihood: -333558.55174
937. Current log-likelihood: -333558.53025
938. Current log-likelihood: -333558.50714
939. Current log-likelihood: -333558.48036
940. Current log-likelihood: -333558.45745
941. Current log-likelihood: -333558.43388
942. Current log-likelihood: -333558.41130
943. Current log-likelihood: -333558.38690
944. Current log-likelihood: -333558.36639
945. Current log-likelihood: -333558.34441
946. Current log-likelihood: -333558.31927
947. Current log-likelihood: -333558.29931
948. Current log-likelihood: -333558.27720
949. Current log-likelihood: -333558.25556
950. Current log-likelihood: -333558.23235
951. Current log-likelihood: -333558.21311
952. Current log-likelihood: -333558.19037
953. Current log-likelihood: -333558.17074
954. Current log-likelihood: -333558.14821
955. Current log-likelihood: -333558.12856
956. Current log-likelihood: -333558.10445
957. Current log-likelihood: -333558.08398
958. Current log-likelihood: -333558.06357
959. Current log-likelihood: -333558.04292
960. Current log-likelihood: -333558.02415
961. Current log-likelihood: -333558.00302
962. Current log-likelihood: -333557.98183
963. Current log-likelihood: -333557.96362
964. Current log-likelihood: -333557.94528
965. Current log-likelihood: -333557.92320
966. Current log-likelihood: -333557.90529
967. Current log-likelihood: -333557.88596
968. Current log-likelihood: -333557.86807
969. Current log-likelihood: -333557.84803
970. Current log-likelihood: -333557.82887
971. Current log-likelihood: -333557.81150
972. Current log-likelihood: -333557.79233
973. Current log-likelihood: -333557.77402
974. Current log-likelihood: -333557.75177
975. Current log-likelihood: -333557.73458
976. Current log-likelihood: -333557.71344
977. Current log-likelihood: -333557.69678
978. Current log-likelihood: -333557.67764
979. Current log-likelihood: -333557.66039
980. Current log-likelihood: -333557.64078
981. Current log-likelihood: -333557.62198
982. Current log-likelihood: -333557.60354
983. Current log-likelihood: -333557.58705
984. Current log-likelihood: -333557.57019
985. Current log-likelihood: -333557.55070
986. Current log-likelihood: -333557.53449
987. Current log-likelihood: -333557.51685
988. Current log-likelihood: -333557.49594
989. Current log-likelihood: -333557.48019
990. Current log-likelihood: -333557.46011
991. Current log-likelihood: -333557.44394
992. Current log-likelihood: -333557.42625
993. Current log-likelihood: -333557.40878
994. Current log-likelihood: -333557.38927
995. Current log-likelihood: -333557.37168
996. Current log-likelihood: -333557.35576
997. Current log-likelihood: -333557.33670
998. Current log-likelihood: -333557.32065
999. Current log-likelihood: -333557.29991
1000. Current log-likelihood: -333557.28220
1001. Current log-likelihood: -333557.26008
1002. Current log-likelihood: -333557.23910
1003. Current log-likelihood: -333557.21791
1004. Current log-likelihood: -333557.18990
1005. Current log-likelihood: -333532.78317
1006. Current log-likelihood: -333531.79919
1007. Current log-likelihood: -333531.64848
1008. Current log-likelihood: -333531.54840
1009. Current log-likelihood: -333531.46602
1010. Current log-likelihood: -333531.38392
1011. Current log-likelihood: -333531.32658
1012. Current log-likelihood: -333531.27350
1013. Current log-likelihood: -333531.19700
1014. Current log-likelihood: -333531.15461
1015. Current log-likelihood: -333531.12040
1016. Current log-likelihood: -333531.08553
1017. Current log-likelihood: -333531.05458
1018. Current log-likelihood: -333531.02276
1019. Current log-likelihood: -333530.99614
1020. Current log-likelihood: -333530.97024
1021. Current log-likelihood: -333530.94711
1022. Current log-likelihood: -333530.91871
1023. Current log-likelihood: -333530.89694
1024. Current log-likelihood: -333530.87752
1025. Current log-likelihood: -333530.85769
1026. Current log-likelihood: -333530.83797
1027. Current log-likelihood: -333530.82062
1028. Current log-likelihood: -333530.80222
1029. Current log-likelihood: -333530.78479
1030. Current log-likelihood: -333530.76887
1031. Current log-likelihood: -333530.74812
1032. Current log-likelihood: -333530.72762
1033. Current log-likelihood: -333530.71221
1034. Current log-likelihood: -333530.69489
1035. Current log-likelihood: -333530.68058
1036. Current log-likelihood: -333530.66544
1037. Current log-likelihood: -333530.64834
1038. Current log-likelihood: -333530.63375
1039. Current log-likelihood: -333530.61908
1040. Current log-likelihood: -333530.60397
1041. Current log-likelihood: -333530.58481
1042. Current log-likelihood: -333530.57127
1043. Current log-likelihood: -333530.55797
1044. Current log-likelihood: -333530.54106
1045. Current log-likelihood: -333530.52680
1046. Current log-likelihood: -333530.51419
1047. Current log-likelihood: -333530.50006
1048. Current log-likelihood: -333530.48783
1049. Current log-likelihood: -333530.47495
1050. Current log-likelihood: -333530.46005
1051. Current log-likelihood: -333530.44749
1052. Current log-likelihood: -333530.43199
1053. Current log-likelihood: -333530.42012
1054. Current log-likelihood: -333530.40731
1055. Current log-likelihood: -333530.39538
1056. Current log-likelihood: -333530.38389
1057. Current log-likelihood: -333530.36703
1058. Current log-likelihood: -333530.35560
1059. Current log-likelihood: -333530.34176
1060. Current log-likelihood: -333530.33079
1061. Current log-likelihood: -333530.31701
1062. Current log-likelihood: -333530.30557
1063. Current log-likelihood: -333530.29315
1064. Current log-likelihood: -333530.28197
1065. Current log-likelihood: -333530.27121
1066. Current log-likelihood: -333530.25785
1067. Current log-likelihood: -333530.24715
1068. Current log-likelihood: -333530.23371
1069. Current log-likelihood: -333530.22160
1070. Current log-likelihood: -333530.21085
1071. Current log-likelihood: -333530.19790
1072. Current log-likelihood: -333530.18311
1073. Current log-likelihood: -333530.17291
1074. Current log-likelihood: -333530.16237
1075. Current log-likelihood: -333530.15202
1076. Current log-likelihood: -333530.14149
1077. Current log-likelihood: -333530.13117
1078. Current log-likelihood: -333530.11899
1079. Current log-likelihood: -333530.10913
1080. Current log-likelihood: -333530.09631
1081. Current log-likelihood: -333530.08670
1082. Current log-likelihood: -333530.07549
1083. Current log-likelihood: -333530.06589
1084. Current log-likelihood: -333530.05623
1085. Current log-likelihood: -333530.04666
1086. Current log-likelihood: -333530.03379
1087. Current log-likelihood: -333530.02474
1088. Current log-likelihood: -333530.01311
1089. Current log-likelihood: -333530.00409
1090. Current log-likelihood: -333529.99418
1091. Current log-likelihood: -333529.98245
1092. Current log-likelihood: -333529.97339
1093. Current log-likelihood: -333529.96297
1094. Current log-likelihood: -333529.95393
1095. Current log-likelihood: -333529.94485
1096. Current log-likelihood: -333529.93555
1097. Current log-likelihood: -333529.92533
1098. Current log-likelihood: -333529.91495
1099. Current log-likelihood: -333529.90599
1100. Current log-likelihood: -333529.89711
1101. Current log-likelihood: -333529.88837
1102. Current log-likelihood: -333529.87826
1103. Current log-likelihood: -333529.86935
1104. Current log-likelihood: -333529.86051
1105. Current log-likelihood: -333529.85007
1106. Current log-likelihood: -333529.83788
1107. Current log-likelihood: -333529.82898
1108. Current log-likelihood: -333529.82014
1109. Current log-likelihood: -333529.81007
1110. Current log-likelihood: -333529.80132
1111. Current log-likelihood: -333529.79262
1112. Current log-likelihood: -333529.78398
1113. Current log-likelihood: -333529.77268
1114. Current log-likelihood: -333529.76183
1115. Current log-likelihood: -333529.75365
1116. Current log-likelihood: -333529.74507
1117. Current log-likelihood: -333529.73625
1118. Current log-likelihood: -333529.72656
1119. Current log-likelihood: -333529.71527
1120. Current log-likelihood: -333529.70692
1121. Current log-likelihood: -333529.69862
1122. Current log-likelihood: -333529.68883
1123. Current log-likelihood: -333529.68042
1124. Current log-likelihood: -333529.66913
1125. Current log-likelihood: -333529.66115
1126. Current log-likelihood: -333529.65131
1127. Current log-likelihood: -333529.64158
1128. Current log-likelihood: -333529.63344
1129. Current log-likelihood: -333529.62545
1130. Current log-likelihood: -333529.61748
1131. Current log-likelihood: -333529.60938
1132. Current log-likelihood: -333529.59688
1133. Current log-likelihood: -333529.58901
1134. Current log-likelihood: -333529.57838
1135. Current log-likelihood: -333529.57048
1136. Current log-likelihood: -333529.55779
1137. Current log-likelihood: -333529.54973
1138. Current log-likelihood: -333529.54166
1139. Current log-likelihood: -333529.53351
1140. Current log-likelihood: -333529.52064
1141. Current log-likelihood: -333529.51209
1142. Current log-likelihood: -333529.50394
1143. Current log-likelihood: -333529.49362
1144. Current log-likelihood: -333529.47757
1145. Current log-likelihood: -333529.45617
1146. Current log-likelihood: -333529.37608
1147. Current log-likelihood: -333517.71471
1148. Current log-likelihood: -333515.15347
1149. Current log-likelihood: -333514.81298
1150. Current log-likelihood: -333514.57521
1151. Current log-likelihood: -333514.40373
1152. Current log-likelihood: -333514.24084
1153. Current log-likelihood: -333514.00078
1154. Current log-likelihood: -333513.87289
1155. Current log-likelihood: -333513.75998
1156. Current log-likelihood: -333513.66588
1157. Current log-likelihood: -333513.58350
1158. Current log-likelihood: -333513.50817
1159. Current log-likelihood: -333513.43243
1160. Current log-likelihood: -333513.37306
1161. Current log-likelihood: -333513.31858
1162. Current log-likelihood: -333513.26756
1163. Current log-likelihood: -333513.21804
1164. Current log-likelihood: -333513.17417
1165. Current log-likelihood: -333513.13471
1166. Current log-likelihood: -333513.09653
1167. Current log-likelihood: -333513.05569
1168. Current log-likelihood: -333513.02298
1169. Current log-likelihood: -333512.99646
1170. Current log-likelihood: -333512.96290
1171. Current log-likelihood: -333512.94091
1172. Current log-likelihood: -333512.91657
1173. Current log-likelihood: -333512.89810
1174. Current log-likelihood: -333512.75747
1175. Current log-likelihood: -333512.72132
1176. Current log-likelihood: -333512.69097
1177. Current log-likelihood: -333512.66478
1178. Current log-likelihood: -333512.63788
1179. Current log-likelihood: -333512.61316
1180. Current log-likelihood: -333512.22711
1181. Current log-likelihood: -333512.19085
1182. Current log-likelihood: -333512.15378
1183. Current log-likelihood: -333512.11489
1184. Current log-likelihood: -333512.08261
1185. Current log-likelihood: -333512.03681
1186. Current log-likelihood: -333511.99135
1187. Current log-likelihood: -333507.57678
1188. Current log-likelihood: -333507.24294
1189. Current log-likelihood: -333507.04643
1190. Current log-likelihood: -333506.94730
1191. Current log-likelihood: -333506.87761
1192. Current log-likelihood: -333506.82226
1193. Current log-likelihood: -333506.78746
1194. Current log-likelihood: -333506.76207
1195. Current log-likelihood: -333506.74033
1196. Current log-likelihood: -333506.72329
1197. Current log-likelihood: -333506.70875
1198. Current log-likelihood: -333506.69039
1199. Current log-likelihood: -333506.67989
1200. Current log-likelihood: -333506.66947
1201. Current log-likelihood: -333506.65994
1202. Current log-likelihood: -333506.64111
1203. Current log-likelihood: -333506.63161
1204. Current log-likelihood: -333506.62309
1205. Current log-likelihood: -333506.61524
1206. Current log-likelihood: -333506.60411
1207. Current log-likelihood: -333506.59515
1208. Current log-likelihood: -333506.58899
1209. Current log-likelihood: -333506.58222
1210. Current log-likelihood: -333506.57613
1211. Current log-likelihood: -333506.57095
1212. Current log-likelihood: -333506.56538
1213. Current log-likelihood: -333506.56091
1214. Current log-likelihood: -333506.55597
1215. Current log-likelihood: -333506.55190
1216. Current log-likelihood: -333506.54791
1217. Current log-likelihood: -333506.54360
1218. Current log-likelihood: -333506.53971
1219. Current log-likelihood: -333506.53536
1220. Current log-likelihood: -333506.53177
1221. Current log-likelihood: -333506.52715
1222. Current log-likelihood: -333506.52364
1223. Current log-likelihood: -333506.52030
1224. Current log-likelihood: -333506.51787
1225. Current log-likelihood: -333506.51463
1226. Current log-likelihood: -333506.51236
1227. Current log-likelihood: -333506.50864
1228. Current log-likelihood: -333506.50548
1229. Current log-likelihood: -333506.50317
1230. Current log-likelihood: -333506.50090
1231. Current log-likelihood: -333506.49763
1232. Current log-likelihood: -333506.49539
1233. Current log-likelihood: -333506.49242
1234. Current log-likelihood: -333506.48941
1235. Current log-likelihood: -333506.48730
1236. Current log-likelihood: -333506.48512
1237. Current log-likelihood: -333506.48199
1238. Current log-likelihood: -333506.47894
1239. Current log-likelihood: -333506.47689
1240. Current log-likelihood: -333506.47483
1241. Current log-likelihood: -333506.47271
1242. Current log-likelihood: -333506.46870
1243. Current log-likelihood: -333506.46088
1244. Current log-likelihood: -333506.45885
1245. Current log-likelihood: -333506.45684
1246. Current log-likelihood: -333506.45473
1247. Current log-likelihood: -333506.45279
1248. Current log-likelihood: -333506.44909
1249. Current log-likelihood: -333506.44598
1250. Current log-likelihood: -333506.44408
1251. Current log-likelihood: -333506.44223
1252. Current log-likelihood: -333506.44051
1253. Current log-likelihood: -333506.43855
1254. Current log-likelihood: -333506.43680
1255. Current log-likelihood: -333506.43513
1256. Current log-likelihood: -333506.43348
1257. Current log-likelihood: -333506.43166
1258. Current log-likelihood: -333506.42998
1259. Current log-likelihood: -333506.42652
1260. Current log-likelihood: -333506.42472
1261. Current log-likelihood: -333506.42310
1262. Current log-likelihood: -333506.42144
1263. Current log-likelihood: -333506.41956
1264. Current log-likelihood: -333506.41796
1265. Current log-likelihood: -333506.41613
1266. Current log-likelihood: -333506.41442
1267. Current log-likelihood: -333506.41070
1268. Current log-likelihood: -333506.40915
1269. Current log-likelihood: -333506.40744
1270. Current log-likelihood: -333506.40583
1271. Current log-likelihood: -333506.40403
1272. Current log-likelihood: -333506.40243
1273. Current log-likelihood: -333506.40080
1274. Current log-likelihood: -333506.39724
1275. Current log-likelihood: -333506.39563
1276. Current log-likelihood: -333506.39379
1277. Current log-likelihood: -333506.39224
1278. Current log-likelihood: -333506.39039
1279. Current log-likelihood: -333506.38883
1280. Current log-likelihood: -333506.38739
1281. Current log-likelihood: -333506.38576
1282. Current log-likelihood: -333506.38438
1283. Current log-likelihood: -333506.38307
1284. Current log-likelihood: -333506.38148
1285. Current log-likelihood: -333506.38005
1286. Current log-likelihood: -333506.37868
1287. Current log-likelihood: -333506.37711
1288. Current log-likelihood: -333506.37581
1289. Current log-likelihood: -333506.37433
1290. Current log-likelihood: -333506.37301
1291. Current log-likelihood: -333506.37161
1292. Current log-likelihood: -333506.37035
1293. Current log-likelihood: -333506.36908
1294. Current log-likelihood: -333506.36770
1295. Current log-likelihood: -333506.36629
1296. Current log-likelihood: -333506.36509
1297. Current log-likelihood: -333506.36387
1298. Current log-likelihood: -333506.36257
1299. Current log-likelihood: -333506.36138
1300. Current log-likelihood: -333506.36014
1301. Current log-likelihood: -333506.35899
1302. Current log-likelihood: -333506.35777
1303. Current log-likelihood: -333506.35634
1304. Current log-likelihood: -333506.35521
1305. Current log-likelihood: -333506.35404
1306. Current log-likelihood: -333506.35097
1307. Current log-likelihood: -333506.34960
1308. Current log-likelihood: -333506.34851
1309. Current log-likelihood: -333506.34716
1310. Current log-likelihood: -333506.34582
1311. Current log-likelihood: -333506.34440
1312. Current log-likelihood: -333506.34327
1313. Current log-likelihood: -333506.34178
1314. Current log-likelihood: -333506.34051
1315. Current log-likelihood: -333506.33940
1316. Current log-likelihood: -333506.33828
1317. Current log-likelihood: -333506.33717
1318. Current log-likelihood: -333506.33564
1319. Current log-likelihood: -333506.33442
1320. Current log-likelihood: -333506.33328
1321. Current log-likelihood: -333506.33219
1322. Current log-likelihood: -333506.33103
1323. Current log-likelihood: -333506.32986
1324. Current log-likelihood: -333506.32863
1325. Current log-likelihood: -333506.32752
1326. Current log-likelihood: -333506.32621
1327. Current log-likelihood: -333506.32506
1328. Current log-likelihood: -333506.32413
Final estimation on weights:
0.05512,0.26153,0.03714,0.00976,0.54832,0.01496,0.03371,0.03946
Wrote distance file to... 
BEST SCORE FOUND : -333506.32413
Site log-likelihoods per category printed to output_mast_repeats/mast_model_8/mast_model_8.sitelh
Total tree lengths: 1.26220 10.01188 0.40055 1.01286 0.11443 0.40955 0.45434 0.40938

Total number of iterations: 1326
CPU time used for tree search: 0.00001 sec (0h:0m:0s)
Wall-clock time used for tree search: 0.00001 sec (0h:0m:0s)
Total CPU time used: 10370.63587 sec (2h:52m:50s)
Total wall-clock time used: 2974.21286 sec (0h:49m:34s)

Analysis results written to: 
  IQ-TREE report:                output_mast_repeats/mast_model_8/mast_model_8.iqtree
  Maximum-likelihood tree:       output_mast_repeats/mast_model_8/mast_model_8.treefile
  Site log-likelihoods:          output_mast_repeats/mast_model_8/mast_model_8.sitelh
  Screen log file:               output_mast_repeats/mast_model_8/mast_model_8.log

Date and Time: Thu Oct 30 17:03:23 2025
